/home/kit/itz/qb3892/DebSim_HC3/
/home/kit/itz/qb3892/Genese_09_2017/Merged/
{Data_Acc_0.8.txt}
/home/kit/itz/qb3892/Genese_09_2017/Ana1/14_09_2017/
b
f
Mit
Package path /pfs/data1/home/kit/itz/qb3892/DebSim_HC3/DebateDynamics/Kernel/init.m
Loading additional packages...

General::obspkg: PlotLegends` is now obsolete. The legacy version being loaded may conflict with current functionality. See the Compatibility Guide for updating information.

Set::write: Tag ListLinePlot in SyntaxInformation[ListLinePlot] is Protected.

General::obspkg: PlotLegends` is now obsolete. The legacy version being loaded may conflict with current functionality. See the Compatibility Guide for updating information.
Einzulesende Datei /home/kit/itz/qb3892/Genese_09_2017/Merged/Data_Acc_0.8.txt
Anzahl Dichten 6
Anzahl Evidenzgrößen 6
Dichte 0.15
evidenceSize 3
evidenceSize 5
evidenceSize 7
evidenceSize 9
evidenceSize 10
evidenceSize 3
Alpha 0.05 Beta 0.9107 DOJC 0.23470000000000002
evidenceSize 5
Alpha 0.05 Beta 0.9055 DOJC 0.30760000000000004
evidenceSize 7
Alpha 0.05 Beta 0.887 DOJC 0.35500000000000004
evidenceSize 9
Alpha 0.05 Beta 0.87465 DOJC 0.41450000000000004
evidenceSize 10
Alpha 0.05 Beta 0.86315 DOJC 0.43410000000000004
Dichte 0.2
evidenceSize 3
evidenceSize 5
evidenceSize 7
evidenceSize 9
evidenceSize 10
evidenceSize 3
Alpha 0.05 Beta 0.90715 DOJC 0.2854
evidenceSize 5
Alpha 0.05 Beta 0.8864 DOJC 0.3583
evidenceSize 7
Alpha 0.05 Beta 0.86465 DOJC 0.4208
evidenceSize 9
Alpha 0.05 Beta 0.85 DOJC 0.5023
evidenceSize 10
Alpha 0.05 Beta 0.84145 DOJC 0.5726
Dichte 0.25
evidenceSize 3
evidenceSize 5
evidenceSize 7
evidenceSize 9
evidenceSize 10
evidenceSize 3
Alpha 0.05 Beta 0.88695 DOJC 0.312
evidenceSize 5
Alpha 0.05 Beta 0.8676 DOJC 0.40990000000000004
evidenceSize 7
Alpha 0.05 Beta 0.8404 DOJC 0.48900000000000005
evidenceSize 9
Alpha 0.05 Beta 0.8162 DOJC 0.5885
evidenceSize 10
Alpha 0.05 Beta 0.8108 DOJC 0.7989
Dichte 0.3
evidenceSize 3
evidenceSize 5
evidenceSize 7
evidenceSize 9
evidenceSize 10
evidenceSize 3
Alpha 0.05 Beta 0.8787 DOJC 0.35300000000000004
evidenceSize 5
Alpha 0.05 Beta 0.84015 DOJC 0.4471
evidenceSize 7
Alpha 0.05 Beta 0.8126 DOJC 0.5531
evidenceSize 9
Alpha 0.05 Beta 0.78195 DOJC 0.6962
evidenceSize 10
Alpha 0.05 Beta 0.75765 DOJC 1.
Dichte 0.4
evidenceSize 3
evidenceSize 5
evidenceSize 7
evidenceSize 9
evidenceSize 10
evidenceSize 3
Alpha 0.05 Beta 0.8385 DOJC 0.4222
evidenceSize 5
Alpha 0.05 Beta 0.7928 DOJC 0.5515
evidenceSize 7
Alpha 0.05 Beta 0.74665 DOJC 0.7114
evidenceSize 9
Alpha 0.05 Beta 0.68505 DOJC 1.
evidenceSize 10
Alpha 0.05 Beta 0.65665 DOJC 1.
Dichte 0.45
evidenceSize 3
evidenceSize 5
evidenceSize 7
evidenceSize 9
evidenceSize 10
evidenceSize 3
Alpha 0.05 Beta 0.81585 DOJC 0.46230000000000004
evidenceSize 5
Alpha 0.05 Beta 0.7542 DOJC 0.6002000000000001
evidenceSize 7
Alpha 0.05 Beta 0.6973 DOJC 0.7735000000000001
evidenceSize 9
Alpha 0.05 Beta 0.62965 DOJC 1.
evidenceSize 10
Alpha 0.05 Beta 0.59475 DOJC 1.
