/home/kit/itz/qb3892/DebSim_HC3/
/home/kit/itz/qb3892/Genese_09_2017/Merged/
{Data_Acc_0.6.txt}
/home/kit/itz/qb3892/Genese_09_2017/Ana1/14_09_2017/
c
f
Mit
Package path /pfs/data1/home/kit/itz/qb3892/DebSim_HC3/DebateDynamics/Kernel/init.m
Loading additional packages...

General::obspkg: PlotLegends` is now obsolete. The legacy version being loaded may conflict with current functionality. See the Compatibility Guide for updating information.

Set::write: Tag ListLinePlot in SyntaxInformation[ListLinePlot] is Protected.

General::obspkg: PlotLegends` is now obsolete. The legacy version being loaded may conflict with current functionality. See the Compatibility Guide for updating information.
Einzulesende Datei /home/kit/itz/qb3892/Genese_09_2017/Merged/Data_Acc_0.6.txt
Anzahl Dichten 6
Anzahl Evidenzgrößen 6
Dichte 0.15
evidenceSize 3
evidenceSize 5
evidenceSize 7
evidenceSize 9
evidenceSize 10
evidenceSize 3
indexMenge2 {{1}, {2}, {3}, {4}, {5}, {6}, {7}, {8}, {9}, {10}, {11}, {12}, {13}, {14}, {15}, {16}, {17}, {18}, {19}, {21}}
ratioTruths {{-1., 0.40512820512820513}, {-0.8378, 0.25}, {-0.7333000000000001, 0.3}, {-0.6466000000000001, 0.417910447761194}, {-0.5433, 0.34}, {-0.4414, 0.4230769230769231}, {-0.34450000000000003, 0.4419831223628692}, {-0.2422, 0.484264913104744}, {-0.1449, 0.5142604466062348}, {-0.0375, 0.5100453023439039}, {0.0292, 0.49219108865411115}, {0.1449, 0.48549922514943544}, {0.2421, 0.5161592505854801}, {0.34450000000000003, 0.5580168776371308}, {0.4414, 0.5769230769230769}, {0.5433, 0.66}, {0.6466000000000001, 0.582089552238806}, {0.7333000000000001, 0.7}, {0.8378, 0.75}, {1., 0.5948717948717949}}
indexMenge2 {{1}, {2}, {3}, {4}, {5}, {6}, {7}, {8}, {9}, {10}, {11}, {12}, {13}, {14}, {15}, {16}, {17}, {18}, {19}, {21}}
h {{79, 3, 9, 28, 51, 143, 419, 1031, 2326, 5179, 6429, 2193, 1102, 529, 195, 99, 39, 21, 9, 0, 116}, 20000}
nonH {{116, 9, 21, 39, 99, 195, 529, 1098, 2197, 4975, 6633, 2324, 1033, 419, 143, 51, 28, 9, 3, 0, 79}, 20000}
hUndNonh {{195, 12, 30, 67, 150, 338, 948, 2129, 4523, 10154, 13062, 4517, 2135, 948, 338, 150, 67, 30, 12, 0, 195}, 40000}
eu 0.001557522346816539
evidenceSize 5
indexMenge2 {{1}, {2}, {3}, {4}, {5}, {6}, {7}, {8}, {9}, {10}, {11}, {12}, {13}, {14}, {15}, {16}, {17}, {18}, {19}, {21}}
ratioTruths {{-0.9998, 0.391304347826087}, {-0.8305, 0.2631578947368421}, {-0.7415, 0.375}, {-0.6431, 0.4014084507042254}, {-0.5417000000000001, 0.48201438848920863}, {-0.445, 0.42900302114803623}, {-0.343, 0.45395213923132705}, {-0.24380000000000002, 0.5080116533139112}, {-0.1471, 0.49610700738670394}, {-0.0438, 0.4902867715078631}, {0.0317, 0.5070301291248207}, {0.14700000000000002, 0.5041966426858513}, {0.2437, 0.4914576517629953}, {0.343, 0.546047860768673}, {0.445, 0.5709969788519638}, {0.5417000000000001, 0.5179856115107914}, {0.6431, 0.5985915492957746}, {0.7415, 0.625}, {0.8305, 0.7368421052631579}, {1., 0.6075581395348837}}
indexMenge2 {{1}, {2}, {3}, {4}, {5}, {6}, {7}, {8}, {9}, {10}, {11}, {12}, {13}, {14}, {15}, {16}, {17}, {18}, {19}, {21}}
h {{270, 5, 24, 57, 134, 284, 626, 1395, 2485, 3710, 5301, 2523, 1352, 753, 378, 144, 85, 40, 14, 2, 418}, 20000}
nonH {{420, 14, 40, 85, 144, 378, 753, 1351, 2524, 3857, 5154, 2481, 1399, 626, 284, 134, 57, 24, 5, 0, 270}, 20000}
hUndNonh {{690, 19, 64, 142, 278, 662, 1379, 2746, 5009, 7567, 10455, 5004, 2751, 1379, 662, 278, 142, 64, 19, 2, 688}, 40000}
eu 0.0018738475102386576
evidenceSize 7
indexMenge2 {{1}, {2}, {3}, {4}, {5}, {6}, {7}, {8}, {9}, {10}, {11}, {12}, {13}, {14}, {15}, {16}, {17}, {18}, {19}, {21}}
ratioTruths {{-0.9999, 0.3591549295774648}, {-0.8381000000000001, 0.3333333333333333}, {-0.7424000000000001, 0.4098360655737705}, {-0.6446000000000001, 0.42162162162162165}, {-0.5423, 0.43548387096774194}, {-0.44530000000000003, 0.43414634146341463}, {-0.34450000000000003, 0.5013020833333334}, {-0.24550000000000002, 0.5109261186264308}, {-0.1477, 0.5102413303589536}, {-0.046400000000000004, 0.49935337859683154}, {0.0317, 0.50044120891242}, {0.1477, 0.48964256701868397}, {0.2454, 0.4892733564013841}, {0.34450000000000003, 0.4986979166666667}, {0.44520000000000004, 0.5665445665445665}, {0.5422, 0.5630026809651475}, {0.6446000000000001, 0.5783783783783784}, {0.7424000000000001, 0.5901639344262295}, {0.8381000000000001, 0.6666666666666666}, {1., 0.640795381654907}}
indexMenge2 {{1}, {2}, {3}, {4}, {5}, {6}, {7}, {8}, {9}, {10}, {11}, {12}, {13}, {14}, {15}, {16}, {17}, {18}, {19}, {21}}
h {{561, 8, 25, 78, 162, 356, 770, 1473, 2516, 3089, 4537, 2411, 1414, 766, 464, 210, 107, 36, 16, 2, 999}, 20000}
nonH {{1001, 16, 36, 107, 210, 464, 766, 1410, 2415, 3097, 4529, 2513, 1476, 770, 355, 163, 78, 25, 8, 1, 560}, 20000}
hUndNonh {{1562, 24, 61, 185, 372, 820, 1536, 2883, 4931, 6186, 9066, 4924, 2890, 1536, 819, 373, 185, 61, 24, 3, 1559}, 40000}
eu 0.0039216006248186976
evidenceSize 9
indexMenge2 {{1}, {2}, {3}, {4}, {5}, {6}, {7}, {8}, {9}, {10}, {11}, {12}, {13}, {14}, {15}, {16}, {17}, {18}, {19}, {21}}
ratioTruths {{-1., 0.3790322580645161}, {-0.8389000000000001, 0.29411764705882354}, {-0.7387, 0.4444444444444444}, {-0.6448, 0.4}, {-0.5425, 0.4587378640776699}, {-0.4441, 0.49940968122786306}, {-0.3451, 0.4846153846153846}, {-0.24500000000000002, 0.5081286751988932}, {-0.1472, 0.5221313194881477}, {-0.05, 0.5010490177379363}, {0.0323, 0.4993225766720039}, {0.1472, 0.4778407897500525}, {0.2449, 0.49188816016568865}, {0.3451, 0.5153846153846153}, {0.4441, 0.500590318772137}, {0.5425, 0.5412621359223301}, {0.6448, 0.6}, {0.7387, 0.5555555555555556}, {0.8389000000000001, 0.7058823529411765}, {1., 0.6212182331585316}}
indexMenge2 {{1}, {2}, {3}, {4}, {5}, {6}, {7}, {8}, {9}, {10}, {11}, {12}, {13}, {14}, {15}, {16}, {17}, {18}, {19}, {21}}
h {{940, 5, 20, 68, 189, 423, 819, 1469, 2489, 2627, 4054, 2275, 1425, 871, 424, 223, 102, 25, 12, 0, 1540}, 20000}
nonH {{1540, 12, 25, 102, 223, 424, 871, 1422, 2278, 2616, 4065, 2486, 1472, 819, 423, 189, 68, 20, 5, 1, 939}, 20000}
hUndNonh {{2480, 17, 45, 170, 412, 847, 1690, 2891, 4767, 5243, 8119, 4761, 2897, 1690, 847, 412, 170, 45, 17, 1, 2479}, 40000}
eu 0.004255132862489663
evidenceSize 10
indexMenge2 {{1}, {3}, {4}, {5}, {6}, {7}, {8}, {9}, {10}, {11}, {12}, {13}, {14}, {15}, {16}, {17}, {18}, {21}}
ratioTruths {{-1., 0.3800978792822186}, {-0.7395, 0.40298507462686567}, {-0.64, 0.5632911392405063}, {-0.5426, 0.4891566265060241}, {-0.4449, 0.5028376844494892}, {-0.3461, 0.5008685581933989}, {-0.2467, 0.5081286751988932}, {-0.1474, 0.5323549032688459}, {-0.0506, 0.5072075782537068}, {0.0318, 0.49546984209163863}, {0.14730000000000001, 0.4674688057040998}, {0.24650000000000002, 0.4920689655172414}, {0.34600000000000003, 0.49884125144843566}, {0.4449, 0.4977324263038549}, {0.5424, 0.5120772946859904}, {0.6398, 0.4339622641509434}, {0.7395, 0.5970149253731343}, {1., 0.6199021207177814}}
indexMenge2 {{1}, {3}, {4}, {5}, {6}, {7}, {8}, {9}, {10}, {11}, {12}, {13}, {14}, {15}, {16}, {17}, {18}, {21}}
h {{1165, 5, 27, 89, 203, 443, 865, 1469, 2394, 2463, 3828, 2098, 1427, 861, 439, 212, 69, 40, 3, 0, 1900}, 20000}
nonH {{1900, 3, 40, 69, 212, 438, 862, 1422, 2103, 2393, 3898, 2390, 1473, 865, 443, 202, 90, 27, 5, 0, 1165}, 20000}
hUndNonh {{3065, 8, 67, 158, 415, 881, 1727, 2891, 4497, 4856, 7726, 4488, 2900, 1726, 882, 414, 159, 67, 8, 0, 3065}, 40000}
eu 0.005054072147103531
Dichte 0.2
evidenceSize 3
evidenceSize 5
evidenceSize 7
evidenceSize 9
evidenceSize 10
evidenceSize 3
indexMenge2 {{1}, {2}, {3}, {4}, {5}, {6}, {7}, {8}, {9}, {10}, {11}, {12}, {13}, {14}, {15}, {16}, {17}, {18}, {19}, {21}}
ratioTruths {{-0.9989, 0.34459459459459457}, {-0.8451000000000001, 0.3103448275862069}, {-0.7458, 0.421875}, {-0.6417, 0.40397350993377484}, {-0.5438000000000001, 0.3698630136986301}, {-0.44320000000000004, 0.44680851063829785}, {-0.3433, 0.46153846153846156}, {-0.24300000000000002, 0.5045762037405491}, {-0.1456, 0.5024813895781638}, {-0.042300000000000004, 0.5081617411714499}, {0.0375, 0.49276458904757403}, {0.1456, 0.4975186104218362}, {0.24300000000000002, 0.49522292993630573}, {0.3433, 0.5388349514563107}, {0.44320000000000004, 0.5531914893617021}, {0.5438000000000001, 0.6301369863013698}, {0.6417, 0.5960264900662252}, {0.7458, 0.578125}, {0.8451000000000001, 0.6896551724137931}, {1., 0.6563573883161512}}
indexMenge2 {{1}, {2}, {3}, {4}, {5}, {6}, {7}, {8}, {9}, {10}, {11}, {12}, {13}, {14}, {15}, {16}, {17}, {18}, {19}, {21}}
h {{102, 9, 27, 61, 108, 273, 570, 1268, 2430, 4763, 5210, 2406, 1244, 666, 338, 184, 90, 37, 20, 3, 191}, 20000}
nonH {{194, 20, 37, 90, 184, 338, 665, 1245, 2406, 4610, 5363, 2430, 1268, 570, 273, 108, 61, 27, 9, 2, 100}, 20000}
hUndNonh {{296, 29, 64, 151, 292, 611, 1235, 2513, 4836, 9373, 10573, 4836, 2512, 1236, 611, 292, 151, 64, 29, 5, 291}, 40000}
eu 0.00191506900554398
evidenceSize 5
indexMenge2 {{1}, {2}, {3}, {4}, {5}, {6}, {7}, {8}, {9}, {10}, {11}, {12}, {13}, {14}, {15}, {16}, {17}, {18}, {19}, {20}, {21}}
ratioTruths {{-0.999, 0.33978702807357214}, {-0.8385, 0.35384615384615387}, {-0.745, 0.4126984126984127}, {-0.6449, 0.47126436781609193}, {-0.5434, 0.4074074074074074}, {-0.44530000000000003, 0.4542553191489362}, {-0.3458, 0.5162625665286813}, {-0.2441, 0.49021592442645073}, {-0.1466, 0.49607275733774286}, {-0.046900000000000004, 0.5068591026007431}, {0.04, 0.4941420551623139}, {0.1466, 0.5039272426622571}, {0.2441, 0.5097840755735492}, {0.3458, 0.48373743347131876}, {0.44530000000000003, 0.5457446808510639}, {0.5434, 0.5925925925925926}, {0.6449, 0.5287356321839081}, {0.745, 0.5873015873015873}, {0.8385, 0.6461538461538462}, {0.9344, 0.5}, {1., 0.6627335299901671}}
indexMenge2 {{1}, {2}, {3}, {4}, {5}, {6}, {7}, {8}, {9}, {10}, {11}, {12}, {13}, {14}, {15}, {16}, {17}, {18}, {19}, {20}, {21}}
h {{351, 23, 52, 123, 198, 427, 873, 1453, 2400, 3547, 4049, 2438, 1511, 818, 513, 288, 138, 74, 42, 8, 674}, 20000}
nonH {{682, 42, 74, 138, 288, 513, 818, 1511, 2438, 3451, 4145, 2400, 1453, 873, 427, 198, 123, 52, 23, 8, 343}, 20000}
hUndNonh {{1033, 65, 126, 261, 486, 940, 1691, 2964, 4838, 6998, 8194, 4838, 2964, 1691, 940, 486, 261, 126, 65, 16, 1017}, 40000}
eu 0.0036532592737295805
evidenceSize 7
indexMenge2 {{1}, {2}, {3}, {4}, {5}, {6}, {7}, {8}, {9}, {10}, {11}, {12}, {13}, {14}, {15}, {16}, {17}, {18}, {19}, {21}}
ratioTruths {{-0.9997, 0.3572825024437928}, {-0.8394, 0.2549019607843137}, {-0.7479, 0.36428571428571427}, {-0.6463, 0.4263322884012539}, {-0.5461, 0.4804270462633452}, {-0.4449, 0.4748549323017408}, {-0.34550000000000003, 0.49009105516871987}, {-0.2457, 0.5008087997411841}, {-0.14800000000000002, 0.5017520805957074}, {-0.0483, 0.5056768558951965}, {0.039900000000000005, 0.49530550339448215}, {0.14800000000000002, 0.49835706462212487}, {0.2457, 0.49902975420439843}, {0.34550000000000003, 0.5099089448312801}, {0.4449, 0.5251450676982592}, {0.5461, 0.5195729537366548}, {0.6463, 0.5736677115987461}, {0.7479, 0.6357142857142857}, {0.8394, 0.7450980392156863}, {1., 0.6414909269249632}}
indexMenge2 {{1}, {2}, {3}, {4}, {5}, {6}, {7}, {8}, {9}, {10}, {11}, {12}, {13}, {14}, {15}, {16}, {17}, {18}, {19}, {21}}
h {{731, 13, 51, 136, 270, 491, 915, 1548, 2291, 2895, 3429, 2275, 1543, 952, 543, 292, 183, 89, 38, 7, 1308}, 20000}
nonH {{1315, 38, 89, 183, 292, 543, 952, 1543, 2275, 2830, 3494, 2290, 1549, 915, 491, 270, 136, 51, 13, 0, 731}, 20000}
hUndNonh {{2046, 51, 140, 319, 562, 1034, 1867, 3091, 4566, 5725, 6923, 4565, 3092, 1867, 1034, 562, 319, 140, 51, 7, 2039}, 40000}
eu 0.0049856868900663215
evidenceSize 9
indexMenge2 {{1}, {2}, {3}, {4}, {5}, {6}, {7}, {8}, {9}, {10}, {11}, {12}, {13}, {14}, {15}, {16}, {17}, {18}, {19}, {21}}
ratioTruths {{-1., 0.35763688760806917}, {-0.8353, 0.3}, {-0.7423000000000001, 0.42063492063492064}, {-0.6456000000000001, 0.477124183006536}, {-0.5435, 0.5088028169014085}, {-0.44430000000000003, 0.48660328435609335}, {-0.34740000000000004, 0.531479538300105}, {-0.24650000000000002, 0.5135313531353135}, {-0.14880000000000002, 0.5136785539814362}, {-0.049600000000000005, 0.5017050298380221}, {0.0395, 0.498642687478792}, {0.14880000000000002, 0.486195944295138}, {0.24650000000000002, 0.48663807324315406}, {0.34740000000000004, 0.4685204616998951}, {0.44430000000000003, 0.5129757785467128}, {0.5435, 0.492091388400703}, {0.6456000000000001, 0.5228758169934641}, {0.7423000000000001, 0.5793650793650794}, {0.8353, 0.7}, {1., 0.6425482848083021}}
indexMenge2 {{1}, {2}, {3}, {4}, {5}, {6}, {7}, {8}, {9}, {10}, {11}, {12}, {13}, {14}, {15}, {16}, {17}, {18}, {19}, {21}}
h {{1241, 15, 53, 146, 289, 563, 1013, 1556, 2103, 2354, 2939, 1990, 1475, 893, 593, 280, 160, 73, 35, 0, 2229}, 20000}
nonH {{2229, 35, 73, 160, 279, 594, 893, 1474, 1991, 2338, 2955, 2103, 1556, 1013, 563, 289, 146, 53, 15, 1, 1240}, 20000}
hUndNonh {{3470, 50, 126, 306, 568, 1157, 1906, 3030, 4094, 4692, 5894, 4093, 3031, 1906, 1156, 569, 306, 126, 50, 1, 3469}, 40000}
eu 0.007682543550464306
evidenceSize 10
indexMenge2 {{1}, {2}, {3}, {4}, {5}, {6}, {7}, {8}, {9}, {10}, {11}, {12}, {13}, {14}, {15}, {16}, {17}, {18}, {19}, {21}}
ratioTruths {{-1., 0.3710646479211728}, {-0.8278000000000001, 0.6060606060606061}, {-0.7385, 0.44274809160305345}, {-0.644, 0.49169435215946844}, {-0.5439, 0.47183098591549294}, {-0.4459, 0.5142585551330798}, {-0.3463, 0.5226793248945147}, {-0.2459, 0.544}, {-0.14830000000000002, 0.5175460742236809}, {-0.0509, 0.512542372881356}, {0.040100000000000004, 0.49012279765082756}, {0.14830000000000002, 0.4824539257763191}, {0.2459, 0.456}, {0.3463, 0.47732067510548526}, {0.4459, 0.48574144486692017}, {0.5439, 0.528169014084507}, {0.644, 0.5083056478405316}, {0.7385, 0.5572519083969466}, {0.8278000000000001, 0.3939393939393939}, {1., 0.6289353520788272}}
indexMenge2 {{1}, {2}, {3}, {4}, {5}, {6}, {7}, {8}, {9}, {10}, {11}, {12}, {13}, {14}, {15}, {16}, {17}, {18}, {19}, {21}}
h {{1544, 20, 58, 148, 268, 541, 991, 1564, 2050, 2268, 2754, 1911, 1311, 905, 511, 300, 153, 73, 13, 0, 2617}, 20000}
nonH {{2617, 13, 73, 153, 300, 511, 905, 1311, 1911, 2157, 2865, 2050, 1564, 991, 541, 268, 148, 58, 20, 0, 1544}, 20000}
hUndNonh {{4161, 33, 131, 301, 568, 1052, 1896, 2875, 3961, 4425, 5619, 3961, 2875, 1896, 1052, 568, 301, 131, 33, 0, 4161}, 40000}
eu 0.00790425708380868
Dichte 0.25
evidenceSize 3
evidenceSize 5
evidenceSize 7
evidenceSize 9
evidenceSize 10
evidenceSize 3
indexMenge2 {{1}, {2}, {3}, {4}, {5}, {6}, {7}, {8}, {9}, {10}, {11}, {12}, {13}, {14}, {15}, {16}, {17}, {18}, {19}, {20}, {21}}
ratioTruths {{-0.9959, 0.3363431151241535}, {-0.8419000000000001, 0.18571428571428572}, {-0.7448, 0.3475177304964539}, {-0.6436000000000001, 0.36401673640167365}, {-0.5448000000000001, 0.44243792325056436}, {-0.44480000000000003, 0.41888297872340424}, {-0.3456, 0.4513031550068587}, {-0.24630000000000002, 0.5010768126346016}, {-0.1461, 0.49892641030646107}, {-0.0455, 0.5023570651516983}, {0.0427, 0.4977883633889078}, {0.1461, 0.501073589693539}, {0.24630000000000002, 0.4989231873653984}, {0.3456, 0.5486968449931413}, {0.44480000000000003, 0.5811170212765957}, {0.5448000000000001, 0.5575620767494357}, {0.6436000000000001, 0.6359832635983264}, {0.7448, 0.6524822695035462}, {0.8419000000000001, 0.8142857142857143}, {0.9401, 0.6666666666666666}, {1., 0.6634382566585957}}
indexMenge2 {{1}, {2}, {3}, {4}, {5}, {6}, {7}, {8}, {9}, {10}, {11}, {12}, {13}, {14}, {15}, {16}, {17}, {18}, {19}, {20}, {21}}
h {{149, 13, 49, 87, 196, 315, 658, 1396, 2556, 4156, 4389, 2567, 1390, 800, 437, 247, 152, 92, 57, 20, 274}, 20000}
nonH {{294, 57, 92, 152, 247, 437, 800, 1390, 2567, 4117, 4428, 2556, 1396, 658, 315, 196, 87, 49, 13, 10, 139}, 20000}
hUndNonh {{443, 70, 141, 239, 443, 752, 1458, 2786, 5123, 8273, 8817, 5123, 2786, 1458, 752, 443, 239, 141, 70, 30, 413}, 40000}
eu 0.003640450775410273
evidenceSize 5
indexMenge2 {{1}, {2}, {3}, {4}, {5}, {6}, {7}, {8}, {9}, {10}, {11}, {12}, {13}, {14}, {15}, {16}, {17}, {18}, {19}, {20}, {21}}
ratioTruths {{-0.9983000000000001, 0.3736422881969587}, {-0.8422000000000001, 0.42}, {-0.7468, 0.3798076923076923}, {-0.6445000000000001, 0.4033816425120773}, {-0.5448000000000001, 0.4502840909090909}, {-0.4469, 0.456686291000841}, {-0.34550000000000003, 0.4979057591623037}, {-0.2454, 0.5115191986644407}, {-0.1472, 0.4983483814137855}, {-0.0485, 0.507557677008751}, {0.0446, 0.49304640608988437}, {0.1472, 0.5016516185862145}, {0.2454, 0.48848080133555927}, {0.34550000000000003, 0.5020942408376964}, {0.4469, 0.543313708999159}, {0.5448000000000001, 0.5497159090909091}, {0.6445000000000001, 0.5966183574879227}, {0.7468, 0.6201923076923077}, {0.8422000000000001, 0.58}, {0.931, 0.6176470588235294}, {1., 0.6265775798069785}}
indexMenge2 {{1}, {2}, {3}, {4}, {5}, {6}, {7}, {8}, {9}, {10}, {11}, {12}, {13}, {14}, {15}, {16}, {17}, {18}, {19}, {20}, {21}}
h {{516, 42, 79, 167, 317, 543, 951, 1532, 2263, 3190, 3368, 2278, 1463, 959, 646, 387, 247, 129, 58, 21, 844}, 20000}
nonH {{865, 58, 129, 247, 387, 646, 959, 1463, 2278, 3095, 3463, 2263, 1532, 951, 543, 317, 167, 79, 42, 13, 503}, 20000}
hUndNonh {{1381, 100, 208, 414, 704, 1189, 1910, 2995, 4541, 6285, 6831, 4541, 2995, 1910, 1189, 704, 414, 208, 100, 34, 1347}, 40000}
eu 0.0034293817115464108
evidenceSize 7
indexMenge2 {{1}, {2}, {3}, {4}, {5}, {6}, {7}, {8}, {9}, {10}, {11}, {12}, {13}, {14}, {15}, {16}, {17}, {18}, {19}, {20}, {21}}
ratioTruths {{-0.9994000000000001, 0.3510028653295129}, {-0.8453, 0.4095238095238095}, {-0.745, 0.4336283185840708}, {-0.649, 0.4721030042918455}, {-0.5449, 0.47275204359673023}, {-0.44670000000000004, 0.5170807453416149}, {-0.3468, 0.5195121951219512}, {-0.2461, 0.5082463816896667}, {-0.1479, 0.514602944726044}, {-0.0488, 0.5168584696143751}, {0.044000000000000004, 0.4848098963070766}, {0.1479, 0.48539705527395605}, {0.2461, 0.4917536183103332}, {0.3468, 0.48048780487804876}, {0.44670000000000004, 0.4829192546583851}, {0.5449, 0.5272479564032697}, {0.649, 0.5278969957081545}, {0.745, 0.5663716814159292}, {0.8453, 0.5904761904761905}, {0.9306000000000001, 0.625}, {1., 0.6492052023121387}}
indexMenge2 {{1}, {2}, {3}, {4}, {5}, {6}, {7}, {8}, {9}, {10}, {11}, {12}, {13}, {14}, {15}, {16}, {17}, {18}, {19}, {20}, {21}}
h {{980, 43, 98, 220, 347, 666, 1065, 1510, 2132, 2560, 2665, 2011, 1461, 985, 622, 387, 246, 128, 62, 15, 1797}, 20000}
nonH {{1812, 62, 128, 246, 387, 622, 985, 1461, 2011, 2393, 2832, 2132, 1510, 1065, 666, 347, 220, 98, 43, 9, 971}, 20000}
hUndNonh {{2792, 105, 226, 466, 734, 1288, 2050, 2971, 4143, 4953, 5497, 4143, 2971, 2050, 1288, 734, 466, 226, 105, 24, 2768}, 40000}
eu 0.006833230403724791
evidenceSize 9
indexMenge2 {{1}, {2}, {3}, {4}, {5}, {6}, {7}, {8}, {9}, {10}, {11}, {12}, {13}, {14}, {15}, {16}, {17}, {18}, {19}, {20}, {21}}
ratioTruths {{-0.9997, 0.36231884057971014}, {-0.8458, 0.4657534246575342}, {-0.7443000000000001, 0.43315508021390375}, {-0.6441, 0.49786324786324787}, {-0.546, 0.5695708712613784}, {-0.44670000000000004, 0.5275974025974026}, {-0.34600000000000003, 0.5370464997445069}, {-0.24730000000000002, 0.5074183976261127}, {-0.14800000000000002, 0.5205662393162394}, {-0.0497, 0.5074056378404205}, {0.044000000000000004, 0.493446088794926}, {0.14800000000000002, 0.4794337606837607}, {0.24730000000000002, 0.49258160237388726}, {0.34600000000000003, 0.4629535002554931}, {0.44670000000000004, 0.4724025974025974}, {0.546, 0.4304291287386216}, {0.6441, 0.5021367521367521}, {0.7443000000000001, 0.5668449197860963}, {0.8458, 0.5342465753424658}, {0.9255, 0.3333333333333333}, {1., 0.6389267849022283}}
indexMenge2 {{1}, {2}, {3}, {4}, {5}, {6}, {7}, {8}, {9}, {10}, {11}, {12}, {13}, {14}, {15}, {16}, {17}, {18}, {19}, {20}, {21}}
h {{1600, 34, 81, 233, 438, 650, 1051, 1368, 1949, 2124, 2334, 1795, 1328, 906, 582, 331, 235, 106, 39, 6, 2810}, 20000}
nonH {{2816, 39, 106, 235, 331, 582, 906, 1328, 1795, 2062, 2396, 1949, 1368, 1051, 650, 438, 233, 81, 34, 12, 1588}, 20000}
hUndNonh {{4416, 73, 187, 468, 769, 1232, 1957, 2696, 3744, 4186, 4730, 3744, 2696, 1957, 1232, 769, 468, 187, 73, 18, 4398}, 40000}
eu 0.009476508586156798
evidenceSize 10
indexMenge2 {{1}, {2}, {3}, {4}, {5}, {6}, {7}, {8}, {9}, {10}, {11}, {12}, {13}, {14}, {15}, {16}, {17}, {18}, {19}, {21}}
ratioTruths {{-0.9999, 0.37919141598007283}, {-0.8340000000000001, 0.5324675324675324}, {-0.7407, 0.5414634146341464}, {-0.6462, 0.5184275184275184}, {-0.5461, 0.4946091644204852}, {-0.44670000000000004, 0.5385865150284321}, {-0.3466, 0.5251605995717344}, {-0.2466, 0.5327592661924373}, {-0.1481, 0.5249854735618826}, {-0.0505, 0.5115135834411384}, {0.0442, 0.48991158467467694}, {0.1481, 0.47486195873292647}, {0.24650000000000002, 0.46744011976047906}, {0.3466, 0.4748394004282655}, {0.44670000000000004, 0.4614134849715678}, {0.5461, 0.5053908355795148}, {0.6462, 0.48157248157248156}, {0.7407, 0.4585365853658537}, {0.8340000000000001, 0.4675324675324675}, {1., 0.6206102475532528}}
indexMenge2 {{1}, {2}, {3}, {4}, {5}, {6}, {7}, {8}, {9}, {10}, {11}, {12}, {13}, {14}, {15}, {16}, {17}, {18}, {19}, {21}}
h {{1979, 41, 111, 211, 367, 663, 981, 1423, 1807, 1977, 2161, 1634, 1249, 887, 568, 375, 196, 94, 36, 6, 3234}, 20000}
nonH {{3240, 36, 94, 196, 375, 568, 887, 1248, 1635, 1888, 2250, 1807, 1423, 981, 663, 367, 211, 111, 41, 2, 1977}, 20000}
hUndNonh {{5219, 77, 205, 407, 742, 1231, 1868, 2671, 3442, 3865, 4411, 3441, 2672, 1868, 1231, 742, 407, 205, 77, 8, 5211}, 40000}
eu 0.008508727444255125
Dichte 0.3
evidenceSize 3
evidenceSize 5
evidenceSize 7
evidenceSize 9
evidenceSize 10
evidenceSize 3
indexMenge2 {{1}, {2}, {3}, {4}, {5}, {6}, {7}, {8}, {9}, {10}, {11}, {12}, {13}, {14}, {15}, {16}, {17}, {18}, {19}, {20}, {21}}
ratioTruths {{-0.9954000000000001, 0.33185840707964603}, {-0.8459, 0.35}, {-0.7465, 0.3756345177664975}, {-0.6476000000000001, 0.453781512605042}, {-0.5458000000000001, 0.43050847457627117}, {-0.4455, 0.44702320887991925}, {-0.3458, 0.4754566210045662}, {-0.2452, 0.5016778523489933}, {-0.1462, 0.5046806740170584}, {-0.046400000000000004, 0.5104054054054054}, {0.0449, 0.4899425287356322}, {0.1462, 0.49531932598294154}, {0.2452, 0.4983221476510067}, {0.3458, 0.5245433789954338}, {0.4455, 0.5529767911200807}, {0.5458000000000001, 0.5694915254237288}, {0.6476000000000001, 0.5462184873949579}, {0.7465, 0.6243654822335025}, {0.8459, 0.65}, {0.934, 0.574468085106383}, {1., 0.6751188589540412}}
indexMenge2 {{1}, {2}, {3}, {4}, {5}, {6}, {7}, {8}, {9}, {10}, {11}, {12}, {13}, {14}, {15}, {16}, {17}, {18}, {19}, {20}, {21}}
h {{225, 42, 74, 162, 254, 443, 833, 1495, 2426, 3777, 3751, 2381, 1485, 919, 548, 336, 195, 123, 78, 27, 426}, 20000}
nonH {{453, 78, 123, 195, 336, 548, 919, 1485, 2381, 3623, 3905, 2426, 1495, 833, 443, 254, 162, 74, 42, 20, 205}, 20000}
hUndNonh {{678, 120, 197, 357, 590, 991, 1752, 2980, 4807, 7400, 7656, 4807, 2980, 1752, 991, 590, 357, 197, 120, 47, 631}, 40000}
eu 0.0033486590811240566
evidenceSize 5
indexMenge2 {{1}, {2}, {3}, {4}, {5}, {6}, {7}, {8}, {9}, {10}, {11}, {12}, {13}, {14}, {15}, {16}, {17}, {18}, {19}, {20}, {21}}
ratioTruths {{-0.9976, 0.35340729001584786}, {-0.8411000000000001, 0.37572254335260113}, {-0.747, 0.38108882521489973}, {-0.6479, 0.4266666666666667}, {-0.547, 0.48318385650224216}, {-0.447, 0.47766843300529904}, {-0.34750000000000003, 0.4977886977886978}, {-0.24680000000000002, 0.515803631472764}, {-0.1477, 0.5135450723960766}, {-0.048400000000000006, 0.5020265291083272}, {0.0463, 0.4979764209044519}, {0.1476, 0.48657483072612656}, {0.24680000000000002, 0.484196368527236}, {0.34750000000000003, 0.5022113022113022}, {0.447, 0.522331566994701}, {0.547, 0.5168161434977578}, {0.6479, 0.5733333333333334}, {0.747, 0.6189111747851003}, {0.8411000000000001, 0.6242774566473989}, {0.9308000000000001, 0.6615384615384615}, {1., 0.6460612691466083}}
indexMenge2 {{1}, {2}, {3}, {4}, {5}, {6}, {7}, {8}, {9}, {10}, {11}, {12}, {13}, {14}, {15}, {16}, {17}, {18}, {19}, {20}, {21}}
h {{669, 65, 133, 224, 431, 631, 1013, 1534, 2199, 2725, 2830, 2084, 1440, 1022, 690, 461, 301, 216, 108, 43, 1181}, 20000}
nonH {{1224, 108, 216, 301, 461, 690, 1022, 1440, 2083, 2703, 2853, 2199, 1534, 1013, 631, 431, 224, 133, 65, 22, 647}, 20000}
hUndNonh {{1893, 173, 349, 525, 892, 1321, 2035, 2974, 4282, 5428, 5683, 4283, 2974, 2035, 1321, 892, 525, 349, 173, 65, 1828}, 40000}
eu 0.0053582414393270415
evidenceSize 7
indexMenge2 {{1}, {2}, {3}, {4}, {5}, {6}, {7}, {8}, {9}, {10}, {11}, {12}, {13}, {14}, {15}, {16}, {17}, {18}, {19}, {20}, {21}}
ratioTruths {{-0.9991000000000001, 0.3399672846237732}, {-0.8452000000000001, 0.44324324324324327}, {-0.7462000000000001, 0.45403899721448465}, {-0.6462, 0.47833333333333333}, {-0.547, 0.5107991360691144}, {-0.448, 0.48124557678697805}, {-0.3472, 0.506620892594409}, {-0.2472, 0.533309709425939}, {-0.14850000000000002, 0.5059310344827587}, {-0.0504, 0.5116938341601701}, {0.0475, 0.48898286223013576}, {0.14850000000000002, 0.4940689655172414}, {0.2472, 0.466690290574061}, {0.3472, 0.493379107405591}, {0.448, 0.5187544232130219}, {0.5469, 0.48864864864864865}, {0.6462, 0.5224625623960066}, {0.7462000000000001, 0.5459610027855153}, {0.8452000000000001, 0.5567567567567567}, {0.9229, 0.6585365853658537}, {1., 0.6600496277915633}}
indexMenge2 {{1}, {2}, {3}, {4}, {5}, {6}, {7}, {8}, {9}, {10}, {11}, {12}, {13}, {14}, {15}, {16}, {17}, {18}, {19}, {20}, {21}}
h {{1247, 82, 163, 287, 473, 680, 1033, 1505, 1834, 2166, 2197, 1791, 1317, 1006, 733, 452, 314, 196, 103, 27, 2394}, 20000}
nonH {{2421, 103, 196, 313, 453, 733, 1006, 1317, 1791, 2067, 2296, 1834, 1505, 1033, 680, 473, 287, 163, 82, 14, 1233}, 20000}
hUndNonh {{3668, 185, 359, 600, 926, 1413, 2039, 2822, 3625, 4233, 4493, 3625, 2822, 2039, 1413, 925, 601, 359, 185, 41, 3627}, 40000}
eu 0.010010669947607189
evidenceSize 9
indexMenge2 {{1}, {2}, {3}, {4}, {5}, {6}, {7}, {8}, {9}, {10}, {11}, {12}, {13}, {14}, {15}, {16}, {17}, {18}, {19}, {20}, {21}}
ratioTruths {{-0.9997, 0.3487170349251604}, {-0.8422000000000001, 0.5446428571428571}, {-0.7424000000000001, 0.47634069400630913}, {-0.645, 0.5694164989939637}, {-0.5462, 0.529608938547486}, {-0.44520000000000004, 0.531965272296764}, {-0.3478, 0.5505740841990159}, {-0.24680000000000002, 0.5244479495268138}, {-0.1489, 0.5335413416536662}, {-0.0494, 0.5040266592613163}, {0.0461, 0.4962425498833895}, {0.1489, 0.46629213483146065}, {0.24680000000000002, 0.4757587702010248}, {0.3477, 0.44912472647702406}, {0.44520000000000004, 0.46845425867507884}, {0.5462, 0.47039106145251397}, {0.645, 0.4305835010060362}, {0.7424000000000001, 0.5236593059936908}, {0.8422000000000001, 0.45535714285714285}, {0.918, 0.4444444444444444}, {1., 0.6519485162674293}}
indexMenge2 {{1}, {2}, {3}, {4}, {5}, {6}, {7}, {8}, {9}, {10}, {11}, {12}, {13}, {14}, {15}, {16}, {17}, {18}, {19}, {20}, {21}}
h {{1957, 61, 151, 283, 474, 674, 1007, 1330, 1710, 1815, 1915, 1494, 1207, 821, 594, 421, 214, 166, 51, 8, 3647}, 20000}
nonH {{3655, 51, 166, 214, 421, 593, 822, 1206, 1495, 1786, 1944, 1710, 1330, 1007, 674, 474, 283, 151, 61, 10, 1947}, 20000}
hUndNonh {{5612, 112, 317, 497, 895, 1267, 1829, 2536, 3205, 3601, 3859, 3204, 2537, 1828, 1268, 895, 497, 317, 112, 18, 5594}, 40000}
eu 0.01435714551143279
evidenceSize 10
indexMenge2 {{1}, {2}, {3}, {4}, {5}, {6}, {7}, {8}, {9}, {10}, {11}, {12}, {13}, {14}, {15}, {16}, {17}, {18}, {19}, {20}, {21}}
ratioTruths {{-0.9999, 0.35049656226126813}, {-0.8355, 0.5930232558139535}, {-0.7418, 0.5285171102661597}, {-0.6451, 0.5945945945945946}, {-0.5458000000000001, 0.5654320987654321}, {-0.4471, 0.5265306122448979}, {-0.34740000000000004, 0.5636672325976231}, {-0.2474, 0.5448903599503516}, {-0.1486, 0.5264406779661017}, {-0.0495, 0.5084185207456404}, {0.0459, 0.49219185722253206}, {0.1486, 0.4735413839891452}, {0.2474, 0.4551467548573791}, {0.34740000000000004, 0.4363327674023769}, {0.4471, 0.4738562091503268}, {0.5457000000000001, 0.43403205918618987}, {0.6451, 0.40540540540540543}, {0.7418, 0.4714828897338403}, {0.8355, 0.4069767441860465}, {0.9207000000000001, 0.3333333333333333}, {1., 0.6500841879687739}}
indexMenge2 {{1}, {2}, {3}, {4}, {5}, {6}, {7}, {8}, {9}, {10}, {11}, {12}, {13}, {14}, {15}, {16}, {17}, {18}, {19}, {20}, {21}}
h {{2294, 51, 139, 286, 458, 645, 996, 1317, 1553, 1691, 1765, 1396, 1101, 771, 580, 352, 195, 124, 35, 4, 4247}, 20000}
nonH {{4251, 35, 124, 195, 352, 580, 771, 1100, 1397, 1635, 1821, 1552, 1318, 996, 644, 459, 286, 139, 51, 8, 2286}, 20000}
hUndNonh {{6545, 86, 263, 481, 810, 1225, 1767, 2417, 2950, 3326, 3586, 2948, 2419, 1767, 1224, 811, 481, 263, 86, 12, 6533}, 40000}
eu 0.01708215312941734
Dichte 0.4
evidenceSize 3
evidenceSize 5
evidenceSize 7
evidenceSize 9
evidenceSize 10
evidenceSize 3
indexMenge2 {{1}, {2}, {3}, {4}, {5}, {6}, {7}, {8}, {9}, {10}, {11}, {12}, {13}, {14}, {15}, {16}, {17}, {18}, {19}, {20}, {21}}
ratioTruths {{-0.9923000000000001, 0.29791976225854383}, {-0.8458, 0.4103448275862069}, {-0.7483000000000001, 0.3852813852813853}, {-0.6467, 0.4211409395973154}, {-0.5474, 0.46094609460946095}, {-0.4464, 0.48870481927710846}, {-0.3472, 0.4997330485851575}, {-0.24700000000000003, 0.5097971811619113}, {-0.14730000000000001, 0.5192702394526796}, {-0.0487, 0.5046792581248937}, {0.0483, 0.4953602159608571}, {0.14730000000000001, 0.4807297605473204}, {0.24700000000000003, 0.49002751031636865}, {0.3472, 0.5005336179295624}, {0.4464, 0.5112951807228916}, {0.5473, 0.538546255506608}, {0.6466000000000001, 0.5795644891122278}, {0.7483000000000001, 0.6147186147186147}, {0.8458, 0.5896551724137931}, {0.9379000000000001, 0.7048192771084337}, {1., 0.7016949152542373}}
indexMenge2 {{1}, {2}, {3}, {4}, {5}, {6}, {7}, {8}, {9}, {10}, {11}, {12}, {13}, {14}, {15}, {16}, {17}, {18}, {19}, {20}, {21}}
h {{401, 119, 178, 251, 419, 649, 936, 1483, 2277, 2966, 2936, 2108, 1425, 938, 679, 489, 346, 284, 171, 117, 828}, 20000}
nonH {{945, 171, 284, 345, 490, 679, 937, 1426, 2108, 2911, 2991, 2277, 1483, 936, 649, 419, 251, 178, 119, 49, 352}, 20000}
hUndNonh {{1346, 290, 462, 596, 909, 1328, 1873, 2909, 4385, 5877, 5927, 4385, 2908, 1874, 1328, 908, 597, 462, 290, 166, 1180}, 40000}
eu 0.007069871110284573
evidenceSize 5
indexMenge2 {{1}, {2}, {3}, {4}, {5}, {6}, {7}, {8}, {9}, {10}, {11}, {12}, {13}, {14}, {15}, {16}, {17}, {18}, {19}, {20}, {21}}
ratioTruths {{-0.9975, 0.30777871384442573}, {-0.8474, 0.46006389776357826}, {-0.7459, 0.44680851063829785}, {-0.6459, 0.4488078541374474}, {-0.5467000000000001, 0.4834862385321101}, {-0.44780000000000003, 0.5217096336499322}, {-0.3476, 0.5297979797979798}, {-0.2477, 0.5019905899384727}, {-0.1487, 0.5021288674425206}, {-0.0488, 0.5157217132953701}, {0.0482, 0.48448570730515517}, {0.1487, 0.49787113255747945}, {0.2477, 0.4980094100615273}, {0.3476, 0.4702020202020202}, {0.44780000000000003, 0.47829036635006783}, {0.5467000000000001, 0.5165137614678899}, {0.6459, 0.5511921458625526}, {0.7459, 0.5531914893617021}, {0.8474, 0.5399361022364217}, {0.9301, 0.5354330708661418}, {1., 0.698019801980198}}
indexMenge2 {{1}, {2}, {3}, {4}, {5}, {6}, {7}, {8}, {9}, {10}, {11}, {12}, {13}, {14}, {15}, {16}, {17}, {18}, {19}, {20}, {21}}
h {{1096, 144, 231, 320, 527, 769, 1049, 1387, 1769, 2083, 1983, 1754, 1376, 931, 705, 563, 393, 286, 169, 68, 2397}, 20000}
nonH {{2465, 169, 286, 393, 563, 705, 931, 1376, 1754, 1956, 2110, 1769, 1387, 1049, 769, 527, 320, 231, 144, 59, 1037}, 20000}
hUndNonh {{3561, 313, 517, 713, 1090, 1474, 1980, 2763, 3523, 4039, 4093, 3523, 2763, 1980, 1474, 1090, 713, 517, 313, 127, 3434}, 40000}
eu 0.01407933675608172
evidenceSize 7
indexMenge2 {{1}, {2}, {3}, {4}, {5}, {6}, {7}, {8}, {9}, {10}, {11}, {12}, {13}, {14}, {15}, {16}, {17}, {18}, {19}, {20}, {21}}
ratioTruths {{-0.9992000000000001, 0.3288851351351351}, {-0.8439000000000001, 0.5075757575757576}, {-0.7479, 0.5420353982300885}, {-0.6489, 0.5187032418952618}, {-0.5477000000000001, 0.5514440433212996}, {-0.4466, 0.5567846607669616}, {-0.34790000000000004, 0.5344456404736275}, {-0.24860000000000002, 0.5271929824561403}, {-0.1491, 0.5272011453113815}, {-0.050300000000000004, 0.49442497610704045}, {0.0494, 0.5051707928549044}, {0.149, 0.4729874776386404}, {0.24860000000000002, 0.47303814116615517}, {0.34790000000000004, 0.4655543595263724}, {0.4465, 0.44354243542435423}, {0.5477000000000001, 0.44815148782687103}, {0.6489, 0.48129675810473815}, {0.7479, 0.4579646017699115}, {0.8439000000000001, 0.49242424242424243}, {0.9298000000000001, 0.5}, {1., 0.6729849726775956}}
indexMenge2 {{1}, {2}, {3}, {4}, {5}, {6}, {7}, {8}, {9}, {10}, {11}, {12}, {13}, {14}, {15}, {16}, {17}, {18}, {19}, {20}, {21}}
h {{1947, 134, 245, 416, 611, 755, 993, 1202, 1473, 1552, 1612, 1322, 1079, 865, 601, 497, 386, 207, 130, 32, 3941}, 20000}
nonH {{3973, 130, 207, 386, 497, 601, 865, 1078, 1321, 1587, 1579, 1473, 1202, 993, 754, 612, 416, 245, 134, 32, 1915}, 20000}
hUndNonh {{5920, 264, 452, 802, 1108, 1356, 1858, 2280, 2794, 3139, 3191, 2795, 2281, 1858, 1355, 1109, 802, 452, 264, 64, 5856}, 40000}
eu 0.018870483901607275
evidenceSize 9
indexMenge2 {{1}, {2}, {3}, {4}, {5}, {6}, {7}, {8}, {9}, {10}, {11}, {12}, {13}, {14}, {15}, {16}, {17}, {18}, {19}, {20}, {21}}
ratioTruths {{-0.9997, 0.33487861412711967}, {-0.8398, 0.5849056603773585}, {-0.7456, 0.6454767726161369}, {-0.6479, 0.5833333333333334}, {-0.5472, 0.6017505470459519}, {-0.4484, 0.5675}, {-0.34750000000000003, 0.5429116338207247}, {-0.24910000000000002, 0.5617283950617284}, {-0.149, 0.5114213197969543}, {-0.048600000000000004, 0.500195083886071}, {0.0476, 0.4998092331171309}, {0.149, 0.4887759423972893}, {0.249, 0.43833504624871533}, {0.34750000000000003, 0.4567979669631512}, {0.4484, 0.4325}, {0.5471, 0.39868565169769987}, {0.6478, 0.41602465331278893}, {0.7454000000000001, 0.3553921568627451}, {0.8395, 0.4125}, {0.927, 0.3888888888888889}, {1., 0.6663399093248377}}
indexMenge2 {{1}, {2}, {3}, {4}, {5}, {6}, {7}, {8}, {9}, {10}, {11}, {12}, {13}, {14}, {15}, {16}, {17}, {18}, {19}, {20}, {21}}
h {{2745, 93, 264, 378, 550, 681, 854, 1092, 1209, 1282, 1310, 1154, 853, 719, 519, 364, 270, 145, 66, 14, 5438}, 20000}
nonH {{5452, 66, 145, 270, 364, 519, 719, 852, 1155, 1281, 1311, 1207, 1093, 855, 681, 549, 379, 263, 94, 22, 2723}, 20000}
hUndNonh {{8197, 159, 409, 648, 914, 1200, 1573, 1944, 2364, 2563, 2621, 2361, 1946, 1574, 1200, 913, 649, 408, 160, 36, 8161}, 40000}
eu 0.02646975701118686
evidenceSize 10
indexMenge2 {{1}, {2}, {3}, {4}, {5}, {6}, {7}, {8}, {9}, {10}, {11}, {12}, {13}, {14}, {15}, {16}, {17}, {18}, {19}, {20}, {21}}
ratioTruths {{-0.9998, 0.3497844827586207}, {-0.8410000000000001, 0.7142857142857143}, {-0.7438, 0.6366459627329193}, {-0.648, 0.6388384754990926}, {-0.5464, 0.6248431618569636}, {-0.44770000000000004, 0.5751811594202898}, {-0.34790000000000004, 0.5708274894810659}, {-0.2489, 0.5495689655172413}, {-0.1481, 0.5226843100189036}, {-0.0492, 0.5168067226890757}, {0.048, 0.4833675564681725}, {0.14800000000000002, 0.47729422894985807}, {0.24880000000000002, 0.4507799892415277}, {0.34790000000000004, 0.42947368421052634}, {0.44770000000000004, 0.4244343891402715}, {0.5463, 0.3756281407035176}, {0.6479, 0.3605072463768116}, {0.7438, 0.36335403726708076}, {0.8410000000000001, 0.2857142857142857}, {0.9209, 0.2}, {1., 0.6514316585629389}}
indexMenge2 {{1}, {2}, {3}, {4}, {5}, {6}, {7}, {8}, {9}, {10}, {11}, {12}, {13}, {14}, {15}, {16}, {17}, {18}, {19}, {20}, {21}}
h {{3246, 100, 205, 352, 498, 635, 814, 1020, 1106, 1230, 1177, 1009, 838, 612, 469, 299, 199, 117, 40, 5, 6029}, 20000}
nonH {{6034, 40, 117, 199, 299, 469, 612, 836, 1010, 1150, 1258, 1105, 1021, 813, 636, 497, 353, 205, 100, 20, 3226}, 20000}
hUndNonh {{9280, 140, 322, 551, 797, 1104, 1426, 1856, 2116, 2380, 2435, 2114, 1859, 1425, 1105, 796, 552, 322, 140, 25, 9255}, 40000}
eu 0.026712025032743544
Dichte 0.45
evidenceSize 3
evidenceSize 5
evidenceSize 7
evidenceSize 9
evidenceSize 10
evidenceSize 3
indexMenge2 {{1}, {2}, {3}, {4}, {5}, {6}, {7}, {8}, {9}, {10}, {11}, {12}, {13}, {14}, {15}, {16}, {17}, {18}, {19}, {20}, {21}}
ratioTruths {{-0.9946, 0.2576204523107178}, {-0.8497, 0.4126984126984127}, {-0.7448, 0.4524714828897338}, {-0.6456000000000001, 0.4772079772079772}, {-0.5473, 0.4789311408016444}, {-0.4464, 0.5361819434872501}, {-0.3471, 0.5261083743842364}, {-0.2474, 0.5232155232155232}, {-0.1474, 0.5237852963622488}, {-0.049, 0.49815211048434155}, {0.0488, 0.5018400154948673}, {0.14730000000000001, 0.4760814249363868}, {0.2474, 0.47696570834776586}, {0.3471, 0.47389162561576353}, {0.4464, 0.463448275862069}, {0.5472, 0.5215605749486653}, {0.6456000000000001, 0.5227920227920227}, {0.7448, 0.5475285171102662}, {0.8497, 0.5873015873015873}, {0.9372, 0.6514285714285715}, {1., 0.7509413663259817}}
indexMenge2 {{1}, {2}, {3}, {4}, {5}, {6}, {7}, {8}, {9}, {10}, {11}, {12}, {13}, {14}, {15}, {16}, {17}, {18}, {19}, {20}, {21}}
h {{524, 130, 238, 335, 466, 778, 1068, 1510, 2059, 2561, 2591, 1871, 1377, 962, 672, 508, 367, 288, 185, 114, 1396}, 20000}
nonH {{1510, 185, 288, 367, 507, 673, 962, 1376, 1872, 2580, 2572, 2059, 1510, 1068, 778, 466, 335, 238, 130, 61, 463}, 20000}
hUndNonh {{2034, 315, 526, 702, 973, 1451, 2030, 2886, 3931, 5141, 5163, 3930, 2887, 2030, 1450, 974, 702, 526, 315, 175, 1859}, 40000}
eu 0.013178048551478048
evidenceSize 5
indexMenge2 {{1}, {2}, {3}, {4}, {5}, {6}, {7}, {8}, {9}, {10}, {11}, {12}, {13}, {14}, {15}, {16}, {17}, {18}, {19}, {20}, {21}}
ratioTruths {{-0.9983000000000001, 0.3029983108108108}, {-0.8416, 0.5}, {-0.7461, 0.519455252918288}, {-0.6475000000000001, 0.5207547169811321}, {-0.5479, 0.5283018867924528}, {-0.44780000000000003, 0.5448415374241402}, {-0.34740000000000004, 0.5355987055016181}, {-0.2484, 0.5162311955661124}, {-0.1484, 0.5320116997075073}, {-0.049300000000000004, 0.5062535531552018}, {0.0489, 0.4937888198757764}, {0.14830000000000002, 0.46827204685974616}, {0.24830000000000002, 0.483399209486166}, {0.34740000000000004, 0.46440129449838186}, {0.44780000000000003, 0.45515846257585973}, {0.5479, 0.4716981132075472}, {0.6474000000000001, 0.47984886649874053}, {0.746, 0.4796116504854369}, {0.8415, 0.49865229110512127}, {0.9306000000000001, 0.44537815126050423}, {1., 0.7035513209181464}}
indexMenge2 {{1}, {2}, {3}, {4}, {5}, {6}, {7}, {8}, {9}, {10}, {11}, {12}, {13}, {14}, {15}, {16}, {17}, {18}, {19}, {20}, {21}}
h {{1435, 186, 267, 414, 588, 808, 993, 1304, 1637, 1781, 1749, 1439, 1223, 861, 675, 525, 381, 247, 185, 53, 3249}, 20000}
nonH {{3301, 186, 247, 381, 525, 675, 861, 1222, 1440, 1737, 1793, 1634, 1307, 993, 808, 588, 413, 268, 186, 66, 1369}, 20000}
hUndNonh {{4736, 372, 514, 795, 1113, 1483, 1854, 2526, 3077, 3518, 3542, 3073, 2530, 1854, 1483, 1113, 794, 515, 371, 119, 4618}, 40000}
eu 0.01984497856944859
evidenceSize 7
indexMenge2 {{1}, {2}, {3}, {4}, {5}, {6}, {7}, {8}, {9}, {10}, {11}, {12}, {13}, {14}, {15}, {16}, {17}, {18}, {19}, {20}, {21}}
ratioTruths {{-0.9994000000000001, 0.31861069328592917}, {-0.8438, 0.5775193798449613}, {-0.746, 0.5617529880478087}, {-0.6467, 0.5481171548117155}, {-0.5485, 0.5687061183550652}, {-0.44670000000000004, 0.58}, {-0.34950000000000003, 0.5798922800718133}, {-0.2482, 0.549636803874092}, {-0.14930000000000002, 0.5221899626710909}, {-0.0485, 0.5257121716611173}, {0.048, 0.47453279589593256}, {0.1492, 0.47799003322259137}, {0.24810000000000001, 0.45041122399612965}, {0.34940000000000004, 0.42061114439784303}, {0.4465, 0.41894892672094747}, {0.5484, 0.4318637274549098}, {0.6467, 0.45125348189415043}, {0.746, 0.43824701195219123}, {0.8438, 0.42248062015503873}, {0.9251, 0.3870967741935484}, {1., 0.6839056681836988}}
indexMenge2 {{1}, {2}, {3}, {4}, {5}, {6}, {7}, {8}, {9}, {10}, {11}, {12}, {13}, {14}, {15}, {16}, {17}, {18}, {19}, {20}, {21}}
h {{2330, 149, 282, 393, 567, 783, 969, 1135, 1259, 1421, 1295, 1151, 931, 702, 566, 431, 324, 220, 109, 24, 4959}, 20000}
nonH {{4983, 109, 220, 324, 430, 567, 702, 930, 1152, 1282, 1434, 1257, 1136, 967, 785, 567, 394, 282, 149, 38, 2292}, 20000}
hUndNonh {{7313, 258, 502, 717, 997, 1350, 1671, 2065, 2411, 2703, 2729, 2408, 2067, 1669, 1351, 998, 718, 502, 258, 62, 7251}, 40000}
eu 0.02805288638019443
evidenceSize 9
indexMenge2 {{1}, {2}, {3}, {4}, {5}, {6}, {7}, {8}, {9}, {10}, {11}, {12}, {13}, {14}, {15}, {16}, {17}, {18}, {19}, {20}, {21}}
ratioTruths {{-0.9998, 0.3406356062943536}, {-0.8446, 0.7294685990338164}, {-0.7458, 0.6697892271662763}, {-0.6461, 0.6336134453781512}, {-0.5455, 0.6005056890012642}, {-0.4479, 0.5828877005347594}, {-0.3486, 0.565677966101695}, {-0.24860000000000002, 0.5653459491425192}, {-0.14980000000000002, 0.5385007649158593}, {-0.049800000000000004, 0.5175267770204479}, {0.0492, 0.4829244829244829}, {0.14980000000000002, 0.46149923508414076}, {0.2485, 0.43439716312056736}, {0.3486, 0.43462897526501765}, {0.44770000000000004, 0.4160714285714286}, {0.5452, 0.40025252525252525}, {0.646, 0.36683417085427134}, {0.7457, 0.33098591549295775}, {0.8444, 0.2692307692307692}, {0.9373, 0.2222222222222222}, {1., 0.6609889542686074}}
indexMenge2 {{1}, {2}, {3}, {4}, {5}, {6}, {7}, {8}, {9}, {10}, {11}, {12}, {13}, {14}, {15}, {16}, {17}, {18}, {19}, {20}, {21}}
h {{3312, 151, 286, 377, 475, 654, 801, 956, 1056, 1063, 1004, 905, 735, 615, 466, 317, 219, 141, 56, 8, 6403}, 20000}
nonH {{6411, 56, 141, 218, 316, 468, 615, 735, 905, 991, 1075, 1056, 957, 800, 654, 475, 378, 285, 152, 28, 3284}, 20000}
hUndNonh {{9723, 207, 427, 595, 791, 1122, 1416, 1691, 1961, 2054, 2079, 1961, 1692, 1415, 1120, 792, 597, 426, 208, 36, 9687}, 40000}
eu 0.031680795740075
evidenceSize 10
indexMenge2 {{1}, {2}, {3}, {4}, {5}, {6}, {7}, {8}, {9}, {10}, {11}, {12}, {13}, {14}, {15}, {16}, {17}, {18}, {19}, {20}, {21}}
ratioTruths {{-0.9998, 0.343311506080449}, {-0.8421000000000001, 0.7560975609756098}, {-0.7435, 0.6866666666666666}, {-0.6462, 0.6395147313691508}, {-0.5483, 0.6385224274406333}, {-0.44830000000000003, 0.6337488015340365}, {-0.34740000000000004, 0.5658181818181818}, {-0.24880000000000002, 0.5788778877887789}, {-0.1482, 0.5391459074733096}, {-0.050100000000000006, 0.5188930282064929}, {0.0494, 0.4810924369747899}, {0.1481, 0.46144721233689207}, {0.24880000000000002, 0.420844327176781}, {0.3473, 0.43481427530954114}, {0.4481, 0.3659942363112392}, {0.5479, 0.36136662286465177}, {0.6462, 0.35986159169550175}, {0.7435, 0.31333333333333335}, {0.8421000000000001, 0.24390243902439024}, {0.9287000000000001, 0.2413793103448276}, {1., 0.6578182159272113}}
indexMenge2 {{1}, {2}, {3}, {4}, {5}, {6}, {7}, {8}, {9}, {10}, {11}, {12}, {13}, {14}, {15}, {16}, {17}, {18}, {19}, {20}, {21}}
h {{3670, 124, 206, 369, 484, 661, 778, 877, 909, 975, 916, 778, 638, 597, 381, 275, 208, 94, 40, 7, 7013}, 20000}
nonH {{7020, 40, 94, 208, 274, 382, 597, 638, 777, 904, 988, 908, 878, 776, 660, 486, 370, 206, 124, 22, 3648}, 20000}
hUndNonh {{10690, 164, 300, 577, 758, 1043, 1375, 1515, 1686, 1879, 1904, 1686, 1516, 1373, 1041, 761, 578, 300, 164, 29, 10661}, 40000}
eu 0.03493008347723925
