/home/kit/itz/qb3892/DebSim_HC3/
/home/kit/itz/qb3892/Genese_09_2017/Merged/
{Data_Acc_1..txt}
/home/kit/itz/qb3892/Genese_09_2017/Ana1/14_09_2017/
c
z
Mit
Package path /pfs/data1/home/kit/itz/qb3892/DebSim_HC3/DebateDynamics/Kernel/init.m
Loading additional packages...

General::obspkg: PlotLegends` is now obsolete. The legacy version being loaded may conflict with current functionality. See the Compatibility Guide for updating information.

Set::write: Tag ListLinePlot in SyntaxInformation[ListLinePlot] is Protected.

General::obspkg: PlotLegends` is now obsolete. The legacy version being loaded may conflict with current functionality. See the Compatibility Guide for updating information.
Einzulesende Datei /home/kit/itz/qb3892/Genese_09_2017/Merged/Data_Acc_1..txt
Anzahl Dichten 6
Anzahl Evidenzgrößen 6
Dichte 0.15
evidenceSize 3
evidenceSize 5
evidenceSize 7
evidenceSize 9
evidenceSize 10
evidenceSize 3
indexMenge2 {{1}, {2}, {3}, {4}, {5}, {6}, {7}, {8}, {9}, {10}, {11}, {12}, {13}, {14}, {15}, {16}, {17}, {18}, {19}, {21}}
ratioTruths {{-0.9987, 0.}, {-0.8324, 0.07692307692307693}, {-0.745, 0.07692307692307693}, {-0.6475000000000001, 0.13924050632911392}, {-0.5464, 0.16091954022988506}, {-0.4451, 0.2154696132596685}, {-0.3441, 0.25968109339407747}, {-0.24150000000000002, 0.35567567567567565}, {-0.1432, 0.4274757500563952}, {-0.0379, 0.4967815221507005}, {0.0297, 0.5025241276911655}, {0.1432, 0.5725242499436047}, {0.24150000000000002, 0.6443243243243243}, {0.3441, 0.7403189066059226}, {0.4451, 0.7845303867403315}, {0.5464, 0.8390804597701149}, {0.6475000000000001, 0.8607594936708861}, {0.745, 0.9230769230769231}, {0.8324, 0.9230769230769231}, {1., 1.}}
indexMenge2 {{1}, {2}, {3}, {4}, {5}, {6}, {7}, {8}, {9}, {10}, {11}, {12}, {13}, {14}, {15}, {16}, {17}, {18}, {19}, {21}}
h {{0, 1, 3, 11, 28, 78, 228, 658, 1895, 5248, 6769, 2538, 1192, 650, 284, 146, 68, 36, 12, 3, 152}, 20000}
nonH {{155, 12, 36, 68, 146, 284, 650, 1192, 2538, 5316, 6701, 1895, 658, 228, 78, 28, 11, 3, 1, 0, 0}, 20000}
hUndNonh {{155, 13, 39, 79, 174, 362, 878, 1850, 4433, 10564, 13470, 4433, 1850, 878, 362, 174, 79, 39, 13, 3, 152}, 40000}
eu 0.02199327693775046
evidenceSize 5
indexMenge2 {{1}, {2}, {3}, {4}, {5}, {6}, {7}, {8}, {9}, {10}, {11}, {12}, {13}, {14}, {15}, {16}, {17}, {18}, {19}, {21}}
ratioTruths {{-0.9995, 0.}, {-0.8367, 0.03125}, {-0.7465, 0.06756756756756757}, {-0.6458, 0.06918238993710692}, {-0.5446, 0.2041522491349481}, {-0.44430000000000003, 0.23063973063973064}, {-0.3457, 0.30524505588993983}, {-0.2434, 0.36885245901639346}, {-0.14500000000000002, 0.4576100121114251}, {-0.045000000000000005, 0.5079537237888648}, {0.0334, 0.49410082230961744}, {0.14500000000000002, 0.5423899878885748}, {0.2434, 0.6311475409836066}, {0.3457, 0.6947549441100602}, {0.44430000000000003, 0.7693602693602694}, {0.5446, 0.7958477508650519}, {0.6458, 0.9308176100628931}, {0.7465, 0.9324324324324325}, {0.8367, 0.96875}, {1., 1.}}
indexMenge2 {{1}, {2}, {3}, {4}, {5}, {6}, {7}, {8}, {9}, {10}, {11}, {12}, {13}, {14}, {15}, {16}, {17}, {18}, {19}, {21}}
h {{0, 1, 5, 11, 59, 137, 355, 900, 2267, 4215, 5528, 2687, 1540, 808, 457, 230, 148, 69, 31, 5, 547}, 20000}
nonH {{552, 31, 69, 148, 230, 457, 808, 1540, 2687, 4083, 5660, 2267, 900, 355, 137, 59, 11, 5, 1, 0, 0}, 20000}
hUndNonh {{552, 32, 74, 159, 289, 594, 1163, 2440, 4954, 8298, 11188, 4954, 2440, 1163, 594, 289, 159, 74, 32, 5, 547}, 40000}
eu 0.035158597108484964
evidenceSize 7
indexMenge2 {{1}, {2}, {3}, {4}, {5}, {6}, {7}, {8}, {9}, {10}, {11}, {12}, {13}, {14}, {15}, {16}, {17}, {18}, {19}, {21}}
ratioTruths {{-0.9997, 0.}, {-0.8376, 0.08333333333333333}, {-0.7471, 0.12}, {-0.6439, 0.15168539325842698}, {-0.544, 0.2020997375328084}, {-0.4455, 0.2702312138728324}, {-0.3451, 0.31859649122807016}, {-0.2439, 0.3788727136991415}, {-0.14550000000000002, 0.45542635658914726}, {-0.0485, 0.5035803010375566}, {0.0341, 0.49742957022414147}, {0.14550000000000002, 0.5447674418604651}, {0.2439, 0.6208955223880597}, {0.3451, 0.6811797752808989}, {0.4455, 0.7301587301587301}, {0.5439, 0.7973684210526316}, {0.6437, 0.8491620111731844}, {0.7471, 0.88}, {0.8376, 0.9166666666666666}, {1., 1.}}
indexMenge2 {{1}, {2}, {3}, {4}, {5}, {6}, {7}, {8}, {9}, {10}, {11}, {12}, {13}, {14}, {15}, {16}, {17}, {18}, {19}, {21}}
h {{0, 2, 9, 27, 77, 187, 454, 1015, 2350, 3446, 4838, 2811, 1664, 970, 506, 303, 152, 66, 22, 4, 1097}, 20000}
nonH {{1101, 22, 66, 151, 304, 505, 971, 1664, 2810, 3397, 4888, 2349, 1016, 454, 187, 77, 27, 9, 2, 0, 0}, 20000}
hUndNonh {{1101, 24, 75, 178, 381, 692, 1425, 2679, 5160, 6843, 9726, 5160, 2680, 1424, 693, 380, 179, 75, 24, 4, 1097}, 40000}
eu 0.04782138341728008
evidenceSize 9
indexMenge2 {{1}, {2}, {3}, {4}, {5}, {6}, {7}, {8}, {9}, {10}, {11}, {12}, {13}, {14}, {15}, {16}, {17}, {18}, {19}, {21}}
ratioTruths {{-1., 0.}, {-0.8424, 0.}, {-0.7405, 0.13333333333333333}, {-0.6424000000000001, 0.18857142857142858}, {-0.546, 0.2006079027355623}, {-0.44620000000000004, 0.2603305785123967}, {-0.34450000000000003, 0.3228346456692913}, {-0.24480000000000002, 0.3902439024390244}, {-0.1453, 0.4556841905484912}, {-0.0504, 0.5034309623430963}, {0.034, 0.497738068310337}, {0.1453, 0.5441260201176694}, {0.24480000000000002, 0.6097560975609756}, {0.34450000000000003, 0.6773962804005722}, {0.44620000000000004, 0.7396694214876033}, {0.546, 0.7993920972644377}, {0.6424000000000001, 0.8114285714285714}, {0.7405, 0.8666666666666667}, {0.8424, 1.}, {1., 1.}}
indexMenge2 {{1}, {2}, {3}, {4}, {5}, {6}, {7}, {8}, {9}, {10}, {11}, {12}, {13}, {14}, {15}, {16}, {17}, {18}, {19}, {21}}
h {{0, 0, 10, 33, 66, 189, 451, 1104, 2401, 3008, 4401, 2867, 1725, 947, 537, 263, 142, 65, 19, 1, 1771}, 20000}
nonH {{1772, 19, 65, 142, 263, 537, 946, 1725, 2868, 2967, 4441, 2402, 1104, 451, 189, 66, 33, 10, 0, 0, 0}, 20000}
hUndNonh {{1772, 19, 75, 175, 329, 726, 1397, 2829, 5269, 5975, 8842, 5269, 2829, 1398, 726, 329, 175, 75, 19, 1, 1771}, 40000}
eu 0.06342357183294156
evidenceSize 10
indexMenge2 {{1}, {2}, {3}, {4}, {5}, {6}, {7}, {8}, {9}, {10}, {11}, {12}, {13}, {14}, {15}, {16}, {17}, {18}, {19}, {21}}
ratioTruths {{-1., 0.}, {-0.8258000000000001, 0.05263157894736842}, {-0.7438, 0.10526315789473684}, {-0.643, 0.16875}, {-0.5409, 0.2057877813504823}, {-0.44470000000000004, 0.26676384839650147}, {-0.3448, 0.3317307692307692}, {-0.2432, 0.4104086622424031}, {-0.1459, 0.4748997900362665}, {-0.0514, 0.4972237148486477}, {0.034, 0.5018336685200521}, {0.1458, 0.5252004581901489}, {0.2432, 0.5893854748603352}, {0.3448, 0.6682692307692307}, {0.4446, 0.7328467153284671}, {0.5408000000000001, 0.7948717948717948}, {0.643, 0.83125}, {0.7438, 0.8947368421052632}, {0.8258000000000001, 0.9473684210526315}, {1., 1.}}
indexMenge2 {{1}, {2}, {3}, {4}, {5}, {6}, {7}, {8}, {9}, {10}, {11}, {12}, {13}, {14}, {15}, {16}, {17}, {18}, {19}, {21}}
h {{0, 1, 6, 27, 64, 183, 483, 1175, 2488, 2776, 4242, 2751, 1688, 973, 502, 248, 133, 51, 18, 0, 2191}, 20000}
nonH {{2191, 18, 51, 133, 247, 503, 973, 1688, 2751, 2807, 4211, 2487, 1176, 483, 183, 64, 27, 6, 1, 0, 0}, 20000}
hUndNonh {{2191, 19, 57, 160, 311, 686, 1456, 2863, 5239, 5583, 8453, 5238, 2864, 1456, 685, 312, 160, 57, 19, 0, 2191}, 40000}
eu 0.07097498773439738
Dichte 0.2
evidenceSize 3
evidenceSize 5
evidenceSize 7
evidenceSize 9
evidenceSize 10
evidenceSize 3
indexMenge2 {{1}, {2}, {3}, {4}, {5}, {6}, {7}, {8}, {9}, {10}, {11}, {12}, {13}, {14}, {15}, {16}, {17}, {18}, {19}, {20}, {21}}
ratioTruths {{-0.9965, 0.}, {-0.8363, 0.08108108108108109}, {-0.7475, 0.08433734939759036}, {-0.6465000000000001, 0.14367816091954022}, {-0.5468000000000001, 0.190625}, {-0.4433, 0.2306338028169014}, {-0.3443, 0.2942222222222222}, {-0.2431, 0.3751127141568981}, {-0.1444, 0.444700944386149}, {-0.0426, 0.5052620926937866}, {0.038, 0.49530685920577616}, {0.1444, 0.555299055613851}, {0.2431, 0.6248872858431019}, {0.3443, 0.7057777777777777}, {0.4433, 0.7693661971830986}, {0.5468000000000001, 0.809375}, {0.6465000000000001, 0.8563218390804598}, {0.7475, 0.9156626506024096}, {0.8363, 0.918918918918919}, {0.9377000000000001, 1.}, {1., 1.}}
indexMenge2 {{1}, {2}, {3}, {4}, {5}, {6}, {7}, {8}, {9}, {10}, {11}, {12}, {13}, {14}, {15}, {16}, {17}, {18}, {19}, {20}, {21}}
h {{0, 3, 7, 25, 61, 131, 331, 832, 2119, 4993, 5488, 2646, 1386, 794, 437, 259, 149, 76, 34, 13, 216}, 20000}
nonH {{229, 34, 76, 149, 259, 437, 794, 1386, 2646, 4889, 5592, 2119, 832, 331, 131, 61, 25, 7, 3, 0, 0}, 20000}
hUndNonh {{229, 37, 83, 174, 320, 568, 1125, 2218, 4765, 9882, 11080, 4765, 2218, 1125, 568, 320, 174, 83, 37, 13, 216}, 40000}
eu 0.026907818284006173
evidenceSize 5
indexMenge2 {{1}, {2}, {3}, {4}, {5}, {6}, {7}, {8}, {9}, {10}, {11}, {12}, {13}, {14}, {15}, {16}, {17}, {18}, {19}, {20}, {21}}
ratioTruths {{-0.998, 0.0012970168612191958}, {-0.8460000000000001, 0.1}, {-0.7425, 0.12396694214876033}, {-0.6456000000000001, 0.1362126245847176}, {-0.5462, 0.18736383442265794}, {-0.4451, 0.2184049079754601}, {-0.3451, 0.28241065171688856}, {-0.24500000000000002, 0.384204909284952}, {-0.14600000000000002, 0.45183576786419266}, {-0.046700000000000005, 0.5041059602649006}, {0.0403, 0.496456332876086}, {0.14600000000000002, 0.5481642321358073}, {0.24500000000000002, 0.615795090715048}, {0.3451, 0.7175893482831114}, {0.4451, 0.7815950920245399}, {0.5462, 0.8126361655773421}, {0.6456000000000001, 0.8637873754152824}, {0.7425, 0.8760330578512396}, {0.8460000000000001, 0.9}, {0.9287000000000001, 0.9545454545454546}, {1., 1.}}
indexMenge2 {{1}, {2}, {3}, {4}, {5}, {6}, {7}, {8}, {9}, {10}, {11}, {12}, {13}, {14}, {15}, {16}, {17}, {18}, {19}, {20}, {21}}
h {{1, 8, 15, 41, 86, 178, 403, 1080, 2289, 3806, 4343, 2777, 1731, 1024, 637, 373, 260, 106, 72, 21, 749}, 20000}
nonH {{770, 72, 106, 260, 373, 637, 1024, 1731, 2777, 3744, 4405, 2289, 1080, 403, 178, 86, 41, 15, 8, 1, 0}, 20000}
hUndNonh {{771, 80, 121, 301, 459, 815, 1427, 2811, 5066, 7550, 8748, 5066, 2811, 1427, 815, 459, 301, 121, 80, 22, 749}, 40000}
eu 0.0488130397436661
evidenceSize 7
indexMenge2 {{1}, {2}, {3}, {4}, {5}, {6}, {7}, {8}, {9}, {10}, {11}, {12}, {13}, {14}, {15}, {16}, {17}, {18}, {19}, {20}, {21}}
ratioTruths {{-0.9995, 0.}, {-0.8481000000000001, 0.08333333333333333}, {-0.7379, 0.12837837837837837}, {-0.6459, 0.18770226537216828}, {-0.5449, 0.22122302158273383}, {-0.44420000000000004, 0.27350427350427353}, {-0.34440000000000004, 0.30185295875672447}, {-0.2459, 0.3759662684469431}, {-0.14600000000000002, 0.4646728221597752}, {-0.0487, 0.5161239578417492}, {0.041, 0.48642923341718525}, {0.14600000000000002, 0.5353271778402248}, {0.2459, 0.624033731553057}, {0.34440000000000004, 0.6981470412432755}, {0.44420000000000004, 0.7264957264957265}, {0.5449, 0.7787769784172662}, {0.6459, 0.8122977346278317}, {0.7379, 0.8716216216216216}, {0.8481000000000001, 0.9166666666666666}, {0.9315, 1.}, {1., 1.}}
indexMenge2 {{1}, {2}, {3}, {4}, {5}, {6}, {7}, {8}, {9}, {10}, {11}, {12}, {13}, {14}, {15}, {16}, {17}, {18}, {19}, {20}, {21}}
h {{0, 4, 19, 58, 123, 256, 505, 1070, 2315, 3281, 3674, 2667, 1776, 1168, 680, 433, 251, 129, 44, 12, 1535}, 20000}
nonH {{1547, 44, 129, 251, 433, 680, 1168, 1776, 2667, 3076, 3879, 2315, 1070, 505, 256, 123, 58, 19, 4, 0, 0}, 20000}
hUndNonh {{1547, 48, 148, 309, 556, 936, 1673, 2846, 4982, 6357, 7553, 4982, 2846, 1673, 936, 556, 309, 148, 48, 12, 1535}, 40000}
eu 0.06540958689228919
evidenceSize 9
indexMenge2 {{1}, {2}, {3}, {4}, {5}, {6}, {7}, {8}, {9}, {10}, {11}, {12}, {13}, {14}, {15}, {16}, {17}, {18}, {19}, {21}}
ratioTruths {{-0.9998, 0.}, {-0.8361000000000001, 0.04}, {-0.7426, 0.11290322580645161}, {-0.6449, 0.14098360655737704}, {-0.5447000000000001, 0.2071563088512241}, {-0.4459, 0.2660753880266075}, {-0.34500000000000003, 0.34910878918254457}, {-0.2459, 0.4064711830131446}, {-0.14730000000000001, 0.4578111946532999}, {-0.0507, 0.5205405405405406}, {0.0417, 0.4831061055127445}, {0.14730000000000001, 0.5421888053467001}, {0.2459, 0.5935288169868554}, {0.34500000000000003, 0.6508912108174555}, {0.4459, 0.7347391786903441}, {0.5446, 0.7913533834586466}, {0.6449, 0.8590163934426229}, {0.7426, 0.8870967741935484}, {0.8361000000000001, 0.96}, {1., 1.}}
indexMenge2 {{1}, {2}, {3}, {4}, {5}, {6}, {7}, {8}, {9}, {10}, {11}, {12}, {13}, {14}, {15}, {16}, {17}, {18}, {19}, {21}}
h {{0, 2, 14, 43, 110, 240, 568, 1206, 2192, 2889, 3260, 2596, 1761, 1059, 662, 421, 262, 110, 48, 6, 2551}, 20000}
nonH {{2557, 48, 110, 262, 421, 662, 1059, 1761, 2596, 2661, 3488, 2192, 1206, 568, 239, 111, 43, 14, 2, 0, 0}, 20000}
hUndNonh {{2557, 50, 124, 305, 531, 902, 1627, 2967, 4788, 5550, 6748, 4788, 2967, 1627, 901, 532, 305, 124, 50, 6, 2551}, 40000}
eu 0.08754780796039724
evidenceSize 10
indexMenge2 {{1}, {2}, {3}, {4}, {5}, {6}, {7}, {8}, {9}, {10}, {11}, {12}, {13}, {14}, {15}, {16}, {17}, {18}, {19}, {21}}
ratioTruths {{-0.9999, 0.}, {-0.8410000000000001, 0.05263157894736842}, {-0.7446, 0.09009009009009009}, {-0.6437, 0.1626984126984127}, {-0.5454, 0.21338912133891214}, {-0.4455, 0.25163398692810457}, {-0.34490000000000004, 0.3523017902813299}, {-0.24500000000000002, 0.4171467299220603}, {-0.1468, 0.4634509137271568}, {-0.0505, 0.5092858510434616}, {0.041100000000000005, 0.492441951067477}, {0.1468, 0.5365490862728431}, {0.24500000000000002, 0.5828532700779396}, {0.3448, 0.6474728087012156}, {0.4454, 0.7483660130718954}, {0.5453, 0.7870563674321504}, {0.6437, 0.8373015873015873}, {0.7446, 0.9099099099099099}, {0.8410000000000001, 0.9473684210526315}, {1., 1.}}
indexMenge2 {{1}, {2}, {3}, {4}, {5}, {6}, {7}, {8}, {9}, {10}, {11}, {12}, {13}, {14}, {15}, {16}, {17}, {18}, {19}, {21}}
h {{0, 2, 10, 41, 102, 231, 551, 1231, 2181, 2660, 3160, 2525, 1720, 1012, 687, 377, 211, 101, 36, 2, 3160}, 20000}
nonH {{3162, 36, 101, 211, 376, 687, 1013, 1720, 2525, 2563, 3257, 2181, 1231, 551, 231, 102, 41, 10, 2, 0, 0}, 20000}
hUndNonh {{3162, 38, 111, 252, 478, 918, 1564, 2951, 4706, 5223, 6417, 4706, 2951, 1563, 918, 479, 252, 111, 38, 2, 3160}, 40000}
eu 0.1002180136781792
Dichte 0.25
evidenceSize 3
evidenceSize 5
evidenceSize 7
evidenceSize 9
evidenceSize 10
evidenceSize 3
indexMenge2 {{1}, {2}, {3}, {4}, {5}, {6}, {7}, {8}, {9}, {10}, {11}, {12}, {13}, {14}, {15}, {16}, {17}, {18}, {19}, {20}, {21}}
ratioTruths {{-0.9927, 0.}, {-0.8465, 0.023529411764705882}, {-0.745, 0.1164021164021164}, {-0.6453, 0.15471698113207547}, {-0.547, 0.17886178861788618}, {-0.44530000000000003, 0.20976253298153033}, {-0.3448, 0.28323262839879154}, {-0.2441, 0.35373870172555466}, {-0.1452, 0.43131584383391863}, {-0.0449, 0.5230102267674522}, {0.042300000000000004, 0.47830188679245284}, {0.1452, 0.5686841561660814}, {0.2441, 0.6462612982744453}, {0.3448, 0.7167673716012085}, {0.44530000000000003, 0.7902374670184696}, {0.547, 0.8211382113821138}, {0.6453, 0.8452830188679246}, {0.745, 0.8835978835978836}, {0.8465, 0.9764705882352941}, {0.9317000000000001, 1.}, {1., 1.}}
indexMenge2 {{1}, {2}, {3}, {4}, {5}, {6}, {7}, {8}, {9}, {10}, {11}, {12}, {13}, {14}, {15}, {16}, {17}, {18}, {19}, {20}, {21}}
h {{0, 2, 22, 41, 88, 159, 375, 861, 2088, 4705, 4563, 2753, 1573, 949, 599, 404, 224, 167, 83, 37, 307}, 20000}
nonH {{344, 83, 167, 224, 404, 599, 949, 1573, 2753, 4291, 4977, 2088, 861, 375, 159, 88, 41, 22, 2, 0, 0}, 20000}
hUndNonh {{344, 85, 189, 265, 492, 758, 1324, 2434, 4841, 8996, 9540, 4841, 2434, 1324, 758, 492, 265, 189, 85, 37, 307}, 40000}
eu 0.042103943470111226
evidenceSize 5
indexMenge2 {{1}, {2}, {3}, {4}, {5}, {6}, {7}, {8}, {9}, {10}, {11}, {12}, {13}, {14}, {15}, {16}, {17}, {18}, {19}, {20}, {21}}
ratioTruths {{-0.9975, 0.}, {-0.8391000000000001, 0.03968253968253968}, {-0.7468, 0.09375}, {-0.6472, 0.129973474801061}, {-0.548, 0.2}, {-0.4464, 0.2289156626506024}, {-0.3461, 0.31798909751665655}, {-0.2451, 0.38037249283667623}, {-0.14650000000000002, 0.4403188588210615}, {-0.0478, 0.5106259939280035}, {0.0443, 0.49014877362283876}, {0.14650000000000002, 0.5596811411789385}, {0.2451, 0.6198495163024006}, {0.34600000000000003, 0.6815980629539952}, {0.4464, 0.7710843373493976}, {0.548, 0.8}, {0.6472, 0.870026525198939}, {0.7468, 0.90625}, {0.8391000000000001, 0.9603174603174603}, {0.9369000000000001, 1.}, {1., 1.}}
indexMenge2 {{1}, {2}, {3}, {4}, {5}, {6}, {7}, {8}, {9}, {10}, {11}, {12}, {13}, {14}, {15}, {16}, {17}, {18}, {19}, {20}, {21}}
h {{0, 5, 24, 49, 125, 247, 525, 1062, 2099, 3532, 3657, 2668, 1730, 1126, 832, 500, 328, 232, 121, 46, 1092}, 20000}
nonH {{1138, 121, 232, 328, 500, 832, 1126, 1730, 2668, 3385, 3804, 2099, 1061, 526, 247, 125, 49, 24, 5, 0, 0}, 20000}
hUndNonh {{1138, 126, 256, 377, 625, 1079, 1651, 2792, 4767, 6917, 7461, 4767, 2791, 1652, 1079, 625, 377, 256, 126, 46, 1092}, 40000}
eu 0.06529505769890595
evidenceSize 7
indexMenge2 {{1}, {2}, {3}, {4}, {5}, {6}, {7}, {8}, {9}, {10}, {11}, {12}, {13}, {14}, {15}, {16}, {17}, {18}, {19}, {20}, {21}}
ratioTruths {{-0.9992000000000001, 0.}, {-0.8406, 0.0859375}, {-0.7467, 0.09865470852017937}, {-0.6459, 0.14666666666666667}, {-0.5449, 0.19405099150141644}, {-0.4469, 0.2775250227479527}, {-0.3447, 0.31253577561534057}, {-0.2454, 0.39196488858879136}, {-0.1466, 0.46866725507502205}, {-0.049800000000000004, 0.5256840247131509}, {0.0455, 0.47648195876288657}, {0.1466, 0.5314361350099271}, {0.24530000000000002, 0.608240459304289}, {0.3447, 0.687070938215103}, {0.4469, 0.7224749772520473}, {0.5449, 0.8059490084985835}, {0.6459, 0.8533333333333334}, {0.7467, 0.9013452914798207}, {0.8406, 0.9140625}, {0.9292, 1.}, {1., 1.}}
indexMenge2 {{1}, {2}, {3}, {4}, {5}, {6}, {7}, {8}, {9}, {10}, {11}, {12}, {13}, {14}, {15}, {16}, {17}, {18}, {19}, {20}, {21}}
h {{0, 11, 22, 66, 137, 305, 546, 1161, 2124, 2978, 2958, 2409, 1801, 1201, 794, 569, 384, 201, 117, 24, 2192}, 20000}
nonH {{2216, 117, 201, 384, 569, 794, 1201, 1801, 2408, 2687, 3250, 2124, 1160, 547, 305, 137, 66, 22, 11, 0, 0}, 20000}
hUndNonh {{2216, 128, 223, 450, 706, 1099, 1747, 2962, 4532, 5665, 6208, 4533, 2961, 1748, 1099, 706, 450, 223, 128, 24, 2192}, 40000}
eu 0.08924901297490484
evidenceSize 9
indexMenge2 {{1}, {2}, {3}, {4}, {5}, {6}, {7}, {8}, {9}, {10}, {11}, {12}, {13}, {14}, {15}, {16}, {17}, {18}, {19}, {21}}
ratioTruths {{-0.9998, 0.}, {-0.8364, 0.1111111111111111}, {-0.7437, 0.09047619047619047}, {-0.6454000000000001, 0.14173228346456693}, {-0.5466, 0.18779342723004694}, {-0.4449, 0.2567191844300278}, {-0.34590000000000004, 0.33727810650887574}, {-0.2457, 0.4092769440654843}, {-0.14780000000000001, 0.4729634002361275}, {-0.0504, 0.517720499395892}, {0.0454, 0.4840406238665216}, {0.1477, 0.5269248937175248}, {0.2457, 0.5908625980225025}, {0.34590000000000004, 0.6627218934911243}, {0.4449, 0.7432808155699722}, {0.5466, 0.812206572769953}, {0.6454000000000001, 0.8582677165354331}, {0.7437, 0.9095238095238095}, {0.8364, 0.8888888888888888}, {1., 1.}}
indexMenge2 {{1}, {2}, {3}, {4}, {5}, {6}, {7}, {8}, {9}, {10}, {11}, {12}, {13}, {14}, {15}, {16}, {17}, {18}, {19}, {21}}
h {{0, 10, 19, 54, 120, 277, 570, 1200, 2003, 2571, 2669, 2231, 1733, 1120, 802, 519, 327, 191, 80, 8, 3496}, 20000}
nonH {{3504, 80, 191, 327, 519, 802, 1120, 1732, 2232, 2395, 2845, 2003, 1200, 570, 277, 120, 54, 19, 10, 0, 0}, 20000}
hUndNonh {{3504, 90, 210, 381, 639, 1079, 1690, 2932, 4235, 4966, 5514, 4234, 2933, 1690, 1079, 639, 381, 210, 90, 8, 3496}, 40000}
eu 0.11723667345294898
evidenceSize 10
indexMenge2 {{1}, {2}, {3}, {4}, {5}, {6}, {7}, {8}, {9}, {10}, {11}, {12}, {13}, {14}, {15}, {16}, {17}, {18}, {19}, {21}}
ratioTruths {{-0.9999, 0.}, {-0.8394, 0.06666666666666667}, {-0.7423000000000001, 0.1076923076923077}, {-0.6439, 0.13043478260869565}, {-0.5456, 0.22294022617124395}, {-0.4439, 0.2745292368681863}, {-0.3438, 0.3588516746411483}, {-0.2466, 0.4148148148148148}, {-0.1477, 0.4867383512544803}, {-0.0506, 0.512216404886562}, {0.045200000000000004, 0.4890795631825273}, {0.1477, 0.5132616487455197}, {0.2466, 0.5853822835971708}, {0.3438, 0.6407650926479378}, {0.4439, 0.7254707631318137}, {0.5456, 0.777059773828756}, {0.6439, 0.8695652173913043}, {0.7423000000000001, 0.8923076923076924}, {0.8394, 0.9333333333333333}, {1., 1.}}
indexMenge2 {{1}, {2}, {3}, {4}, {5}, {6}, {7}, {8}, {9}, {10}, {11}, {12}, {13}, {14}, {15}, {16}, {17}, {18}, {19}, {21}}
h {{0, 4, 21, 39, 138, 277, 600, 1232, 2037, 2348, 2508, 2148, 1738, 1072, 732, 481, 260, 174, 56, 9, 4126}, 20000}
nonH {{4135, 56, 174, 260, 481, 732, 1072, 1738, 2148, 2236, 2620, 2037, 1231, 601, 277, 138, 39, 21, 4, 0, 0}, 20000}
hUndNonh {{4135, 60, 195, 299, 619, 1009, 1672, 2970, 4185, 4584, 5128, 4185, 2969, 1673, 1009, 619, 299, 195, 60, 9, 4126}, 40000}
eu 0.12697630869706594
Dichte 0.3
evidenceSize 3
evidenceSize 5
evidenceSize 7
evidenceSize 9
evidenceSize 10
evidenceSize 3
indexMenge2 {{1}, {2}, {3}, {4}, {5}, {6}, {7}, {8}, {9}, {10}, {11}, {12}, {13}, {14}, {15}, {16}, {17}, {18}, {19}, {20}, {21}}
ratioTruths {{-0.9891000000000001, 0.00390625}, {-0.8461000000000001, 0.056179775280898875}, {-0.7452000000000001, 0.053497942386831275}, {-0.6481, 0.14367816091954022}, {-0.5484, 0.18568994889267462}, {-0.44570000000000004, 0.21716101694915255}, {-0.34690000000000004, 0.3008241758241758}, {-0.24500000000000002, 0.3567274137262505}, {-0.1453, 0.43656179313181165}, {-0.0461, 0.5247488360695908}, {0.044700000000000004, 0.4760038013779995}, {0.1453, 0.5634382068681884}, {0.24500000000000002, 0.6432725862737495}, {0.34690000000000004, 0.6991758241758241}, {0.44570000000000004, 0.7828389830508474}, {0.5484, 0.8143100511073254}, {0.6481, 0.8563218390804598}, {0.7452000000000001, 0.9465020576131687}, {0.8461000000000001, 0.9438202247191011}, {0.9366000000000001, 0.9772727272727273}, {1., 1.}}
indexMenge2 {{1}, {2}, {3}, {4}, {5}, {6}, {7}, {8}, {9}, {10}, {11}, {12}, {13}, {14}, {15}, {16}, {17}, {18}, {19}, {20}, {21}}
h {{2, 10, 13, 50, 109, 205, 438, 920, 2123, 4283, 4007, 2740, 1659, 1018, 739, 478, 298, 230, 168, 86, 424}, 20000}
nonH {{510, 168, 230, 298, 478, 739, 1018, 1659, 2740, 3879, 4411, 2123, 920, 438, 205, 109, 50, 13, 10, 2, 0}, 20000}
hUndNonh {{512, 178, 243, 348, 587, 944, 1456, 2579, 4863, 8162, 8418, 4863, 2579, 1456, 944, 587, 348, 243, 178, 88, 424}, 40000}
eu 0.05224201704382461
evidenceSize 5
indexMenge2 {{1}, {2}, {3}, {4}, {5}, {6}, {7}, {8}, {9}, {10}, {11}, {12}, {13}, {14}, {15}, {16}, {17}, {18}, {19}, {20}, {21}}
ratioTruths {{-0.9964000000000001, 0.0006184291898577613}, {-0.8422000000000001, 0.03070175438596491}, {-0.7474000000000001, 0.0950920245398773}, {-0.6469, 0.14258188824662812}, {-0.5475, 0.18241469816272965}, {-0.4464, 0.23968393327480245}, {-0.3473, 0.3042986425339366}, {-0.24580000000000002, 0.3967977723633832}, {-0.1468, 0.4605586592178771}, {-0.0489, 0.537712895377129}, {0.046900000000000004, 0.4637906868089083}, {0.1468, 0.5394413407821229}, {0.24580000000000002, 0.6032022276366168}, {0.3473, 0.6957013574660633}, {0.4464, 0.7603160667251976}, {0.5475, 0.8175853018372703}, {0.6468, 0.8571428571428571}, {0.7472000000000001, 0.9051987767584098}, {0.8422000000000001, 0.9692982456140351}, {0.9326000000000001, 0.9883720930232558}, {1., 1.}}
indexMenge2 {{1}, {2}, {3}, {4}, {5}, {6}, {7}, {8}, {9}, {10}, {11}, {12}, {13}, {14}, {15}, {16}, {17}, {18}, {19}, {20}, {21}}
h {{1, 7, 31, 74, 139, 273, 538, 1140, 2061, 3315, 2978, 2414, 1733, 1230, 866, 623, 444, 296, 221, 85, 1531}, 20000}
nonH {{1616, 221, 295, 445, 623, 866, 1230, 1733, 2414, 2850, 3443, 2061, 1140, 538, 273, 139, 74, 31, 7, 1, 0}, 20000}
hUndNonh {{1617, 228, 326, 519, 762, 1139, 1768, 2873, 4475, 6165, 6421, 4475, 2873, 1768, 1139, 762, 518, 327, 228, 86, 1531}, 40000}
eu 0.0841131965340493
evidenceSize 7
indexMenge2 {{1}, {2}, {3}, {4}, {5}, {6}, {7}, {8}, {9}, {10}, {11}, {12}, {13}, {14}, {15}, {16}, {17}, {18}, {19}, {20}, {21}}
ratioTruths {{-0.9987, 0.}, {-0.8453, 0.032679738562091505}, {-0.7463000000000001, 0.10650887573964497}, {-0.6452, 0.13307984790874525}, {-0.5466, 0.22631578947368422}, {-0.4469, 0.2639123102866779}, {-0.3468, 0.34293478260869564}, {-0.24680000000000002, 0.3979979288919572}, {-0.14750000000000002, 0.46270452358036573}, {-0.0489, 0.522816679779701}, {0.0466, 0.47827715355805245}, {0.14750000000000002, 0.5372954764196343}, {0.24680000000000002, 0.6020020711080428}, {0.3468, 0.6570652173913043}, {0.4469, 0.7360876897133221}, {0.5466, 0.7736842105263158}, {0.6452, 0.8669201520912547}, {0.7463000000000001, 0.893491124260355}, {0.8453, 0.9673202614379085}, {0.9319000000000001, 1.}, {1., 1.}}
indexMenge2 {{1}, {2}, {3}, {4}, {5}, {6}, {7}, {8}, {9}, {10}, {11}, {12}, {13}, {14}, {15}, {16}, {17}, {18}, {19}, {20}, {21}}
h {{0, 5, 36, 70, 172, 313, 631, 1153, 1923, 2658, 2554, 2233, 1744, 1209, 873, 588, 456, 302, 148, 54, 2878}, 20000}
nonH {{2932, 148, 302, 456, 588, 873, 1209, 1744, 2233, 2426, 2786, 1923, 1153, 631, 313, 172, 70, 36, 5, 0, 0}, 20000}
hUndNonh {{2932, 153, 338, 526, 760, 1186, 1840, 2897, 4156, 5084, 5340, 4156, 2897, 1840, 1186, 760, 526, 338, 153, 54, 2878}, 40000}
eu 0.10964917276866662
evidenceSize 9
indexMenge2 {{1}, {2}, {3}, {4}, {5}, {6}, {7}, {8}, {9}, {10}, {11}, {12}, {13}, {14}, {15}, {16}, {17}, {18}, {19}, {20}, {21}}
ratioTruths {{-0.9997, 0.}, {-0.8408, 0.037383177570093455}, {-0.747, 0.10683760683760683}, {-0.6475000000000001, 0.14285714285714285}, {-0.5457000000000001, 0.20027624309392264}, {-0.44630000000000003, 0.2756349952963311}, {-0.3451, 0.33146382501402133}, {-0.2474, 0.4343257443082312}, {-0.1479, 0.4795092665100496}, {-0.0488, 0.5098916627414036}, {0.046, 0.49056184765711747}, {0.14780000000000001, 0.5206158663883089}, {0.2474, 0.5656742556917689}, {0.3451, 0.6685361749859787}, {0.44630000000000003, 0.7243650047036688}, {0.5457000000000001, 0.7997237569060773}, {0.6475000000000001, 0.8571428571428571}, {0.747, 0.8931623931623932}, {0.8408, 0.9626168224299065}, {0.9218000000000001, 1.}, {1., 1.}}
indexMenge2 {{1}, {2}, {3}, {4}, {5}, {6}, {7}, {8}, {9}, {10}, {11}, {12}, {13}, {14}, {15}, {16}, {17}, {18}, {19}, {20}, {21}}
h {{0, 4, 25, 64, 145, 293, 591, 1240, 1837, 2165, 2209, 1995, 1615, 1192, 770, 579, 384, 209, 103, 16, 4564}, 20000}
nonH {{4580, 103, 209, 384, 579, 770, 1192, 1615, 1994, 2081, 2294, 1837, 1240, 591, 293, 145, 64, 25, 4, 0, 0}, 20000}
hUndNonh {{4580, 107, 234, 448, 724, 1063, 1783, 2855, 3831, 4246, 4503, 3832, 2855, 1783, 1063, 724, 448, 234, 107, 16, 4564}, 40000}
eu 0.14447503560866892
evidenceSize 10
indexMenge2 {{1}, {2}, {3}, {4}, {5}, {6}, {7}, {8}, {9}, {10}, {11}, {12}, {13}, {14}, {15}, {16}, {17}, {18}, {19}, {21}}
ratioTruths {{-0.9999, 0.}, {-0.8386, 0.060240963855421686}, {-0.7431, 0.10377358490566038}, {-0.6466000000000001, 0.18895348837209303}, {-0.5439, 0.23850085178875638}, {-0.44480000000000003, 0.2840690978886756}, {-0.3466, 0.3524498886414254}, {-0.2469, 0.444243301955105}, {-0.1484, 0.48940269749518306}, {-0.0499, 0.5266503667481662}, {0.047, 0.47491946617579384}, {0.1484, 0.5105973025048169}, {0.24680000000000002, 0.5559579862368706}, {0.3466, 0.6469933184855234}, {0.44480000000000003, 0.716203259827421}, {0.5439, 0.7614991482112436}, {0.6466000000000001, 0.811046511627907}, {0.7431, 0.8962264150943396}, {0.8386, 0.9397590361445783}, {1., 1.}}
indexMenge2 {{1}, {2}, {3}, {4}, {5}, {6}, {7}, {8}, {9}, {10}, {11}, {12}, {13}, {14}, {15}, {16}, {17}, {18}, {19}, {21}}
h {{0, 5, 22, 65, 140, 296, 633, 1227, 1778, 2154, 2064, 1855, 1535, 1162, 747, 447, 279, 190, 78, 8, 5315}, 20000}
nonH {{5323, 78, 190, 279, 447, 746, 1163, 1535, 1855, 1936, 2282, 1778, 1226, 634, 296, 140, 65, 22, 5, 0, 0}, 20000}
hUndNonh {{5323, 83, 212, 344, 587, 1042, 1796, 2762, 3633, 4090, 4346, 3633, 2761, 1796, 1043, 587, 344, 212, 83, 8, 5315}, 40000}
eu 0.15519723219238643
Dichte 0.4
evidenceSize 3
evidenceSize 5
evidenceSize 7
evidenceSize 9
evidenceSize 10
evidenceSize 3
indexMenge2 {{1}, {2}, {3}, {4}, {5}, {6}, {7}, {8}, {9}, {10}, {11}, {12}, {13}, {14}, {15}, {16}, {17}, {18}, {19}, {20}, {21}}
ratioTruths {{-0.9917, 0.0023510971786833857}, {-0.8478, 0.05913978494623656}, {-0.7488, 0.06132075471698113}, {-0.6491, 0.1082024432809773}, {-0.5463, 0.17696969696969697}, {-0.4486, 0.2137476459510358}, {-0.3468, 0.29891956782713086}, {-0.24630000000000002, 0.3723601333827343}, {-0.1463, 0.46162845109967243}, {-0.0463, 0.5443186829339997}, {0.0459, 0.45608403851765394}, {0.1463, 0.5382456140350877}, {0.24630000000000002, 0.6276398666172657}, {0.3468, 0.7010804321728692}, {0.4486, 0.7862523540489642}, {0.5463, 0.823030303030303}, {0.6491, 0.8917975567190227}, {0.7488, 0.9386792452830188}, {0.8478, 0.9408602150537635}, {0.9384, 0.9824561403508771}, {1., 1.}}
indexMenge2 {{1}, {2}, {3}, {4}, {5}, {6}, {7}, {8}, {9}, {10}, {11}, {12}, {13}, {14}, {15}, {16}, {17}, {18}, {19}, {20}, {21}}
h {{3, 22, 26, 62, 146, 227, 498, 1005, 1973, 3703, 3126, 2301, 1694, 1168, 835, 679, 511, 398, 350, 168, 1105}, 20000}
nonH {{1273, 350, 398, 511, 679, 835, 1168, 1694, 2301, 3100, 3728, 1974, 1005, 498, 227, 146, 62, 26, 22, 3, 0}, 20000}
hUndNonh {{1276, 372, 424, 573, 825, 1062, 1666, 2699, 4274, 6803, 6854, 4275, 2699, 1666, 1062, 825, 573, 424, 372, 171, 1105}, 40000}
eu 0.08618894186387299
evidenceSize 5
indexMenge2 {{1}, {2}, {3}, {4}, {5}, {6}, {7}, {8}, {9}, {10}, {11}, {12}, {13}, {14}, {15}, {16}, {17}, {18}, {19}, {20}, {21}}
ratioTruths {{-0.9972000000000001, 0.0016388069485414618}, {-0.8441000000000001, 0.054878048780487805}, {-0.7465, 0.10916179337231968}, {-0.6471, 0.14440993788819875}, {-0.5472, 0.19700460829493088}, {-0.4476, 0.2652899126290707}, {-0.3471, 0.3142857142857143}, {-0.2472, 0.38473224458792254}, {-0.14730000000000001, 0.47607904316172645}, {-0.0482, 0.5493727235936867}, {0.0476, 0.45123172441417986}, {0.14730000000000001, 0.5239334027055151}, {0.24710000000000001, 0.6149468892261002}, {0.3471, 0.6857142857142857}, {0.4476, 0.7347100873709294}, {0.5472, 0.8029953917050692}, {0.6471, 0.8555900621118012}, {0.7465, 0.8908382066276803}, {0.8441000000000001, 0.9451219512195121}, {0.9374, 0.9637681159420289}, {1., 1.}}
indexMenge2 {{1}, {2}, {3}, {4}, {5}, {6}, {7}, {8}, {9}, {10}, {11}, {12}, {13}, {14}, {15}, {16}, {17}, {18}, {19}, {20}, {21}}
h {{5, 18, 56, 93, 171, 334, 594, 1013, 1831, 2715, 2253, 2014, 1621, 1296, 925, 697, 551, 457, 310, 133, 2913}, 20000}
nonH {{3046, 310, 457, 551, 697, 925, 1296, 1620, 2015, 2227, 2740, 1830, 1015, 594, 334, 171, 93, 56, 18, 5, 0}, 20000}
hUndNonh {{3051, 328, 513, 644, 868, 1259, 1890, 2633, 3846, 4942, 4993, 3844, 2636, 1890, 1259, 868, 644, 513, 328, 138, 2913}, 40000}
eu 0.12459246453518293
evidenceSize 7
indexMenge2 {{1}, {2}, {3}, {4}, {5}, {6}, {7}, {8}, {9}, {10}, {11}, {12}, {13}, {14}, {15}, {16}, {17}, {18}, {19}, {20}, {21}}
ratioTruths {{-0.9993000000000001, 0.0007877116975187081}, {-0.8444, 0.07835820895522388}, {-0.7472000000000001, 0.0835509138381201}, {-0.6463, 0.12520325203252033}, {-0.546, 0.223760092272203}, {-0.44630000000000003, 0.2940226171243942}, {-0.3466, 0.3620788121073672}, {-0.2474, 0.3911025145067698}, {-0.1486, 0.4882754526565746}, {-0.05, 0.5472636815920398}, {0.0492, 0.453254132231405}, {0.14850000000000002, 0.5120213713268033}, {0.2474, 0.608662026295437}, {0.3466, 0.6379211878926327}, {0.44630000000000003, 0.7059773828756059}, {0.546, 0.776239907727797}, {0.6463, 0.8747967479674796}, {0.7472000000000001, 0.9164490861618799}, {0.8444, 0.9216417910447762}, {0.9317000000000001, 0.9259259259259259}, {1., 1.}}
indexMenge2 {{1}, {2}, {3}, {4}, {5}, {6}, {7}, {8}, {9}, {10}, {11}, {12}, {13}, {14}, {15}, {16}, {17}, {18}, {19}, {20}, {21}}
h {{4, 21, 32, 77, 194, 364, 634, 1011, 1645, 2090, 1755, 1725, 1574, 1117, 874, 673, 538, 351, 247, 50, 5024}, 20000}
nonH {{5074, 247, 351, 538, 673, 874, 1117, 1574, 1724, 1729, 2117, 1644, 1012, 634, 364, 194, 77, 32, 21, 4, 0}, 20000}
hUndNonh {{5078, 268, 383, 615, 867, 1238, 1751, 2585, 3369, 3819, 3872, 3369, 2586, 1751, 1238, 867, 615, 383, 268, 54, 5024}, 40000}
eu 0.16576665596729057
evidenceSize 9
indexMenge2 {{1}, {2}, {3}, {4}, {5}, {6}, {7}, {8}, {9}, {10}, {11}, {12}, {13}, {14}, {15}, {16}, {17}, {18}, {19}, {20}, {21}}
ratioTruths {{-0.9998, 0.0001467782181124321}, {-0.8411000000000001, 0.038461538461538464}, {-0.7452000000000001, 0.15517241379310345}, {-0.6454000000000001, 0.171875}, {-0.5474, 0.23726541554959785}, {-0.4461, 0.29754322111010006}, {-0.34500000000000003, 0.3525264394829612}, {-0.24780000000000002, 0.435121107266436}, {-0.14830000000000002, 0.4944371727748691}, {-0.049600000000000005, 0.5339259259259259}, {0.0488, 0.46678321678321677}, {0.14830000000000002, 0.5057283142389526}, {0.2477, 0.564390665514261}, {0.34500000000000003, 0.6474735605170387}, {0.4461, 0.7024567788898999}, {0.5474, 0.7627345844504021}, {0.6454000000000001, 0.828125}, {0.745, 0.8442906574394463}, {0.8408, 0.9618320610687023}, {0.9206000000000001, 0.9411764705882353}, {1., 1.}}
indexMenge2 {{1}, {2}, {3}, {4}, {5}, {6}, {7}, {8}, {9}, {10}, {11}, {12}, {13}, {14}, {15}, {16}, {17}, {18}, {19}, {20}, {21}}
h {{1, 5, 45, 77, 177, 327, 600, 1006, 1511, 1802, 1602, 1545, 1306, 1102, 772, 569, 371, 244, 126, 16, 6796}, 20000}
nonH {{6812, 125, 245, 371, 569, 772, 1102, 1306, 1545, 1573, 1830, 1510, 1008, 600, 327, 177, 77, 45, 5, 1, 0}, 20000}
hUndNonh {{6813, 130, 290, 448, 746, 1099, 1702, 2312, 3056, 3375, 3432, 3055, 2314, 1702, 1099, 746, 448, 289, 131, 17, 6796}, 40000}
eu 0.19598547931297627
evidenceSize 10
indexMenge2 {{1}, {2}, {3}, {4}, {5}, {6}, {7}, {8}, {9}, {10}, {11}, {12}, {13}, {14}, {15}, {16}, {17}, {18}, {19}, {21}}
ratioTruths {{-0.9999, 0.}, {-0.8345, 0.08333333333333333}, {-0.7417, 0.1483050847457627}, {-0.6478, 0.17579250720461095}, {-0.5469, 0.27411167512690354}, {-0.446, 0.29315332690453233}, {-0.3466, 0.39669421487603307}, {-0.24750000000000003, 0.4596003475238923}, {-0.1489, 0.4965059399021663}, {-0.0505, 0.5381194409148666}, {0.049600000000000005, 0.46237901966906025}, {0.1489, 0.5036700454386578}, {0.2474, 0.5405992184107685}, {0.34650000000000003, 0.6026700572155118}, {0.4459, 0.7068466730954677}, {0.5468000000000001, 0.7263513513513513}, {0.6476000000000001, 0.8236994219653179}, {0.7415, 0.8523206751054853}, {0.8345, 0.9166666666666666}, {1., 1.}}
indexMenge2 {{1}, {2}, {3}, {4}, {5}, {6}, {7}, {8}, {9}, {10}, {11}, {12}, {13}, {14}, {15}, {16}, {17}, {18}, {19}, {21}}
h {{0, 7, 35, 61, 162, 304, 624, 1058, 1421, 1694, 1481, 1441, 1245, 948, 733, 430, 285, 202, 77, 10, 7782}, 20000}
nonH {{7792, 77, 201, 286, 429, 733, 949, 1244, 1441, 1454, 1722, 1420, 1058, 625, 304, 162, 61, 35, 7, 0, 0}, 20000}
hUndNonh {{7792, 84, 236, 347, 591, 1037, 1573, 2302, 2862, 3148, 3203, 2861, 2303, 1573, 1037, 592, 346, 237, 84, 10, 7782}, 40000}
eu 0.2126665465227825
Dichte 0.45
evidenceSize 3
evidenceSize 5
evidenceSize 7
evidenceSize 9
evidenceSize 10
evidenceSize 3
indexMenge2 {{1}, {2}, {3}, {4}, {5}, {6}, {7}, {8}, {9}, {10}, {11}, {12}, {13}, {14}, {15}, {16}, {17}, {18}, {19}, {20}, {21}}
ratioTruths {{-0.9936, 0.002678093197643278}, {-0.8467, 0.05}, {-0.7493000000000001, 0.08739837398373984}, {-0.6495000000000001, 0.10061919504643962}, {-0.5481, 0.17343173431734318}, {-0.44630000000000003, 0.23929471032745592}, {-0.34650000000000003, 0.2947430596574129}, {-0.2464, 0.35375494071146246}, {-0.1468, 0.46854717923115324}, {-0.0466, 0.5749489876000627}, {0.046400000000000004, 0.4253089316439856}, {0.1468, 0.5313358302122347}, {0.24630000000000002, 0.6462450592885376}, {0.34650000000000003, 0.70543093270366}, {0.44630000000000003, 0.760705289672544}, {0.5481, 0.8265682656826568}, {0.6495000000000001, 0.8993808049535603}, {0.7493000000000001, 0.9126016260162602}, {0.8467, 0.95}, {0.9352, 0.9728260869565217}, {1., 1.}}
indexMenge2 {{1}, {2}, {3}, {4}, {5}, {6}, {7}, {8}, {9}, {10}, {11}, {12}, {13}, {14}, {15}, {16}, {17}, {18}, {19}, {20}, {21}}
h {{5, 19, 43, 65, 141, 285, 499, 895, 1877, 3663, 2719, 2128, 1635, 1195, 906, 672, 581, 449, 361, 179, 1683}, 20000}
nonH {{1862, 361, 449, 581, 672, 906, 1194, 1635, 2129, 2708, 3674, 1877, 895, 499, 285, 141, 65, 43, 19, 5, 0}, 20000}
hUndNonh {{1867, 380, 492, 646, 813, 1191, 1693, 2530, 4006, 6371, 6393, 4005, 2530, 1694, 1191, 813, 646, 492, 380, 184, 1683}, 40000}
eu 0.10584193367824812
evidenceSize 5
indexMenge2 {{1}, {2}, {3}, {4}, {5}, {6}, {7}, {8}, {9}, {10}, {11}, {12}, {13}, {14}, {15}, {16}, {17}, {18}, {19}, {20}, {21}}
ratioTruths {{-0.9974000000000001, 0.0002433682161109759}, {-0.8452000000000001, 0.043209876543209874}, {-0.7494000000000001, 0.08318264014466546}, {-0.6505000000000001, 0.14245014245014245}, {-0.5475, 0.16970998925886144}, {-0.44620000000000004, 0.24675324675324675}, {-0.3467, 0.3248554913294798}, {-0.24650000000000002, 0.4045436428856118}, {-0.1476, 0.4654970760233918}, {-0.048, 0.5675373967403439}, {0.0478, 0.43279271273050435}, {0.1476, 0.5343667739105001}, {0.24650000000000002, 0.5956175298804781}, {0.3467, 0.6749566223250434}, {0.44620000000000004, 0.7534468775344688}, {0.5475, 0.8302900107411385}, {0.6505000000000001, 0.8575498575498576}, {0.7493000000000001, 0.9166666666666666}, {0.8450000000000001, 0.9569230769230769}, {0.9303, 0.9935483870967742}, {1., 1.}}
indexMenge2 {{1}, {2}, {3}, {4}, {5}, {6}, {7}, {8}, {9}, {10}, {11}, {12}, {13}, {14}, {15}, {16}, {17}, {18}, {19}, {20}, {21}}
h {{1, 14, 46, 100, 158, 304, 562, 1015, 1592, 2542, 1948, 1827, 1495, 1167, 929, 773, 602, 506, 311, 154, 3954}, 20000}
nonH {{4108, 310, 507, 602, 773, 928, 1168, 1494, 1828, 1937, 2553, 1592, 1015, 562, 304, 158, 100, 46, 14, 1, 0}, 20000}
hUndNonh {{4109, 324, 553, 702, 931, 1232, 1730, 2509, 3420, 4479, 4501, 3419, 2510, 1729, 1233, 931, 702, 552, 325, 155, 3954}, 40000}
eu 0.15606904216257653
evidenceSize 7
indexMenge2 {{1}, {2}, {3}, {4}, {5}, {6}, {7}, {8}, {9}, {10}, {11}, {12}, {13}, {14}, {15}, {16}, {17}, {18}, {19}, {20}, {21}}
ratioTruths {{-0.9993000000000001, 0.00015688735487919673}, {-0.8418, 0.08085106382978724}, {-0.7452000000000001, 0.10298102981029811}, {-0.6479, 0.13874788494077833}, {-0.5472, 0.21691176470588236}, {-0.4466, 0.2696035242290749}, {-0.34690000000000004, 0.3641239570917759}, {-0.24700000000000003, 0.4198895027624309}, {-0.1487, 0.487136086662153}, {-0.0495, 0.5662166044240161}, {0.049100000000000005, 0.43415051311288483}, {0.1487, 0.512863913337847}, {0.24700000000000003, 0.5802888700084962}, {0.3468, 0.636038186157518}, {0.4465, 0.7299912049252418}, {0.5472, 0.7830882352941176}, {0.6479, 0.8612521150592216}, {0.7452000000000001, 0.8970189701897019}, {0.8418, 0.9191489361702128}, {0.9267000000000001, 0.9836065573770492}, {1., 1.}}
indexMenge2 {{1}, {2}, {3}, {4}, {5}, {6}, {7}, {8}, {9}, {10}, {11}, {12}, {13}, {14}, {15}, {16}, {17}, {18}, {19}, {20}, {21}}
h {{1, 19, 38, 82, 177, 306, 611, 988, 1439, 1971, 1523, 1515, 1366, 1066, 830, 639, 509, 331, 216, 60, 6313}, 20000}
nonH {{6373, 216, 331, 509, 639, 829, 1067, 1365, 1515, 1510, 1985, 1439, 988, 610, 307, 177, 82, 38, 19, 1, 0}, 20000}
hUndNonh {{6374, 235, 369, 591, 816, 1135, 1678, 2353, 2954, 3481, 3508, 2954, 2354, 1676, 1137, 816, 591, 369, 235, 61, 6313}, 40000}
eu 0.19565359654757614
evidenceSize 9
indexMenge2 {{1}, {2}, {3}, {4}, {5}, {6}, {7}, {8}, {9}, {10}, {11}, {12}, {13}, {14}, {15}, {16}, {17}, {18}, {19}, {20}, {21}}
ratioTruths {{-0.9999, 0.00012294074256208508}, {-0.8395, 0.03389830508474576}, {-0.7455, 0.13358778625954199}, {-0.6469, 0.13215859030837004}, {-0.5447000000000001, 0.21911764705882353}, {-0.4454, 0.3113948919449902}, {-0.3461, 0.3742494996664443}, {-0.24810000000000001, 0.4258484425848443}, {-0.149, 0.500554528650647}, {-0.0489, 0.5729693292888439}, {0.0485, 0.428045515394913}, {0.14880000000000002, 0.4988897113249445}, {0.2479, 0.573945294390357}, {0.3461, 0.6257505003335557}, {0.4454, 0.6886051080550099}, {0.5447000000000001, 0.7808823529411765}, {0.6469, 0.8678414096916299}, {0.7455, 0.8664122137404581}, {0.8395, 0.9661016949152542}, {0.9155000000000001, 0.9090909090909091}, {1., 1.}}
indexMenge2 {{1}, {2}, {3}, {4}, {5}, {6}, {7}, {8}, {9}, {10}, {11}, {12}, {13}, {14}, {15}, {16}, {17}, {18}, {19}, {20}, {21}}
h {{1, 4, 35, 60, 149, 317, 561, 916, 1354, 1700, 1279, 1348, 1238, 938, 701, 531, 394, 227, 114, 10, 8123}, 20000}
nonH {{8133, 114, 227, 394, 531, 701, 938, 1235, 1351, 1267, 1709, 1354, 919, 561, 317, 149, 60, 35, 4, 1, 0}, 20000}
hUndNonh {{8134, 118, 262, 454, 680, 1018, 1499, 2151, 2705, 2967, 2988, 2702, 2157, 1499, 1018, 680, 454, 262, 118, 11, 8123}, 40000}
eu 0.22957977188965073
evidenceSize 10
indexMenge2 {{1}, {2}, {3}, {4}, {5}, {6}, {7}, {8}, {9}, {10}, {11}, {12}, {13}, {14}, {15}, {16}, {17}, {18}, {19}, {21}}
ratioTruths {{-1., 0.}, {-0.8371000000000001, 0.06779661016949153}, {-0.7446, 0.10101010101010101}, {-0.6483, 0.18694362017804153}, {-0.5481, 0.2140468227424749}, {-0.44630000000000003, 0.30929989550679204}, {-0.3471, 0.38602220770738077}, {-0.24750000000000003, 0.456391324411629}, {-0.14980000000000002, 0.5072874493927125}, {-0.0504, 0.5386363636363637}, {0.0499, 0.4616252821670429}, {0.1496, 0.4931229773462783}, {0.2474, 0.5428966789667896}, {0.34700000000000003, 0.6146309601567603}, {0.44620000000000004, 0.690700104493208}, {0.548, 0.7846410684474123}, {0.6483, 0.8130563798219584}, {0.7446, 0.898989898989899}, {0.8371000000000001, 0.9322033898305084}, {1., 1.}}
indexMenge2 {{1}, {2}, {3}, {4}, {5}, {6}, {7}, {8}, {9}, {10}, {11}, {12}, {13}, {14}, {15}, {16}, {17}, {18}, {19}, {21}}
h {{0, 4, 20, 63, 128, 296, 591, 989, 1253, 1422, 1227, 1219, 1177, 941, 661, 470, 274, 178, 55, 3, 9029}, 20000}
nonH {{9032, 55, 178, 274, 470, 661, 940, 1178, 1217, 1218, 1431, 1253, 991, 590, 296, 129, 63, 20, 4, 0, 0}, 20000}
hUndNonh {{9032, 59, 198, 337, 598, 957, 1531, 2167, 2470, 2640, 2658, 2472, 2168, 1531, 957, 599, 337, 198, 59, 3, 9029}, 40000}
eu 0.24448214948595867
