/home/kit/itz/qb3892/DebSim_HC3/
/home/kit/itz/qb3892/Genese_09_2017/Merged/
{Data_Acc_0.8.txt}
/home/kit/itz/qb3892/Genese_09_2017/Ana1/14_09_2017/
c
f
Mit
Package path /pfs/data1/home/kit/itz/qb3892/DebSim_HC3/DebateDynamics/Kernel/init.m
Loading additional packages...

General::obspkg: PlotLegends` is now obsolete. The legacy version being loaded may conflict with current functionality. See the Compatibility Guide for updating information.

Set::write: Tag ListLinePlot in SyntaxInformation[ListLinePlot] is Protected.

General::obspkg: PlotLegends` is now obsolete. The legacy version being loaded may conflict with current functionality. See the Compatibility Guide for updating information.
Einzulesende Datei /home/kit/itz/qb3892/Genese_09_2017/Merged/Data_Acc_0.8.txt
Anzahl Dichten 6
Anzahl Evidenzgrößen 6
Dichte 0.15
evidenceSize 3
evidenceSize 5
evidenceSize 7
evidenceSize 9
evidenceSize 10
evidenceSize 3
indexMenge2 {{1}, {3}, {4}, {5}, {6}, {7}, {8}, {9}, {10}, {11}, {12}, {13}, {14}, {15}, {16}, {17}, {18}, {21}}
ratioTruths {{-1., 0.25139664804469275}, {-0.7402000000000001, 0.32}, {-0.6415000000000001, 0.3382352941176471}, {-0.5471, 0.2236024844720497}, {-0.443, 0.31758530183727035}, {-0.34550000000000003, 0.370138017565872}, {-0.2427, 0.41756693283231566}, {-0.1464, 0.4649750596399913}, {-0.0378, 0.48674130819092515}, {0.029300000000000003, 0.5103006256676331}, {0.1463, 0.5350858135998262}, {0.2426, 0.5821244735610669}, {0.34550000000000003, 0.6298619824341279}, {0.443, 0.6824146981627297}, {0.5471, 0.7763975155279503}, {0.6415000000000001, 0.6617647058823529}, {0.7402000000000001, 0.68}, {1., 0.7486033519553073}}
indexMenge2 {{1}, {3}, {4}, {5}, {6}, {7}, {8}, {9}, {10}, {11}, {12}, {13}, {14}, {15}, {16}, {17}, {18}, {21}}
h {{45, 1, 8, 23, 36, 121, 295, 889, 2144, 4956, 6688, 2463, 1244, 502, 260, 125, 45, 17, 4, 0, 134}, 20000}
nonH {{134, 4, 17, 45, 125, 260, 502, 1240, 2467, 5226, 6418, 2140, 893, 295, 121, 36, 23, 8, 1, 0, 45}, 20000}
hUndNonh {{179, 5, 25, 68, 161, 381, 797, 2129, 4611, 10182, 13106, 4603, 2137, 797, 381, 161, 68, 25, 5, 0, 179}, 40000}
eu 0.007376210858283518
evidenceSize 5
indexMenge2 {{1}, {2}, {3}, {4}, {5}, {6}, {7}, {8}, {9}, {10}, {11}, {12}, {13}, {14}, {15}, {16}, {17}, {18}, {19}, {21}}
ratioTruths {{-0.9998, 0.24262295081967214}, {-0.8397, 0.09090909090909091}, {-0.7375, 0.1590909090909091}, {-0.6443, 0.37373737373737376}, {-0.5414, 0.33447098976109213}, {-0.4436, 0.36421725239616615}, {-0.3428, 0.406437125748503}, {-0.2432, 0.4399854067858446}, {-0.1461, 0.47049536214722715}, {-0.0441, 0.48742219917012447}, {0.032100000000000004, 0.509140595552205}, {0.1461, 0.5295279478570017}, {0.2432, 0.5599271402550091}, {0.3428, 0.593562874251497}, {0.4436, 0.6357827476038339}, {0.5414, 0.6655290102389079}, {0.6443, 0.6262626262626263}, {0.7375, 0.8409090909090909}, {0.8397, 0.9090909090909091}, {1., 0.7582236842105263}}
indexMenge2 {{1}, {2}, {3}, {4}, {5}, {6}, {7}, {8}, {9}, {10}, {11}, {12}, {13}, {14}, {15}, {16}, {17}, {18}, {19}, {21}}
h {{148, 2, 7, 37, 98, 228, 543, 1206, 2384, 3759, 5403, 2681, 1537, 793, 398, 195, 62, 37, 20, 1, 461}, 20000}
nonH {{462, 20, 37, 62, 195, 398, 793, 1535, 2683, 3953, 5209, 2382, 1208, 543, 228, 98, 37, 7, 2, 1, 147}, 20000}
hUndNonh {{610, 22, 44, 99, 293, 626, 1336, 2741, 5067, 7712, 10612, 5063, 2745, 1336, 626, 293, 99, 44, 22, 2, 608}, 40000}
eu 0.00974446803534448
evidenceSize 7
indexMenge2 {{1}, {2}, {3}, {4}, {5}, {6}, {7}, {8}, {9}, {10}, {11}, {12}, {13}, {14}, {15}, {16}, {17}, {18}, {19}, {21}}
ratioTruths {{-1., 0.22811059907834103}, {-0.8314, 0.15384615384615385}, {-0.7445, 0.125}, {-0.6456000000000001, 0.18128654970760233}, {-0.5418000000000001, 0.35526315789473684}, {-0.44170000000000004, 0.38373570520965694}, {-0.34450000000000003, 0.4303466317854807}, {-0.2447, 0.443261231281198}, {-0.1468, 0.49207292905271505}, {-0.0465, 0.47966182804275004}, {0.031900000000000005, 0.5139298590626025}, {0.1467, 0.5075456711675933}, {0.2446, 0.5572139303482587}, {0.34450000000000003, 0.5696533682145193}, {0.44170000000000004, 0.6162642947903431}, {0.5418000000000001, 0.6447368421052632}, {0.6456000000000001, 0.8187134502923976}, {0.7445, 0.875}, {0.8314, 0.8461538461538461}, {1., 0.771889400921659}}
indexMenge2 {{1}, {2}, {3}, {4}, {5}, {6}, {7}, {8}, {9}, {10}, {11}, {12}, {13}, {14}, {15}, {16}, {17}, {18}, {19}, {21}}
h {{297, 2, 7, 31, 135, 302, 658, 1332, 2483, 3007, 4704, 2556, 1680, 871, 485, 245, 140, 49, 11, 0, 1005}, 20000}
nonH {{1005, 11, 49, 140, 245, 485, 871, 1673, 2563, 3262, 4449, 2480, 1335, 658, 302, 135, 31, 7, 2, 0, 297}, 20000}
hUndNonh {{1302, 13, 56, 171, 380, 787, 1529, 3005, 5046, 6269, 9153, 5036, 3015, 1529, 787, 380, 171, 56, 13, 0, 1302}, 40000}
eu 0.016132639395330817
evidenceSize 9
indexMenge2 {{1}, {3}, {4}, {5}, {6}, {7}, {8}, {9}, {10}, {11}, {12}, {13}, {14}, {15}, {16}, {17}, {18}, {21}}
ratioTruths {{-0.9999, 0.22776280323450135}, {-0.7416, 0.29310344827586204}, {-0.6425000000000001, 0.35542168674698793}, {-0.5449, 0.36147757255936674}, {-0.445, 0.4242053789731051}, {-0.3443, 0.436099333737129}, {-0.2449, 0.4641755227973946}, {-0.14780000000000001, 0.4729263841005881}, {-0.0494, 0.49491400036989086}, {0.0322, 0.5033192516596259}, {0.1477, 0.5269035532994923}, {0.24480000000000002, 0.5359342915811088}, {0.3443, 0.5641646489104116}, {0.44480000000000003, 0.5759803921568627}, {0.5447000000000001, 0.6377952755905512}, {0.6425000000000001, 0.6445783132530121}, {0.7416, 0.7068965517241379}, {1., 0.7724820143884892}}
indexMenge2 {{1}, {3}, {4}, {5}, {6}, {7}, {8}, {9}, {10}, {11}, {12}, {13}, {14}, {15}, {16}, {17}, {18}, {21}}
h {{507, 2, 17, 59, 137, 347, 720, 1354, 2332, 2676, 4170, 2595, 1566, 932, 470, 243, 107, 41, 6, 1, 1718}, 20000}
nonH {{1719, 6, 41, 107, 242, 471, 931, 1563, 2599, 2731, 4115, 2330, 1356, 720, 346, 138, 59, 17, 2, 1, 506}, 20000}
hUndNonh {{2226, 8, 58, 166, 379, 818, 1651, 2917, 4931, 5407, 8285, 4925, 2922, 1652, 816, 381, 166, 58, 8, 2, 2224}, 40000}
eu 0.01971958864837589
evidenceSize 10
indexMenge2 {{1}, {2}, {3}, {4}, {5}, {6}, {7}, {8}, {9}, {10}, {11}, {12}, {13}, {14}, {15}, {16}, {17}, {18}, {19}, {21}}
ratioTruths {{-1., 0.22490566037735849}, {-0.8230000000000001, 0.09090909090909091}, {-0.7447, 0.29411764705882354}, {-0.6383, 0.288135593220339}, {-0.5408000000000001, 0.39577836411609496}, {-0.4441, 0.41829268292682925}, {-0.34500000000000003, 0.43974132863021753}, {-0.2451, 0.44954128440366975}, {-0.1474, 0.4918099918099918}, {-0.050800000000000005, 0.5012121212121212}, {0.032100000000000004, 0.49923254029163466}, {0.14730000000000001, 0.5078974358974359}, {0.24500000000000002, 0.5508130081300813}, {0.34500000000000003, 0.5602586713697825}, {0.4441, 0.5817073170731707}, {0.5408000000000001, 0.604221635883905}, {0.6383, 0.711864406779661}, {0.7447, 0.7058823529411765}, {0.8230000000000001, 0.9090909090909091}, {1., 0.7750094375235939}}
indexMenge2 {{1}, {2}, {3}, {4}, {5}, {6}, {7}, {8}, {9}, {10}, {11}, {12}, {13}, {14}, {15}, {16}, {17}, {18}, {19}, {21}}
h {{596, 1, 15, 51, 150, 343, 748, 1323, 2402, 2481, 3903, 2476, 1626, 953, 477, 229, 126, 36, 10, 1, 2053}, 20000}
nonH {{2054, 10, 36, 126, 229, 477, 953, 1620, 2482, 2469, 3915, 2399, 1326, 748, 343, 150, 51, 15, 1, 0, 596}, 20000}
hUndNonh {{2650, 11, 51, 177, 379, 820, 1701, 2943, 4884, 4950, 7818, 4875, 2952, 1701, 820, 379, 177, 51, 11, 1, 2649}, 40000}
eu 0.02360386219285409
Dichte 0.2
evidenceSize 3
evidenceSize 5
evidenceSize 7
evidenceSize 9
evidenceSize 10
evidenceSize 3
indexMenge2 {{1}, {2}, {3}, {4}, {5}, {6}, {7}, {8}, {9}, {10}, {11}, {12}, {13}, {14}, {15}, {16}, {17}, {18}, {19}, {21}}
ratioTruths {{-0.9992000000000001, 0.20608108108108109}, {-0.8281000000000001, 0.15384615384615385}, {-0.7389, 0.203125}, {-0.6448, 0.30597014925373134}, {-0.5453, 0.2912280701754386}, {-0.4444, 0.33448275862068966}, {-0.34290000000000004, 0.4065573770491803}, {-0.24350000000000002, 0.4381067961165049}, {-0.1453, 0.4706974824597606}, {-0.0432, 0.49815342407935}, {0.0383, 0.5016390371827293}, {0.1453, 0.5293025175402394}, {0.24350000000000002, 0.5618932038834952}, {0.34290000000000004, 0.5934426229508196}, {0.4444, 0.6655172413793103}, {0.5453, 0.7087719298245614}, {0.6448, 0.6940298507462687}, {0.7389, 0.796875}, {0.8281000000000001, 0.8461538461538461}, {1., 0.7945205479452054}}
indexMenge2 {{1}, {2}, {3}, {4}, {5}, {6}, {7}, {8}, {9}, {10}, {11}, {12}, {13}, {14}, {15}, {16}, {17}, {18}, {19}, {21}}
h {{61, 4, 13, 41, 83, 194, 496, 1083, 2281, 4721, 5356, 2565, 1389, 724, 386, 202, 93, 51, 22, 3, 232}, 20000}
nonH {{235, 22, 51, 93, 202, 386, 724, 1389, 2565, 4756, 5321, 2281, 1083, 496, 194, 83, 41, 13, 4, 1, 60}, 20000}
hUndNonh {{296, 26, 64, 134, 285, 580, 1220, 2472, 4846, 9477, 10677, 4846, 2472, 1220, 580, 285, 134, 64, 26, 4, 292}, 40000}
eu 0.009187580308231635
evidenceSize 5
indexMenge2 {{1}, {2}, {3}, {4}, {5}, {6}, {7}, {8}, {9}, {10}, {11}, {12}, {13}, {14}, {15}, {16}, {17}, {18}, {19}, {21}}
ratioTruths {{-0.9996, 0.16831683168316833}, {-0.8360000000000001, 0.20833333333333334}, {-0.7456, 0.20535714285714285}, {-0.6447, 0.2543103448275862}, {-0.5448000000000001, 0.34573304157549234}, {-0.4451, 0.37102085620197583}, {-0.34500000000000003, 0.413854351687389}, {-0.24500000000000002, 0.4444825222755312}, {-0.1466, 0.4617377441211638}, {-0.046700000000000005, 0.4807150900900901}, {0.039900000000000005, 0.5164901299951854}, {0.1466, 0.5382622558788361}, {0.24500000000000002, 0.5555174777244688}, {0.34500000000000003, 0.5861456483126111}, {0.4451, 0.6289791437980241}, {0.5448000000000001, 0.6542669584245077}, {0.6447, 0.7456896551724138}, {0.7456, 0.7946428571428571}, {0.8360000000000001, 0.7916666666666666}, {1., 0.8307522123893806}}
indexMenge2 {{1}, {2}, {3}, {4}, {5}, {6}, {7}, {8}, {9}, {10}, {11}, {12}, {13}, {14}, {15}, {16}, {17}, {18}, {19}, {21}}
h {{153, 10, 23, 59, 158, 338, 699, 1297, 2317, 3415, 4291, 2701, 1621, 990, 573, 299, 173, 89, 38, 5, 751}, 20000}
nonH {{756, 38, 89, 173, 299, 573, 990, 1621, 2701, 3689, 4017, 2317, 1297, 699, 338, 158, 59, 23, 10, 0, 153}, 20000}
hUndNonh {{909, 48, 112, 232, 457, 911, 1689, 2918, 5018, 7104, 8308, 5018, 2918, 1689, 911, 457, 232, 112, 48, 5, 904}, 40000}
eu 0.018461538788813
evidenceSize 7
indexMenge2 {{1}, {2}, {3}, {4}, {5}, {6}, {7}, {8}, {9}, {10}, {11}, {12}, {13}, {14}, {15}, {16}, {17}, {18}, {19}, {21}}
ratioTruths {{-0.9997, 0.20786815523657629}, {-0.8308000000000001, 0.1951219512195122}, {-0.7496, 0.26851851851851855}, {-0.6446000000000001, 0.2653061224489796}, {-0.5447000000000001, 0.32525951557093424}, {-0.446, 0.3813084112149533}, {-0.3446, 0.43319194061505834}, {-0.24650000000000002, 0.4411100354953211}, {-0.14800000000000002, 0.47772491349480967}, {-0.0489, 0.4937274445781062}, {0.040600000000000004, 0.5052001709645249}, {0.14800000000000002, 0.5222750865051903}, {0.24650000000000002, 0.5590703679793415}, {0.3446, 0.566507684154743}, {0.446, 0.6186915887850467}, {0.5447000000000001, 0.6747404844290658}, {0.6446000000000001, 0.7346938775510204}, {0.7496, 0.7314814814814815}, {0.8308000000000001, 0.8048780487804879}, {1., 0.791777896422851}}
indexMenge2 {{1}, {2}, {3}, {4}, {5}, {6}, {7}, {8}, {9}, {10}, {11}, {12}, {13}, {14}, {15}, {16}, {17}, {18}, {19}, {21}}
h {{391, 8, 29, 78, 188, 408, 817, 1367, 2209, 2873, 3546, 2415, 1732, 1069, 662, 390, 216, 79, 33, 7, 1483}, 20000}
nonH {{1490, 33, 79, 216, 390, 662, 1069, 1732, 2415, 2946, 3473, 2209, 1366, 818, 408, 188, 78, 29, 8, 1, 390}, 20000}
hUndNonh {{1881, 41, 108, 294, 578, 1070, 1886, 3099, 4624, 5819, 7019, 4624, 3098, 1887, 1070, 578, 294, 108, 41, 8, 1873}, 40000}
eu 0.02401706694668547
evidenceSize 9
indexMenge2 {{1}, {2}, {3}, {4}, {5}, {6}, {7}, {8}, {9}, {10}, {11}, {12}, {13}, {14}, {15}, {16}, {17}, {18}, {19}, {21}}
ratioTruths {{-0.9998, 0.20452209660842754}, {-0.8399000000000001, 0.37142857142857144}, {-0.7397, 0.3310344827586207}, {-0.6457, 0.33762057877813506}, {-0.5433, 0.4032520325203252}, {-0.4454, 0.35588507877664505}, {-0.3451, 0.46113719353155974}, {-0.24630000000000002, 0.4559118236472946}, {-0.1479, 0.4862508383635144}, {-0.050800000000000005, 0.49022801302931596}, {0.0408, 0.5078534031413613}, {0.1479, 0.5137491616364855}, {0.24630000000000002, 0.5440881763527055}, {0.34500000000000003, 0.5386221294363257}, {0.4454, 0.6444444444444445}, {0.5433, 0.5967479674796748}, {0.6457, 0.662379421221865}, {0.7397, 0.6689655172413793}, {0.8399000000000001, 0.6285714285714286}, {1., 0.7949158364823085}}
indexMenge2 {{1}, {2}, {3}, {4}, {5}, {6}, {7}, {8}, {9}, {10}, {11}, {12}, {13}, {14}, {15}, {16}, {17}, {18}, {19}, {21}}
h {{597, 13, 48, 105, 248, 384, 884, 1365, 2175, 2408, 3104, 2298, 1629, 1032, 696, 367, 206, 97, 22, 8, 2314}, 20000}
nonH {{2322, 22, 97, 206, 367, 695, 1033, 1629, 2298, 2504, 3008, 2175, 1365, 884, 384, 248, 105, 48, 13, 0, 597}, 20000}
hUndNonh {{2919, 35, 145, 311, 615, 1079, 1917, 2994, 4473, 4912, 6112, 4473, 2994, 1916, 1080, 615, 311, 145, 35, 8, 2911}, 40000}
eu 0.030512884228914263
evidenceSize 10
indexMenge2 {{1}, {2}, {3}, {4}, {5}, {6}, {7}, {8}, {9}, {10}, {11}, {12}, {13}, {14}, {15}, {16}, {17}, {18}, {19}, {21}}
ratioTruths {{-0.9999, 0.22225289895085587}, {-0.8367, 0.14285714285714285}, {-0.743, 0.32456140350877194}, {-0.6421, 0.3420074349442379}, {-0.547, 0.34991423670668953}, {-0.4441, 0.4492497793468667}, {-0.3452, 0.4355602314571278}, {-0.24580000000000002, 0.4648666232921275}, {-0.14780000000000001, 0.4894357444693015}, {-0.0497, 0.49496032597040535}, {0.0395, 0.5040122929827556}, {0.1477, 0.5106911984087519}, {0.24580000000000002, 0.5349593495934959}, {0.3452, 0.5644397685428721}, {0.4441, 0.5507502206531333}, {0.547, 0.6500857632933105}, {0.6421, 0.6579925650557621}, {0.743, 0.6754385964912281}, {0.8367, 0.8571428571428571}, {1., 0.7779928117224219}}
indexMenge2 {{1}, {2}, {3}, {4}, {5}, {6}, {7}, {8}, {9}, {10}, {11}, {12}, {13}, {14}, {15}, {16}, {17}, {18}, {19}, {21}}
h {{805, 3, 37, 92, 204, 509, 828, 1429, 1969, 2308, 2952, 2054, 1645, 1073, 624, 379, 177, 77, 18, 3, 2814}, 20000}
nonH {{2817, 18, 77, 177, 379, 624, 1073, 1645, 2054, 2355, 2905, 1968, 1430, 828, 509, 204, 92, 37, 3, 2, 803}, 20000}
hUndNonh {{3622, 21, 114, 269, 583, 1133, 1901, 3074, 4023, 4663, 5857, 4022, 3075, 1901, 1133, 583, 269, 114, 21, 5, 3617}, 40000}
eu 0.03206511981077408
Dichte 0.25
evidenceSize 3
evidenceSize 5
evidenceSize 7
evidenceSize 9
evidenceSize 10
evidenceSize 3
indexMenge2 {{1}, {2}, {3}, {4}, {5}, {6}, {7}, {8}, {9}, {10}, {11}, {12}, {13}, {14}, {15}, {16}, {17}, {18}, {19}, {20}, {21}}
ratioTruths {{-0.9968, 0.17577197149643706}, {-0.8422000000000001, 0.21621621621621623}, {-0.7427, 0.16417910447761194}, {-0.6413, 0.25365853658536586}, {-0.5446, 0.2669902912621359}, {-0.44730000000000003, 0.3209549071618037}, {-0.3448, 0.386986301369863}, {-0.2439, 0.44576212068364146}, {-0.1454, 0.4530535936850852}, {-0.0455, 0.4852119236143456}, {0.042800000000000005, 0.5138569394238142}, {0.1454, 0.5470404984423676}, {0.2439, 0.5542378793163586}, {0.3448, 0.613013698630137}, {0.44730000000000003, 0.6790450928381963}, {0.5446, 0.7330097087378641}, {0.6413, 0.7463414634146341}, {0.7427, 0.835820895522388}, {0.8422000000000001, 0.7837837837837838}, {0.9381, 0.8636363636363636}, {1., 0.8220551378446115}}
indexMenge2 {{1}, {2}, {3}, {4}, {5}, {6}, {7}, {8}, {9}, {10}, {11}, {12}, {13}, {14}, {15}, {16}, {17}, {18}, {19}, {20}, {21}}
h {{74, 16, 22, 52, 110, 242, 565, 1278, 2181, 4167, 4691, 2634, 1589, 895, 512, 302, 153, 112, 58, 19, 328}, 20000}
nonH {{347, 58, 112, 153, 302, 512, 895, 1589, 2633, 4421, 4438, 2181, 1278, 565, 242, 110, 52, 22, 16, 3, 71}, 20000}
hUndNonh {{421, 74, 134, 205, 412, 754, 1460, 2867, 4814, 8588, 9129, 4815, 2867, 1460, 754, 412, 205, 134, 74, 22, 399}, 40000}
eu 0.016385583937772247
evidenceSize 5
indexMenge2 {{1}, {2}, {3}, {4}, {5}, {6}, {7}, {8}, {9}, {10}, {11}, {12}, {13}, {14}, {15}, {16}, {17}, {18}, {19}, {20}, {21}}
ratioTruths {{-0.9977, 0.2058359621451104}, {-0.8450000000000001, 0.17391304347826086}, {-0.7422000000000001, 0.2383177570093458}, {-0.6427, 0.2440318302387268}, {-0.5446, 0.32890855457227136}, {-0.44570000000000004, 0.35763293310463123}, {-0.3458, 0.40965732087227413}, {-0.2464, 0.45366169799092676}, {-0.1476, 0.4700402286682194}, {-0.048400000000000006, 0.4845942894015164}, {0.044500000000000005, 0.5141670375315235}, {0.1476, 0.5300720033883948}, {0.2464, 0.5461613216715258}, {0.3458, 0.5903426791277259}, {0.44570000000000004, 0.6423670668953688}, {0.5446, 0.6710914454277286}, {0.6427, 0.7559681697612732}, {0.7422000000000001, 0.7616822429906542}, {0.8450000000000001, 0.8260869565217391}, {0.928, 0.85}, {1., 0.7923452768729642}}
indexMenge2 {{1}, {2}, {3}, {4}, {5}, {6}, {7}, {8}, {9}, {10}, {11}, {12}, {13}, {14}, {15}, {16}, {17}, {18}, {19}, {20}, {21}}
h {{261, 16, 51, 92, 223, 417, 789, 1400, 2220, 3004, 3466, 2503, 1686, 1137, 749, 455, 285, 163, 76, 34, 973}, 20000}
nonH {{1007, 76, 163, 285, 455, 749, 1137, 1686, 2503, 3195, 3275, 2219, 1401, 789, 417, 223, 92, 51, 16, 6, 255}, 20000}
hUndNonh {{1268, 92, 214, 377, 678, 1166, 1926, 3086, 4723, 6199, 6741, 4722, 3087, 1926, 1166, 678, 377, 214, 92, 40, 1228}, 40000}
eu 0.023039352743445
evidenceSize 7
indexMenge2 {{1}, {2}, {3}, {4}, {5}, {6}, {7}, {8}, {9}, {10}, {11}, {12}, {13}, {14}, {15}, {16}, {17}, {18}, {19}, {20}, {21}}
ratioTruths {{-0.9993000000000001, 0.18660855784469096}, {-0.8440000000000001, 0.23958333333333334}, {-0.7487, 0.2571428571428571}, {-0.647, 0.2909090909090909}, {-0.5464, 0.36}, {-0.4454, 0.37995337995337997}, {-0.34640000000000004, 0.41674876847290643}, {-0.2464, 0.45224991906765943}, {-0.1474, 0.47994336951392164}, {-0.0489, 0.4828137490007994}, {0.0441, 0.5155010814708003}, {0.1474, 0.5200566304860783}, {0.2464, 0.5477500809323406}, {0.34640000000000004, 0.5832512315270936}, {0.4454, 0.62004662004662}, {0.5463, 0.6395348837209303}, {0.6469, 0.7097505668934241}, {0.7487, 0.7428571428571429}, {0.8440000000000001, 0.7604166666666666}, {0.9194, 0.8571428571428571}, {1., 0.8130243707550939}}
indexMenge2 {{1}, {2}, {3}, {4}, {5}, {6}, {7}, {8}, {9}, {10}, {11}, {12}, {13}, {14}, {15}, {16}, {17}, {18}, {19}, {20}, {21}}
h {{471, 23, 63, 128, 279, 489, 846, 1397, 2034, 2416, 2860, 2204, 1692, 1184, 798, 495, 313, 182, 73, 18, 2035}, 20000}
nonH {{2053, 73, 182, 312, 496, 798, 1184, 1692, 2204, 2588, 2688, 2034, 1397, 846, 489, 279, 128, 63, 23, 3, 468}, 20000}
hUndNonh {{2524, 96, 245, 440, 775, 1287, 2030, 3089, 4238, 5004, 5548, 4238, 3089, 2030, 1287, 774, 441, 245, 96, 21, 2503}, 40000}
eu 0.03460925110049466
evidenceSize 9
indexMenge2 {{1}, {2}, {3}, {4}, {5}, {6}, {7}, {8}, {9}, {10}, {11}, {12}, {13}, {14}, {15}, {16}, {17}, {18}, {19}, {20}, {21}}
ratioTruths {{-0.9997, 0.1961734693877551}, {-0.8405, 0.3108108108108108}, {-0.7401, 0.23}, {-0.6442, 0.32923832923832924}, {-0.5467000000000001, 0.3872611464968153}, {-0.44580000000000003, 0.42282430213464695}, {-0.3466, 0.4476426799007444}, {-0.2469, 0.46296296296296297}, {-0.1474, 0.47254487856388594}, {-0.0494, 0.5028376844494892}, {0.044000000000000004, 0.4975747776879547}, {0.1474, 0.5273159144893111}, {0.2469, 0.5370370370370371}, {0.3466, 0.5523573200992555}, {0.44580000000000003, 0.577175697865353}, {0.5467000000000001, 0.6127388535031847}, {0.6442, 0.6707616707616708}, {0.7401, 0.77}, {0.8405, 0.6891891891891891}, {0.9199, 0.6923076923076923}, {1., 0.8041975940619401}}
indexMenge2 {{1}, {2}, {3}, {4}, {5}, {6}, {7}, {8}, {9}, {10}, {11}, {12}, {13}, {14}, {15}, {16}, {17}, {18}, {19}, {20}, {21}}
h {{769, 23, 46, 134, 304, 515, 902, 1350, 1790, 2215, 2462, 1998, 1566, 1113, 703, 481, 273, 154, 51, 9, 3142}, 20000}
nonH {{3151, 51, 154, 273, 481, 703, 1113, 1566, 1998, 2190, 2486, 1791, 1350, 902, 515, 304, 134, 46, 23, 4, 765}, 20000}
hUndNonh {{3920, 74, 200, 407, 785, 1218, 2015, 2916, 3788, 4405, 4948, 3789, 2916, 2015, 1218, 785, 407, 200, 74, 13, 3907}, 40000}
eu 0.0420664241788897
evidenceSize 10
indexMenge2 {{1}, {2}, {3}, {4}, {5}, {6}, {7}, {8}, {9}, {10}, {11}, {12}, {13}, {14}, {15}, {16}, {17}, {18}, {19}, {21}}
ratioTruths {{-0.9999, 0.20834215540969722}, {-0.8346, 0.26229508196721313}, {-0.7462000000000001, 0.3192771084337349}, {-0.6453, 0.38596491228070173}, {-0.5455, 0.45039164490861616}, {-0.4446, 0.4286833855799373}, {-0.3456, 0.46956521739130436}, {-0.2474, 0.47071352502662406}, {-0.1479, 0.48081201334816465}, {-0.0502, 0.4889168765743073}, {0.0442, 0.5097517730496454}, {0.1479, 0.5191879866518354}, {0.2474, 0.5292864749733759}, {0.3456, 0.5304347826086957}, {0.4446, 0.5714285714285714}, {0.5453, 0.5494791666666666}, {0.6453, 0.6140350877192983}, {0.7462000000000001, 0.6807228915662651}, {0.8346, 0.7377049180327869}, {1., 0.7920288318846724}}
indexMenge2 {{1}, {2}, {3}, {4}, {5}, {6}, {7}, {8}, {9}, {10}, {11}, {12}, {13}, {14}, {15}, {16}, {17}, {18}, {19}, {21}}
h {{984, 16, 53, 154, 345, 547, 918, 1326, 1729, 1941, 2300, 1867, 1491, 1037, 728, 422, 245, 113, 45, 3, 3736}, 20000}
nonH {{3739, 45, 113, 245, 421, 729, 1037, 1491, 1867, 2029, 2212, 1729, 1326, 918, 546, 346, 154, 53, 16, 3, 981}, 20000}
hUndNonh {{4723, 61, 166, 399, 766, 1276, 1955, 2817, 3596, 3970, 4512, 3596, 2817, 1955, 1274, 768, 399, 166, 61, 6, 4717}, 40000}
eu 0.04304581143933013
Dichte 0.3
evidenceSize 3
evidenceSize 5
evidenceSize 7
evidenceSize 9
evidenceSize 10
evidenceSize 3
indexMenge2 {{1}, {2}, {3}, {4}, {5}, {6}, {7}, {8}, {9}, {10}, {11}, {12}, {13}, {14}, {15}, {16}, {17}, {18}, {19}, {20}, {21}}
ratioTruths {{-0.9944000000000001, 0.12998266897746968}, {-0.8472000000000001, 0.14545454545454545}, {-0.7477, 0.19047619047619047}, {-0.6443, 0.23765432098765432}, {-0.5464, 0.2898550724637681}, {-0.44620000000000004, 0.3555776892430279}, {-0.34540000000000004, 0.4134212103055722}, {-0.2461, 0.42473666326877335}, {-0.1461, 0.4671814671814672}, {-0.0468, 0.4958459712514836}, {0.0453, 0.5040183696900115}, {0.1461, 0.5328185328185329}, {0.2461, 0.5752633367312266}, {0.34540000000000004, 0.5865787896944278}, {0.44620000000000004, 0.6444223107569721}, {0.5464, 0.7101449275362319}, {0.6443, 0.7623456790123457}, {0.7477, 0.8095238095238095}, {0.8472000000000001, 0.8545454545454545}, {0.9423, 0.8571428571428571}, {1., 0.8714011516314779}}
indexMenge2 {{1}, {2}, {3}, {4}, {5}, {6}, {7}, {8}, {9}, {10}, {11}, {12}, {13}, {14}, {15}, {16}, {17}, {18}, {19}, {20}, {21}}
h {{75, 16, 36, 77, 160, 357, 690, 1250, 2299, 3760, 3951, 2622, 1693, 979, 647, 392, 247, 153, 94, 48, 454}, 20000}
nonH {{502, 94, 153, 247, 392, 647, 979, 1693, 2622, 3823, 3888, 2299, 1250, 690, 357, 160, 77, 36, 16, 8, 67}, 20000}
hUndNonh {{577, 110, 189, 324, 552, 1004, 1669, 2943, 4921, 7583, 7839, 4921, 2943, 1669, 1004, 552, 324, 189, 110, 56, 521}, 40000}
eu 0.021316605755526935
evidenceSize 5
indexMenge2 {{1}, {2}, {3}, {4}, {5}, {6}, {7}, {8}, {9}, {10}, {11}, {12}, {13}, {14}, {15}, {16}, {17}, {18}, {19}, {20}, {21}}
ratioTruths {{-0.9983000000000001, 0.16647531572904709}, {-0.8432000000000001, 0.18452380952380953}, {-0.7462000000000001, 0.20489296636085627}, {-0.6445000000000001, 0.28346456692913385}, {-0.5466, 0.32290362953692114}, {-0.44570000000000004, 0.36046511627906974}, {-0.3467, 0.40040650406504064}, {-0.2469, 0.44909032875837857}, {-0.1474, 0.47910343217371004}, {-0.0482, 0.4941620262259745}, {0.0461, 0.5055793991416309}, {0.1474, 0.52089656782629}, {0.2469, 0.5509096712416215}, {0.3467, 0.5995934959349594}, {0.44570000000000004, 0.6395348837209303}, {0.5466, 0.6770963704630788}, {0.6445000000000001, 0.7165354330708661}, {0.7462000000000001, 0.7951070336391437}, {0.8432000000000001, 0.8154761904761905}, {0.9334, 0.8666666666666667}, {1., 0.8326458456098998}}
indexMenge2 {{1}, {2}, {3}, {4}, {5}, {6}, {7}, {8}, {9}, {10}, {11}, {12}, {13}, {14}, {15}, {16}, {17}, {18}, {19}, {20}, {21}}
h {{290, 31, 67, 144, 258, 496, 788, 1407, 2052, 2751, 2945, 2231, 1726, 1180, 880, 541, 364, 260, 137, 39, 1413}, 20000}
nonH {{1452, 137, 260, 364, 541, 880, 1180, 1726, 2231, 2816, 2880, 2052, 1407, 788, 496, 258, 144, 67, 31, 6, 284}, 20000}
hUndNonh {{1742, 168, 327, 508, 799, 1376, 1968, 3133, 4283, 5567, 5825, 4283, 3133, 1968, 1376, 799, 508, 327, 168, 45, 1697}, 40000}
eu 0.03443662021748841
evidenceSize 7
indexMenge2 {{1}, {2}, {3}, {4}, {5}, {6}, {7}, {8}, {9}, {10}, {11}, {12}, {13}, {14}, {15}, {16}, {17}, {18}, {19}, {20}, {21}}
ratioTruths {{-0.9994000000000001, 0.1689209498046288}, {-0.8438, 0.16279069767441862}, {-0.7447, 0.310126582278481}, {-0.6451, 0.31382978723404253}, {-0.5456, 0.38386041439476554}, {-0.447, 0.3862472567666423}, {-0.3467, 0.4359961501443696}, {-0.24710000000000001, 0.4723160027008778}, {-0.1486, 0.4753483386923901}, {-0.0497, 0.4919990984899707}, {0.047, 0.5075644577029619}, {0.1486, 0.5246516613076099}, {0.24710000000000001, 0.5275244849712935}, {0.3467, 0.5642135642135642}, {0.447, 0.6137527432333577}, {0.5456, 0.6161395856052344}, {0.6451, 0.6861702127659575}, {0.7447, 0.689873417721519}, {0.8438, 0.8372093023255814}, {0.9309000000000001, 0.7741935483870968}, {1., 0.8316140776699029}}
indexMenge2 {{1}, {2}, {3}, {4}, {5}, {6}, {7}, {8}, {9}, {10}, {11}, {12}, {13}, {14}, {15}, {16}, {17}, {18}, {19}, {20}, {21}}
h {{562, 28, 98, 177, 352, 528, 906, 1399, 1774, 2183, 2382, 1958, 1562, 1173, 839, 565, 387, 218, 144, 24, 2741}, 20000}
nonH {{2765, 144, 218, 387, 565, 839, 1172, 1563, 1958, 2254, 2311, 1774, 1399, 906, 528, 352, 177, 98, 28, 7, 555}, 20000}
hUndNonh {{3327, 172, 316, 564, 917, 1367, 2078, 2962, 3732, 4437, 4693, 3732, 2961, 2079, 1367, 917, 564, 316, 172, 31, 3296}, 40000}
eu 0.04586334533455226
evidenceSize 9
indexMenge2 {{1}, {2}, {3}, {4}, {5}, {6}, {7}, {8}, {9}, {10}, {11}, {12}, {13}, {14}, {15}, {16}, {17}, {18}, {19}, {20}, {21}}
ratioTruths {{-0.9997, 0.1767788752267688}, {-0.8413, 0.19548872180451127}, {-0.743, 0.36153846153846153}, {-0.6462, 0.39711934156378603}, {-0.5455, 0.41149943630214203}, {-0.4469, 0.43988684582743987}, {-0.34790000000000004, 0.45329249617151607}, {-0.248, 0.4756717501815541}, {-0.149, 0.4834735576923077}, {-0.049, 0.49146110056925996}, {0.0458, 0.5079807448695212}, {0.149, 0.5162357185808779}, {0.248, 0.5246734397677794}, {0.34790000000000004, 0.5467075038284839}, {0.44680000000000003, 0.5598018400566172}, {0.5454, 0.588963963963964}, {0.6462, 0.602880658436214}, {0.743, 0.6384615384615384}, {0.8413, 0.8045112781954887}, {0.9241, 0.47368421052631576}, {1., 0.8245649534601376}}
indexMenge2 {{1}, {2}, {3}, {4}, {5}, {6}, {7}, {8}, {9}, {10}, {11}, {12}, {13}, {14}, {15}, {16}, {17}, {18}, {19}, {20}, {21}}
h {{877, 26, 94, 193, 365, 622, 888, 1310, 1609, 1813, 2005, 1717, 1446, 1071, 791, 523, 293, 166, 107, 9, 4075}, 20000}
nonH {{4084, 107, 166, 293, 522, 792, 1071, 1444, 1719, 1876, 1942, 1609, 1310, 888, 622, 365, 193, 94, 26, 10, 867}, 20000}
hUndNonh {{4961, 133, 260, 486, 887, 1414, 1959, 2754, 3328, 3689, 3947, 3326, 2756, 1959, 1413, 888, 486, 260, 133, 19, 4942}, 40000}
eu 0.05610613798633267
evidenceSize 10
indexMenge2 {{1}, {2}, {3}, {4}, {5}, {6}, {7}, {8}, {9}, {10}, {11}, {12}, {13}, {14}, {15}, {16}, {17}, {18}, {19}, {20}, {21}}
ratioTruths {{-0.9998, 0.17659033078880407}, {-0.8376, 0.2826086956521739}, {-0.7427, 0.29961089494163423}, {-0.6468, 0.4045368620037807}, {-0.5458000000000001, 0.425206124852768}, {-0.4469, 0.41875}, {-0.3462, 0.4587601078167116}, {-0.2479, 0.47470355731225294}, {-0.14880000000000002, 0.49244129945320037}, {-0.05, 0.498416354736539}, {0.0465, 0.5014725568942436}, {0.14880000000000002, 0.5075587005467996}, {0.24780000000000002, 0.5257323832145685}, {0.3461, 0.5406132329209252}, {0.4469, 0.58125}, {0.5458000000000001, 0.574793875147232}, {0.6468, 0.5954631379962193}, {0.7427, 0.7003891050583657}, {0.8376, 0.717391304347826}, {0.9308000000000001, 0.5}, {1., 0.8241795612990988}}
indexMenge2 {{1}, {2}, {3}, {4}, {5}, {6}, {7}, {8}, {9}, {10}, {11}, {12}, {13}, {14}, {15}, {16}, {17}, {18}, {19}, {20}, {21}}
h {{1041, 26, 77, 214, 361, 536, 851, 1201, 1531, 1731, 1873, 1578, 1328, 1005, 744, 488, 315, 180, 66, 7, 4847}, 20000}
nonH {{4854, 66, 180, 315, 488, 744, 1004, 1329, 1578, 1742, 1862, 1531, 1198, 854, 536, 361, 214, 77, 26, 7, 1034}, 20000}
hUndNonh {{5895, 92, 257, 529, 849, 1280, 1855, 2530, 3109, 3473, 3735, 3109, 2526, 1859, 1280, 849, 529, 257, 92, 14, 5881}, 40000}
eu 0.06549449965800996
Dichte 0.4
evidenceSize 3
evidenceSize 5
evidenceSize 7
evidenceSize 9
evidenceSize 10
evidenceSize 3
indexMenge2 {{1}, {2}, {3}, {4}, {5}, {6}, {7}, {8}, {9}, {10}, {11}, {12}, {13}, {14}, {15}, {16}, {17}, {18}, {19}, {20}, {21}}
ratioTruths {{-0.994, 0.12509534706331046}, {-0.8491000000000001, 0.13793103448275862}, {-0.749, 0.18873239436619718}, {-0.6447, 0.2659380692167577}, {-0.5465, 0.3172839506172839}, {-0.4454, 0.3508907823392719}, {-0.3467, 0.38597402597402597}, {-0.24680000000000002, 0.44195988161788885}, {-0.14700000000000002, 0.4665921787709497}, {-0.0485, 0.49252979687762294}, {0.048100000000000004, 0.5074080239720327}, {0.14700000000000002, 0.5335270451497541}, {0.24680000000000002, 0.5580401183821111}, {0.3467, 0.6137071651090342}, {0.4454, 0.6491092176607282}, {0.5465, 0.682716049382716}, {0.6447, 0.7340619307832422}, {0.749, 0.8112676056338028}, {0.8491000000000001, 0.8620689655172413}, {0.9405, 0.8045112781954887}, {1., 0.8828522920203735}}
indexMenge2 {{1}, {2}, {3}, {4}, {5}, {6}, {7}, {8}, {9}, {10}, {11}, {12}, {13}, {14}, {15}, {16}, {17}, {18}, {19}, {20}, {21}}
h {{164, 36, 67, 146, 257, 453, 743, 1344, 2088, 2934, 3048, 2387, 1697, 1182, 838, 553, 403, 288, 225, 107, 1040}, 20000}
nonH {{1147, 225, 288, 403, 553, 838, 1182, 1697, 2387, 3023, 2959, 2087, 1344, 744, 453, 257, 146, 67, 36, 26, 138}, 20000}
hUndNonh {{1311, 261, 355, 549, 810, 1291, 1925, 3041, 4475, 5957, 6007, 4474, 3041, 1926, 1291, 810, 549, 355, 261, 133, 1178}, 40000}
eu 0.037961757887032384
evidenceSize 5
indexMenge2 {{1}, {2}, {3}, {4}, {5}, {6}, {7}, {8}, {9}, {10}, {11}, {12}, {13}, {14}, {15}, {16}, {17}, {18}, {19}, {20}, {21}}
ratioTruths {{-0.9979, 0.13778772378516624}, {-0.8473, 0.21428571428571427}, {-0.7489, 0.24701195219123506}, {-0.6471, 0.31233933161953725}, {-0.5469, 0.3389494549058474}, {-0.447, 0.4091223220456116}, {-0.34640000000000004, 0.4219737481769567}, {-0.2477, 0.4477769936485533}, {-0.1477, 0.47058823529411764}, {-0.0489, 0.4864168618266979}, {0.0483, 0.5134197130957889}, {0.1477, 0.5292829775588396}, {0.24760000000000001, 0.5523809523809524}, {0.34640000000000004, 0.5778210116731517}, {0.447, 0.5911602209944752}, {0.5469, 0.6610505450941526}, {0.647, 0.6872586872586872}, {0.7488, 0.7534791252485089}, {0.8473, 0.7857142857142857}, {0.9391, 0.7850467289719626}, {1., 0.8649453823237339}}
indexMenge2 {{1}, {2}, {3}, {4}, {5}, {6}, {7}, {8}, {9}, {10}, {11}, {12}, {13}, {14}, {15}, {16}, {17}, {18}, {19}, {20}, {21}}
h {{431, 63, 124, 243, 342, 592, 868, 1269, 1720, 2077, 2219, 1934, 1566, 1188, 856, 667, 534, 379, 231, 84, 2613}, 20000}
nonH {{2697, 231, 378, 535, 667, 855, 1189, 1565, 1935, 2193, 2103, 1720, 1269, 868, 592, 342, 243, 124, 63, 23, 408}, 20000}
hUndNonh {{3128, 294, 502, 778, 1009, 1447, 2057, 2834, 3655, 4270, 4322, 3654, 2835, 2056, 1448, 1009, 777, 503, 294, 107, 3021}, 40000}
eu 0.05565968683137995
evidenceSize 7
indexMenge2 {{1}, {2}, {3}, {4}, {5}, {6}, {7}, {8}, {9}, {10}, {11}, {12}, {13}, {14}, {15}, {16}, {17}, {18}, {19}, {20}, {21}}
ratioTruths {{-0.999, 0.14799778556929322}, {-0.8450000000000001, 0.24793388429752067}, {-0.7471, 0.33763440860215055}, {-0.6454000000000001, 0.3523238380809595}, {-0.5472, 0.4022878932316492}, {-0.4479, 0.4442887175893483}, {-0.3481, 0.4640625}, {-0.24860000000000002, 0.46339501206757844}, {-0.14850000000000002, 0.4801212938005391}, {-0.0495, 0.4831831831831832}, {0.048600000000000004, 0.5164152617568767}, {0.1484, 0.5197036039070394}, {0.2485, 0.5369774919614148}, {0.34800000000000003, 0.5362167795726941}, {0.4479, 0.5553221288515406}, {0.5472, 0.5977121067683508}, {0.6454000000000001, 0.6476761619190404}, {0.7471, 0.6623655913978495}, {0.8450000000000001, 0.7520661157024794}, {0.9244, 0.8}, {1., 0.8526827444382128}}
indexMenge2 {{1}, {2}, {3}, {4}, {5}, {6}, {7}, {8}, {9}, {10}, {11}, {12}, {13}, {14}, {15}, {16}, {17}, {18}, {19}, {20}, {21}}
h {{802, 60, 157, 235, 422, 634, 891, 1152, 1425, 1609, 1746, 1543, 1336, 1029, 793, 627, 432, 308, 182, 56, 4561}, 20000}
nonH {{4617, 182, 308, 432, 627, 793, 1029, 1334, 1543, 1721, 1635, 1426, 1152, 890, 635, 422, 235, 157, 60, 14, 788}, 20000}
hUndNonh {{5419, 242, 465, 667, 1049, 1427, 1920, 2486, 2968, 3330, 3381, 2969, 2488, 1919, 1428, 1049, 667, 465, 242, 70, 5349}, 40000}
eu 0.07360901014243511
evidenceSize 9
indexMenge2 {{1}, {2}, {3}, {4}, {5}, {6}, {7}, {8}, {9}, {10}, {11}, {12}, {13}, {14}, {15}, {16}, {17}, {18}, {19}, {20}, {21}}
ratioTruths {{-0.9997, 0.15644171779141106}, {-0.8449000000000001, 0.3532934131736527}, {-0.7446, 0.3785310734463277}, {-0.646, 0.3937007874015748}, {-0.5459, 0.4172661870503597}, {-0.4484, 0.4360960495739737}, {-0.3477, 0.464068209500609}, {-0.248, 0.48990825688073397}, {-0.149, 0.4963680387409201}, {-0.0497, 0.504720406681191}, {0.0488, 0.49537366548042705}, {0.149, 0.5038383838383839}, {0.248, 0.5098488318827302}, {0.3477, 0.5356489945155393}, {0.44820000000000004, 0.5643410852713179}, {0.5458000000000001, 0.582135523613963}, {0.6459, 0.6069182389937107}, {0.7446, 0.6214689265536724}, {0.8449000000000001, 0.6467065868263473}, {0.9367000000000001, 0.7222222222222222}, {1., 0.8441436612168319}}
indexMenge2 {{1}, {2}, {3}, {4}, {5}, {6}, {7}, {8}, {9}, {10}, {11}, {12}, {13}, {14}, {15}, {16}, {17}, {18}, {19}, {20}, {21}}
h {{1173, 59, 134, 250, 406, 563, 762, 1068, 1230, 1390, 1392, 1247, 1113, 879, 728, 567, 386, 220, 108, 26, 6299}, 20000}
nonH {{6325, 108, 220, 385, 567, 728, 880, 1112, 1248, 1364, 1418, 1228, 1070, 762, 562, 407, 250, 134, 59, 10, 1163}, 20000}
hUndNonh {{7498, 167, 354, 635, 973, 1291, 1642, 2180, 2478, 2754, 2810, 2475, 2183, 1641, 1290, 974, 636, 354, 167, 36, 7462}, 40000}
eu 0.09156492960486809
evidenceSize 10
indexMenge2 {{1}, {2}, {3}, {4}, {5}, {6}, {7}, {8}, {9}, {10}, {11}, {12}, {13}, {14}, {15}, {16}, {17}, {18}, {19}, {20}, {21}}
ratioTruths {{-0.9998, 0.17657614547194642}, {-0.8411000000000001, 0.4155844155844156}, {-0.7458, 0.3940298507462687}, {-0.6465000000000001, 0.4336734693877551}, {-0.5463, 0.4228187919463087}, {-0.44880000000000003, 0.48384424192212094}, {-0.34640000000000004, 0.47450248756218905}, {-0.2484, 0.4890764647467726}, {-0.14980000000000002, 0.4910753156290814}, {-0.0492, 0.5043720190779014}, {0.048100000000000004, 0.49572317262830484}, {0.1497, 0.5091543156059285}, {0.24830000000000002, 0.510659395141299}, {0.34640000000000004, 0.525497512437811}, {0.44880000000000003, 0.5161557580778791}, {0.5463, 0.5771812080536913}, {0.6465000000000001, 0.5663265306122449}, {0.7456, 0.6047904191616766}, {0.8408, 0.5870967741935483}, {0.9251, 0.8421052631578947}, {1., 0.8233812949640288}}
indexMenge2 {{1}, {2}, {3}, {4}, {5}, {6}, {7}, {8}, {9}, {10}, {11}, {12}, {13}, {14}, {15}, {16}, {17}, {18}, {19}, {20}, {21}}
h {{1476, 64, 132, 255, 378, 584, 763, 985, 1128, 1269, 1275, 1168, 1030, 845, 623, 516, 333, 202, 91, 16, 6867}, 20000}
nonH {{6883, 90, 203, 333, 516, 623, 845, 1029, 1169, 1247, 1297, 1126, 987, 763, 584, 378, 255, 132, 64, 3, 1473}, 20000}
hUndNonh {{8359, 154, 335, 588, 894, 1207, 1608, 2014, 2297, 2516, 2572, 2294, 2017, 1608, 1207, 894, 588, 334, 155, 19, 8340}, 40000}
eu 0.08889737084433857
Dichte 0.45
evidenceSize 3
evidenceSize 5
evidenceSize 7
evidenceSize 9
evidenceSize 10
evidenceSize 3
indexMenge2 {{1}, {2}, {3}, {4}, {5}, {6}, {7}, {8}, {9}, {10}, {11}, {12}, {13}, {14}, {15}, {16}, {17}, {18}, {19}, {20}, {21}}
ratioTruths {{-0.994, 0.09803921568627451}, {-0.8472000000000001, 0.20132013201320131}, {-0.7458, 0.23356009070294784}, {-0.6458, 0.273542600896861}, {-0.5474, 0.3261105092091008}, {-0.4471, 0.36390315480557595}, {-0.34590000000000004, 0.4130325814536341}, {-0.24750000000000003, 0.4392396469789545}, {-0.14780000000000001, 0.4629584649016274}, {-0.0485, 0.4874625748502994}, {0.0483, 0.5124813710879285}, {0.14780000000000001, 0.5370415350983726}, {0.24750000000000003, 0.5607603530210454}, {0.34590000000000004, 0.5869674185463659}, {0.4471, 0.6360968451944241}, {0.5474, 0.6738894907908992}, {0.6458, 0.726457399103139}, {0.7458, 0.7664399092970522}, {0.8472000000000001, 0.7986798679867987}, {0.9347000000000001, 0.884393063583815}, {1., 0.9037339556592765}}
indexMenge2 {{1}, {2}, {3}, {4}, {5}, {6}, {7}, {8}, {9}, {10}, {11}, {12}, {13}, {14}, {15}, {16}, {17}, {18}, {19}, {20}, {21}}
h {{185, 61, 103, 183, 301, 496, 824, 1294, 1906, 2605, 2751, 2211, 1652, 1171, 867, 622, 486, 338, 242, 153, 1549}, 20000}
nonH {{1702, 242, 338, 486, 622, 867, 1171, 1652, 2211, 2739, 2617, 1906, 1294, 824, 496, 301, 183, 103, 61, 20, 165}, 20000}
hUndNonh {{1887, 303, 441, 669, 923, 1363, 1995, 2946, 4117, 5344, 5368, 4117, 2946, 1995, 1363, 923, 669, 441, 303, 173, 1714}, 40000}
eu 0.04831693009731154
evidenceSize 5
indexMenge2 {{1}, {2}, {3}, {4}, {5}, {6}, {7}, {8}, {9}, {10}, {11}, {12}, {13}, {14}, {15}, {16}, {17}, {18}, {19}, {20}, {21}}
ratioTruths {{-0.9978, 0.1180952380952381}, {-0.8454, 0.24383561643835616}, {-0.7451, 0.25636363636363635}, {-0.6471, 0.3428927680798005}, {-0.5473, 0.35773101555352244}, {-0.44820000000000004, 0.41764300482425915}, {-0.34740000000000004, 0.4471505114466634}, {-0.24830000000000002, 0.4712778429073857}, {-0.1492, 0.4843462246777164}, {-0.048600000000000004, 0.48727770177838575}, {0.0483, 0.5126255769752919}, {0.1492, 0.5156537753222836}, {0.24830000000000002, 0.5287221570926143}, {0.3473, 0.5526829268292683}, {0.448, 0.5822436338609773}, {0.5472, 0.6422689844464776}, {0.647, 0.6575342465753424}, {0.7451, 0.7436363636363637}, {0.8454, 0.7561643835616438}, {0.9324, 0.7985611510791367}, {1., 0.8847574489042108}}
indexMenge2 {{1}, {2}, {3}, {4}, {5}, {6}, {7}, {8}, {9}, {10}, {11}, {12}, {13}, {14}, {15}, {16}, {17}, {18}, {19}, {20}, {21}}
h {{496, 89, 141, 275, 391, 606, 918, 1206, 1578, 1781, 1888, 1680, 1353, 1133, 846, 702, 528, 409, 276, 111, 3593}, 20000}
nonH {{3704, 276, 409, 527, 702, 845, 1135, 1353, 1680, 1874, 1795, 1578, 1206, 917, 607, 391, 275, 141, 89, 28, 468}, 20000}
hUndNonh {{4200, 365, 550, 802, 1093, 1451, 2053, 2559, 3258, 3655, 3683, 3258, 2559, 2050, 1453, 1093, 803, 550, 365, 139, 4061}, 40000}
eu 0.07307033958413173
evidenceSize 7
indexMenge2 {{1}, {2}, {3}, {4}, {5}, {6}, {7}, {8}, {9}, {10}, {11}, {12}, {13}, {14}, {15}, {16}, {17}, {18}, {19}, {20}, {21}}
ratioTruths {{-0.9992000000000001, 0.13335326655703394}, {-0.8439000000000001, 0.31654676258992803}, {-0.7442000000000001, 0.326226012793177}, {-0.6478, 0.3941908713692946}, {-0.5485, 0.421}, {-0.4479, 0.441747572815534}, {-0.3471, 0.45230078563411896}, {-0.24780000000000002, 0.4835216572504708}, {-0.1486, 0.48597081930415265}, {-0.049300000000000004, 0.490559315995725}, {0.0488, 0.509180790960452}, {0.14850000000000002, 0.5146067415730337}, {0.24780000000000002, 0.5159774436090225}, {0.34700000000000003, 0.547752808988764}, {0.4479, 0.5581717451523546}, {0.5485, 0.579}, {0.6478, 0.6058091286307054}, {0.7442000000000001, 0.673773987206823}, {0.8437, 0.6823104693140795}, {0.9263, 0.6973684210526315}, {1., 0.8686120350771092}}
indexMenge2 {{1}, {2}, {3}, {4}, {5}, {6}, {7}, {8}, {9}, {10}, {11}, {12}, {13}, {14}, {15}, {16}, {17}, {18}, {19}, {20}, {21}}
h {{892, 88, 153, 285, 421, 637, 806, 1027, 1299, 1377, 1442, 1374, 1098, 975, 806, 579, 438, 316, 189, 53, 5745}, 20000}
nonH {{5797, 190, 316, 438, 579, 805, 976, 1097, 1374, 1430, 1390, 1296, 1030, 805, 638, 421, 285, 153, 88, 23, 869}, 20000}
hUndNonh {{6689, 278, 469, 723, 1000, 1442, 1782, 2124, 2673, 2807, 2832, 2670, 2128, 1780, 1444, 1000, 723, 469, 277, 76, 6614}, 40000}
eu 0.09484970977175232
evidenceSize 9
indexMenge2 {{1}, {2}, {3}, {4}, {5}, {6}, {7}, {8}, {9}, {10}, {11}, {12}, {13}, {14}, {15}, {16}, {17}, {18}, {19}, {20}, {21}}
ratioTruths {{-0.9997, 0.1496910048065919}, {-0.8432000000000001, 0.45962732919254656}, {-0.7459, 0.37402597402597404}, {-0.6473, 0.45592705167173253}, {-0.5466, 0.44989339019189767}, {-0.4484, 0.46395250212044103}, {-0.34800000000000003, 0.47414372061786436}, {-0.2497, 0.5049288061336255}, {-0.1486, 0.5055187637969095}, {-0.0505, 0.5014899957428693}, {0.0499, 0.49894559257697174}, {0.1486, 0.49382171226831423}, {0.24960000000000002, 0.4953475643130816}, {0.34800000000000003, 0.5255376344086021}, {0.44830000000000003, 0.5368956743002544}, {0.5464, 0.5485592315901814}, {0.6472, 0.5454545454545454}, {0.7459, 0.625974025974026}, {0.8432000000000001, 0.5403726708074534}, {0.9244, 0.6764705882352942}, {1., 0.8509880514705882}}
indexMenge2 {{1}, {2}, {3}, {4}, {5}, {6}, {7}, {8}, {9}, {10}, {11}, {12}, {13}, {14}, {15}, {16}, {17}, {18}, {19}, {20}, {21}}
h {{1308, 74, 144, 300, 422, 547, 706, 922, 1145, 1178, 1183, 1119, 905, 782, 633, 514, 360, 241, 87, 23, 7407}, 20000}
nonH {{7430, 87, 241, 358, 516, 632, 783, 904, 1120, 1171, 1188, 1147, 922, 706, 546, 423, 300, 144, 74, 11, 1297}, 20000}
hUndNonh {{8738, 161, 385, 658, 938, 1179, 1489, 1826, 2265, 2349, 2371, 2266, 1827, 1488, 1179, 937, 660, 385, 161, 34, 8704}, 40000}
eu 0.10854619008780668
evidenceSize 10
indexMenge2 {{1}, {2}, {3}, {4}, {5}, {6}, {7}, {8}, {9}, {10}, {11}, {12}, {13}, {14}, {15}, {16}, {17}, {18}, {19}, {20}, {21}}
ratioTruths {{-0.9998, 0.16526207605344295}, {-0.8400000000000001, 0.4489795918367347}, {-0.7453000000000001, 0.4152542372881356}, {-0.6463, 0.48198970840480276}, {-0.5466, 0.45261845386533667}, {-0.449, 0.5008928571428571}, {-0.3471, 0.4845434938892883}, {-0.24730000000000002, 0.4932073242764324}, {-0.1494, 0.4932920536635707}, {-0.050800000000000005, 0.5078581050740907}, {0.050100000000000006, 0.4924645390070922}, {0.1492, 0.5067218200620476}, {0.24710000000000001, 0.506776664702416}, {0.34700000000000003, 0.5154565061107117}, {0.4489, 0.49865951742627346}, {0.5465, 0.5472636815920398}, {0.6463, 0.5180102915951973}, {0.7453000000000001, 0.5847457627118644}, {0.8400000000000001, 0.5510204081632653}, {0.9274, 0.6296296296296297}, {1., 0.8353086674224467}}
indexMenge2 {{1}, {2}, {3}, {4}, {5}, {6}, {7}, {8}, {9}, {10}, {11}, {12}, {13}, {14}, {15}, {16}, {17}, {18}, {19}, {20}, {21}}
h {{1608, 66, 147, 281, 363, 561, 674, 835, 956, 1131, 1111, 980, 860, 717, 558, 440, 302, 207, 81, 17, 8105}, 20000}
nonH {{8122, 81, 207, 302, 439, 559, 717, 858, 982, 1096, 1145, 954, 837, 674, 561, 364, 281, 147, 66, 10, 1598}, 20000}
hUndNonh {{9730, 147, 354, 583, 802, 1120, 1391, 1693, 1938, 2227, 2256, 1934, 1697, 1391, 1119, 804, 583, 354, 147, 27, 9703}, 40000}
eu 0.10963552227581821
