/home/carla/Documents/DebSim/
/home/carla/Documents/DebSim/Data/Genese_09_2017/Ana1/14_09_2017/Data/Mit/Mod_a/
{DataToPlot_Mit_ExDOJ_f_a_0.8.txt}
/home/carla/Documents/DebSim/Data/Genese_09_2017/Ana2/14_09_2017/Mit/Mod_a/
a
f
Eigen
Package path /home/carla/Documents/DebSim/DebateDynamics/Kernel/init.m
Loading additional packages...

General::obspkg: PlotLegends` is now obsolete. The legacy version being loaded may conflict with current functionality. See the Compatibility Guide for updating information.

General::obspkg: PlotLegends` is now obsolete. The legacy version being loaded may conflict with current functionality. See the Compatibility Guide for updating information.
Einzulesende Datei /home/carla/Documents/DebSim/Data/Genese_09_2017/Ana1/14_09_2017/Data/Mit/Mod_a/DataToPlot_Mit_ExDOJ_f_a_0.8.txt
Dichte 0.15
evidenceSize 2
gesZahlAll 20000
binCountsFlat {20, 1, 3, 9, 24, 51, 233, 685, 1753, 5932, 7603, 2040, 916, 383, 172, 65, 35, 22, 4, 1, 48}
evidenceSize 5
gesZahlAll 20000
binCountsFlat {148, 2, 7, 37, 98, 228, 543, 1206, 2384, 3759, 5403, 2681, 1537, 793, 398, 195, 62, 37, 20, 1, 461}
evidenceSize 10
gesZahlAll 20000
binCountsFlat {596, 1, 15, 51, 150, 343, 748, 1323, 2402, 2481, 3903, 2476, 1626, 953, 477, 229, 126, 36, 10, 1, 2053}
Dichte 0.2
evidenceSize 2
gesZahlAll 20000
binCountsFlat {22, 1, 5, 13, 41, 131, 352, 831, 2004, 5713, 6446, 2234, 1133, 532, 259, 101, 64, 28, 9, 4, 77}
evidenceSize 5
gesZahlAll 20000
binCountsFlat {153, 10, 23, 59, 158, 338, 699, 1297, 2317, 3415, 4291, 2701, 1621, 990, 573, 299, 173, 89, 38, 5, 751}
evidenceSize 10
gesZahlAll 20000
binCountsFlat {805, 3, 37, 92, 204, 509, 828, 1429, 1969, 2308, 2952, 2054, 1645, 1073, 624, 379, 177, 77, 18, 3, 2814}
Dichte 0.25
evidenceSize 2
gesZahlAll 20000
binCountsFlat {23, 11, 12, 39, 70, 178, 384, 966, 2192, 5114, 5706, 2492, 1336, 606, 350, 212, 94, 60, 34, 12, 109}
evidenceSize 5
gesZahlAll 20000
binCountsFlat {261, 16, 51, 92, 223, 417, 789, 1400, 2220, 3004, 3466, 2503, 1686, 1137, 749, 455, 285, 163, 76, 34, 973}
evidenceSize 10
gesZahlAll 20000
binCountsFlat {984, 16, 53, 154, 345, 547, 918, 1326, 1729, 1941, 2300, 1867, 1491, 1037, 728, 422, 245, 113, 45, 3, 3736}
Dichte 0.3
evidenceSize 2
gesZahlAll 20000
binCountsFlat {38, 12, 26, 42, 93, 197, 505, 1107, 2234, 4675, 4977, 2589, 1451, 769, 455, 260, 189, 106, 60, 28, 187}
evidenceSize 5
gesZahlAll 20000
binCountsFlat {290, 31, 67, 144, 258, 496, 788, 1407, 2052, 2751, 2945, 2231, 1726, 1180, 880, 541, 364, 260, 137, 39, 1413}
evidenceSize 10
gesZahlAll 20000
binCountsFlat {1041, 26, 77, 214, 361, 536, 851, 1201, 1531, 1731, 1873, 1578, 1328, 1005, 744, 488, 315, 180, 66, 7, 4847}
Dichte 0.4
evidenceSize 2
gesZahlAll 20000
binCountsFlat {68, 39, 47, 89, 169, 353, 653, 1258, 2255, 3758, 3932, 2564, 1611, 916, 690, 420, 306, 203, 173, 93, 403}
evidenceSize 5
gesZahlAll 20000
binCountsFlat {431, 63, 124, 243, 342, 592, 868, 1269, 1720, 2077, 2219, 1934, 1566, 1188, 856, 667, 534, 379, 231, 84, 2613}
evidenceSize 10
gesZahlAll 20000
binCountsFlat {1476, 64, 132, 255, 378, 584, 763, 985, 1128, 1269, 1275, 1168, 1030, 845, 623, 516, 333, 202, 91, 16, 6867}
Dichte 0.45
evidenceSize 2
gesZahlAll 20000
binCountsFlat {81, 35, 52, 109, 198, 401, 731, 1292, 2108, 3327, 3621, 2517, 1633, 1049, 697, 466, 329, 306, 170, 119, 759}
evidenceSize 5
gesZahlAll 20000
binCountsFlat {496, 89, 141, 275, 391, 606, 918, 1206, 1578, 1781, 1888, 1680, 1353, 1133, 846, 702, 528, 409, 276, 111, 3593}
evidenceSize 10
gesZahlAll 20000
binCountsFlat {1608, 66, 147, 281, 363, 561, 674, 835, 956, 1131, 1111, 980, 860, 717, 558, 440, 302, 207, 81, 17, 8105}
Dichte 0.15
 abMod a data {2, 0.2006}
 abMod a data {3, 0.18765}
 abMod a data {5, 0.18045}
 abMod a data {7, 0.16025}
 abMod a data {9, 0.15225}
 abMod a data {10, 0.1406}
Dichte 0.2
 abMod a data {2, 0.1951}
 abMod a data {3, 0.1805}
 abMod a data {5, 0.1537}
 abMod a data {7, 0.13735}
 abMod a data {9, 0.12415}
 abMod a data {10, 0.11845}
Dichte 0.25
 abMod a data {2, 0.18025}
 abMod a data {3, 0.15855}
 abMod a data {5, 0.1395}
 abMod a data {7, 0.11065}
 abMod a data {9, 0.0972}
 abMod a data {10, 0.09415}
Dichte 0.3
 abMod a data {2, 0.1646}
 abMod a data {3, 0.1456}
 abMod a data {5, 0.1106}
 abMod a data {7, 0.09035}
 abMod a data {9, 0.07255}
 abMod a data {10, 0.05495}
Dichte 0.4
 abMod a data {2, 0.1414}
 abMod a data {3, 0.1066}
 abMod a data {5, 0.07605}
 abMod a data {7, 0.0485}
 abMod a data {9, 0.05815}
 abMod a data {10, 0.07365}
Dichte 0.45
 abMod a data {2, 0.122}
 abMod a data {3, 0.0908}
 abMod a data {5, 0.05275}
 abMod a data {7, 0.04345}
 abMod a data {9, 0.06485}
 abMod a data {10, 0.0799}
dreiData {{0.15, 2, 0.2006}, {0.15, 3, 0.18765}, {0.15, 5, 0.18045}, {0.15, 7, 0.16025}, {0.15, 9, 0.15225}, {0.15, 10, 0.1406}, {0.2, 2, 0.1951}, {0.2, 3, 0.1805}, {0.2, 5, 0.1537}, {0.2, 7, 0.13735}, {0.2, 9, 0.12415}, {0.2, 10, 0.11845}, {0.25, 2, 0.18025}, {0.25, 3, 0.15855}, {0.25, 5, 0.1395}, {0.25, 7, 0.11065}, {0.25, 9, 0.0972}, {0.25, 10, 0.09415}, {0.3, 2, 0.1646}, {0.3, 3, 0.1456}, {0.3, 5, 0.1106}, {0.3, 7, 0.09035}, {0.3, 9, 0.07255}, {0.3, 10, 0.05495}, {0.4, 2, 0.1414}, {0.4, 3, 0.1066}, {0.4, 5, 0.07605}, {0.4, 7, 0.0485}, {0.4, 9, 0.05815}, {0.4, 10, 0.07365}, {0.45, 2, 0.122}, {0.45, 3, 0.0908}, {0.45, 5, 0.05275}, {0.45, 7, 0.04345}, {0.45, 9, 0.06485}, {0.45, 10, 0.0799}}
Number of sentences 20
Korrektheit von E 0.7894736842105263
