/home/kit/itz/qb3892/DebSim_HC3/
/home/kit/itz/qb3892/Genese_09_2017/Merged/
{Data_Acc_1..txt}
/home/kit/itz/qb3892/Genese_09_2017/Ana1/14_09_2017/
c
doj
Mit
Package path /pfs/data1/home/kit/itz/qb3892/DebSim_HC3/DebateDynamics/Kernel/init.m
Loading additional packages...

General::obspkg: PlotLegends` is now obsolete. The legacy version being loaded may conflict with current functionality. See the Compatibility Guide for updating information.

Set::write: Tag ListLinePlot in SyntaxInformation[ListLinePlot] is Protected.

General::obspkg: PlotLegends` is now obsolete. The legacy version being loaded may conflict with current functionality. See the Compatibility Guide for updating information.
Einzulesende Datei /home/kit/itz/qb3892/Genese_09_2017/Merged/Data_Acc_1..txt
Dichte 0.15
evidenceSize 2
evidenceSize 3
evidenceSize 5
evidenceSize 7
evidenceSize 9
evidenceSize 10
evidenceSize 2
indexMenge2 {{1}, {2}, {3}, {4}, {5}, {6}, {7}, {8}, {9}, {10}, {11}, {12}, {13}, {14}, {15}, {16}, {17}, {18}, {19}, {21}}
ratioTruths {{0.0057, 0.}, {0.0796, 0.05172413793103448}, {0.1272, 0.18235294117647058}, {0.1768, 0.17902813299232737}, {0.22870000000000001, 0.23163841807909605}, {0.277, 0.281203007518797}, {0.3266, 0.3223409196470042}, {0.3769, 0.3809660724554342}, {0.4262, 0.4220007665772327}, {0.4733, 0.4697038724373576}, {0.5138, 0.5155660377358491}, {0.5737, 0.5778460357074294}, {0.6231, 0.6197304273014053}, {0.6734, 0.6771946121690664}, {0.7228, 0.7181612660135644}, {0.7711, 0.7676056338028169}, {0.8230000000000001, 0.8223350253807107}, {0.8728, 0.8176470588235294}, {0.9204, 0.9482758620689655}, {1., 1.}}
indexMenge2 {{1}, {2}, {3}, {4}, {5}, {6}, {7}, {8}, {9}, {10}, {11}, {12}, {13}, {14}, {15}, {16}, {17}, {18}, {19}, {21}}
h {{0, 3, 31, 70, 164, 374, 694, 1325, 2202, 2062, 4372, 3010, 2161, 1458, 953, 545, 324, 139, 55, 9, 49}, 20000}
nonH {{58, 55, 139, 321, 544, 956, 1459, 2153, 3016, 2328, 4108, 2199, 1326, 695, 374, 165, 70, 31, 3, 0, 0}, 20000}
hUndNonh {{58, 58, 170, 391, 708, 1330, 2153, 3478, 5218, 4390, 8480, 5209, 3487, 2153, 1327, 710, 394, 170, 58, 9, 49}, 40000}
eu 0.034923216331625186
evidenceSize 3
indexMenge2 {{1}, {2}, {3}, {4}, {5}, {6}, {7}, {8}, {9}, {10}, {11}, {12}, {13}, {14}, {15}, {16}, {17}, {18}, {19}, {21}}
ratioTruths {{0.0015, 0.}, {0.0787, 0.1590909090909091}, {0.1278, 0.13725490196078433}, {0.1791, 0.16241299303944315}, {0.2273, 0.21482412060301506}, {0.27640000000000003, 0.26102675343456255}, {0.3262, 0.3198874296435272}, {0.37620000000000003, 0.37037037037037035}, {0.42600000000000005, 0.43114131521087345}, {0.4732, 0.4678990756932301}, {0.5119, 0.5140750670241286}, {0.5738, 0.5701066183866426}, {0.6235, 0.6274918179113359}, {0.6736000000000001, 0.6812824139556812}, {0.7230000000000001, 0.7369186046511628}, {0.7718, 0.7860696517412935}, {0.8202, 0.8318181818181818}, {0.872, 0.8640776699029126}, {0.9213, 0.8409090909090909}, {1., 1.}}
indexMenge2 {{1}, {2}, {3}, {4}, {5}, {6}, {7}, {8}, {9}, {10}, {11}, {12}, {13}, {14}, {15}, {16}, {17}, {18}, {19}, {21}}
h {{0, 14, 28, 70, 171, 361, 682, 1230, 2157, 1873, 4602, 2834, 2109, 1445, 1014, 632, 366, 178, 74, 8, 152}, 20000}
nonH {{160, 74, 176, 361, 625, 1022, 1450, 2091, 2846, 2130, 4350, 2137, 1252, 676, 362, 172, 74, 28, 14, 0, 0}, 20000}
hUndNonh {{160, 88, 204, 431, 796, 1383, 2132, 3321, 5003, 4003, 8952, 4971, 3361, 2121, 1376, 804, 440, 206, 88, 8, 152}, 40000}
eu 0.04201347274948089
evidenceSize 5
indexMenge2 {{1}, {2}, {3}, {4}, {5}, {6}, {7}, {8}, {9}, {10}, {11}, {12}, {13}, {14}, {15}, {16}, {17}, {18}, {19}, {20}, {21}}
ratioTruths {{0.0017000000000000001, 0.001736111111111111}, {0.0791, 0.07964601769911504}, {0.1272, 0.09689922480620156}, {0.1766, 0.1704781704781705}, {0.2248, 0.2447163515016685}, {0.2757, 0.2607773851590106}, {0.32730000000000004, 0.3427167113494191}, {0.3759, 0.36861447997059904}, {0.4253, 0.42041712403951703}, {0.47150000000000003, 0.4763100094132413}, {0.5087, 0.5072463768115942}, {0.5735, 0.5793668868139376}, {0.6225, 0.627979274611399}, {0.672, 0.6591115140525838}, {0.7224, 0.7315147164393395}, {0.772, 0.7618002195389681}, {0.8210000000000001, 0.8150943396226416}, {0.8723000000000001, 0.9031007751937985}, {0.9201, 0.9217391304347826}, {0.9656, 0.9666666666666667}, {1., 1.}}
indexMenge2 {{1}, {2}, {3}, {4}, {5}, {6}, {7}, {8}, {9}, {10}, {11}, {12}, {13}, {14}, {15}, {16}, {17}, {18}, {19}, {20}, {21}}
h {{1, 9, 25, 82, 220, 369, 767, 1003, 1915, 1518, 5215, 2544, 1818, 1454, 1019, 694, 432, 233, 106, 29, 547}, 20000}
nonH {{575, 104, 233, 399, 679, 1046, 1471, 1718, 2640, 1669, 5066, 1847, 1077, 752, 374, 217, 98, 25, 9, 1, 0}, 20000}
hUndNonh {{576, 113, 258, 481, 899, 1415, 2238, 2721, 4555, 3187, 10281, 4391, 2895, 2206, 1393, 911, 530, 258, 115, 30, 547}, 40000}
eu 0.052825178193784475
evidenceSize 7
indexMenge2 {{1}, {2}, {3}, {4}, {5}, {6}, {7}, {8}, {9}, {10}, {11}, {12}, {13}, {14}, {15}, {16}, {17}, {18}, {19}, {20}, {21}}
ratioTruths {{0.0007, 0.}, {0.0809, 0.0990990990990991}, {0.1285, 0.1323529411764706}, {0.1762, 0.1681614349775785}, {0.223, 0.2448733413751508}, {0.2735, 0.27893601725377426}, {0.3275, 0.3426724137931034}, {0.3749, 0.38022648083623695}, {0.42410000000000003, 0.42422027290448344}, {0.4691, 0.4796921761436511}, {0.5058, 0.5033812341504649}, {0.5729000000000001, 0.5692594565796484}, {0.621, 0.6216921356690273}, {0.6713, 0.6585689045936396}, {0.7211000000000001, 0.7179890023566379}, {0.7679, 0.7472283813747228}, {0.8184, 0.8137082601054482}, {0.8705, 0.8721804511278195}, {0.9175000000000001, 0.8898305084745762}, {0.9606, 1.}, {1., 1.}}
indexMenge2 {{1}, {2}, {3}, {4}, {5}, {6}, {7}, {8}, {9}, {10}, {11}, {12}, {13}, {14}, {15}, {16}, {17}, {18}, {19}, {20}, {21}}
h {{0, 11, 36, 75, 203, 388, 795, 873, 1741, 1122, 5955, 2137, 1668, 1491, 914, 674, 463, 232, 105, 20, 1097}, 20000}
nonH {{1116, 100, 236, 371, 626, 1003, 1525, 1423, 2363, 1217, 5875, 1617, 1015, 773, 359, 228, 106, 34, 13, 0, 0}, 20000}
hUndNonh {{1116, 111, 272, 446, 829, 1391, 2320, 2296, 4104, 2339, 11830, 3754, 2683, 2264, 1273, 902, 569, 266, 118, 20, 1097}, 40000}
eu 0.06199990334437172
evidenceSize 9
indexMenge2 {{1}, {2}, {3}, {4}, {5}, {6}, {7}, {8}, {9}, {10}, {11}, {12}, {13}, {14}, {15}, {16}, {17}, {18}, {19}, {20}, {21}}
ratioTruths {{0.00030000000000000003, 0.}, {0.08030000000000001, 0.08974358974358974}, {0.1285, 0.13302752293577982}, {0.1729, 0.22514619883040934}, {0.21710000000000002, 0.19658119658119658}, {0.26990000000000003, 0.2771565495207668}, {0.3291, 0.32130649449297377}, {0.37420000000000003, 0.3490683229813665}, {0.4217, 0.4204350314825415}, {0.4667, 0.45155038759689925}, {0.5035000000000001, 0.5051488221187755}, {0.5725, 0.5691713483146067}, {0.6178, 0.6415176624509377}, {0.6692, 0.6730462519936204}, {0.7193, 0.7214700193423598}, {0.764, 0.782608695652174}, {0.8158000000000001, 0.7805309734513274}, {0.8695, 0.8651162790697674}, {0.9174, 0.9090909090909091}, {0.9620000000000001, 1.}, {1., 1.}}
indexMenge2 {{1}, {2}, {3}, {4}, {5}, {6}, {7}, {8}, {9}, {10}, {11}, {12}, {13}, {14}, {15}, {16}, {17}, {18}, {19}, {20}, {21}}
h {{0, 7, 29, 77, 138, 347, 846, 562, 1469, 699, 7162, 1621, 1471, 1688, 746, 648, 441, 186, 80, 12, 1771}, 20000}
nonH {{1783, 71, 189, 265, 564, 905, 1787, 1048, 2025, 849, 7016, 1227, 822, 820, 288, 180, 124, 29, 8, 0, 0}, 20000}
hUndNonh {{1783, 78, 218, 342, 702, 1252, 2633, 1610, 3494, 1548, 14178, 2848, 2293, 2508, 1034, 828, 565, 215, 88, 12, 1771}, 40000}
eu 0.0786427783025684
evidenceSize 10
indexMenge2 {{1}, {2}, {3}, {4}, {5}, {6}, {7}, {8}, {9}, {10}, {11}, {12}, {13}, {14}, {15}, {16}, {17}, {18}, {19}, {21}}
ratioTruths {{0.0001, 0.}, {0.0806, 0.10144927536231885}, {0.1296, 0.14925373134328357}, {0.1726, 0.15789473684210525}, {0.2152, 0.22255192878338279}, {0.2686, 0.261443661971831}, {0.3294, 0.3366965620328849}, {0.37310000000000004, 0.3661753297129558}, {0.4203, 0.4187207488299532}, {0.46590000000000004, 0.45030782761653476}, {0.5024000000000001, 0.5032798597129311}, {0.5719000000000001, 0.5773109243697478}, {0.6157, 0.6174812030075187}, {0.6688000000000001, 0.6607981220657277}, {0.7176, 0.7309007981755986}, {0.7615000000000001, 0.761723700887199}, {0.8129000000000001, 0.8072727272727273}, {0.8681000000000001, 0.8549222797927462}, {0.9161, 0.8875}, {1., 1.}}
indexMenge2 {{1}, {2}, {3}, {4}, {5}, {6}, {7}, {8}, {9}, {10}, {11}, {12}, {13}, {14}, {15}, {16}, {17}, {18}, {19}, {21}}
h {{0, 7, 30, 42, 150, 297, 901, 472, 1342, 512, 7749, 1374, 1314, 1689, 641, 601, 444, 165, 71, 8, 2191}, 20000}
nonH {{2198, 62, 171, 224, 524, 839, 1775, 817, 1863, 625, 7648, 1006, 814, 867, 236, 188, 106, 28, 9, 0, 0}, 20000}
hUndNonh {{2198, 69, 201, 266, 674, 1136, 2676, 1289, 3205, 1137, 15397, 2380, 2128, 2556, 877, 789, 550, 193, 80, 8, 2191}, 40000}
eu 0.08489681991415207
Dichte 0.2
evidenceSize 2
evidenceSize 3
evidenceSize 5
evidenceSize 7
evidenceSize 9
evidenceSize 10
evidenceSize 2
indexMenge2 {{1}, {2}, {3}, {4}, {5}, {6}, {7}, {8}, {9}, {10}, {11}, {12}, {13}, {14}, {15}, {16}, {17}, {18}, {19}, {20}, {21}}
ratioTruths {{0.014100000000000001, 0.008695652173913044}, {0.08080000000000001, 0.08053691275167785}, {0.1283, 0.11730205278592376}, {0.1773, 0.18466898954703834}, {0.2263, 0.21886446886446886}, {0.2773, 0.26462072958888244}, {0.3262, 0.33374587458745875}, {0.3765, 0.3867545871559633}, {0.4257, 0.42375847735725225}, {0.4742, 0.48268255018751377}, {0.518, 0.5121463714637147}, {0.5743, 0.5766199649737302}, {0.6234000000000001, 0.6125429553264605}, {0.6738000000000001, 0.6661157024793388}, {0.7226, 0.7349537037037037}, {0.7736000000000001, 0.7813357731015553}, {0.8226, 0.8159722222222222}, {0.8716, 0.8823529411764706}, {0.919, 0.92}, {0.9675, 0.98}, {1., 1.}}
indexMenge2 {{1}, {2}, {3}, {4}, {5}, {6}, {7}, {8}, {9}, {10}, {11}, {12}, {13}, {14}, {15}, {16}, {17}, {18}, {19}, {20}, {21}}
h {{1, 12, 40, 106, 239, 457, 809, 1349, 1937, 2188, 3331, 2634, 2139, 1612, 1270, 854, 470, 300, 138, 49, 65}, 20000}
nonH {{114, 137, 301, 468, 853, 1270, 1615, 2139, 2634, 2345, 3173, 1934, 1353, 808, 458, 239, 106, 40, 12, 1, 0}, 20000}
hUndNonh {{115, 149, 341, 574, 1092, 1727, 2424, 3488, 4571, 4533, 6504, 4568, 3492, 2420, 1728, 1093, 576, 340, 150, 50, 65}, 40000}
eu 0.048238679090576025
evidenceSize 3
indexMenge2 {{1}, {2}, {3}, {4}, {5}, {6}, {7}, {8}, {9}, {10}, {11}, {12}, {13}, {14}, {15}, {16}, {17}, {18}, {19}, {20}, {21}}
ratioTruths {{0.006500000000000001, 0.0072992700729927005}, {0.0779, 0.08056872037914692}, {0.127, 0.1189873417721519}, {0.1771, 0.1827956989247312}, {0.22710000000000002, 0.23847517730496454}, {0.2765, 0.27353463587921845}, {0.3265, 0.33651172030194676}, {0.37610000000000005, 0.37990867579908677}, {0.42550000000000004, 0.42423566168266014}, {0.4738, 0.47400536978276786}, {0.5161, 0.5162019593067069}, {0.5743, 0.5753914988814318}, {0.6238, 0.6196969696969697}, {0.6734, 0.6633545310015898}, {0.7233, 0.7262470308788599}, {0.7726000000000001, 0.7625772285966461}, {0.8228000000000001, 0.8162327718223583}, {0.8729, 0.8810126582278481}, {0.9219, 0.919431279620853}, {0.9689000000000001, 0.9661016949152542}, {1., 1.}}
indexMenge2 {{1}, {2}, {3}, {4}, {5}, {6}, {7}, {8}, {9}, {10}, {11}, {12}, {13}, {14}, {15}, {16}, {17}, {18}, {19}, {20}, {21}}
h {{2, 17, 47, 119, 269, 462, 847, 1248, 1901, 1942, 3425, 2572, 2045, 1669, 1223, 864, 533, 348, 194, 57, 216}, 20000}
nonH {{272, 194, 348, 532, 859, 1227, 1670, 2037, 2580, 2155, 3210, 1898, 1255, 847, 461, 269, 120, 47, 17, 2, 0}, 20000}
hUndNonh {{274, 211, 395, 651, 1128, 1689, 2517, 3285, 4481, 4097, 6635, 4470, 3300, 2516, 1684, 1133, 653, 395, 211, 59, 216}, 40000}
eu 0.05329302512785411
evidenceSize 5
indexMenge2 {{1}, {2}, {3}, {4}, {5}, {6}, {7}, {8}, {9}, {10}, {11}, {12}, {13}, {14}, {15}, {16}, {17}, {18}, {19}, {20}, {21}}
ratioTruths {{0.0033, 0.003592814371257485}, {0.07830000000000001, 0.12156862745098039}, {0.1269, 0.12678936605316973}, {0.1753, 0.16895604395604397}, {0.22540000000000002, 0.20683610867659946}, {0.2758, 0.28022922636103154}, {0.3266, 0.3279109589041096}, {0.3754, 0.38629592850049654}, {0.42510000000000003, 0.4174757281553398}, {0.4726, 0.46221441124780316}, {0.5125000000000001, 0.5169445938676708}, {0.5741, 0.5828658847526772}, {0.6236, 0.6131410256410257}, {0.673, 0.6705376344086021}, {0.7229, 0.7173020527859237}, {0.7725000000000001, 0.7919520547945206}, {0.8234, 0.8328947368421052}, {0.8728, 0.869653767820774}, {0.9215000000000001, 0.8793774319066148}, {0.9679000000000001, 0.9651162790697675}, {1., 1.}}
indexMenge2 {{1}, {2}, {3}, {4}, {5}, {6}, {7}, {8}, {9}, {10}, {11}, {12}, {13}, {14}, {15}, {16}, {17}, {18}, {19}, {20}, {21}}
h {{3, 31, 62, 123, 236, 489, 766, 1167, 1677, 1578, 3844, 2286, 1913, 1559, 1223, 925, 633, 427, 226, 83, 749}, 20000}
nonH {{832, 224, 427, 605, 905, 1256, 1570, 1854, 2340, 1836, 3592, 1636, 1207, 766, 482, 243, 127, 64, 31, 3, 0}, 20000}
hUndNonh {{835, 255, 489, 728, 1141, 1745, 2336, 3021, 4017, 3414, 7436, 3922, 3120, 2325, 1705, 1168, 760, 491, 257, 86, 749}, 40000}
eu 0.0711916779121468
evidenceSize 7
indexMenge2 {{1}, {2}, {3}, {4}, {5}, {6}, {7}, {8}, {9}, {10}, {11}, {12}, {13}, {14}, {15}, {16}, {17}, {18}, {19}, {20}, {21}}
ratioTruths {{0.0012000000000000001, 0.}, {0.0781, 0.09045226130653267}, {0.1273, 0.16631130063965885}, {0.1756, 0.19115549215406563}, {0.22390000000000002, 0.23701605288007555}, {0.2743, 0.27681438664097624}, {0.3266, 0.3347547974413646}, {0.37520000000000003, 0.3662534986005598}, {0.4244, 0.4064864864864865}, {0.4706, 0.48250950570342205}, {0.5083, 0.5046739249972506}, {0.5730000000000001, 0.5892334698654184}, {0.6217, 0.6336562612127736}, {0.6721, 0.6665213600697472}, {0.7220000000000001, 0.715143428952635}, {0.7706000000000001, 0.7676950998185118}, {0.8212, 0.7959697732997482}, {0.8718, 0.8383620689655172}, {0.9204, 0.893719806763285}, {0.9650000000000001, 1.}, {1., 1.}}
indexMenge2 {{1}, {2}, {3}, {4}, {5}, {6}, {7}, {8}, {9}, {10}, {11}, {12}, {13}, {14}, {15}, {16}, {17}, {18}, {19}, {20}, {21}}
h {{0, 18, 78, 134, 251, 431, 785, 916, 1504, 1269, 4589, 2014, 1766, 1529, 1072, 846, 632, 389, 185, 57, 1535}, 20000}
nonH {{1589, 181, 391, 567, 808, 1126, 1560, 1585, 2196, 1361, 4504, 1404, 1021, 765, 427, 256, 162, 75, 22, 0, 0}, 20000}
hUndNonh {{1589, 199, 469, 701, 1059, 1557, 2345, 2501, 3700, 2630, 9093, 3418, 2787, 2294, 1499, 1102, 794, 464, 207, 57, 1535}, 40000}
eu 0.08421874650988878
evidenceSize 9
indexMenge2 {{1}, {2}, {3}, {4}, {5}, {6}, {7}, {8}, {9}, {10}, {11}, {12}, {13}, {14}, {15}, {16}, {17}, {18}, {19}, {20}, {21}}
ratioTruths {{0.0004, 0.}, {0.07690000000000001, 0.1130952380952381}, {0.1257, 0.12972972972972974}, {0.1734, 0.193359375}, {0.2192, 0.2222222222222222}, {0.27090000000000003, 0.2814661134163209}, {0.3276, 0.31538770590598636}, {0.3733, 0.36448115642746515}, {0.4227, 0.43655449212719977}, {0.46790000000000004, 0.4864864864864865}, {0.5049, 0.5016429353778752}, {0.5723, 0.5613138686131387}, {0.6205, 0.6198616198616199}, {0.6704, 0.679340937896071}, {0.7201000000000001, 0.7146245059288537}, {0.766, 0.7731434384537131}, {0.8178000000000001, 0.8027397260273973}, {0.8723000000000001, 0.8708791208791209}, {0.9204, 0.8743169398907104}, {0.9658, 1.}, {1., 1.}}
indexMenge2 {{1}, {2}, {3}, {4}, {5}, {6}, {7}, {8}, {9}, {10}, {11}, {12}, {13}, {14}, {15}, {16}, {17}, {18}, {19}, {20}, {21}}
h {{0, 19, 48, 99, 196, 407, 785, 706, 1414, 846, 5496, 1538, 1523, 1608, 904, 760, 586, 317, 160, 37, 2551}, 20000}
nonH {{2585, 149, 322, 413, 686, 1039, 1704, 1231, 1825, 893, 5460, 1202, 934, 759, 361, 223, 144, 47, 23, 0, 0}, 20000}
hUndNonh {{2585, 168, 370, 512, 882, 1446, 2489, 1937, 3239, 1739, 10956, 2740, 2457, 2367, 1265, 983, 730, 364, 183, 37, 2551}, 40000}
eu 0.10420617795444731
evidenceSize 10
indexMenge2 {{1}, {2}, {3}, {4}, {5}, {6}, {7}, {8}, {9}, {10}, {11}, {12}, {13}, {14}, {15}, {16}, {17}, {18}, {19}, {20}, {21}}
ratioTruths {{0.00030000000000000003, 0.0006277463904582549}, {0.0777, 0.08035714285714286}, {0.1259, 0.1390728476821192}, {0.17320000000000002, 0.15897435897435896}, {0.21630000000000002, 0.20645905420991925}, {0.2691, 0.24615384615384617}, {0.3286, 0.3292729349067377}, {0.37370000000000003, 0.3941908713692946}, {0.42050000000000004, 0.41261025808559293}, {0.4666, 0.4639175257731959}, {0.5036, 0.50428845032892}, {0.5720000000000001, 0.5882855921333904}, {0.6168, 0.5940774487471526}, {0.6694, 0.6672006407689227}, {0.7190000000000001, 0.7373929590865842}, {0.7639, 0.7766069546891464}, {0.8145, 0.8415841584158416}, {0.8711000000000001, 0.8525179856115108}, {0.9176000000000001, 0.9136690647482014}, {0.9594, 0.9259259259259259}, {1., 1.}}
indexMenge2 {{1}, {2}, {3}, {4}, {5}, {6}, {7}, {8}, {9}, {10}, {11}, {12}, {13}, {14}, {15}, {16}, {17}, {18}, {19}, {20}, {21}}
h {{2, 9, 42, 62, 179, 320, 865, 570, 1263, 630, 6056, 1376, 1304, 1666, 775, 737, 595, 237, 127, 25, 3160}, 20000}
nonH {{3184, 103, 260, 328, 688, 980, 1762, 876, 1798, 728, 5953, 963, 891, 831, 276, 212, 112, 41, 12, 2, 0}, 20000}
hUndNonh {{3186, 112, 302, 390, 867, 1300, 2627, 1446, 3061, 1358, 12009, 2339, 2195, 2497, 1051, 949, 707, 278, 139, 27, 3160}, 40000}
eu 0.1175274719727864
Dichte 0.25
evidenceSize 2
evidenceSize 3
evidenceSize 5
evidenceSize 7
evidenceSize 9
evidenceSize 10
evidenceSize 2
indexMenge2 {{1}, {2}, {3}, {4}, {5}, {6}, {7}, {8}, {9}, {10}, {11}, {12}, {13}, {14}, {15}, {16}, {17}, {18}, {19}, {20}, {21}}
ratioTruths {{0.015000000000000001, 0.008695652173913044}, {0.077, 0.11784511784511785}, {0.1272, 0.13780918727915195}, {0.1769, 0.18940248027057496}, {0.2267, 0.24560061208875286}, {0.2763, 0.2737567700640079}, {0.3262, 0.3239277652370203}, {0.37620000000000003, 0.37648809523809523}, {0.4258, 0.4266996291718171}, {0.4747, 0.4723435225618632}, {0.5204, 0.5222830336200156}, {0.5742, 0.5730921704658077}, {0.6238, 0.6236271890768774}, {0.6738000000000001, 0.6763266842303349}, {0.7237, 0.7257508616445101}, {0.7732, 0.7547892720306514}, {0.8230000000000001, 0.8098987626546682}, {0.8728, 0.8621908127208481}, {0.9229, 0.8825503355704698}, {0.9689000000000001, 0.9819819819819819}, {1., 1.}}
indexMenge2 {{1}, {2}, {3}, {4}, {5}, {6}, {7}, {8}, {9}, {10}, {11}, {12}, {13}, {14}, {15}, {16}, {17}, {18}, {19}, {20}, {21}}
h {{2, 35, 78, 168, 321, 556, 861, 1265, 1726, 1947, 2672, 2313, 2101, 1797, 1474, 985, 720, 488, 263, 109, 119}, 20000}
nonH {{228, 262, 488, 719, 986, 1475, 1797, 2095, 2319, 2175, 2444, 1723, 1268, 860, 557, 320, 169, 78, 35, 2, 0}, 20000}
hUndNonh {{230, 297, 566, 887, 1307, 2031, 2658, 3360, 4045, 4122, 5116, 4036, 3369, 2657, 2031, 1305, 889, 566, 298, 111, 119}, 40000}
eu 0.060550117201946745
evidenceSize 3
indexMenge2 {{1}, {2}, {3}, {4}, {5}, {6}, {7}, {8}, {9}, {10}, {11}, {12}, {13}, {14}, {15}, {16}, {17}, {18}, {19}, {20}, {21}}
ratioTruths {{0.010100000000000001, 0.002150537634408602}, {0.077, 0.11140583554376658}, {0.126, 0.11638591117917305}, {0.1766, 0.18831822759315206}, {0.22560000000000002, 0.2365819209039548}, {0.2753, 0.26075411577270313}, {0.3266, 0.32144288577154306}, {0.376, 0.36908121668234556}, {0.4257, 0.4292117057737938}, {0.4743, 0.46632124352331605}, {0.5192, 0.5249353527890653}, {0.5742, 0.5699180544541369}, {0.6239, 0.6319075866375273}, {0.6733, 0.6785714285714286}, {0.7245, 0.7400106553010123}, {0.7741, 0.7625088090204369}, {0.8233, 0.811}, {0.874, 0.8836140888208269}, {0.923, 0.8885941644562334}, {0.9702000000000001, 0.9936708860759493}, {1., 1.}}
indexMenge2 {{1}, {2}, {3}, {4}, {5}, {6}, {7}, {8}, {9}, {10}, {11}, {12}, {13}, {14}, {15}, {16}, {17}, {18}, {19}, {20}, {21}}
h {{1, 42, 76, 187, 335, 491, 802, 1177, 1628, 1890, 2842, 2156, 2024, 1691, 1389, 1082, 811, 577, 335, 157, 307}, 20000}
nonH {{464, 335, 577, 806, 1081, 1392, 1693, 2012, 2165, 2163, 2572, 1627, 1179, 801, 488, 337, 189, 76, 42, 1, 0}, 20000}
hUndNonh {{465, 377, 653, 993, 1416, 1883, 2495, 3189, 3793, 4053, 5414, 3783, 3203, 2492, 1877, 1419, 1000, 653, 377, 158, 307}, 40000}
eu 0.07282763577989076
evidenceSize 5
indexMenge2 {{1}, {2}, {3}, {4}, {5}, {6}, {7}, {8}, {9}, {10}, {11}, {12}, {13}, {14}, {15}, {16}, {17}, {18}, {19}, {20}, {21}}
ratioTruths {{0.004, 0.0047694753577106515}, {0.0776, 0.07692307692307693}, {0.12610000000000002, 0.1504297994269341}, {0.1759, 0.19872476089266738}, {0.2252, 0.2326768781911014}, {0.27540000000000003, 0.27372836916622967}, {0.3262, 0.31752751905165116}, {0.37520000000000003, 0.3722004976892997}, {0.42500000000000004, 0.42888583218707016}, {0.47300000000000003, 0.4756923076923077}, {0.5147, 0.5131111487058028}, {0.5743, 0.5721490613617259}, {0.624, 0.6251301631377993}, {0.6734, 0.6824180502341421}, {0.7235, 0.7259615384615384}, {0.7731, 0.7649173256649893}, {0.8230000000000001, 0.800205973223481}, {0.8734000000000001, 0.8510028653295129}, {0.922, 0.9195402298850575}, {0.9694, 0.9640718562874252}, {1., 1.}}
indexMenge2 {{1}, {2}, {3}, {4}, {5}, {6}, {7}, {8}, {9}, {10}, {11}, {12}, {13}, {14}, {15}, {16}, {17}, {18}, {19}, {20}, {21}}
h {{6, 33, 105, 187, 319, 522, 750, 1047, 1559, 1546, 3033, 2042, 1801, 1603, 1359, 1064, 777, 594, 400, 161, 1092}, 20000}
nonH {{1252, 396, 593, 754, 1052, 1385, 1612, 1766, 2076, 1704, 2878, 1527, 1080, 746, 513, 327, 194, 104, 35, 6, 0}, 20000}
hUndNonh {{1258, 429, 698, 941, 1371, 1907, 2362, 2813, 3635, 3250, 5911, 3569, 2881, 2349, 1872, 1391, 971, 698, 435, 167, 1092}, 40000}
eu 0.08958189879308935
evidenceSize 7
indexMenge2 {{1}, {2}, {3}, {4}, {5}, {6}, {7}, {8}, {9}, {10}, {11}, {12}, {13}, {14}, {15}, {16}, {17}, {18}, {19}, {20}, {21}}
ratioTruths {{0.0019, 0.0012925463162429987}, {0.0771, 0.09550561797752809}, {0.1264, 0.1435483870967742}, {0.17450000000000002, 0.172737955346651}, {0.2238, 0.22577927548441448}, {0.2743, 0.2877030162412993}, {0.3261, 0.3225126475548061}, {0.37520000000000003, 0.3768297783354245}, {0.4242, 0.41934505761067314}, {0.47190000000000004, 0.47407120743034054}, {0.5099, 0.5090272918124563}, {0.5733, 0.581151832460733}, {0.622, 0.6173913043478261}, {0.673, 0.6751290877796902}, {0.7225, 0.7099514563106796}, {0.771, 0.7684124386252046}, {0.8225, 0.8280922431865828}, {0.8726, 0.8512396694214877}, {0.9215000000000001, 0.9090909090909091}, {0.9653, 0.9770992366412213}, {1., 1.}}
indexMenge2 {{1}, {2}, {3}, {4}, {5}, {6}, {7}, {8}, {9}, {10}, {11}, {12}, {13}, {14}, {15}, {16}, {17}, {18}, {19}, {20}, {21}}
h {{3, 34, 89, 147, 268, 496, 765, 901, 1383, 1225, 3637, 1776, 1633, 1569, 1170, 939, 790, 515, 340, 128, 2192}, 20000}
nonH {{2318, 322, 531, 704, 919, 1228, 1607, 1490, 1915, 1359, 3508, 1280, 1012, 755, 478, 283, 164, 90, 34, 3, 0}, 20000}
hUndNonh {{2321, 356, 620, 851, 1187, 1724, 2372, 2391, 3298, 2584, 7145, 3056, 2645, 2324, 1648, 1222, 954, 605, 374, 131, 2192}, 40000}
eu 0.11067124981810741
evidenceSize 9
indexMenge2 {{1}, {2}, {3}, {4}, {5}, {6}, {7}, {8}, {9}, {10}, {11}, {12}, {13}, {14}, {15}, {16}, {17}, {18}, {19}, {20}, {21}}
ratioTruths {{0.0006000000000000001, 0.0005627462014631402}, {0.0771, 0.08108108108108109}, {0.1265, 0.13980582524271845}, {0.1731, 0.15161290322580645}, {0.2194, 0.21584158415841584}, {0.27090000000000003, 0.26154891304347827}, {0.3275, 0.33808724832214765}, {0.3739, 0.3809261300992282}, {0.42200000000000004, 0.4204322200392927}, {0.46900000000000003, 0.4727068092290377}, {0.506, 0.5057875624148888}, {0.5723, 0.5710295291300878}, {0.6192000000000001, 0.6150610012620951}, {0.6707000000000001, 0.6637592673353685}, {0.7203, 0.7316680096696213}, {0.7667, 0.7580357142857143}, {0.8188000000000001, 0.8376470588235294}, {0.8711000000000001, 0.8591549295774648}, {0.9198000000000001, 0.9195804195804196}, {0.9614, 0.9523809523809523}, {1., 1.}}
indexMenge2 {{1}, {2}, {3}, {4}, {5}, {6}, {7}, {8}, {9}, {10}, {11}, {12}, {13}, {14}, {15}, {16}, {17}, {18}, {19}, {20}, {21}}
h {{2, 21, 72, 94, 218, 385, 806, 691, 1284, 840, 4457, 1431, 1462, 1522, 908, 849, 712, 427, 263, 60, 3496}, 20000}
nonH {{3552, 238, 443, 526, 792, 1087, 1578, 1123, 1770, 937, 4355, 1075, 915, 771, 333, 271, 138, 70, 23, 3, 0}, 20000}
hUndNonh {{3554, 259, 515, 620, 1010, 1472, 2384, 1814, 3054, 1777, 8812, 2506, 2377, 2293, 1241, 1120, 850, 497, 286, 63, 3496}, 40000}
eu 0.13467403394120483
evidenceSize 10
indexMenge2 {{1}, {2}, {3}, {4}, {5}, {6}, {7}, {8}, {9}, {10}, {11}, {12}, {13}, {14}, {15}, {16}, {17}, {18}, {19}, {20}, {21}}
ratioTruths {{0.0004, 0.00023946360153256704}, {0.07730000000000001, 0.10526315789473684}, {0.1277, 0.1342925659472422}, {0.17270000000000002, 0.15876288659793814}, {0.2165, 0.2085201793721973}, {0.26880000000000004, 0.2790863668807994}, {0.3285, 0.32093775262732416}, {0.3733, 0.3746684350132626}, {0.4207, 0.4309549165779198}, {0.4667, 0.46867924528301885}, {0.5043, 0.5032911392405063}, {0.5718, 0.5569561157796452}, {0.6178, 0.6190909090909091}, {0.6698000000000001, 0.6799831791421362}, {0.7194, 0.6988636363636364}, {0.7633000000000001, 0.772420443587271}, {0.8161, 0.8297872340425532}, {0.8702000000000001, 0.865}, {0.92, 0.8913043478260869}, {0.9623, 0.9811320754716981}, {1., 1.}}
indexMenge2 {{1}, {2}, {3}, {4}, {5}, {6}, {7}, {8}, {9}, {10}, {11}, {12}, {13}, {14}, {15}, {16}, {17}, {18}, {19}, {20}, {21}}
h {{1, 22, 56, 77, 186, 391, 794, 565, 1214, 621, 4970, 1193, 1362, 1617, 738, 801, 663, 346, 205, 52, 4126}, 20000}
nonH {{4175, 187, 361, 408, 706, 1010, 1680, 943, 1603, 704, 4905, 949, 838, 761, 318, 236, 136, 54, 25, 1, 0}, 20000}
hUndNonh {{4176, 209, 417, 485, 892, 1401, 2474, 1508, 2817, 1325, 9875, 2142, 2200, 2378, 1056, 1037, 799, 400, 230, 53, 4126}, 40000}
eu 0.1451447780240437
Dichte 0.3
evidenceSize 2
evidenceSize 3
evidenceSize 5
evidenceSize 7
evidenceSize 9
evidenceSize 10
evidenceSize 2
indexMenge2 {{1}, {2}, {3}, {4}, {5}, {6}, {7}, {8}, {9}, {10}, {11}, {12}, {13}, {14}, {15}, {16}, {17}, {18}, {19}, {20}, {21}}
ratioTruths {{0.018000000000000002, 0.022332506203473945}, {0.077, 0.07961165048543689}, {0.1265, 0.12625}, {0.1764, 0.18962432915921287}, {0.227, 0.22880299251870323}, {0.2762, 0.2726836293807009}, {0.3261, 0.3163538873994638}, {0.37570000000000003, 0.4000632511068944}, {0.4249, 0.42399145070798827}, {0.47500000000000003, 0.4706994328922495}, {0.5219, 0.5256166982922201}, {0.5750000000000001, 0.576057846813069}, {0.6242, 0.5998739760554506}, {0.6738000000000001, 0.6839278864595321}, {0.7238, 0.7269673704414588}, {0.7729, 0.7713395638629283}, {0.8235, 0.8105451295799821}, {0.8735, 0.8726591760299626}, {0.923, 0.920388349514563}, {0.9697, 0.9623430962343096}, {1., 1.}}
indexMenge2 {{1}, {2}, {3}, {4}, {5}, {6}, {7}, {8}, {9}, {10}, {11}, {12}, {13}, {14}, {15}, {16}, {17}, {18}, {19}, {20}, {21}}
h {{9, 41, 101, 212, 367, 568, 826, 1265, 1587, 1743, 2216, 2151, 1904, 1783, 1515, 1238, 907, 699, 474, 230, 164}, 20000}
nonH {{394, 474, 699, 906, 1237, 1515, 1785, 1897, 2156, 1960, 2000, 1583, 1270, 824, 569, 367, 212, 102, 41, 9, 0}, 20000}
hUndNonh {{403, 515, 800, 1118, 1604, 2083, 2611, 3162, 3743, 3703, 4216, 3734, 3174, 2607, 2084, 1605, 1119, 801, 515, 239, 164}, 40000}
eu 0.07722320908666641
evidenceSize 3
indexMenge2 {{1}, {2}, {3}, {4}, {5}, {6}, {7}, {8}, {9}, {10}, {11}, {12}, {13}, {14}, {15}, {16}, {17}, {18}, {19}, {20}, {21}}
ratioTruths {{0.0128, 0.011795543905635648}, {0.0766, 0.0805921052631579}, {0.12710000000000002, 0.15017462165308498}, {0.1768, 0.17569786535303777}, {0.2262, 0.2106312292358804}, {0.2761, 0.3055968301139178}, {0.3257, 0.3242506811989101}, {0.3758, 0.39396984924623113}, {0.4254, 0.4142980189491817}, {0.4743, 0.46457349263684355}, {0.5211, 0.5289821999087175}, {0.5744, 0.585429314830876}, {0.624, 0.6063829787234043}, {0.6742, 0.6761385753211366}, {0.7238, 0.6937965260545905}, {0.7736000000000001, 0.7892287234042553}, {0.8230000000000001, 0.8235294117647058}, {0.8728, 0.8494749124854143}, {0.9232, 0.919672131147541}, {0.9711000000000001, 0.9735294117647059}, {1., 1.}}
indexMenge2 {{1}, {2}, {3}, {4}, {5}, {6}, {7}, {8}, {9}, {10}, {11}, {12}, {13}, {14}, {15}, {16}, {17}, {18}, {19}, {20}, {21}}
h {{9, 49, 129, 214, 317, 617, 833, 1176, 1443, 1672, 2318, 2025, 1824, 1737, 1398, 1187, 1008, 728, 561, 331, 424}, 20000}
nonH {{754, 559, 730, 1004, 1188, 1402, 1736, 1809, 2040, 1927, 2064, 1434, 1184, 832, 617, 317, 216, 129, 49, 9, 0}, 20000}
hUndNonh {{763, 608, 859, 1218, 1505, 2019, 2569, 2985, 3483, 3599, 4382, 3459, 3008, 2569, 2015, 1504, 1224, 857, 610, 340, 424}, 40000}
eu 0.08669903751155665
evidenceSize 5
indexMenge2 {{1}, {2}, {3}, {4}, {5}, {6}, {7}, {8}, {9}, {10}, {11}, {12}, {13}, {14}, {15}, {16}, {17}, {18}, {19}, {20}, {21}}
ratioTruths {{0.0053, 0.0064516129032258064}, {0.0765, 0.05862068965517241}, {0.1264, 0.11848341232227488}, {0.1759, 0.16592328278322926}, {0.22490000000000002, 0.2270440251572327}, {0.2756, 0.2843601895734597}, {0.3254, 0.32108902333621436}, {0.3754, 0.38529299119111454}, {0.4254, 0.4281618349792928}, {0.4737, 0.46709886547811996}, {0.5161, 0.5198635634028892}, {0.5739000000000001, 0.5724025974025974}, {0.6238, 0.6130841121495327}, {0.6742, 0.6784160139251523}, {0.7234, 0.7152740819584885}, {0.7737, 0.7724701445631679}, {0.8231, 0.8323301805674979}, {0.8734000000000001, 0.8788598574821853}, {0.9231, 0.9414802065404475}, {0.9700000000000001, 0.963963963963964}, {1., 1.}}
indexMenge2 {{1}, {2}, {3}, {4}, {5}, {6}, {7}, {8}, {9}, {10}, {11}, {12}, {13}, {14}, {15}, {16}, {17}, {18}, {19}, {20}, {21}}
h {{12, 34, 100, 186, 361, 540, 743, 1006, 1344, 1441, 2591, 1763, 1640, 1559, 1344, 1229, 968, 740, 547, 321, 1531}, 20000}
nonH {{1848, 546, 744, 935, 1229, 1359, 1571, 1605, 1795, 1644, 2393, 1317, 1035, 739, 535, 362, 195, 102, 34, 12, 0}, 20000}
hUndNonh {{1860, 580, 844, 1121, 1590, 1899, 2314, 2611, 3139, 3085, 4984, 3080, 2675, 2298, 1879, 1591, 1163, 842, 581, 333, 1531}, 40000}
eu 0.11481999125582132
evidenceSize 7
indexMenge2 {{1}, {2}, {3}, {4}, {5}, {6}, {7}, {8}, {9}, {10}, {11}, {12}, {13}, {14}, {15}, {16}, {17}, {18}, {19}, {20}, {21}}
ratioTruths {{0.0023, 0.0009721322099805574}, {0.0755, 0.06981519507186858}, {0.1264, 0.14344827586206896}, {0.17470000000000002, 0.17507418397626112}, {0.22360000000000002, 0.23133116883116883}, {0.2736, 0.2868998221695317}, {0.3259, 0.33491994807442665}, {0.3748, 0.358695652173913}, {0.4243, 0.43016194331983804}, {0.4721, 0.46868604175194434}, {0.5113, 0.5129201148454653}, {0.5732, 0.5665204678362573}, {0.6224000000000001, 0.6366863905325444}, {0.673, 0.6634146341463415}, {0.7227, 0.7154420921544209}, {0.7709, 0.7552941176470588}, {0.8224, 0.8232142857142857}, {0.8727, 0.8547486033519553}, {0.9233, 0.9275653923541247}, {0.9659000000000001, 0.986046511627907}, {1., 1.}}
indexMenge2 {{1}, {2}, {3}, {4}, {5}, {6}, {7}, {8}, {9}, {10}, {11}, {12}, {13}, {14}, {15}, {16}, {17}, {18}, {19}, {20}, {21}}
h {{3, 34, 104, 177, 285, 484, 774, 825, 1275, 1145, 3037, 1550, 1614, 1496, 1149, 963, 922, 612, 461, 212, 2878}, 20000}
nonH {{3083, 453, 621, 834, 947, 1203, 1537, 1475, 1689, 1298, 2884, 1186, 921, 759, 457, 312, 198, 104, 36, 3, 0}, 20000}
hUndNonh {{3086, 487, 725, 1011, 1232, 1687, 2311, 2300, 2964, 2443, 5921, 2736, 2535, 2255, 1606, 1275, 1120, 716, 497, 215, 2878}, 40000}
eu 0.13477009464277656
evidenceSize 9
indexMenge2 {{1}, {2}, {3}, {4}, {5}, {6}, {7}, {8}, {9}, {10}, {11}, {12}, {13}, {14}, {15}, {16}, {17}, {18}, {19}, {20}, {21}}
ratioTruths {{0.0007, 0.00021473051320592657}, {0.0772, 0.08359133126934984}, {0.12510000000000002, 0.1299638989169675}, {0.17370000000000002, 0.1699248120300752}, {0.219, 0.20624408703878902}, {0.2715, 0.2682602921646746}, {0.32730000000000004, 0.3273462056578357}, {0.3738, 0.37485311398354876}, {0.42200000000000004, 0.4158790170132325}, {0.4692, 0.4571256038647343}, {0.5063, 0.5091195381183572}, {0.5722, 0.5708390646492435}, {0.6196, 0.6290692342961944}, {0.6707000000000001, 0.6705716963448922}, {0.7199, 0.7124031007751938}, {0.7678, 0.7875647668393783}, {0.8188000000000001, 0.8214285714285714}, {0.8723000000000001, 0.8688212927756654}, {0.92, 0.9141274238227147}, {0.9646, 0.9895833333333334}, {1., 1.}}
indexMenge2 {{1}, {2}, {3}, {4}, {5}, {6}, {7}, {8}, {9}, {10}, {11}, {12}, {13}, {14}, {15}, {16}, {17}, {18}, {19}, {20}, {21}}
h {{1, 27, 72, 113, 218, 404, 729, 638, 1100, 757, 3880, 1245, 1372, 1431, 919, 912, 736, 457, 330, 95, 4564}, 20000}
nonH {{4656, 296, 482, 552, 839, 1102, 1498, 1064, 1545, 899, 3741, 936, 809, 703, 371, 246, 160, 69, 31, 1, 0}, 20000}
hUndNonh {{4657, 323, 554, 665, 1057, 1506, 2227, 1702, 2645, 1656, 7621, 2181, 2181, 2134, 1290, 1158, 896, 526, 361, 96, 4564}, 40000}
eu 0.1654229699415428
evidenceSize 10
indexMenge2 {{1}, {2}, {3}, {4}, {5}, {6}, {7}, {8}, {9}, {10}, {11}, {12}, {13}, {14}, {15}, {16}, {17}, {18}, {19}, {20}, {21}}
ratioTruths {{0.00030000000000000003, 0.00037334328915437746}, {0.077, 0.07086614173228346}, {0.1263, 0.12933025404157045}, {0.17200000000000001, 0.18058252427184465}, {0.216, 0.2006651884700665}, {0.26890000000000003, 0.2822865208186309}, {0.3277, 0.3154941735002158}, {0.37320000000000003, 0.38130021913805695}, {0.4208, 0.42351505288852725}, {0.46730000000000005, 0.46361406377759606}, {0.5043, 0.5052425394630717}, {0.5709000000000001, 0.5596330275229358}, {0.6178, 0.617412935323383}, {0.6703, 0.6822130772748056}, {0.7190000000000001, 0.7127272727272728}, {0.764, 0.7655502392344498}, {0.8166, 0.816301703163017}, {0.8712000000000001, 0.8649289099526066}, {0.9207000000000001, 0.9244604316546763}, {0.9634, 0.9545454545454546}, {1., 1.}}
indexMenge2 {{1}, {2}, {3}, {4}, {5}, {6}, {7}, {8}, {9}, {10}, {11}, {12}, {13}, {14}, {15}, {16}, {17}, {18}, {19}, {20}, {21}}
h {{2, 18, 56, 93, 181, 400, 731, 522, 1041, 567, 4385, 1037, 1241, 1492, 784, 800, 671, 365, 257, 42, 5315}, 20000}
nonH {{5355, 236, 377, 422, 721, 1017, 1586, 847, 1417, 656, 4294, 816, 769, 695, 316, 245, 151, 57, 21, 2, 0}, 20000}
hUndNonh {{5357, 254, 433, 515, 902, 1417, 2317, 1369, 2458, 1223, 8679, 1853, 2010, 2187, 1100, 1045, 822, 422, 278, 44, 5315}, 40000}
eu 0.1757596885201826
Dichte 0.4
evidenceSize 2
evidenceSize 3
evidenceSize 5
evidenceSize 7
evidenceSize 9
evidenceSize 10
evidenceSize 2
indexMenge2 {{1}, {2}, {3}, {4}, {5}, {6}, {7}, {8}, {9}, {10}, {11}, {12}, {13}, {14}, {15}, {16}, {17}, {18}, {19}, {20}, {21}}
ratioTruths {{0.0166, 0.020600858369098713}, {0.075, 0.06584362139917696}, {0.126, 0.11329661683713611}, {0.17600000000000002, 0.18574366004112405}, {0.22560000000000002, 0.20641947980077477}, {0.2752, 0.2755598831548199}, {0.3262, 0.3225671140939597}, {0.37520000000000003, 0.3801742919389978}, {0.42550000000000004, 0.4314789687924016}, {0.4746, 0.4634146341463415}, {0.5236000000000001, 0.5338391502276176}, {0.5744, 0.5690419365837027}, {0.6246, 0.6198915009041591}, {0.6737000000000001, 0.6764336542486395}, {0.7246, 0.7239685658153242}, {0.774, 0.7931793179317932}, {0.8238000000000001, 0.8150170648464163}, {0.8739, 0.8860062893081762}, {0.9249, 0.9339525283797729}, {0.9727, 0.9665271966527197}, {1., 1.}}
indexMenge2 {{1}, {2}, {3}, {4}, {5}, {6}, {7}, {8}, {9}, {10}, {11}, {12}, {13}, {14}, {15}, {16}, {17}, {18}, {19}, {20}, {21}}
h {{24, 64, 144, 271, 373, 566, 769, 1047, 1272, 1425, 1759, 1669, 1714, 1616, 1474, 1442, 1194, 1127, 905, 693, 452}, 20000}
nonH {{1141, 908, 1127, 1188, 1434, 1488, 1615, 1707, 1676, 1650, 1536, 1264, 1051, 773, 562, 376, 271, 145, 64, 24, 0}, 20000}
hUndNonh {{1165, 972, 1271, 1459, 1807, 2054, 2384, 2754, 2948, 3075, 3295, 2933, 2765, 2389, 2036, 1818, 1465, 1272, 969, 717, 452}, 40000}
eu 0.11767868399463899
evidenceSize 3
indexMenge2 {{1}, {2}, {3}, {4}, {5}, {6}, {7}, {8}, {9}, {10}, {11}, {12}, {13}, {14}, {15}, {16}, {17}, {18}, {19}, {20}, {21}}
ratioTruths {{0.0119, 0.017259414225941423}, {0.0751, 0.08026440037771483}, {0.12560000000000002, 0.11054421768707483}, {0.1751, 0.17726657645466848}, {0.22460000000000002, 0.2363955529549444}, {0.2755, 0.2766169154228856}, {0.3252, 0.35553595059550064}, {0.3754, 0.3756345177664975}, {0.42510000000000003, 0.43500180050414117}, {0.4742, 0.48507200561995084}, {0.5225000000000001, 0.5129151291512916}, {0.5745, 0.5654393000364565}, {0.6242, 0.6226851851851852}, {0.6746, 0.6461742591773552}, {0.7239, 0.7209653092006033}, {0.7746000000000001, 0.7613504074505238}, {0.8245, 0.8246666666666667}, {0.8742000000000001, 0.8889837745516652}, {0.9248000000000001, 0.9193245778611632}, {0.9719000000000001, 0.9591078066914498}, {1., 1.}}
indexMenge2 {{1}, {2}, {3}, {4}, {5}, {6}, {7}, {8}, {9}, {10}, {11}, {12}, {13}, {14}, {15}, {16}, {17}, {18}, {19}, {20}, {21}}
h {{33, 85, 130, 262, 404, 556, 806, 962, 1208, 1381, 1668, 1551, 1614, 1461, 1434, 1308, 1237, 1041, 980, 774, 1105}, 20000}
nonH {{1879, 974, 1046, 1216, 1305, 1454, 1461, 1599, 1569, 1466, 1584, 1192, 978, 800, 555, 410, 263, 130, 86, 33, 0}, 20000}
hUndNonh {{1912, 1059, 1176, 1478, 1709, 2010, 2267, 2561, 2777, 2847, 3252, 2743, 2592, 2261, 1989, 1718, 1500, 1171, 1066, 807, 1105}, 40000}
eu 0.12829772968836753
evidenceSize 5
indexMenge2 {{1}, {2}, {3}, {4}, {5}, {6}, {7}, {8}, {9}, {10}, {11}, {12}, {13}, {14}, {15}, {16}, {17}, {18}, {19}, {20}, {21}}
ratioTruths {{0.0046, 0.006062355658198615}, {0.0746, 0.08059023836549375}, {0.1252, 0.1303964757709251}, {0.1746, 0.17296862429605792}, {0.22440000000000002, 0.22136422136422138}, {0.2752, 0.2649151614668856}, {0.32580000000000003, 0.33527413876758855}, {0.3743, 0.3878894251864853}, {0.4249, 0.4203921568627451}, {0.4733, 0.47726324572382145}, {0.5175000000000001, 0.5147385984427141}, {0.5737, 0.5781951817068192}, {0.6242, 0.6112747160286075}, {0.6735, 0.6632453567937439}, {0.7229, 0.7322033898305085}, {0.7728, 0.7789808917197453}, {0.8236, 0.8268199233716476}, {0.8739, 0.8689105403011514}, {0.9246000000000001, 0.9150837988826815}, {0.9706, 0.962432915921288}, {1., 1.}}
indexMenge2 {{1}, {2}, {3}, {4}, {5}, {6}, {7}, {8}, {9}, {10}, {11}, {12}, {13}, {14}, {15}, {16}, {17}, {18}, {19}, {20}, {21}}
h {{21, 71, 148, 215, 344, 484, 691, 884, 1072, 1144, 1851, 1416, 1453, 1357, 1296, 1223, 1079, 981, 819, 538, 2913}, 20000}
nonH {{3443, 810, 987, 1028, 1210, 1343, 1370, 1395, 1478, 1253, 1745, 1033, 924, 689, 474, 347, 226, 148, 76, 21, 0}, 20000}
hUndNonh {{3464, 881, 1135, 1243, 1554, 1827, 2061, 2279, 2550, 2397, 3596, 2449, 2377, 2046, 1770, 1570, 1305, 1129, 895, 559, 2913}, 40000}
eu 0.1612022971059274
evidenceSize 7
indexMenge2 {{1}, {2}, {3}, {4}, {5}, {6}, {7}, {8}, {9}, {10}, {11}, {12}, {13}, {14}, {15}, {16}, {17}, {18}, {19}, {20}, {21}}
ratioTruths {{0.0017000000000000001, 0.0026375282592313487}, {0.076, 0.08144796380090498}, {0.1254, 0.1276595744680851}, {0.1738, 0.16751269035532995}, {0.22190000000000001, 0.2407254740313273}, {0.2738, 0.27603513174404015}, {0.3262, 0.31862493586454593}, {0.3739, 0.36903499469777307}, {0.4229, 0.4137044967880086}, {0.47140000000000004, 0.4810810810810811}, {0.5114000000000001, 0.50773369199731}, {0.5730000000000001, 0.5826426133593369}, {0.6219, 0.6272977941176471}, {0.6722, 0.676019057702488}, {0.7210000000000001, 0.7224489795918367}, {0.7701, 0.7617905675459632}, {0.8218000000000001, 0.8165938864628821}, {0.8726, 0.8652729384436701}, {0.9218000000000001, 0.9241773962804005}, {0.9672000000000001, 0.9461279461279462}, {1., 1.}}
indexMenge2 {{1}, {2}, {3}, {4}, {5}, {6}, {7}, {8}, {9}, {10}, {11}, {12}, {13}, {14}, {15}, {16}, {17}, {18}, {19}, {20}, {21}}
h {{14, 54, 114, 165, 292, 440, 621, 696, 966, 890, 2265, 1195, 1365, 1277, 1062, 953, 935, 745, 646, 281, 5024}, 20000}
nonH {{5294, 609, 779, 820, 921, 1154, 1328, 1190, 1369, 960, 2196, 856, 811, 612, 408, 298, 210, 116, 53, 16, 0}, 20000}
hUndNonh {{5308, 663, 893, 985, 1213, 1594, 1949, 1886, 2335, 1850, 4461, 2051, 2176, 1889, 1470, 1251, 1145, 861, 699, 297, 5024}, 40000}
eu 0.19374771533997703
evidenceSize 9
indexMenge2 {{1}, {2}, {3}, {4}, {5}, {6}, {7}, {8}, {9}, {10}, {11}, {12}, {13}, {14}, {15}, {16}, {17}, {18}, {19}, {20}, {21}}
ratioTruths {{0.0005, 0.000580130529369108}, {0.0758, 0.07692307692307693}, {0.1265, 0.13689482470784642}, {0.17270000000000002, 0.18059701492537314}, {0.21730000000000002, 0.2259941804073715}, {0.2697, 0.28431372549019607}, {0.32730000000000004, 0.3241869918699187}, {0.3728, 0.37592867756315007}, {0.4208, 0.4368081180811808}, {0.46780000000000005, 0.48}, {0.5065000000000001, 0.5032190708195581}, {0.5715, 0.5591267434808975}, {0.6187, 0.6105769230769231}, {0.6707000000000001, 0.6712619300106044}, {0.7196, 0.7127468581687613}, {0.7659, 0.75}, {0.8181, 0.813735691987513}, {0.8705, 0.8686514886164624}, {0.921, 0.9088785046728972}, {0.9625, 0.9629629629629629}, {1., 1.}}
indexMenge2 {{1}, {2}, {3}, {4}, {5}, {6}, {7}, {8}, {9}, {10}, {11}, {12}, {13}, {14}, {15}, {16}, {17}, {18}, {19}, {20}, {21}}
h {{4, 30, 82, 121, 233, 406, 638, 506, 947, 588, 2892, 922, 1143, 1266, 794, 861, 782, 496, 389, 104, 6796}, 20000}
nonH {{6891, 360, 517, 549, 798, 1022, 1330, 840, 1221, 637, 2855, 727, 729, 620, 320, 287, 179, 75, 39, 4, 0}, 20000}
hUndNonh {{6895, 390, 599, 670, 1031, 1428, 1968, 1346, 2168, 1225, 5747, 1649, 1872, 1886, 1114, 1148, 961, 571, 428, 108, 6796}, 40000}
eu 0.21717604607192004
evidenceSize 10
indexMenge2 {{1}, {2}, {3}, {4}, {5}, {6}, {7}, {8}, {9}, {10}, {11}, {12}, {13}, {14}, {15}, {16}, {17}, {18}, {19}, {20}, {21}}
ratioTruths {{0.00030000000000000003, 0.0005105296745373325}, {0.0767, 0.07296137339055794}, {0.1258, 0.13680154142581888}, {0.1713, 0.16666666666666666}, {0.21430000000000002, 0.24246231155778894}, {0.2674, 0.2863036303630363}, {0.32830000000000004, 0.3359298928919182}, {0.3723, 0.3839458413926499}, {0.4197, 0.41579210394802596}, {0.4672, 0.4306987399770905}, {0.504, 0.5088686838575048}, {0.5710000000000001, 0.5564229950319376}, {0.6167, 0.6283783783783784}, {0.6697000000000001, 0.6607233825776873}, {0.7188, 0.7100115074798619}, {0.7625000000000001, 0.7326086956521739}, {0.8168000000000001, 0.80622009569378}, {0.8714000000000001, 0.8568507157464212}, {0.9195000000000001, 0.9267399267399268}, {0.9624, 0.9272727272727272}, {1., 1.}}
indexMenge2 {{1}, {2}, {3}, {4}, {5}, {6}, {7}, {8}, {9}, {10}, {11}, {12}, {13}, {14}, {15}, {16}, {17}, {18}, {19}, {20}, {21}}
h {{4, 17, 71, 85, 193, 347, 690, 397, 832, 376, 3414, 784, 1023, 1297, 617, 674, 674, 419, 253, 51, 7782}, 20000}
nonH {{7831, 216, 448, 425, 603, 865, 1364, 637, 1169, 497, 3295, 625, 605, 666, 252, 246, 162, 70, 20, 4, 0}, 20000}
hUndNonh {{7835, 233, 519, 510, 796, 1212, 2054, 1034, 2001, 873, 6709, 1409, 1628, 1963, 869, 920, 836, 489, 273, 55, 7782}, 40000}
eu 0.2317345659150162
Dichte 0.45
evidenceSize 2
evidenceSize 3
evidenceSize 5
evidenceSize 7
evidenceSize 9
evidenceSize 10
evidenceSize 2
indexMenge2 {{1}, {2}, {3}, {4}, {5}, {6}, {7}, {8}, {9}, {10}, {11}, {12}, {13}, {14}, {15}, {16}, {17}, {18}, {19}, {20}, {21}}
ratioTruths {{0.0151, 0.015426997245179064}, {0.0763, 0.06590509666080843}, {0.1253, 0.11617961511047754}, {0.1752, 0.17412333736396615}, {0.2252, 0.22663802363050484}, {0.2751, 0.28112449799196787}, {0.3252, 0.3305640577175339}, {0.37560000000000004, 0.375}, {0.4252, 0.43285821455363843}, {0.47500000000000003, 0.4919847328244275}, {0.5232, 0.5074626865671642}, {0.5745, 0.5651515151515152}, {0.6241, 0.6266077170418006}, {0.6746, 0.6691531373409391}, {0.7245, 0.7178841309823678}, {0.7742, 0.771505376344086}, {0.8244, 0.8273596176821983}, {0.8746, 0.8831076265146115}, {0.9236000000000001, 0.9340369393139841}, {0.9736, 0.9732569245463228}, {1., 1.}}
indexMenge2 {{1}, {2}, {3}, {4}, {5}, {6}, {7}, {8}, {9}, {10}, {11}, {12}, {13}, {14}, {15}, {16}, {17}, {18}, {19}, {20}, {21}}
h {{28, 75, 163, 288, 422, 560, 756, 924, 1154, 1289, 1428, 1492, 1559, 1525, 1425, 1435, 1385, 1239, 1062, 1019, 772}, 20000}
nonH {{1787, 1063, 1240, 1366, 1440, 1432, 1531, 1540, 1512, 1331, 1386, 1148, 929, 754, 560, 425, 289, 164, 75, 28, 0}, 20000}
hUndNonh {{1815, 1138, 1403, 1654, 1862, 1992, 2287, 2464, 2666, 2620, 2814, 2640, 2488, 2279, 1985, 1860, 1674, 1403, 1137, 1047, 772}, 40000}
eu 0.13743405143650914
evidenceSize 3
indexMenge2 {{1}, {2}, {3}, {4}, {5}, {6}, {7}, {8}, {9}, {10}, {11}, {12}, {13}, {14}, {15}, {16}, {17}, {18}, {19}, {20}, {21}}
ratioTruths {{0.0099, 0.013915732508697333}, {0.0755, 0.0768}, {0.12560000000000002, 0.1152388172858226}, {0.17450000000000002, 0.1823568136932192}, {0.22440000000000002, 0.22786304604486424}, {0.27490000000000003, 0.268586387434555}, {0.32480000000000003, 0.3382830626450116}, {0.37520000000000003, 0.3748326639892905}, {0.42450000000000004, 0.42834707499018454}, {0.4742, 0.47743925954492866}, {0.5224, 0.5203527815468114}, {0.5747, 0.5736589271417134}, {0.624, 0.6208097518502395}, {0.6749, 0.6606060606060606}, {0.7243, 0.7284803400637619}, {0.7743, 0.7755581668625147}, {0.8247, 0.81399870382372}, {0.8739, 0.8841786525359576}, {0.9241, 0.9236883942766295}, {0.9715, 0.960352422907489}, {1., 1.}}
indexMenge2 {{1}, {2}, {3}, {4}, {5}, {6}, {7}, {8}, {9}, {10}, {11}, {12}, {13}, {14}, {15}, {16}, {17}, {18}, {19}, {20}, {21}}
h {{36, 96, 152, 277, 386, 513, 729, 840, 1091, 1238, 1534, 1433, 1426, 1417, 1371, 1320, 1256, 1168, 1162, 872, 1683}, 20000}
nonH {{2551, 1154, 1167, 1242, 1308, 1397, 1426, 1401, 1456, 1355, 1414, 1065, 871, 728, 511, 382, 287, 153, 96, 36, 0}, 20000}
hUndNonh {{2587, 1250, 1319, 1519, 1694, 1910, 2155, 2241, 2547, 2593, 2948, 2498, 2297, 2145, 1882, 1702, 1543, 1321, 1258, 908, 1683}, 40000}
eu 0.15172373020737848
evidenceSize 5
indexMenge2 {{1}, {2}, {3}, {4}, {5}, {6}, {7}, {8}, {9}, {10}, {11}, {12}, {13}, {14}, {15}, {16}, {17}, {18}, {19}, {20}, {21}}
ratioTruths {{0.0041, 0.0037190986654998905}, {0.0758, 0.06498545101842872}, {0.1255, 0.10508757297748124}, {0.1744, 0.17876658860265418}, {0.22340000000000002, 0.21829105473965288}, {0.2738, 0.2646720368239356}, {0.32480000000000003, 0.31981279251170047}, {0.3739, 0.37360298030867484}, {0.4244, 0.41475483580746736}, {0.4727, 0.4831081081081081}, {0.5172, 0.5104134286602424}, {0.5734, 0.5939597315436241}, {0.6238, 0.6141654284299158}, {0.6741, 0.6788747346072187}, {0.7233, 0.7334137515078407}, {0.7724000000000001, 0.778360655737705}, {0.8232, 0.8176555716353111}, {0.8736, 0.8926458157227388}, {0.9234, 0.9344729344729344}, {0.9692000000000001, 0.9727564102564102}, {1., 1.}}
indexMenge2 {{1}, {2}, {3}, {4}, {5}, {6}, {7}, {8}, {9}, {10}, {11}, {12}, {13}, {14}, {15}, {16}, {17}, {18}, {19}, {20}, {21}}
h {{17, 67, 126, 229, 327, 460, 615, 702, 922, 1001, 1642, 1239, 1240, 1279, 1216, 1187, 1130, 1056, 984, 607, 3954}, 20000}
nonH {{4554, 964, 1073, 1052, 1171, 1278, 1308, 1177, 1301, 1071, 1575, 847, 779, 605, 442, 338, 252, 127, 69, 17, 0}, 20000}
hUndNonh {{4571, 1031, 1199, 1281, 1498, 1738, 1923, 1879, 2223, 2072, 3217, 2086, 2019, 1884, 1658, 1525, 1382, 1183, 1053, 624, 3954}, 40000}
eu 0.19634254296361955
evidenceSize 7
indexMenge2 {{1}, {2}, {3}, {4}, {5}, {6}, {7}, {8}, {9}, {10}, {11}, {12}, {13}, {14}, {15}, {16}, {17}, {18}, {19}, {20}, {21}}
ratioTruths {{0.0013000000000000002, 0.0007601094557616296}, {0.0758, 0.09361069836552749}, {0.1247, 0.11738148984198646}, {0.1726, 0.176}, {0.2202, 0.2357142857142857}, {0.2715, 0.2615062761506276}, {0.3254, 0.3219178082191781}, {0.37360000000000004, 0.36069651741293535}, {0.4223, 0.4283639883833495}, {0.4708, 0.47365079365079366}, {0.5107, 0.510353227771011}, {0.5723, 0.5690448791714614}, {0.6209, 0.6290571870170015}, {0.6729, 0.6729832160259881}, {0.7218, 0.7342378292098962}, {0.7696000000000001, 0.7632241813602015}, {0.8217, 0.811787072243346}, {0.8733000000000001, 0.8760139049826188}, {0.9222, 0.9067796610169492}, {0.9669000000000001, 0.9818840579710145}, {1., 1.}}
indexMenge2 {{1}, {2}, {3}, {4}, {5}, {6}, {7}, {8}, {9}, {10}, {11}, {12}, {13}, {14}, {15}, {16}, {17}, {18}, {19}, {20}, {21}}
h {{5, 63, 104, 154, 264, 375, 611, 580, 885, 746, 2095, 989, 1221, 1243, 920, 909, 854, 756, 642, 271, 6313}, 20000}
nonH {{6573, 610, 782, 721, 856, 1059, 1287, 1028, 1181, 829, 2010, 749, 720, 604, 333, 282, 198, 107, 66, 5, 0}, 20000}
hUndNonh {{6578, 673, 886, 875, 1120, 1434, 1898, 1608, 2066, 1575, 4105, 1738, 1941, 1847, 1253, 1191, 1052, 863, 708, 276, 6313}, 40000}
eu 0.2233232747700622
evidenceSize 9
indexMenge2 {{1}, {2}, {3}, {4}, {5}, {6}, {7}, {8}, {9}, {10}, {11}, {12}, {13}, {14}, {15}, {16}, {17}, {18}, {19}, {20}, {21}}
ratioTruths {{0.0004, 0.00012178784557301182}, {0.0756, 0.09686609686609686}, {0.1257, 0.11428571428571428}, {0.17200000000000001, 0.18120805369127516}, {0.2162, 0.20555555555555555}, {0.2682, 0.24494745351657235}, {0.3276, 0.31805929919137466}, {0.3719, 0.3838475499092559}, {0.4199, 0.4180371352785146}, {0.4677, 0.45825049701789267}, {0.5056, 0.5062698858319297}, {0.5710000000000001, 0.5781818181818181}, {0.6184000000000001, 0.6088807785888077}, {0.6703, 0.6826758147512865}, {0.7192000000000001, 0.7473002159827213}, {0.7643000000000001, 0.7709772951628825}, {0.8178000000000001, 0.8157602663706992}, {0.8715, 0.8785942492012779}, {0.9204, 0.910941475826972}, {0.9614, 0.9797979797979798}, {1., 1.}}
indexMenge2 {{1}, {2}, {3}, {4}, {5}, {6}, {7}, {8}, {9}, {10}, {11}, {12}, {13}, {14}, {15}, {16}, {17}, {18}, {19}, {20}, {21}}
h {{1, 34, 76, 108, 185, 303, 590, 423, 788, 461, 2705, 795, 1001, 1194, 692, 781, 735, 550, 358, 97, 8123}, 20000}
nonH {{8210, 317, 589, 488, 715, 934, 1265, 679, 1097, 545, 2638, 580, 643, 555, 234, 232, 166, 76, 35, 2, 0}, 20000}
hUndNonh {{8211, 351, 665, 596, 900, 1237, 1855, 1102, 1885, 1006, 5343, 1375, 1644, 1749, 926, 1013, 901, 626, 393, 99, 8123}, 40000}
eu 0.25172190611202183
evidenceSize 10
indexMenge2 {{1}, {2}, {3}, {4}, {5}, {6}, {7}, {8}, {9}, {10}, {11}, {12}, {13}, {14}, {15}, {16}, {17}, {18}, {19}, {20}, {21}}
ratioTruths {{0.0001, 0.0002207261891623441}, {0.0775, 0.05172413793103448}, {0.1264, 0.1157684630738523}, {0.1711, 0.16122004357298475}, {0.2127, 0.21455938697318008}, {0.2667, 0.2741652021089631}, {0.329, 0.32397408207343414}, {0.37220000000000003, 0.3818615751789976}, {0.4188, 0.4011363636363636}, {0.46730000000000005, 0.4469914040114613}, {0.5036, 0.5052195526097764}, {0.5704, 0.5822454308093995}, {0.6154000000000001, 0.6245686680469289}, {0.6692, 0.6728603603603603}, {0.7189, 0.7084967320261438}, {0.7617, 0.7600459242250287}, {0.8154, 0.8238841978287093}, {0.8701000000000001, 0.8869565217391304}, {0.9179, 0.9316546762589928}, {0.9628000000000001, 0.9459459459459459}, {1., 1.}}
indexMenge2 {{1}, {2}, {3}, {4}, {5}, {6}, {7}, {8}, {9}, {10}, {11}, {12}, {13}, {14}, {15}, {16}, {17}, {18}, {19}, {20}, {21}}
h {{2, 12, 58, 74, 168, 312, 600, 320, 706, 312, 3049, 669, 905, 1195, 542, 662, 683, 408, 259, 35, 9029}, 20000}
nonH {{9059, 220, 443, 385, 615, 826, 1252, 518, 1054, 386, 2986, 480, 544, 581, 223, 209, 146, 52, 19, 2, 0}, 20000}
hUndNonh {{9061, 232, 501, 459, 783, 1138, 1852, 838, 1760, 698, 6035, 1149, 1449, 1776, 765, 871, 829, 460, 278, 37, 9029}, 40000}
eu 0.26472440507563055
