/home/kit/itz/qb3892/DebSim_HC3/
/home/kit/itz/qb3892/Genese_09_2017/Merged/
{Data_Acc_0.6.txt}
/home/kit/itz/qb3892/Genese_09_2017/Ana1/14_09_2017/
b
f
Mit
Package path /pfs/data1/home/kit/itz/qb3892/DebSim_HC3/DebateDynamics/Kernel/init.m
Loading additional packages...

General::obspkg: PlotLegends` is now obsolete. The legacy version being loaded may conflict with current functionality. See the Compatibility Guide for updating information.

Set::write: Tag ListLinePlot in SyntaxInformation[ListLinePlot] is Protected.

General::obspkg: PlotLegends` is now obsolete. The legacy version being loaded may conflict with current functionality. See the Compatibility Guide for updating information.
Einzulesende Datei /home/kit/itz/qb3892/Genese_09_2017/Merged/Data_Acc_0.6.txt
Dichte 0.15
evidenceSize 2
evidenceSize 3
evidenceSize 5
evidenceSize 7
evidenceSize 9
evidenceSize 10
evidenceSize 2
Alpha 0.05 Beta 0.9353 DOJC 0.2156
evidenceSize 3
Alpha 0.05 Beta 0.9349 DOJC 0.264
evidenceSize 5
Alpha 0.05 Beta 0.93075 DOJC 0.3497
evidenceSize 7
Alpha 0.05 Beta 0.9209 DOJC 0.4456
evidenceSize 9
Alpha 0.05 Beta 0.91885 DOJC 0.6452
evidenceSize 10
Alpha 0.05 Beta 0.905 DOJC 1.
Dichte 0.2
evidenceSize 2
evidenceSize 3
evidenceSize 5
evidenceSize 7
evidenceSize 9
evidenceSize 10
evidenceSize 2
Alpha 0.05 Beta 0.9343 DOJC 0.2611
evidenceSize 3
Alpha 0.05 Beta 0.93125 DOJC 0.31920000000000004
evidenceSize 5
Alpha 0.05 Beta 0.9235 DOJC 0.4365
evidenceSize 7
Alpha 0.05 Beta 0.9145 DOJC 0.5678000000000001
evidenceSize 9
Alpha 0.05 Beta 0.88855 DOJC 1.
evidenceSize 10
Alpha 0.05 Beta 0.86915 DOJC 1.
Dichte 0.25
evidenceSize 2
evidenceSize 3
evidenceSize 5
evidenceSize 7
evidenceSize 9
evidenceSize 10
evidenceSize 2
Alpha 0.05 Beta 0.92995 DOJC 0.2934
evidenceSize 3
Alpha 0.05 Beta 0.92255 DOJC 0.3613
evidenceSize 5
Alpha 0.05 Beta 0.9241 DOJC 0.5352
evidenceSize 7
Alpha 0.05 Beta 0.9079 DOJC 0.8438
evidenceSize 9
Alpha 0.05 Beta 0.8595 DOJC 1.
evidenceSize 10
Alpha 0.05 Beta 0.8383 DOJC 1.
Dichte 0.3
evidenceSize 2
evidenceSize 3
evidenceSize 5
evidenceSize 7
evidenceSize 9
evidenceSize 10
evidenceSize 2
Alpha 0.05 Beta 0.9306 DOJC 0.34550000000000003
evidenceSize 3
Alpha 0.05 Beta 0.9253 DOJC 0.439
evidenceSize 5
Alpha 0.05 Beta 0.91425 DOJC 0.6416000000000001
evidenceSize 7
Alpha 0.05 Beta 0.8803 DOJC 1.
evidenceSize 9
Alpha 0.05 Beta 0.81765 DOJC 1.
evidenceSize 10
Alpha 0.05 Beta 0.78765 DOJC 1.
Dichte 0.4
evidenceSize 2
evidenceSize 3
evidenceSize 5
evidenceSize 7
evidenceSize 9
evidenceSize 10
evidenceSize 2
Alpha 0.05 Beta 0.9171 DOJC 0.43670000000000003
evidenceSize 3
Alpha 0.05 Beta 0.90915 DOJC 0.5842
evidenceSize 5
Alpha 0.05 Beta 0.88015 DOJC 1.
evidenceSize 7
Alpha 0.05 Beta 0.80295 DOJC 1.
evidenceSize 9
Alpha 0.05 Beta 0.7281 DOJC 1.
evidenceSize 10
Alpha 0.05 Beta 0.69855 DOJC 1.
Dichte 0.45
evidenceSize 2
evidenceSize 3
evidenceSize 5
evidenceSize 7
evidenceSize 9
evidenceSize 10
evidenceSize 2
Alpha 0.05 Beta 0.9099 DOJC 0.5057
evidenceSize 3
Alpha 0.05 Beta 0.894 DOJC 0.6574
evidenceSize 5
Alpha 0.05 Beta 0.83755 DOJC 1.
evidenceSize 7
Alpha 0.05 Beta 0.75205 DOJC 1.
evidenceSize 9
Alpha 0.05 Beta 0.67985 DOJC 1.
evidenceSize 10
Alpha 0.05 Beta 0.64935 DOJC 1.
