/home/kit/itz/qb3892/DebSim_HC3/
/home/kit/itz/qb3892/Genese_09_2017/Merged/
{Data_Acc_0.8.txt}
/home/kit/itz/qb3892/Genese_09_2017/Ana1/14_09_2017/
c
z
Mit
Package path /pfs/data1/home/kit/itz/qb3892/DebSim_HC3/DebateDynamics/Kernel/init.m
Loading additional packages...

General::obspkg: PlotLegends` is now obsolete. The legacy version being loaded may conflict with current functionality. See the Compatibility Guide for updating information.

Set::write: Tag ListLinePlot in SyntaxInformation[ListLinePlot] is Protected.

General::obspkg: PlotLegends` is now obsolete. The legacy version being loaded may conflict with current functionality. See the Compatibility Guide for updating information.
Einzulesende Datei /home/kit/itz/qb3892/Genese_09_2017/Merged/Data_Acc_0.8.txt
Dichte 0.15
evidenceSize 2
evidenceSize 3
evidenceSize 5
evidenceSize 7
evidenceSize 9
evidenceSize 10
evidenceSize 2
indexMenge2 {{1}, {2}, {3}, {4}, {5}, {6}, {7}, {8}, {9}, {10}, {11}, {12}, {13}, {14}, {15}, {16}, {17}, {18}, {19}, {21}}
ratioTruths {{-0.9993000000000001, 0.2898550724637681}, {-0.8350000000000001, 0.09523809523809523}, {-0.7426, 0.18518518518518517}, {-0.6445000000000001, 0.16666666666666666}, {-0.5455, 0.23703703703703705}, {-0.44630000000000003, 0.2720306513409962}, {-0.3443, 0.3003246753246753}, {-0.2416, 0.38698140200286124}, {-0.1429, 0.45059838575006955}, {-0.0327, 0.5072924305385806}, {0.0261, 0.49417583132686926}, {0.1429, 0.5494016142499304}, {0.2416, 0.6130185979971388}, {0.3443, 0.6996753246753247}, {0.44630000000000003, 0.7279693486590039}, {0.5455, 0.762962962962963}, {0.6445000000000001, 0.8333333333333334}, {0.7426, 0.8148148148148148}, {0.8350000000000001, 0.9047619047619048}, {1., 0.7058823529411765}}
indexMenge2 {{1}, {2}, {3}, {4}, {5}, {6}, {7}, {8}, {9}, {10}, {11}, {12}, {13}, {14}, {15}, {16}, {17}, {18}, {19}, {21}}
h {{20, 2, 5, 10, 32, 71, 185, 541, 1619, 6226, 7594, 1974, 857, 431, 190, 103, 50, 22, 19, 1, 48}, 20000}
nonH {{49, 19, 22, 50, 103, 190, 431, 857, 1974, 6047, 7773, 1619, 541, 185, 71, 32, 10, 5, 2, 0, 20}, 20000}
hUndNonh {{69, 21, 27, 60, 135, 261, 616, 1398, 3593, 12273, 15367, 3593, 1398, 616, 261, 135, 60, 27, 21, 1, 68}, 40000}
eu 0.009041991517139022
evidenceSize 3
indexMenge2 {{1}, {3}, {4}, {5}, {6}, {7}, {8}, {9}, {10}, {11}, {12}, {13}, {14}, {15}, {16}, {17}, {18}, {21}}
ratioTruths {{-1., 0.25139664804469275}, {-0.7485, 0.23809523809523808}, {-0.6442, 0.1834862385321101}, {-0.5438000000000001, 0.26}, {-0.44480000000000003, 0.2926829268292683}, {-0.3438, 0.32459425717852686}, {-0.2431, 0.3948065712771595}, {-0.1443, 0.45703125}, {-0.0379, 0.5}, {0.0297, 0.4999628832306436}, {0.1443, 0.5430737422467264}, {0.2431, 0.6051934287228405}, {0.3438, 0.6754057428214731}, {0.44480000000000003, 0.7073170731707317}, {0.5438000000000001, 0.74}, {0.6442, 0.8165137614678899}, {0.7485, 0.7619047619047619}, {1., 0.7486033519553073}}
indexMenge2 {{1}, {3}, {4}, {5}, {6}, {7}, {8}, {9}, {10}, {11}, {12}, {13}, {14}, {15}, {16}, {17}, {18}, {21}}
h {{45, 3, 10, 20, 52, 120, 260, 745, 1989, 5274, 6735, 2364, 1142, 541, 290, 148, 89, 32, 7, 0, 134}, 20000}
nonH {{134, 7, 32, 89, 148, 290, 541, 1142, 2363, 5274, 6736, 1989, 745, 260, 120, 52, 20, 10, 3, 0, 45}, 20000}
hUndNonh {{179, 10, 42, 109, 200, 410, 801, 1887, 4352, 10548, 13471, 4353, 1887, 801, 410, 200, 109, 42, 10, 0, 179}, 40000}
eu 0.010758663074084171
evidenceSize 5
indexMenge2 {{1}, {2}, {3}, {4}, {5}, {6}, {7}, {8}, {9}, {10}, {11}, {12}, {13}, {14}, {15}, {16}, {17}, {18}, {19}, {21}}
ratioTruths {{-0.9993000000000001, 0.24267100977198697}, {-0.8421000000000001, 0.14285714285714285}, {-0.7403000000000001, 0.18333333333333332}, {-0.6423, 0.310126582278481}, {-0.5452, 0.2732732732732733}, {-0.44270000000000004, 0.30033003300330036}, {-0.34450000000000003, 0.3672075149444919}, {-0.2431, 0.41889699918897}, {-0.1452, 0.4697891321978913}, {-0.044700000000000004, 0.5067220728428257}, {0.033, 0.4949914267665373}, {0.1451, 0.5303061017636327}, {0.2431, 0.5811030008110301}, {0.34450000000000003, 0.6327924850555081}, {0.44270000000000004, 0.6996699669966997}, {0.5452, 0.7267267267267268}, {0.6423, 0.689873417721519}, {0.7403000000000001, 0.8166666666666667}, {0.8421000000000001, 0.8571428571428571}, {1., 0.7582236842105263}}
indexMenge2 {{1}, {2}, {3}, {4}, {5}, {6}, {7}, {8}, {9}, {10}, {11}, {12}, {13}, {14}, {15}, {16}, {17}, {18}, {19}, {21}}
h {{149, 4, 11, 49, 91, 182, 430, 1033, 2317, 4146, 5485, 2616, 1433, 741, 424, 242, 109, 49, 24, 4, 461}, 20000}
nonH {{465, 24, 49, 109, 242, 424, 741, 1433, 2615, 4036, 5596, 2317, 1033, 430, 182, 91, 49, 11, 4, 2, 147}, 20000}
hUndNonh {{614, 28, 60, 158, 333, 606, 1171, 2466, 4932, 8182, 11081, 4933, 2466, 1171, 606, 333, 158, 60, 28, 6, 608}, 40000}
eu 0.013887154833958115
evidenceSize 7
indexMenge2 {{1}, {2}, {3}, {4}, {5}, {6}, {7}, {8}, {9}, {10}, {11}, {12}, {13}, {14}, {15}, {16}, {17}, {18}, {19}, {21}}
ratioTruths {{-0.9999, 0.22793553338449732}, {-0.8328, 0.07407407407407407}, {-0.7421, 0.10227272727272728}, {-0.6487, 0.19791666666666666}, {-0.5438000000000001, 0.309462915601023}, {-0.44520000000000004, 0.3245125348189415}, {-0.3447, 0.3945427728613569}, {-0.24430000000000002, 0.42846441947565544}, {-0.1451, 0.4913522012578616}, {-0.047400000000000005, 0.5018587360594795}, {0.0332, 0.49864696086594507}, {0.14500000000000002, 0.5088443396226415}, {0.24430000000000002, 0.5713216023961063}, {0.3447, 0.605457227138643}, {0.44520000000000004, 0.6754874651810585}, {0.5438000000000001, 0.690537084398977}, {0.6487, 0.8020833333333334}, {0.7421, 0.8977272727272727}, {0.8328, 0.9259259259259259}, {1., 0.771889400921659}}
indexMenge2 {{1}, {2}, {3}, {4}, {5}, {6}, {7}, {8}, {9}, {10}, {11}, {12}, {13}, {14}, {15}, {16}, {17}, {18}, {19}, {21}}
h {{297, 2, 9, 38, 121, 233, 535, 1144, 2500, 3375, 4791, 2589, 1526, 821, 485, 270, 154, 79, 25, 1, 1005}, 20000}
nonH {{1006, 25, 79, 154, 270, 485, 821, 1526, 2588, 3350, 4817, 2499, 1145, 535, 233, 121, 38, 9, 2, 0, 297}, 20000}
hUndNonh {{1303, 27, 88, 192, 391, 718, 1356, 2670, 5088, 6725, 9608, 5088, 2671, 1356, 718, 391, 192, 88, 27, 1, 1302}, 40000}
eu 0.019810879521591426
evidenceSize 9
indexMenge2 {{1}, {2}, {3}, {4}, {5}, {6}, {7}, {8}, {9}, {10}, {11}, {12}, {13}, {14}, {15}, {16}, {17}, {18}, {19}, {21}}
ratioTruths {{-0.9999, 0.2276605298607993}, {-0.8317, 0.2}, {-0.7417, 0.24675324675324675}, {-0.6447, 0.2558139534883721}, {-0.5446, 0.32044198895027626}, {-0.4451, 0.36324786324786323}, {-0.34490000000000004, 0.38522238163558103}, {-0.2436, 0.45861944344054933}, {-0.14550000000000002, 0.4806}, {-0.0502, 0.5129170230966638}, {0.0337, 0.49145740167411994}, {0.1454, 0.5191923230707717}, {0.2436, 0.5413805565594507}, {0.34490000000000004, 0.6147776183644189}, {0.4451, 0.6367521367521367}, {0.5446, 0.6795580110497238}, {0.6447, 0.7441860465116279}, {0.7417, 0.7532467532467533}, {0.8317, 0.8}, {1., 0.7724820143884892}}
indexMenge2 {{1}, {2}, {3}, {4}, {5}, {6}, {7}, {8}, {9}, {10}, {11}, {12}, {13}, {14}, {15}, {16}, {17}, {18}, {19}, {21}}
h {{507, 3, 19, 44, 116, 255, 537, 1269, 2403, 2998, 4286, 2597, 1498, 857, 447, 246, 128, 58, 12, 2, 1718}, 20000}
nonH {{1720, 12, 58, 128, 246, 447, 857, 1498, 2597, 2847, 4435, 2405, 1269, 537, 255, 116, 44, 19, 3, 1, 506}, 20000}
hUndNonh {{2227, 15, 77, 172, 362, 702, 1394, 2767, 5000, 5845, 8721, 5002, 2767, 1394, 702, 362, 172, 77, 15, 3, 2224}, 40000}
eu 0.023226304974896132
evidenceSize 10
indexMenge2 {{1}, {2}, {3}, {4}, {5}, {6}, {7}, {8}, {9}, {10}, {11}, {12}, {13}, {14}, {15}, {16}, {17}, {18}, {19}, {21}}
ratioTruths {{-1., 0.22490566037735849}, {-0.8324, 0.0625}, {-0.7481, 0.19642857142857142}, {-0.642, 0.2711864406779661}, {-0.5442, 0.3085399449035813}, {-0.44380000000000003, 0.34492753623188405}, {-0.34640000000000004, 0.3995649021029732}, {-0.2439, 0.4469862018881627}, {-0.1459, 0.49645250295624754}, {-0.0514, 0.5184020713889402}, {0.033600000000000005, 0.48791394730481025}, {0.1458, 0.5035474970437525}, {0.2439, 0.5531760435571688}, {0.3463, 0.6008708272859217}, {0.44370000000000004, 0.6550724637681159}, {0.544, 0.6895604395604396}, {0.642, 0.7288135593220338}, {0.7481, 0.8035714285714286}, {0.8324, 0.9375}, {1., 0.7750094375235939}}
indexMenge2 {{1}, {2}, {3}, {4}, {5}, {6}, {7}, {8}, {9}, {10}, {11}, {12}, {13}, {14}, {15}, {16}, {17}, {18}, {19}, {21}}
h {{596, 1, 11, 48, 112, 238, 551, 1231, 2519, 2803, 4037, 2555, 1524, 828, 452, 251, 129, 45, 15, 1, 2053}, 20000}
nonH {{2054, 15, 45, 129, 251, 452, 828, 1523, 2555, 2604, 4237, 2519, 1231, 550, 238, 113, 48, 11, 1, 0, 596}, 20000}
hUndNonh {{2650, 16, 56, 177, 363, 690, 1379, 2754, 5074, 5407, 8274, 5074, 2755, 1378, 690, 364, 177, 56, 16, 1, 2649}, 40000}
eu 0.027103452966291686
Dichte 0.2
evidenceSize 2
evidenceSize 3
evidenceSize 5
evidenceSize 7
evidenceSize 9
evidenceSize 10
evidenceSize 2
indexMenge2 {{1}, {2}, {3}, {4}, {5}, {6}, {7}, {8}, {9}, {10}, {11}, {12}, {13}, {14}, {15}, {16}, {17}, {18}, {19}, {21}}
ratioTruths {{-0.9978, 0.21359223300970873}, {-0.8368, 0.08}, {-0.7437, 0.1346153846153846}, {-0.6474000000000001, 0.17391304347826086}, {-0.5445, 0.24299065420560748}, {-0.44420000000000004, 0.2894736842105263}, {-0.3421, 0.3227699530516432}, {-0.24330000000000002, 0.3799303944315545}, {-0.1433, 0.45861465366341586}, {-0.0378, 0.5146527836090352}, {0.0342, 0.4867128607325059}, {0.1433, 0.5413853463365842}, {0.24330000000000002, 0.6200696055684455}, {0.3421, 0.6772300469483568}, {0.44420000000000004, 0.7105263157894737}, {0.5445, 0.7570093457943925}, {0.6474000000000001, 0.8260869565217391}, {0.7437, 0.8653846153846154}, {0.8368, 0.92}, {1., 0.7777777777777778}}
indexMenge2 {{1}, {2}, {3}, {4}, {5}, {6}, {7}, {8}, {9}, {10}, {11}, {12}, {13}, {14}, {15}, {16}, {17}, {18}, {19}, {21}}
h {{22, 2, 7, 16, 52, 121, 275, 655, 1834, 6129, 6392, 2165, 1069, 577, 297, 162, 76, 45, 23, 4, 77}, 20000}
nonH {{81, 23, 45, 76, 162, 297, 577, 1069, 2165, 5780, 6741, 1834, 655, 275, 121, 52, 16, 7, 2, 0, 22}, 20000}
hUndNonh {{103, 25, 52, 92, 214, 418, 852, 1724, 3999, 11909, 13133, 3999, 1724, 852, 418, 214, 92, 52, 25, 4, 99}, 40000}
eu 0.012274388373522831
evidenceSize 3
indexMenge2 {{1}, {2}, {3}, {4}, {5}, {6}, {7}, {8}, {9}, {10}, {11}, {12}, {13}, {14}, {15}, {16}, {17}, {18}, {19}, {21}}
ratioTruths {{-0.9992000000000001, 0.20608108108108109}, {-0.8450000000000001, 0.17647058823529413}, {-0.7438, 0.17777777777777778}, {-0.6454000000000001, 0.25}, {-0.5457000000000001, 0.26047904191616766}, {-0.4454, 0.2815884476534296}, {-0.3448, 0.3696027633851468}, {-0.2431, 0.3933649289099526}, {-0.1439, 0.461864406779661}, {-0.0426, 0.5214581439967687}, {0.038, 0.4808610285508421}, {0.1439, 0.538135593220339}, {0.2431, 0.6066350710900474}, {0.3448, 0.6303972366148531}, {0.4454, 0.7184115523465704}, {0.5457000000000001, 0.7395209580838323}, {0.6454000000000001, 0.75}, {0.7438, 0.8222222222222222}, {0.8450000000000001, 0.8235294117647058}, {1., 0.7945205479452054}}
indexMenge2 {{1}, {2}, {3}, {4}, {5}, {6}, {7}, {8}, {9}, {10}, {11}, {12}, {13}, {14}, {15}, {16}, {17}, {18}, {19}, {21}}
h {{61, 9, 16, 46, 87, 156, 428, 830, 2180, 5164, 5339, 2540, 1280, 730, 398, 247, 138, 74, 42, 3, 232}, 20000}
nonH {{235, 42, 74, 138, 247, 398, 730, 1280, 2540, 4739, 5764, 2180, 830, 428, 156, 87, 46, 16, 9, 1, 60}, 20000}
hUndNonh {{296, 51, 90, 184, 334, 554, 1158, 2110, 4720, 9903, 11103, 4720, 2110, 1158, 554, 334, 184, 90, 51, 4, 292}, 40000}
eu 0.01520827347737147
evidenceSize 5
indexMenge2 {{1}, {2}, {3}, {4}, {5}, {6}, {7}, {8}, {9}, {10}, {11}, {12}, {13}, {14}, {15}, {16}, {17}, {18}, {19}, {20}, {21}}
ratioTruths {{-0.9991000000000001, 0.16830601092896175}, {-0.8447, 0.14285714285714285}, {-0.7471, 0.18181818181818182}, {-0.646, 0.23389830508474577}, {-0.5448000000000001, 0.22758620689655173}, {-0.4436, 0.339907192575406}, {-0.3461, 0.36662106703146374}, {-0.24530000000000002, 0.4129202871174915}, {-0.1448, 0.47064696485623003}, {-0.046400000000000004, 0.5071485305798252}, {0.04, 0.4937764074454722}, {0.1448, 0.5294469954082651}, {0.24530000000000002, 0.5870797128825085}, {0.3461, 0.6333789329685362}, {0.4436, 0.660092807424594}, {0.5448000000000001, 0.7724137931034483}, {0.646, 0.7661016949152543}, {0.7471, 0.8181818181818182}, {0.8447, 0.8571428571428571}, {0.9238000000000001, 0.9090909090909091}, {1., 0.8307522123893806}}
indexMenge2 {{1}, {2}, {3}, {4}, {5}, {6}, {7}, {8}, {9}, {10}, {11}, {12}, {13}, {14}, {15}, {16}, {17}, {18}, {19}, {20}, {21}}
h {{154, 11, 26, 69, 99, 293, 536, 1093, 2357, 3831, 4324, 2652, 1554, 926, 569, 336, 226, 117, 66, 10, 751}, 20000}
nonH {{761, 66, 117, 226, 336, 569, 926, 1554, 2651, 3723, 4433, 2357, 1093, 536, 293, 99, 69, 26, 11, 1, 153}, 20000}
hUndNonh {{915, 77, 143, 295, 435, 862, 1462, 2647, 5008, 7554, 8757, 5009, 2647, 1462, 862, 435, 295, 143, 77, 11, 904}, 40000}
eu 0.02510365323615739
evidenceSize 7
indexMenge2 {{1}, {2}, {3}, {4}, {5}, {6}, {7}, {8}, {9}, {10}, {11}, {12}, {13}, {14}, {15}, {16}, {17}, {18}, {19}, {20}, {21}}
ratioTruths {{-0.9995, 0.2073170731707317}, {-0.8351000000000001, 0.125}, {-0.7462000000000001, 0.23125}, {-0.644, 0.21103896103896103}, {-0.5488000000000001, 0.2745762711864407}, {-0.4441, 0.30561555075593955}, {-0.3458, 0.38875154511742893}, {-0.24480000000000002, 0.426994301994302}, {-0.1467, 0.48546511627906974}, {-0.0488, 0.5226251604621309}, {0.0409, 0.4810279870828848}, {0.1467, 0.5145348837209303}, {0.24480000000000002, 0.573005698005698}, {0.3458, 0.6112484548825711}, {0.4441, 0.6943844492440605}, {0.5488000000000001, 0.7254237288135593}, {0.644, 0.788961038961039}, {0.7462000000000001, 0.76875}, {0.8351000000000001, 0.875}, {0.9265, 0.9230769230769231}, {1., 0.791777896422851}}
indexMenge2 {{1}, {2}, {3}, {4}, {5}, {6}, {7}, {8}, {9}, {10}, {11}, {12}, {13}, {14}, {15}, {16}, {17}, {18}, {19}, {20}, {21}}
h {{391, 7, 37, 65, 162, 283, 629, 1199, 2338, 3257, 3575, 2478, 1609, 989, 643, 428, 243, 123, 49, 12, 1483}, 20000}
nonH {{1495, 49, 123, 243, 428, 643, 989, 1609, 2478, 2975, 3857, 2338, 1199, 629, 283, 162, 65, 37, 7, 1, 390}, 20000}
hUndNonh {{1886, 56, 160, 308, 590, 926, 1618, 2808, 4816, 6232, 7432, 4816, 2808, 1618, 926, 590, 308, 160, 56, 13, 1873}, 40000}
eu 0.031073253135828323
evidenceSize 9
indexMenge2 {{1}, {2}, {3}, {4}, {5}, {6}, {7}, {8}, {9}, {10}, {11}, {12}, {13}, {14}, {15}, {16}, {17}, {18}, {19}, {20}, {21}}
ratioTruths {{-0.9997, 0.20499657768651608}, {-0.8401000000000001, 0.2545454545454545}, {-0.741, 0.21768707482993196}, {-0.6461, 0.2714285714285714}, {-0.5458000000000001, 0.30783242258652094}, {-0.446, 0.3423913043478261}, {-0.34600000000000003, 0.40354090354090355}, {-0.24550000000000002, 0.44989339019189767}, {-0.1464, 0.4939503290171938}, {-0.0507, 0.5160328113348247}, {0.0415, 0.48689823278488725}, {0.1464, 0.5059447983014862}, {0.24550000000000002, 0.5502664298401421}, {0.34600000000000003, 0.5964590964590964}, {0.446, 0.657608695652174}, {0.5458000000000001, 0.692167577413479}, {0.6461, 0.7285714285714285}, {0.741, 0.782312925170068}, {0.8401000000000001, 0.7454545454545455}, {0.9258000000000001, 0.8181818181818182}, {1., 0.7949158364823085}}
indexMenge2 {{1}, {2}, {3}, {4}, {5}, {6}, {7}, {8}, {9}, {10}, {11}, {12}, {13}, {14}, {15}, {16}, {17}, {18}, {19}, {20}, {21}}
h {{599, 14, 32, 76, 169, 315, 661, 1266, 2327, 2768, 3196, 2383, 1549, 977, 605, 380, 204, 115, 41, 9, 2314}, 20000}
nonH {{2323, 41, 115, 204, 380, 605, 977, 1548, 2384, 2596, 3368, 2327, 1266, 661, 315, 169, 76, 32, 14, 2, 597}, 20000}
hUndNonh {{2922, 55, 147, 280, 549, 920, 1638, 2814, 4711, 5364, 6564, 4710, 2815, 1638, 920, 549, 280, 147, 55, 11, 2911}, 40000}
eu 0.035083267549098504
evidenceSize 10
indexMenge2 {{1}, {2}, {3}, {4}, {5}, {6}, {7}, {8}, {9}, {10}, {11}, {12}, {13}, {14}, {15}, {16}, {17}, {18}, {19}, {21}}
ratioTruths {{-0.9999, 0.2218232044198895}, {-0.8349000000000001, 0.21875}, {-0.7457, 0.2396694214876033}, {-0.6443, 0.2441860465116279}, {-0.5465, 0.2749003984063745}, {-0.4455, 0.37471264367816093}, {-0.3457, 0.4022627278441232}, {-0.24450000000000002, 0.4470667565745111}, {-0.1471, 0.506715228773048}, {-0.0499, 0.52}, {0.040400000000000005, 0.4838244714926329}, {0.1471, 0.49328477122695197}, {0.24450000000000002, 0.5529332434254889}, {0.3457, 0.5977372721558768}, {0.4455, 0.6252873563218391}, {0.5465, 0.7250996015936255}, {0.6443, 0.7558139534883721}, {0.7457, 0.7603305785123967}, {0.8349000000000001, 0.78125}, {1., 0.7779928117224219}}
indexMenge2 {{1}, {2}, {3}, {4}, {5}, {6}, {7}, {8}, {9}, {10}, {11}, {12}, {13}, {14}, {15}, {16}, {17}, {18}, {19}, {21}}
h {{803, 7, 29, 63, 138, 326, 640, 1326, 2226, 2626, 3021, 2167, 1640, 951, 544, 364, 195, 92, 25, 3, 2814}, 20000}
nonH {{2817, 25, 92, 195, 364, 544, 951, 1640, 2167, 2424, 3223, 2226, 1326, 640, 326, 138, 63, 29, 7, 0, 803}, 20000}
hUndNonh {{3620, 32, 121, 258, 502, 870, 1591, 2966, 4393, 5050, 6244, 4393, 2966, 1591, 870, 502, 258, 121, 32, 3, 3617}, 40000}
eu 0.037206449211703393
Dichte 0.25
evidenceSize 2
evidenceSize 3
evidenceSize 5
evidenceSize 7
evidenceSize 9
evidenceSize 10
evidenceSize 2
indexMenge2 {{1}, {2}, {3}, {4}, {5}, {6}, {7}, {8}, {9}, {10}, {11}, {12}, {13}, {14}, {15}, {16}, {17}, {18}, {19}, {20}, {21}}
ratioTruths {{-0.9889, 0.1592356687898089}, {-0.8483, 0.1694915254237288}, {-0.7465, 0.18627450980392157}, {-0.645, 0.20512820512820512}, {-0.545, 0.20192307692307693}, {-0.4459, 0.31156716417910446}, {-0.34440000000000004, 0.30544354838709675}, {-0.2437, 0.37551440329218105}, {-0.14300000000000002, 0.4504151291512915}, {-0.0412, 0.5120367865837165}, {0.0393, 0.48853388301984024}, {0.14300000000000002, 0.5495848708487084}, {0.2437, 0.6244855967078189}, {0.34440000000000004, 0.6945564516129032}, {0.4459, 0.6884328358208955}, {0.545, 0.7980769230769231}, {0.645, 0.7948717948717948}, {0.7465, 0.8137254901960784}, {0.8483, 0.8305084745762712}, {0.9355, 0.8518518518518519}, {1., 0.8384615384615385}}
indexMenge2 {{1}, {2}, {3}, {4}, {5}, {6}, {7}, {8}, {9}, {10}, {11}, {12}, {13}, {14}, {15}, {16}, {17}, {18}, {19}, {20}, {21}}
h {{25, 10, 19, 40, 63, 167, 303, 730, 1953, 5679, 5688, 2383, 1214, 689, 369, 249, 155, 83, 49, 23, 109}, 20000}
nonH {{132, 49, 83, 155, 249, 369, 689, 1214, 2383, 5412, 5955, 1953, 730, 303, 167, 63, 40, 19, 10, 4, 21}, 20000}
hUndNonh {{157, 59, 102, 195, 312, 536, 992, 1944, 4336, 11091, 11643, 4336, 1944, 992, 536, 312, 195, 102, 59, 27, 130}, 40000}
eu 0.017832950102197064
evidenceSize 3
indexMenge2 {{1}, {2}, {3}, {4}, {5}, {6}, {7}, {8}, {9}, {10}, {11}, {12}, {13}, {14}, {15}, {16}, {17}, {18}, {19}, {20}, {21}}
ratioTruths {{-0.9954000000000001, 0.1716937354988399}, {-0.8479, 0.16666666666666666}, {-0.7443000000000001, 0.18235294117647058}, {-0.647, 0.16538461538461538}, {-0.549, 0.227765726681128}, {-0.44630000000000003, 0.2827586206896552}, {-0.34490000000000004, 0.3250377073906486}, {-0.24530000000000002, 0.3984080435693339}, {-0.1447, 0.4452585304584467}, {-0.044700000000000004, 0.5198150594451784}, {0.0422, 0.4813006440889258}, {0.1447, 0.5547414695415532}, {0.24530000000000002, 0.6015919564306661}, {0.34490000000000004, 0.6749622926093515}, {0.44630000000000003, 0.7172413793103448}, {0.549, 0.7722342733188721}, {0.647, 0.8346153846153846}, {0.7443000000000001, 0.8176470588235294}, {0.8479, 0.8333333333333334}, {0.9387000000000001, 0.90625}, {1., 0.8220551378446115}}
indexMenge2 {{1}, {2}, {3}, {4}, {5}, {6}, {7}, {8}, {9}, {10}, {11}, {12}, {13}, {14}, {15}, {16}, {17}, {18}, {19}, {20}, {21}}
h {{74, 18, 31, 43, 105, 205, 431, 951, 2127, 4722, 4633, 2650, 1436, 895, 520, 356, 217, 139, 90, 29, 328}, 20000}
nonH {{357, 90, 139, 217, 356, 520, 895, 1436, 2650, 4362, 4993, 2127, 951, 431, 205, 105, 43, 31, 18, 3, 71}, 20000}
hUndNonh {{431, 108, 170, 260, 461, 725, 1326, 2387, 4777, 9084, 9626, 4777, 2387, 1326, 725, 461, 260, 170, 108, 32, 399}, 40000}
eu 0.025621422698786513
evidenceSize 5
indexMenge2 {{1}, {2}, {3}, {4}, {5}, {6}, {7}, {8}, {9}, {10}, {11}, {12}, {13}, {14}, {15}, {16}, {17}, {18}, {19}, {20}, {21}}
ratioTruths {{-0.9971000000000001, 0.20389105058365758}, {-0.8422000000000001, 0.19117647058823528}, {-0.7465, 0.19444444444444445}, {-0.6467, 0.20518867924528303}, {-0.5467000000000001, 0.2545454545454545}, {-0.4464, 0.29073170731707315}, {-0.3461, 0.3618059792556437}, {-0.2449, 0.42806770098730607}, {-0.1463, 0.4780405405405405}, {-0.0476, 0.5213776722090261}, {0.0441, 0.4802143446001649}, {0.1463, 0.5219594594594594}, {0.2449, 0.5719322990126939}, {0.3461, 0.6381940207443563}, {0.4464, 0.7092682926829268}, {0.5467000000000001, 0.7454545454545455}, {0.6467, 0.7948113207547169}, {0.7465, 0.8055555555555556}, {0.8422000000000001, 0.8088235294117647}, {0.9337000000000001, 0.8771929824561403}, {1., 0.7923452768729642}}
indexMenge2 {{1}, {2}, {3}, {4}, {5}, {6}, {7}, {8}, {9}, {10}, {11}, {12}, {13}, {14}, {15}, {16}, {17}, {18}, {19}, {20}, {21}}
h {{262, 26, 49, 87, 168, 298, 593, 1214, 2264, 3512, 3495, 2472, 1622, 1046, 727, 492, 337, 203, 110, 50, 973}, 20000}
nonH {{1023, 110, 203, 337, 492, 727, 1046, 1622, 2472, 3224, 3783, 2264, 1214, 593, 298, 168, 87, 49, 26, 7, 255}, 20000}
hUndNonh {{1285, 136, 252, 424, 660, 1025, 1639, 2836, 4736, 6736, 7278, 4736, 2836, 1639, 1025, 660, 424, 252, 136, 57, 1228}, 40000}
eu 0.032208967370690345
evidenceSize 7
indexMenge2 {{1}, {2}, {3}, {4}, {5}, {6}, {7}, {8}, {9}, {10}, {11}, {12}, {13}, {14}, {15}, {16}, {17}, {18}, {19}, {20}, {21}}
ratioTruths {{-0.999, 0.18683484430429642}, {-0.8426, 0.19117647058823528}, {-0.7468, 0.2391304347826087}, {-0.6469, 0.22696629213483147}, {-0.5479, 0.28396946564885495}, {-0.4459, 0.30913748932536295}, {-0.34490000000000004, 0.3675263774912075}, {-0.2457, 0.43644662921348315}, {-0.1472, 0.49590350477924444}, {-0.0497, 0.5183453237410072}, {0.0453, 0.4832896461336828}, {0.1472, 0.5040964952207556}, {0.2457, 0.5635533707865169}, {0.34490000000000004, 0.6324736225087925}, {0.4459, 0.6908625106746371}, {0.5479, 0.716030534351145}, {0.6469, 0.7730337078651686}, {0.7468, 0.7608695652173914}, {0.8426, 0.8088235294117647}, {0.925, 0.8235294117647058}, {1., 0.8130243707550939}}
indexMenge2 {{1}, {2}, {3}, {4}, {5}, {6}, {7}, {8}, {9}, {10}, {11}, {12}, {13}, {14}, {15}, {16}, {17}, {18}, {19}, {20}, {21}}
h {{474, 26, 66, 101, 186, 362, 627, 1243, 2179, 2882, 2950, 2215, 1605, 1079, 809, 469, 344, 210, 110, 28, 2035}, 20000}
nonH {{2063, 110, 210, 344, 469, 809, 1079, 1605, 2215, 2678, 3154, 2179, 1243, 627, 362, 186, 101, 66, 26, 6, 468}, 20000}
hUndNonh {{2537, 136, 276, 445, 655, 1171, 1706, 2848, 4394, 5560, 6104, 4394, 2848, 1706, 1171, 655, 445, 276, 136, 34, 2503}, 40000}
eu 0.04302682265624587
evidenceSize 9
indexMenge2 {{1}, {2}, {3}, {4}, {5}, {6}, {7}, {8}, {9}, {10}, {11}, {12}, {13}, {14}, {15}, {16}, {17}, {18}, {19}, {20}, {21}}
ratioTruths {{-0.9997, 0.19632840387557368}, {-0.8433, 0.15584415584415584}, {-0.7467, 0.21658986175115208}, {-0.6425000000000001, 0.22832369942196531}, {-0.5464, 0.28917609046849757}, {-0.4461, 0.35424354243542433}, {-0.3462, 0.4117647058823529}, {-0.24710000000000001, 0.44566761363636365}, {-0.1468, 0.4993924665856622}, {-0.049300000000000004, 0.53125}, {0.0444, 0.4719122023809524}, {0.1468, 0.5006075334143378}, {0.24710000000000001, 0.5543323863636364}, {0.3462, 0.5882352941176471}, {0.446, 0.6454293628808865}, {0.5463, 0.7112903225806452}, {0.6425000000000001, 0.7716763005780347}, {0.7467, 0.783410138248848}, {0.8433, 0.8441558441558441}, {0.926, 0.6666666666666666}, {1., 0.8041975940619401}}
indexMenge2 {{1}, {2}, {3}, {4}, {5}, {6}, {7}, {8}, {9}, {10}, {11}, {12}, {13}, {14}, {15}, {16}, {17}, {18}, {19}, {20}, {21}}
h {{770, 12, 47, 79, 179, 384, 700, 1255, 2055, 2567, 2537, 2060, 1561, 1000, 699, 441, 267, 170, 65, 10, 3142}, 20000}
nonH {{3152, 65, 170, 267, 440, 700, 1000, 1561, 2060, 2265, 2839, 2055, 1255, 700, 384, 179, 79, 47, 12, 5, 765}, 20000}
hUndNonh {{3922, 77, 217, 346, 619, 1084, 1700, 2816, 4115, 4832, 5376, 4115, 2816, 1700, 1083, 620, 346, 217, 77, 15, 3907}, 40000}
eu 0.04904943852089979
evidenceSize 10
indexMenge2 {{1}, {2}, {3}, {4}, {5}, {6}, {7}, {8}, {9}, {10}, {11}, {12}, {13}, {14}, {15}, {16}, {17}, {18}, {19}, {21}}
ratioTruths {{-0.9999, 0.20796272765777213}, {-0.8364, 0.18181818181818182}, {-0.7428, 0.26143790849673204}, {-0.6453, 0.2682926829268293}, {-0.5441, 0.34050179211469533}, {-0.4454, 0.35826771653543305}, {-0.34640000000000004, 0.4226327944572748}, {-0.2474, 0.46808510638297873}, {-0.1476, 0.5066599648152802}, {-0.0507, 0.52044525215811}, {0.045200000000000004, 0.4818935868905523}, {0.1476, 0.49321608040201004}, {0.2474, 0.5319148936170213}, {0.34640000000000004, 0.5773672055427251}, {0.4454, 0.6417322834645669}, {0.5441, 0.6594982078853047}, {0.6453, 0.7317073170731707}, {0.7428, 0.738562091503268}, {0.8364, 0.8181818181818182}, {1., 0.7920288318846724}}
indexMenge2 {{1}, {2}, {3}, {4}, {5}, {6}, {7}, {8}, {9}, {10}, {11}, {12}, {13}, {14}, {15}, {16}, {17}, {18}, {19}, {21}}
h {{982, 12, 40, 88, 190, 364, 732, 1298, 2016, 2291, 2382, 1963, 1475, 1000, 652, 368, 240, 113, 54, 4, 3736}, 20000}
nonH {{3740, 54, 113, 240, 368, 652, 1000, 1475, 1963, 2111, 2561, 2017, 1298, 732, 364, 190, 88, 40, 12, 1, 981}, 20000}
hUndNonh {{4722, 66, 153, 328, 558, 1016, 1732, 2773, 3979, 4402, 4943, 3980, 2773, 1732, 1016, 558, 328, 153, 66, 5, 4717}, 40000}
eu 0.048520023659044204
Dichte 0.3
evidenceSize 2
evidenceSize 3
evidenceSize 5
evidenceSize 7
evidenceSize 9
evidenceSize 10
evidenceSize 2
indexMenge2 {{1}, {2}, {3}, {4}, {5}, {6}, {7}, {8}, {9}, {10}, {11}, {12}, {13}, {14}, {15}, {16}, {17}, {18}, {19}, {20}, {21}}
ratioTruths {{-0.9913000000000001, 0.14885496183206107}, {-0.8489, 0.13333333333333333}, {-0.7447, 0.11351351351351352}, {-0.6481, 0.18951612903225806}, {-0.5457000000000001, 0.1738095238095238}, {-0.44470000000000004, 0.29185185185185186}, {-0.34400000000000003, 0.31504424778761064}, {-0.2447, 0.3664226898444648}, {-0.1439, 0.45333932988531594}, {-0.0427, 0.525939001667157}, {0.0417, 0.47470593860571864}, {0.1439, 0.5466606701146841}, {0.2447, 0.6335773101555352}, {0.34400000000000003, 0.6849557522123894}, {0.44470000000000004, 0.7081481481481482}, {0.5457000000000001, 0.8261904761904761}, {0.6481, 0.8104838709677419}, {0.7447, 0.8864864864864865}, {0.8489, 0.8666666666666667}, {0.9467000000000001, 0.8372093023255814}, {1., 0.8538812785388128}}
indexMenge2 {{1}, {2}, {3}, {4}, {5}, {6}, {7}, {8}, {9}, {10}, {11}, {12}, {13}, {14}, {15}, {16}, {17}, {18}, {19}, {20}, {21}}
h {{39, 16, 21, 47, 73, 197, 356, 801, 2016, 5363, 4964, 2431, 1385, 774, 478, 347, 201, 164, 104, 36, 187}, 20000}
nonH {{223, 104, 164, 201, 347, 478, 774, 1385, 2431, 4834, 5493, 2016, 801, 356, 197, 73, 47, 21, 16, 7, 32}, 20000}
hUndNonh {{262, 120, 185, 248, 420, 675, 1130, 2186, 4447, 10197, 10457, 4447, 2186, 1130, 675, 420, 248, 185, 120, 43, 219}, 40000}
eu 0.026803561239198578
evidenceSize 3
indexMenge2 {{1}, {2}, {3}, {4}, {5}, {6}, {7}, {8}, {9}, {10}, {11}, {12}, {13}, {14}, {15}, {16}, {17}, {18}, {19}, {20}, {21}}
ratioTruths {{-0.9925, 0.129783693843594}, {-0.8457, 0.11038961038961038}, {-0.7446, 0.16793893129770993}, {-0.6479, 0.20812182741116753}, {-0.5465, 0.2526690391459075}, {-0.44680000000000003, 0.2694954128440367}, {-0.3462, 0.3406896551724138}, {-0.2451, 0.3977401129943503}, {-0.1454, 0.4515361315447858}, {-0.0461, 0.5403614457831325}, {0.044700000000000004, 0.46084618980832165}, {0.1454, 0.5484638684552142}, {0.2451, 0.6022598870056497}, {0.3462, 0.6593103448275862}, {0.44680000000000003, 0.7305045871559633}, {0.5465, 0.7473309608540926}, {0.6479, 0.7918781725888325}, {0.7446, 0.8320610687022901}, {0.8457, 0.8896103896103896}, {0.9435, 0.8625}, {1., 0.8714011516314779}}
indexMenge2 {{1}, {2}, {3}, {4}, {5}, {6}, {7}, {8}, {9}, {10}, {11}, {12}, {13}, {14}, {15}, {16}, {17}, {18}, {19}, {20}, {21}}
h {{78, 17, 44, 82, 142, 235, 494, 1056, 2087, 4485, 3943, 2535, 1599, 956, 637, 420, 312, 218, 137, 69, 454}, 20000}
nonH {{523, 137, 218, 312, 420, 637, 956, 1599, 2535, 3815, 4613, 2087, 1056, 494, 235, 142, 82, 44, 17, 11, 67}, 20000}
hUndNonh {{601, 154, 262, 394, 562, 872, 1450, 2655, 4622, 8300, 8556, 4622, 2655, 1450, 872, 562, 394, 262, 154, 80, 521}, 40000}
eu 0.03376571881457066
evidenceSize 5
indexMenge2 {{1}, {2}, {3}, {4}, {5}, {6}, {7}, {8}, {9}, {10}, {11}, {12}, {13}, {14}, {15}, {16}, {17}, {18}, {19}, {20}, {21}}
ratioTruths {{-0.997, 0.1652566271855612}, {-0.8448, 0.12037037037037036}, {-0.7462000000000001, 0.1984126984126984}, {-0.6481, 0.21499013806706113}, {-0.5483, 0.23574144486692014}, {-0.4485, 0.3125}, {-0.3467, 0.3464658169177289}, {-0.2456, 0.426613775694194}, {-0.1466, 0.48906107566089335}, {-0.0477, 0.5356507679870655}, {0.0458, 0.46577681204407884}, {0.1466, 0.5109389243391067}, {0.2456, 0.573386224305806}, {0.3467, 0.6535341830822712}, {0.4485, 0.6875}, {0.5483, 0.7642585551330798}, {0.6481, 0.7850098619329389}, {0.7462000000000001, 0.8015873015873016}, {0.8448, 0.8796296296296297}, {0.9312, 0.881578947368421}, {1., 0.8326458456098998}}
indexMenge2 {{1}, {2}, {3}, {4}, {5}, {6}, {7}, {8}, {9}, {10}, {11}, {12}, {13}, {14}, {15}, {16}, {17}, {18}, {19}, {20}, {21}}
h {{293, 26, 75, 109, 186, 355, 598, 1183, 2146, 3313, 3001, 2242, 1590, 1128, 781, 603, 398, 303, 190, 67, 1413}, 20000}
nonH {{1480, 190, 303, 398, 603, 781, 1128, 1590, 2242, 2872, 3442, 2146, 1183, 598, 355, 186, 109, 75, 26, 9, 284}, 20000}
hUndNonh {{1773, 216, 378, 507, 789, 1136, 1726, 2773, 4388, 6185, 6443, 4388, 2773, 1726, 1136, 789, 507, 378, 216, 76, 1697}, 40000}
eu 0.04643365235220846
evidenceSize 7
indexMenge2 {{1}, {2}, {3}, {4}, {5}, {6}, {7}, {8}, {9}, {10}, {11}, {12}, {13}, {14}, {15}, {16}, {17}, {18}, {19}, {20}, {21}}
ratioTruths {{-0.999, 0.16741405082212257}, {-0.8461000000000001, 0.16042780748663102}, {-0.7441, 0.21676300578034682}, {-0.6429, 0.24581005586592178}, {-0.5474, 0.30303030303030304}, {-0.446, 0.32230703986429177}, {-0.34650000000000003, 0.38028169014084506}, {-0.24630000000000002, 0.4549466715704303}, {-0.14730000000000001, 0.4940417080436941}, {-0.049100000000000005, 0.5414987912973409}, {0.046700000000000005, 0.46053639846743294}, {0.14730000000000001, 0.5059582919563058}, {0.24630000000000002, 0.5450533284295697}, {0.34650000000000003, 0.6197183098591549}, {0.446, 0.6776929601357082}, {0.5474, 0.696969696969697}, {0.6429, 0.7541899441340782}, {0.7441, 0.7832369942196532}, {0.8461000000000001, 0.839572192513369}, {0.931, 0.8979591836734694}, {1., 0.8316140776699029}}
indexMenge2 {{1}, {2}, {3}, {4}, {5}, {6}, {7}, {8}, {9}, {10}, {11}, {12}, {13}, {14}, {15}, {16}, {17}, {18}, {19}, {20}, {21}}
h {{560, 30, 75, 132, 240, 380, 675, 1237, 1990, 2688, 2404, 2038, 1482, 1100, 799, 552, 405, 271, 157, 44, 2741}, 20000}
nonH {{2785, 157, 271, 405, 552, 799, 1100, 1482, 2038, 2276, 2816, 1990, 1237, 675, 380, 240, 132, 75, 30, 5, 555}, 20000}
hUndNonh {{3345, 187, 346, 537, 792, 1179, 1775, 2719, 4028, 4964, 5220, 4028, 2719, 1775, 1179, 792, 537, 346, 187, 49, 3296}, 40000}
eu 0.05615203636718674
evidenceSize 9
indexMenge2 {{1}, {2}, {3}, {4}, {5}, {6}, {7}, {8}, {9}, {10}, {11}, {12}, {13}, {14}, {15}, {16}, {17}, {18}, {19}, {20}, {21}}
ratioTruths {{-0.9997, 0.1756048387096774}, {-0.8460000000000001, 0.18518518518518517}, {-0.7412000000000001, 0.25390625}, {-0.6456000000000001, 0.30288461538461536}, {-0.5457000000000001, 0.30428769017980634}, {-0.4464, 0.3564638783269962}, {-0.3468, 0.40939597315436244}, {-0.2467, 0.4848148148148148}, {-0.1484, 0.5033847820200379}, {-0.049300000000000004, 0.5339922854387656}, {0.046400000000000004, 0.46787741203178207}, {0.14830000000000002, 0.4967514889009204}, {0.2467, 0.5151851851851852}, {0.3468, 0.5906040268456376}, {0.4464, 0.6435361216730038}, {0.5457000000000001, 0.6957123098201936}, {0.6456000000000001, 0.6971153846153846}, {0.7412000000000001, 0.74609375}, {0.8460000000000001, 0.8148148148148148}, {0.9252, 0.7777777777777778}, {1., 0.8245649534601376}}
indexMenge2 {{1}, {2}, {3}, {4}, {5}, {6}, {7}, {8}, {9}, {10}, {11}, {12}, {13}, {14}, {15}, {16}, {17}, {18}, {19}, {20}, {21}}
h {{871, 25, 65, 126, 220, 375, 732, 1309, 1859, 2215, 2061, 1835, 1391, 1056, 677, 503, 290, 191, 110, 14, 4075}, 20000}
nonH {{4089, 110, 191, 290, 503, 677, 1056, 1391, 1834, 1933, 2344, 1859, 1309, 732, 375, 220, 126, 65, 25, 4, 867}, 20000}
hUndNonh {{4960, 135, 256, 416, 723, 1052, 1788, 2700, 3693, 4148, 4405, 3694, 2700, 1788, 1052, 723, 416, 256, 135, 18, 4942}, 40000}
eu 0.06363959081258014
evidenceSize 10
indexMenge2 {{1}, {2}, {3}, {4}, {5}, {6}, {7}, {8}, {9}, {10}, {11}, {12}, {13}, {14}, {15}, {16}, {17}, {18}, {19}, {21}}
ratioTruths {{-0.9999, 0.17575140091696384}, {-0.8444, 0.21518987341772153}, {-0.7448, 0.18396226415094338}, {-0.6453, 0.28776978417266186}, {-0.5447000000000001, 0.3073394495412844}, {-0.4455, 0.35700197238658776}, {-0.34550000000000003, 0.4185323383084577}, {-0.2466, 0.4768995799923635}, {-0.14750000000000002, 0.5113342898134864}, {-0.05, 0.5372559095580678}, {0.0468, 0.46496508548037563}, {0.14750000000000002, 0.48881239242685026}, {0.2466, 0.5231004200076365}, {0.34550000000000003, 0.581207218419415}, {0.4454, 0.6433497536945813}, {0.5447000000000001, 0.6926605504587156}, {0.6453, 0.7122302158273381}, {0.7448, 0.8160377358490566}, {0.8444, 0.7848101265822784}, {1., 0.8241795612990988}}
indexMenge2 {{1}, {2}, {3}, {4}, {5}, {6}, {7}, {8}, {9}, {10}, {11}, {12}, {13}, {14}, {15}, {16}, {17}, {18}, {19}, {21}}
h {{1035, 17, 39, 120, 201, 362, 673, 1249, 1782, 2091, 1931, 1704, 1370, 934, 653, 453, 297, 173, 62, 7, 4847}, 20000}
nonH {{4854, 62, 173, 297, 453, 652, 935, 1370, 1703, 1801, 2222, 1782, 1249, 673, 362, 201, 120, 39, 17, 1, 1034}, 20000}
hUndNonh {{5889, 79, 212, 417, 654, 1014, 1608, 2619, 3485, 3892, 4153, 3486, 2619, 1607, 1015, 654, 417, 212, 79, 8, 5881}, 40000}
eu 0.07277612602735337
Dichte 0.4
evidenceSize 2
evidenceSize 3
evidenceSize 5
evidenceSize 7
evidenceSize 9
evidenceSize 10
evidenceSize 2
indexMenge2 {{1}, {2}, {3}, {4}, {5}, {6}, {7}, {8}, {9}, {10}, {11}, {12}, {13}, {14}, {15}, {16}, {17}, {18}, {19}, {20}, {21}}
ratioTruths {{-0.9848, 0.11396468699839486}, {-0.8483, 0.14741035856573706}, {-0.7481, 0.14329268292682926}, {-0.6496000000000001, 0.18823529411764706}, {-0.5477000000000001, 0.1901840490797546}, {-0.4471, 0.2505592841163311}, {-0.3456, 0.3143475126171593}, {-0.2439, 0.3871784057359764}, {-0.1457, 0.44881170018281535}, {-0.044700000000000004, 0.5525040387722132}, {0.0444, 0.4478211009174312}, {0.1457, 0.5511882998171846}, {0.2439, 0.6128215942640236}, {0.3456, 0.6856524873828407}, {0.4471, 0.7494407158836689}, {0.5477000000000001, 0.8098159509202454}, {0.6495000000000001, 0.8136792452830188}, {0.7479, 0.8541033434650456}, {0.8483, 0.852589641434263}, {0.9409000000000001, 0.93125}, {1., 0.8704103671706264}}
indexMenge2 {{1}, {2}, {3}, {4}, {5}, {6}, {7}, {8}, {9}, {10}, {11}, {12}, {13}, {14}, {15}, {16}, {17}, {18}, {19}, {20}, {21}}
h {{71, 37, 47, 80, 124, 224, 436, 918, 1964, 4788, 3905, 2412, 1453, 951, 670, 528, 345, 281, 214, 149, 403}, 20000}
nonH {{552, 214, 281, 345, 528, 670, 951, 1453, 2412, 3878, 4815, 1964, 918, 436, 224, 124, 79, 48, 37, 11, 60}, 20000}
hUndNonh {{623, 251, 328, 425, 652, 894, 1387, 2371, 4376, 8666, 8720, 4376, 2371, 1387, 894, 652, 424, 329, 251, 160, 463}, 40000}
eu 0.04387486642375703
evidenceSize 3
indexMenge2 {{1}, {2}, {3}, {4}, {5}, {6}, {7}, {8}, {9}, {10}, {11}, {12}, {13}, {14}, {15}, {16}, {17}, {18}, {19}, {20}, {21}}
ratioTruths {{-0.9911000000000001, 0.11713665943600868}, {-0.8482000000000001, 0.15483870967741936}, {-0.7464000000000001, 0.15853658536585366}, {-0.6464000000000001, 0.17615658362989323}, {-0.5469, 0.20334620334620335}, {-0.44730000000000003, 0.2761126248864669}, {-0.34740000000000004, 0.2996904024767802}, {-0.2462, 0.3956338567598621}, {-0.1464, 0.4669714285714286}, {-0.0465, 0.5615576050358659}, {0.046200000000000005, 0.43888969626507773}, {0.1464, 0.5330285714285714}, {0.2462, 0.6043661432401379}, {0.34740000000000004, 0.7003095975232199}, {0.44730000000000003, 0.7238873751135332}, {0.5469, 0.7966537966537967}, {0.6464000000000001, 0.8238434163701067}, {0.7464000000000001, 0.8414634146341463}, {0.8482000000000001, 0.8451612903225807}, {0.9398000000000001, 0.8829268292682927}, {1., 0.8828522920203735}}
indexMenge2 {{1}, {2}, {3}, {4}, {5}, {6}, {7}, {8}, {9}, {10}, {11}, {12}, {13}, {14}, {15}, {16}, {17}, {18}, {19}, {20}, {21}}
h {{162, 48, 65, 99, 158, 304, 484, 1033, 2043, 3836, 3020, 2332, 1578, 1131, 797, 619, 463, 345, 262, 181, 1040}, 20000}
nonH {{1221, 262, 345, 463, 619, 797, 1131, 1578, 2332, 2995, 3861, 2043, 1033, 484, 304, 158, 99, 65, 48, 24, 138}, 20000}
hUndNonh {{1383, 310, 410, 562, 777, 1101, 1615, 2611, 4375, 6831, 6881, 4375, 2611, 1615, 1101, 777, 562, 410, 310, 205, 1178}, 40000}
eu 0.05937732005227195
evidenceSize 5
indexMenge2 {{1}, {2}, {3}, {4}, {5}, {6}, {7}, {8}, {9}, {10}, {11}, {12}, {13}, {14}, {15}, {16}, {17}, {18}, {19}, {20}, {21}}
ratioTruths {{-0.9968, 0.13566257475605917}, {-0.8448, 0.1643059490084986}, {-0.7491, 0.16541353383458646}, {-0.6489, 0.2050520059435364}, {-0.5491, 0.30011198208286677}, {-0.44670000000000004, 0.3008849557522124}, {-0.3481, 0.3501466275659824}, {-0.2464, 0.4307101727447217}, {-0.14750000000000002, 0.49468932554434414}, {-0.0483, 0.5550029838870102}, {0.0478, 0.4455601496357551}, {0.14750000000000002, 0.5053106744556559}, {0.2464, 0.5692898272552783}, {0.3481, 0.6498533724340176}, {0.4466, 0.6988727858293076}, {0.549, 0.7002237136465325}, {0.6489, 0.7949479940564635}, {0.7491, 0.8345864661654135}, {0.8446, 0.8352272727272727}, {0.9349000000000001, 0.8535031847133758}, {1., 0.8649453823237339}}
indexMenge2 {{1}, {2}, {3}, {4}, {5}, {6}, {7}, {8}, {9}, {10}, {11}, {12}, {13}, {14}, {15}, {16}, {17}, {18}, {19}, {20}, {21}}
h {{431, 58, 88, 138, 268, 374, 597, 1122, 1863, 2790, 2263, 1903, 1483, 1108, 868, 626, 535, 444, 294, 134, 2613}, 20000}
nonH {{2746, 295, 444, 535, 625, 869, 1108, 1483, 1903, 2237, 2816, 1863, 1122, 597, 374, 268, 138, 88, 58, 23, 408}, 20000}
hUndNonh {{3177, 353, 532, 673, 893, 1243, 1705, 2605, 3766, 5027, 5079, 3766, 2605, 1705, 1242, 894, 673, 532, 352, 157, 3021}, 40000}
eu 0.07306103291983629
evidenceSize 7
indexMenge2 {{1}, {2}, {3}, {4}, {5}, {6}, {7}, {8}, {9}, {10}, {11}, {12}, {13}, {14}, {15}, {16}, {17}, {18}, {19}, {20}, {21}}
ratioTruths {{-0.999, 0.1466740372213009}, {-0.8455, 0.16334661354581673}, {-0.7476, 0.2361111111111111}, {-0.646, 0.2549019607843137}, {-0.5467000000000001, 0.3047619047619048}, {-0.4469, 0.36752899197145406}, {-0.3471, 0.4122858830478441}, {-0.24750000000000003, 0.46584099081102676}, {-0.14700000000000002, 0.5032905045440301}, {-0.049, 0.5518831667947732}, {0.0483, 0.448685540950455}, {0.14700000000000002, 0.4968671679197995}, {0.24750000000000003, 0.5341590091889732}, {0.3471, 0.5877141169521559}, {0.4469, 0.632471008028546}, {0.5466, 0.6960667461263409}, {0.6459, 0.7434640522875817}, {0.7475, 0.7644341801385681}, {0.8455, 0.8366533864541833}, {0.9273, 0.8974358974358975}, {1., 0.8526827444382128}}
indexMenge2 {{1}, {2}, {3}, {4}, {5}, {6}, {7}, {8}, {9}, {10}, {11}, {12}, {13}, {14}, {15}, {16}, {17}, {18}, {19}, {20}, {21}}
h {{796, 41, 102, 156, 256, 412, 698, 1166, 1606, 2154, 1775, 1586, 1337, 995, 709, 584, 455, 331, 210, 70, 4561}, 20000}
nonH {{4631, 210, 330, 456, 584, 709, 995, 1337, 1585, 1749, 2181, 1606, 1166, 698, 412, 255, 157, 102, 41, 8, 788}, 20000}
hUndNonh {{5427, 251, 432, 612, 840, 1121, 1693, 2503, 3191, 3903, 3956, 3192, 2503, 1693, 1121, 839, 612, 433, 251, 78, 5349}, 40000}
eu 0.08509763089517214
evidenceSize 9
indexMenge2 {{1}, {2}, {3}, {4}, {5}, {6}, {7}, {8}, {9}, {10}, {11}, {12}, {13}, {14}, {15}, {16}, {17}, {18}, {19}, {20}, {21}}
ratioTruths {{-0.9997, 0.15567423230974634}, {-0.8423, 0.21774193548387097}, {-0.7422000000000001, 0.2178988326848249}, {-0.6476000000000001, 0.26294820717131473}, {-0.5449, 0.3224043715846995}, {-0.447, 0.348993288590604}, {-0.3472, 0.4142947501581278}, {-0.2466, 0.4950957496496964}, {-0.1479, 0.5235783633841886}, {-0.0497, 0.5683654443753885}, {0.0488, 0.4328951391011923}, {0.14780000000000001, 0.4759098786828423}, {0.24650000000000002, 0.5053663089127391}, {0.3472, 0.5857052498418722}, {0.447, 0.6510067114093959}, {0.5449, 0.6775956284153005}, {0.6475000000000001, 0.7365269461077845}, {0.742, 0.7829457364341085}, {0.8423, 0.782258064516129}, {0.9261, 0.8928571428571429}, {1., 0.8441436612168319}}
indexMenge2 {{1}, {2}, {3}, {4}, {5}, {6}, {7}, {8}, {9}, {10}, {11}, {12}, {13}, {14}, {15}, {16}, {17}, {18}, {19}, {20}, {21}}
h {{1166, 27, 56, 132, 236, 364, 655, 1060, 1510, 1829, 1416, 1373, 1083, 926, 679, 496, 369, 202, 97, 25, 6299}, 20000}
nonH {{6324, 97, 201, 370, 496, 679, 926, 1081, 1374, 1389, 1855, 1512, 1060, 655, 364, 236, 132, 56, 27, 3, 1163}, 20000}
hUndNonh {{7490, 124, 257, 502, 732, 1043, 1581, 2141, 2884, 3218, 3271, 2885, 2143, 1581, 1043, 732, 501, 258, 124, 28, 7462}, 40000}
eu 0.10216651820288866
evidenceSize 10
indexMenge2 {{1}, {2}, {3}, {4}, {5}, {6}, {7}, {8}, {9}, {10}, {11}, {12}, {13}, {14}, {15}, {16}, {17}, {18}, {19}, {20}, {21}}
ratioTruths {{-0.9999, 0.1765409934171155}, {-0.8371000000000001, 0.21212121212121213}, {-0.7425, 0.23684210526315788}, {-0.6456000000000001, 0.2572944297082228}, {-0.5452, 0.3217665615141956}, {-0.446, 0.39031620553359686}, {-0.3462, 0.45260347129506007}, {-0.24650000000000002, 0.5036005760921748}, {-0.14850000000000002, 0.5288220551378446}, {-0.0492, 0.5475285171102662}, {0.0483, 0.453374025093252}, {0.14850000000000002, 0.4713467048710602}, {0.2464, 0.4959193470955353}, {0.3462, 0.5476984656437625}, {0.446, 0.6096837944664032}, {0.5452, 0.6782334384858044}, {0.6456000000000001, 0.7427055702917772}, {0.7425, 0.7631578947368421}, {0.8371000000000001, 0.7878787878787878}, {0.9209, 0.8666666666666667}, {1., 0.8233812949640288}}
indexMenge2 {{1}, {2}, {3}, {4}, {5}, {6}, {7}, {8}, {9}, {10}, {11}, {12}, {13}, {14}, {15}, {16}, {17}, {18}, {19}, {20}, {21}}
h {{1475, 21, 54, 97, 204, 395, 678, 1049, 1477, 1584, 1337, 1316, 1033, 821, 617, 430, 280, 174, 78, 13, 6867}, 20000}
nonH {{6880, 78, 174, 280, 430, 617, 820, 1034, 1316, 1309, 1612, 1476, 1050, 678, 395, 204, 97, 54, 21, 2, 1473}, 20000}
hUndNonh {{8355, 99, 228, 377, 634, 1012, 1498, 2083, 2793, 2893, 2949, 2792, 2083, 1499, 1012, 634, 377, 228, 99, 15, 8340}, 40000}
eu 0.0964876833494174
Dichte 0.45
evidenceSize 2
evidenceSize 3
evidenceSize 5
evidenceSize 7
evidenceSize 9
evidenceSize 10
evidenceSize 2
indexMenge2 {{1}, {2}, {3}, {4}, {5}, {6}, {7}, {8}, {9}, {10}, {11}, {12}, {13}, {14}, {15}, {16}, {17}, {18}, {19}, {20}, {21}}
ratioTruths {{-0.9892000000000001, 0.08325074331020813}, {-0.8473, 0.10963455149501661}, {-0.7472000000000001, 0.14627659574468085}, {-0.6458, 0.15384615384615385}, {-0.5471, 0.2268041237113402}, {-0.44580000000000003, 0.24751491053677932}, {-0.3462, 0.31582491582491584}, {-0.2452, 0.3598673300165838}, {-0.1446, 0.44546525323910485}, {-0.0439, 0.5581307942871461}, {0.0438, 0.4420289855072464}, {0.1446, 0.5545347467608952}, {0.2452, 0.6401326699834162}, {0.3462, 0.6841750841750842}, {0.44580000000000003, 0.7524850894632207}, {0.5471, 0.7731958762886598}, {0.6458, 0.8461538461538461}, {0.7472000000000001, 0.8537234042553191}, {0.8473, 0.8903654485049833}, {0.9406, 0.907103825136612}, {1., 0.9188861985472155}}
indexMenge2 {{1}, {2}, {3}, {4}, {5}, {6}, {7}, {8}, {9}, {10}, {11}, {12}, {13}, {14}, {15}, {16}, {17}, {18}, {19}, {20}, {21}}
h {{84, 33, 55, 76, 154, 249, 469, 868, 1891, 4455, 3538, 2354, 1544, 1016, 757, 525, 418, 321, 268, 166, 759}, 20000}
nonH {{925, 268, 321, 418, 525, 757, 1016, 1544, 2354, 3527, 4466, 1891, 868, 469, 249, 154, 76, 55, 33, 17, 67}, 20000}
hUndNonh {{1009, 301, 376, 494, 679, 1006, 1485, 2412, 4245, 7982, 8004, 4245, 2412, 1485, 1006, 679, 494, 376, 301, 183, 826}, 40000}
eu 0.05794651109752051
evidenceSize 3
indexMenge2 {{1}, {2}, {3}, {4}, {5}, {6}, {7}, {8}, {9}, {10}, {11}, {12}, {13}, {14}, {15}, {16}, {17}, {18}, {19}, {20}, {21}}
ratioTruths {{-0.9922000000000001, 0.09713701431492842}, {-0.8452000000000001, 0.11436170212765957}, {-0.7468, 0.17681728880157171}, {-0.6474000000000001, 0.20121951219512196}, {-0.5476, 0.2202797202797203}, {-0.44820000000000004, 0.2518891687657431}, {-0.3463, 0.34025656689065364}, {-0.2469, 0.39348268839103867}, {-0.1472, 0.47035175879396984}, {-0.046, 0.5681318681318681}, {0.0459, 0.4321914594087283}, {0.1471, 0.5295300326715255}, {0.2469, 0.6064306064306064}, {0.3463, 0.6597434331093464}, {0.44820000000000004, 0.7481108312342569}, {0.5475, 0.779463243873979}, {0.6473, 0.7990867579908676}, {0.7468, 0.8231827111984283}, {0.8452000000000001, 0.8856382978723404}, {0.9369000000000001, 0.8966942148760331}, {1., 0.9037339556592765}}
indexMenge2 {{1}, {2}, {3}, {4}, {5}, {6}, {7}, {8}, {9}, {10}, {11}, {12}, {13}, {14}, {15}, {16}, {17}, {18}, {19}, {20}, {21}}
h {{190, 43, 90, 132, 189, 300, 557, 966, 1872, 3619, 2763, 2107, 1490, 1080, 891, 668, 525, 419, 333, 217, 1549}, 20000}
nonH {{1766, 333, 419, 524, 669, 891, 1080, 1489, 2108, 2751, 3630, 1872, 967, 557, 300, 189, 132, 90, 43, 25, 165}, 20000}
hUndNonh {{1956, 376, 509, 656, 858, 1191, 1637, 2455, 3980, 6370, 6393, 3979, 2457, 1637, 1191, 857, 657, 509, 376, 242, 1714}, 40000}
eu 0.07281391661934035
evidenceSize 5
indexMenge2 {{1}, {2}, {3}, {4}, {5}, {6}, {7}, {8}, {9}, {10}, {11}, {12}, {13}, {14}, {15}, {16}, {17}, {18}, {19}, {20}, {21}}
ratioTruths {{-0.9973000000000001, 0.1159488878371983}, {-0.8434, 0.145679012345679}, {-0.7478, 0.19056261343012704}, {-0.6479, 0.21763085399449036}, {-0.5473, 0.29232505643340856}, {-0.44680000000000003, 0.304421768707483}, {-0.3467, 0.3924125666864256}, {-0.2461, 0.4565483476132191}, {-0.1477, 0.5061260210035006}, {-0.0477, 0.5698876404494382}, {0.047400000000000005, 0.43042215769488495}, {0.1477, 0.49387397899649943}, {0.2461, 0.5436378466557912}, {0.3467, 0.6075874333135743}, {0.44670000000000004, 0.6961702127659575}, {0.5472, 0.7068771138669673}, {0.6479, 0.7823691460055097}, {0.7478, 0.809437386569873}, {0.8434, 0.854320987654321}, {0.9316000000000001, 0.8666666666666667}, {1., 0.8847574489042108}}
indexMenge2 {{1}, {2}, {3}, {4}, {5}, {6}, {7}, {8}, {9}, {10}, {11}, {12}, {13}, {14}, {15}, {16}, {17}, {18}, {19}, {20}, {21}}
h {{490, 59, 105, 158, 259, 358, 662, 1119, 1735, 2536, 1927, 1693, 1333, 1025, 818, 627, 568, 446, 346, 143, 3593}, 20000}
nonH {{3736, 346, 446, 568, 627, 818, 1025, 1332, 1693, 1914, 2550, 1735, 1119, 662, 357, 260, 158, 105, 59, 22, 468}, 20000}
hUndNonh {{4226, 405, 551, 726, 886, 1176, 1687, 2451, 3428, 4450, 4477, 3428, 2452, 1687, 1175, 887, 726, 551, 405, 165, 4061}, 40000}
eu 0.0914026363740297
evidenceSize 7
indexMenge2 {{1}, {2}, {3}, {4}, {5}, {6}, {7}, {8}, {9}, {10}, {11}, {12}, {13}, {14}, {15}, {16}, {17}, {18}, {19}, {20}, {21}}
ratioTruths {{-0.9993000000000001, 0.13235514298547688}, {-0.8476, 0.18}, {-0.7453000000000001, 0.19082125603864733}, {-0.6458, 0.2796610169491525}, {-0.5488000000000001, 0.2972972972972973}, {-0.44780000000000003, 0.3460111317254174}, {-0.34650000000000003, 0.4289245982694685}, {-0.2477, 0.46875}, {-0.1479, 0.5229706390328152}, {-0.0492, 0.5678581807614066}, {0.0488, 0.4324870167339873}, {0.1479, 0.47720994475138123}, {0.2477, 0.53125}, {0.34650000000000003, 0.5710754017305315}, {0.44780000000000003, 0.6536675951717734}, {0.5488000000000001, 0.7030674846625767}, {0.6458, 0.7203389830508474}, {0.7453000000000001, 0.8091787439613527}, {0.8476, 0.82}, {0.9277000000000001, 0.7692307692307693}, {1., 0.8686120350771092}}
indexMenge2 {{1}, {2}, {3}, {4}, {5}, {6}, {7}, {8}, {9}, {10}, {11}, {12}, {13}, {14}, {15}, {16}, {17}, {18}, {19}, {20}, {21}}
h {{884, 45, 79, 165, 242, 373, 694, 1035, 1514, 1954, 1499, 1382, 1173, 924, 704, 573, 425, 335, 205, 50, 5745}, 20000}
nonH {{5795, 205, 335, 425, 572, 705, 924, 1173, 1381, 1487, 1967, 1514, 1035, 694, 373, 242, 165, 79, 45, 15, 869}, 20000}
hUndNonh {{6679, 250, 414, 590, 814, 1078, 1618, 2208, 2895, 3441, 3466, 2896, 2208, 1618, 1077, 815, 590, 414, 250, 65, 6614}, 40000}
eu 0.10835798655251394
evidenceSize 9
indexMenge2 {{1}, {2}, {3}, {4}, {5}, {6}, {7}, {8}, {9}, {10}, {11}, {12}, {13}, {14}, {15}, {16}, {17}, {18}, {19}, {20}, {21}}
ratioTruths {{-0.9998, 0.148819078193075}, {-0.8386, 0.24545454545454545}, {-0.7452000000000001, 0.25555555555555554}, {-0.6451, 0.27391304347826084}, {-0.5463, 0.32599118942731276}, {-0.44830000000000003, 0.3792016806722689}, {-0.3481, 0.4738273283480625}, {-0.24650000000000002, 0.4964139344262295}, {-0.1486, 0.5351329892814609}, {-0.0506, 0.5713784636969484}, {0.0502, 0.42921739130434783}, {0.1486, 0.46502384737678853}, {0.2464, 0.5030706243602866}, {0.3481, 0.5264945652173914}, {0.44830000000000003, 0.6207983193277311}, {0.5463, 0.6740088105726872}, {0.6451, 0.7260869565217392}, {0.7452000000000001, 0.7444444444444445}, {0.8386, 0.7545454545454545}, {0.9236000000000001, 0.9444444444444444}, {1., 0.8509880514705882}}
indexMenge2 {{1}, {2}, {3}, {4}, {5}, {6}, {7}, {8}, {9}, {10}, {11}, {12}, {13}, {14}, {15}, {16}, {17}, {18}, {19}, {20}, {21}}
h {{1298, 27, 69, 126, 222, 361, 697, 969, 1348, 1629, 1234, 1170, 983, 775, 591, 459, 334, 201, 83, 17, 7407}, 20000}
nonH {{7424, 83, 201, 334, 459, 591, 774, 983, 1171, 1222, 1641, 1346, 971, 697, 361, 222, 126, 69, 27, 1, 1297}, 20000}
hUndNonh {{8722, 110, 270, 460, 681, 952, 1471, 1952, 2519, 2851, 2875, 2516, 1954, 1472, 952, 681, 460, 270, 110, 18, 8704}, 40000}
eu 0.11756318141215272
evidenceSize 10
indexMenge2 {{1}, {2}, {3}, {4}, {5}, {6}, {7}, {8}, {9}, {10}, {11}, {12}, {13}, {14}, {15}, {16}, {17}, {18}, {19}, {20}, {21}}
ratioTruths {{-0.9999, 0.16471072678608195}, {-0.8412000000000001, 0.15384615384615385}, {-0.7422000000000001, 0.31088082901554404}, {-0.6467, 0.29427792915531337}, {-0.5489, 0.3163934426229508}, {-0.44470000000000004, 0.40115606936416187}, {-0.3476, 0.48142532221379836}, {-0.24860000000000002, 0.4994547437295529}, {-0.1495, 0.5361952861952862}, {-0.050300000000000004, 0.5638379204892966}, {0.0497, 0.43667296786389415}, {0.1494, 0.46380471380471383}, {0.2485, 0.5005452562704471}, {0.3476, 0.5189393939393939}, {0.44470000000000004, 0.5988439306358382}, {0.5489, 0.6836065573770492}, {0.6467, 0.7057220708446866}, {0.7422000000000001, 0.689119170984456}, {0.8412000000000001, 0.8461538461538461}, {0.9154, 0.8181818181818182}, {1., 0.8353086674224467}}
indexMenge2 {{1}, {2}, {3}, {4}, {5}, {6}, {7}, {8}, {9}, {10}, {11}, {12}, {13}, {14}, {15}, {16}, {17}, {18}, {19}, {20}, {21}}
h {{1600, 14, 60, 108, 193, 347, 635, 916, 1274, 1475, 1155, 1102, 918, 685, 518, 417, 259, 133, 77, 9, 8105}, 20000}
nonH {{8114, 77, 133, 259, 417, 518, 684, 918, 1102, 1141, 1490, 1274, 916, 635, 347, 193, 108, 60, 14, 2, 1598}, 20000}
hUndNonh {{9714, 91, 193, 367, 610, 865, 1319, 1834, 2376, 2616, 2645, 2376, 1834, 1320, 865, 610, 367, 193, 91, 11, 9703}, 40000}
eu 0.11686043044777389
