/home/kit/itz/qb3892/DebSim_HC3/
/home/kit/itz/qb3892/Genese_09_2017/Merged/
{Data_Acc_0.6.txt}
/home/kit/itz/qb3892/Genese_09_2017/Ana1/14_09_2017/
c
doj
Mit
Package path /pfs/data1/home/kit/itz/qb3892/DebSim_HC3/DebateDynamics/Kernel/init.m
Loading additional packages...

General::obspkg: PlotLegends` is now obsolete. The legacy version being loaded may conflict with current functionality. See the Compatibility Guide for updating information.

Set::write: Tag ListLinePlot in SyntaxInformation[ListLinePlot] is Protected.

General::obspkg: PlotLegends` is now obsolete. The legacy version being loaded may conflict with current functionality. See the Compatibility Guide for updating information.
Einzulesende Datei /home/kit/itz/qb3892/Genese_09_2017/Merged/Data_Acc_0.6.txt
Dichte 0.15
evidenceSize 2
evidenceSize 3
evidenceSize 5
evidenceSize 7
evidenceSize 9
evidenceSize 10
evidenceSize 2
indexMenge2 {{1}, {2}, {3}, {4}, {5}, {6}, {7}, {8}, {9}, {10}, {11}, {12}, {13}, {14}, {15}, {16}, {17}, {18}, {19}, {21}}
ratioTruths {{0.0048000000000000004, 0.3835616438356164}, {0.08, 0.2328767123287671}, {0.12940000000000002, 0.25139664804469275}, {0.1782, 0.2718204488778055}, {0.22690000000000002, 0.29581151832460734}, {0.2771, 0.34521158129175944}, {0.3271, 0.36858137510879024}, {0.37670000000000003, 0.3982109808760025}, {0.42600000000000005, 0.43176225629377246}, {0.4733, 0.47746090156393745}, {0.5139, 0.5115860247328611}, {0.5739000000000001, 0.5682250095020904}, {0.6231, 0.6021439509954059}, {0.6728000000000001, 0.6305010893246188}, {0.7225, 0.6554307116104869}, {0.7725000000000001, 0.7027027027027027}, {0.8217, 0.7301980198019802}, {0.8706, 0.7486033519553073}, {0.92, 0.7671232876712328}, {1., 0.5714285714285714}}
indexMenge2 {{1}, {2}, {3}, {4}, {5}, {6}, {7}, {8}, {9}, {10}, {11}, {12}, {13}, {14}, {15}, {16}, {17}, {18}, {19}, {21}}
h {{28, 17, 45, 109, 226, 465, 847, 1291, 2281, 2076, 4261, 2990, 1966, 1447, 875, 546, 295, 134, 56, 9, 36}, 20000}
nonH {{45, 56, 134, 292, 538, 882, 1451, 1951, 3002, 2272, 4068, 2272, 1299, 848, 460, 231, 109, 45, 17, 1, 27}, 20000}
hUndNonh {{73, 73, 179, 401, 764, 1347, 2298, 3242, 5283, 4348, 8329, 5262, 3265, 2295, 1335, 777, 404, 179, 73, 10, 63}, 40000}
eu 0.02016470478383644
evidenceSize 3
indexMenge2 {{1}, {2}, {3}, {4}, {5}, {6}, {7}, {8}, {9}, {10}, {11}, {12}, {13}, {14}, {15}, {16}, {17}, {18}, {19}, {20}, {21}}
ratioTruths {{0.0033, 0.38207547169811323}, {0.0779, 0.18627450980392157}, {0.1275, 0.27601809954751133}, {0.1777, 0.2958057395143488}, {0.2262, 0.2994152046783626}, {0.2765, 0.34646739130434784}, {0.327, 0.3700577521101733}, {0.3765, 0.40682095006090135}, {0.4258, 0.42795830778663396}, {0.4731, 0.4724689165186501}, {0.5123, 0.5127816038286448}, {0.5739000000000001, 0.5715465620483171}, {0.6231, 0.5935251798561151}, {0.6728000000000001, 0.6294483985765125}, {0.7230000000000001, 0.6525017135023989}, {0.7728, 0.6995359628770301}, {0.8216, 0.7053763440860215}, {0.8721, 0.7272727272727273}, {0.9217000000000001, 0.8076923076923077}, {0.9584, 0.8823529411764706}, {1., 0.5948717948717949}}
indexMenge2 {{1}, {2}, {3}, {4}, {5}, {6}, {7}, {8}, {9}, {10}, {11}, {12}, {13}, {14}, {15}, {16}, {17}, {18}, {19}, {20}, {21}}
h {{81, 19, 61, 134, 256, 510, 833, 1336, 2094, 1862, 4393, 2768, 1980, 1415, 952, 603, 328, 160, 84, 15, 116}, 20000}
nonH {{131, 83, 160, 319, 599, 962, 1418, 1948, 2799, 2079, 4174, 2075, 1356, 833, 507, 259, 137, 60, 20, 2, 79}, 20000}
hUndNonh {{212, 102, 221, 453, 855, 1472, 2251, 3284, 4893, 3941, 8567, 4843, 3336, 2248, 1459, 862, 465, 220, 104, 17, 195}, 40000}
eu 0.020665952980393115
evidenceSize 5
indexMenge2 {{1}, {2}, {3}, {4}, {5}, {6}, {7}, {8}, {9}, {10}, {11}, {12}, {13}, {14}, {15}, {16}, {17}, {18}, {19}, {20}, {21}}
ratioTruths {{0.0018000000000000002, 0.3800277392510402}, {0.0789, 0.2971014492753623}, {0.1269, 0.288135593220339}, {0.17550000000000002, 0.31636363636363635}, {0.2245, 0.31122994652406416}, {0.2757, 0.3527420446851727}, {0.3271, 0.38432040903280784}, {0.376, 0.4143823424706301}, {0.4253, 0.4335364477544572}, {0.47140000000000004, 0.4619883040935672}, {0.5092, 0.5120513630144196}, {0.5735, 0.5666666666666667}, {0.6224000000000001, 0.5846463291987931}, {0.6722, 0.6151187904967602}, {0.7220000000000001, 0.6455431754874652}, {0.7716000000000001, 0.6910229645093946}, {0.8218000000000001, 0.6776315789473685}, {0.8724000000000001, 0.717687074829932}, {0.9201, 0.6901408450704225}, {0.9608000000000001, 0.8823529411764706}, {1., 0.6075581395348837}}
indexMenge2 {{1}, {2}, {3}, {4}, {5}, {6}, {7}, {8}, {9}, {10}, {11}, {12}, {13}, {14}, {15}, {16}, {17}, {18}, {19}, {20}, {21}}
h {{274, 41, 85, 174, 291, 521, 902, 1164, 1921, 1422, 4865, 2414, 1744, 1424, 927, 662, 412, 211, 98, 30, 418}, 20000}
nonH {{447, 97, 210, 376, 644, 956, 1445, 1645, 2510, 1656, 4636, 1846, 1239, 891, 509, 296, 196, 83, 44, 4, 270}, 20000}
hUndNonh {{721, 138, 295, 550, 935, 1477, 2347, 2809, 4431, 3078, 9501, 4260, 2983, 2315, 1436, 958, 608, 294, 142, 34, 688}, 40000}
eu 0.01890670955250996
evidenceSize 7
indexMenge2 {{1}, {2}, {3}, {4}, {5}, {6}, {7}, {8}, {9}, {10}, {11}, {12}, {13}, {14}, {15}, {16}, {17}, {18}, {19}, {20}, {21}}
ratioTruths {{0.0004, 0.3561470215462611}, {0.07830000000000001, 0.2805755395683453}, {0.1272, 0.2866043613707165}, {0.17470000000000002, 0.3293172690763052}, {0.2214, 0.33032694475760993}, {0.2735, 0.37104708362614197}, {0.3275, 0.38656476267095735}, {0.3748, 0.41868987631699495}, {0.4239, 0.44521249359959036}, {0.4698, 0.48907342657342656}, {0.5062, 0.502123730378578}, {0.5731, 0.5548332391181459}, {0.6209, 0.5751659508004686}, {0.671, 0.613947696139477}, {0.7208, 0.6126601356443104}, {0.7693, 0.6834910620399579}, {0.8195, 0.6719492868462758}, {0.8719, 0.7133956386292835}, {0.9206000000000001, 0.7152777777777778}, {0.9630000000000001, 0.9}, {1., 0.640795381654907}}
indexMenge2 {{1}, {2}, {3}, {4}, {5}, {6}, {7}, {8}, {9}, {10}, {11}, {12}, {13}, {14}, {15}, {16}, {17}, {18}, {19}, {20}, {21}}
h {{562, 39, 92, 164, 293, 528, 961, 914, 1739, 1119, 5438, 1963, 1473, 1479, 813, 650, 424, 229, 103, 18, 999}, 20000}
nonH {{1016, 100, 229, 334, 594, 895, 1525, 1269, 2167, 1169, 5392, 1575, 1088, 930, 514, 301, 207, 92, 41, 2, 560}, 20000}
hUndNonh {{1578, 139, 321, 498, 887, 1423, 2486, 2183, 3906, 2288, 10830, 3538, 2561, 2409, 1327, 951, 631, 321, 144, 20, 1559}, 40000}
eu 0.017771954712316677
evidenceSize 9
indexMenge2 {{1}, {2}, {3}, {4}, {5}, {6}, {7}, {8}, {9}, {10}, {11}, {12}, {13}, {14}, {15}, {16}, {17}, {18}, {19}, {20}, {21}}
ratioTruths {{0.0002, 0.3786602486963498}, {0.07780000000000001, 0.2761904761904762}, {0.12760000000000002, 0.286231884057971}, {0.17220000000000002, 0.33152173913043476}, {0.21710000000000002, 0.3442838370565046}, {0.2705, 0.35724743777452417}, {0.3286, 0.40530157510564735}, {0.37410000000000004, 0.4418604651162791}, {0.42210000000000003, 0.43367655966081164}, {0.4666, 0.46084546084546085}, {0.5036, 0.5044802156847197}, {0.5720000000000001, 0.5717480432351845}, {0.6183000000000001, 0.5539257981018119}, {0.6694, 0.5935222672064777}, {0.7184, 0.6398940864960282}, {0.764, 0.6363636363636364}, {0.8162, 0.6771004942339374}, {0.8704000000000001, 0.7047970479704797}, {0.9198000000000001, 0.7372881355932204}, {0.9629000000000001, 0.6428571428571429}, {1., 0.6212182331585316}}
indexMenge2 {{1}, {2}, {3}, {4}, {5}, {6}, {7}, {8}, {9}, {10}, {11}, {12}, {13}, {14}, {15}, {16}, {17}, {18}, {19}, {20}, {21}}
h {{944, 29, 79, 122, 262, 488, 1055, 741, 1432, 665, 6362, 1534, 1284, 1466, 725, 574, 411, 191, 87, 9, 1540}, 20000}
nonH {{1549, 76, 197, 246, 499, 878, 1548, 936, 1870, 778, 6249, 1149, 1034, 1004, 408, 328, 196, 80, 31, 5, 939}, 20000}
hUndNonh {{2493, 105, 276, 368, 761, 1366, 2603, 1677, 3302, 1443, 12611, 2683, 2318, 2470, 1133, 902, 607, 271, 118, 14, 2479}, 40000}
eu 0.015608802761899026
evidenceSize 10
indexMenge2 {{1}, {2}, {3}, {4}, {5}, {6}, {7}, {8}, {9}, {10}, {11}, {12}, {13}, {14}, {15}, {16}, {17}, {18}, {19}, {21}}
ratioTruths {{0.0001, 0.3791869918699187}, {0.07680000000000001, 0.2465753424657534}, {0.13, 0.3660377358490566}, {0.1719, 0.32974910394265233}, {0.2155, 0.3708791208791209}, {0.26880000000000004, 0.3661119515885023}, {0.329, 0.4163810829335161}, {0.37310000000000004, 0.4284539473684211}, {0.42060000000000003, 0.4508670520231214}, {0.4652, 0.47655502392344495}, {0.5026, 0.5017691786494015}, {0.5717, 0.5420433996383364}, {0.6162000000000001, 0.5696846388606307}, {0.6689, 0.5820298290287377}, {0.7176, 0.635673624288425}, {0.7617, 0.626410835214447}, {0.8132, 0.6461267605633803}, {0.8683000000000001, 0.6450381679389313}, {0.9204, 0.7108433734939759}, {1., 0.6199021207177814}}
indexMenge2 {{1}, {2}, {3}, {4}, {5}, {6}, {7}, {8}, {9}, {10}, {11}, {12}, {13}, {14}, {15}, {16}, {17}, {18}, {19}, {21}}
h {{1166, 18, 97, 92, 270, 484, 1215, 521, 1326, 498, 6665, 1199, 1120, 1600, 670, 555, 367, 169, 59, 9, 1900}, 20000}
nonH {{1909, 55, 168, 187, 458, 838, 1703, 695, 1615, 547, 6618, 1013, 846, 1149, 384, 331, 201, 93, 24, 1, 1165}, 20000}
hUndNonh {{3075, 73, 265, 279, 728, 1322, 2918, 1216, 2941, 1045, 13283, 2212, 1966, 2749, 1054, 886, 568, 262, 83, 10, 3065}, 40000}
eu 0.0131749692315419
Dichte 0.2
evidenceSize 2
evidenceSize 3
evidenceSize 5
evidenceSize 7
evidenceSize 9
evidenceSize 10
evidenceSize 2
indexMenge2 {{1}, {2}, {3}, {4}, {5}, {6}, {7}, {8}, {9}, {10}, {11}, {12}, {13}, {14}, {15}, {16}, {17}, {18}, {19}, {20}, {21}}
ratioTruths {{0.0082, 0.29927007299270075}, {0.07880000000000001, 0.17159763313609466}, {0.1277, 0.24444444444444444}, {0.1768, 0.2628398791540785}, {0.2272, 0.2852017937219731}, {0.27640000000000003, 0.3100338218714769}, {0.3259, 0.36527180289401645}, {0.37610000000000005, 0.39068825910931176}, {0.42550000000000004, 0.4238692342140618}, {0.4742, 0.47927761055799956}, {0.518, 0.5144471347861178}, {0.5744, 0.575947947049585}, {0.6238, 0.6093479515291402}, {0.674, 0.6349765258215962}, {0.7235, 0.6899661781285231}, {0.7727, 0.7145421903052065}, {0.8231, 0.7368421052631579}, {0.8723000000000001, 0.7555555555555555}, {0.9212, 0.8284023668639053}, {0.9671000000000001, 0.8235294117647058}, {1., 0.6601941747572816}}
indexMenge2 {{1}, {2}, {3}, {4}, {5}, {6}, {7}, {8}, {9}, {10}, {11}, {12}, {13}, {14}, {15}, {16}, {17}, {18}, {19}, {20}, {21}}
h {{41, 29, 99, 174, 318, 550, 934, 1351, 1893, 2070, 3187, 2567, 2112, 1623, 1224, 796, 490, 306, 140, 28, 68}, 20000}
nonH {{96, 140, 306, 488, 797, 1224, 1623, 2107, 2573, 2249, 3008, 1890, 1354, 933, 550, 318, 175, 99, 29, 6, 35}, 20000}
hUndNonh {{137, 169, 405, 662, 1115, 1774, 2557, 3458, 4466, 4319, 6195, 4457, 3466, 2556, 1774, 1114, 665, 405, 169, 34, 103}, 40000}
eu 0.03184262407420105
evidenceSize 3
indexMenge2 {{1}, {2}, {3}, {4}, {5}, {6}, {7}, {8}, {9}, {10}, {11}, {12}, {13}, {14}, {15}, {16}, {17}, {18}, {19}, {20}, {21}}
ratioTruths {{0.0055000000000000005, 0.3087818696883853}, {0.08020000000000001, 0.2764976958525346}, {0.1274, 0.27341772151898736}, {0.17650000000000002, 0.26438188494492043}, {0.2267, 0.3058823529411765}, {0.2763, 0.3245515695067265}, {0.32630000000000003, 0.36187845303867405}, {0.376, 0.39951204635559623}, {0.4258, 0.4450664800559832}, {0.4738, 0.46880525385198285}, {0.5164, 0.5193614667298878}, {0.5741, 0.5537344884102083}, {0.6238, 0.6019417475728155}, {0.6736000000000001, 0.6379446640316205}, {0.7235, 0.6761904761904762}, {0.7731, 0.6950294860994103}, {0.8233, 0.732360097323601}, {0.8724000000000001, 0.7272727272727273}, {0.9197000000000001, 0.7247706422018348}, {0.9686, 0.8548387096774194}, {1., 0.6563573883161512}}
indexMenge2 {{1}, {2}, {3}, {4}, {5}, {6}, {7}, {8}, {9}, {10}, {11}, {12}, {13}, {14}, {15}, {16}, {17}, {18}, {19}, {20}, {21}}
h {{109, 60, 108, 216, 364, 579, 917, 1310, 1908, 1856, 3286, 2365, 1984, 1614, 1207, 825, 602, 288, 158, 53, 191}, 20000}
nonH {{244, 157, 287, 601, 826, 1205, 1617, 1969, 2379, 2103, 3041, 1906, 1312, 916, 578, 362, 220, 108, 60, 9, 100}, 20000}
hUndNonh {{353, 217, 395, 817, 1190, 1784, 2534, 3279, 4287, 3959, 6327, 4271, 3296, 2530, 1785, 1187, 822, 396, 218, 62, 291}, 40000}
eu 0.028790596393760932
evidenceSize 5
indexMenge2 {{1}, {2}, {3}, {4}, {5}, {6}, {7}, {8}, {9}, {10}, {11}, {12}, {13}, {14}, {15}, {16}, {17}, {18}, {19}, {20}, {21}}
ratioTruths {{0.0026000000000000003, 0.32700993676603435}, {0.0784, 0.281786941580756}, {0.12760000000000002, 0.3004032258064516}, {0.1758, 0.30036630036630035}, {0.22540000000000002, 0.34935897435897434}, {0.2758, 0.36688121708601523}, {0.3269, 0.3732890916632103}, {0.37570000000000003, 0.40209318028359214}, {0.42510000000000003, 0.4312182741116751}, {0.47250000000000003, 0.4800632911392405}, {0.5125000000000001, 0.5094835132769185}, {0.5741, 0.5640426084697324}, {0.6234000000000001, 0.6015013054830287}, {0.6726000000000001, 0.6238455079764903}, {0.7231000000000001, 0.6391329818394845}, {0.7728, 0.645109135004042}, {0.8225, 0.697566628041715}, {0.8718, 0.7048192771084337}, {0.9211, 0.7152542372881356}, {0.9681000000000001, 0.7912087912087912}, {1., 0.6627335299901671}}
indexMenge2 {{1}, {2}, {3}, {4}, {5}, {6}, {7}, {8}, {9}, {10}, {11}, {12}, {13}, {14}, {15}, {16}, {17}, {18}, {19}, {20}, {21}}
h {{362, 82, 149, 246, 436, 627, 900, 1191, 1699, 1517, 3492, 2171, 1843, 1486, 1091, 798, 602, 351, 211, 72, 674}, 20000}
nonH {{745, 209, 347, 573, 812, 1082, 1511, 1771, 2241, 1643, 3362, 1678, 1221, 896, 616, 439, 261, 147, 84, 19, 343}, 20000}
hUndNonh {{1107, 291, 496, 819, 1248, 1709, 2411, 2962, 3940, 3160, 6854, 3849, 3064, 2382, 1707, 1237, 863, 498, 295, 91, 1017}, 40000}
eu 0.024573928054990334
evidenceSize 7
indexMenge2 {{1}, {2}, {3}, {4}, {5}, {6}, {7}, {8}, {9}, {10}, {11}, {12}, {13}, {14}, {15}, {16}, {17}, {18}, {19}, {20}, {21}}
ratioTruths {{0.0009000000000000001, 0.35274463007159906}, {0.0777, 0.22310756972111553}, {0.1259, 0.3002028397565923}, {0.1754, 0.27702702702702703}, {0.2235, 0.3515825491873396}, {0.2742, 0.368141592920354}, {0.3267, 0.3727907932593506}, {0.3749, 0.4231404958677686}, {0.4238, 0.43710511200459506}, {0.4706, 0.47215397215397215}, {0.5088, 0.5084745762711864}, {0.5737, 0.5583488516449411}, {0.6221, 0.5792796138135908}, {0.6723, 0.6282963583089158}, {0.7221000000000001, 0.6351097178683386}, {0.7701, 0.6374269005847953}, {0.8204, 0.716743119266055}, {0.8729, 0.6948453608247422}, {0.9209, 0.7781954887218046}, {0.9657, 0.8421052631578947}, {1., 0.6414909269249632}}
indexMenge2 {{1}, {2}, {3}, {4}, {5}, {6}, {7}, {8}, {9}, {10}, {11}, {12}, {13}, {14}, {15}, {16}, {17}, {18}, {19}, {20}, {21}}
h {{739, 56, 148, 205, 411, 624, 907, 1024, 1522, 1153, 4050, 1799, 1560, 1501, 1013, 763, 625, 337, 207, 48, 1308}, 20000}
nonH {{1356, 195, 345, 535, 758, 1071, 1526, 1396, 1960, 1289, 3915, 1423, 1133, 888, 582, 434, 247, 148, 59, 9, 731}, 20000}
hUndNonh {{2095, 251, 493, 740, 1169, 1695, 2433, 2420, 3482, 2442, 7965, 3222, 2693, 2389, 1595, 1197, 872, 485, 266, 57, 2039}, 40000}
eu 0.024633339087439424
evidenceSize 9
indexMenge2 {{1}, {2}, {3}, {4}, {5}, {6}, {7}, {8}, {9}, {10}, {11}, {12}, {13}, {14}, {15}, {16}, {17}, {18}, {19}, {20}, {21}}
ratioTruths {{0.0004, 0.3568783822272857}, {0.0752, 0.22929936305732485}, {0.12710000000000002, 0.3341708542713568}, {0.17320000000000002, 0.3316151202749141}, {0.2192, 0.36597938144329895}, {0.2702, 0.3787781350482315}, {0.32830000000000004, 0.40179299103504484}, {0.374, 0.42194323144104806}, {0.4217, 0.4341543513957307}, {0.46830000000000005, 0.48376408217362493}, {0.5048, 0.5020135650699449}, {0.5727, 0.5691510561976884}, {0.6194000000000001, 0.5728643216080402}, {0.6699, 0.5943877551020408}, {0.7203, 0.6233359436178544}, {0.7655000000000001, 0.6368467670504872}, {0.8181, 0.6490147783251231}, {0.8705, 0.6691919191919192}, {0.9217000000000001, 0.7542857142857143}, {0.9649000000000001, 0.7045454545454546}, {1., 0.6425482848083021}}
indexMenge2 {{1}, {2}, {3}, {4}, {5}, {6}, {7}, {8}, {9}, {10}, {11}, {12}, {13}, {14}, {15}, {16}, {17}, {18}, {19}, {20}, {21}}
h {{1253, 36, 133, 193, 355, 589, 986, 773, 1322, 730, 4737, 1428, 1368, 1398, 796, 719, 527, 265, 132, 31, 2229}, 20000}
nonH {{2258, 121, 265, 389, 615, 966, 1468, 1059, 1723, 779, 4699, 1081, 1020, 954, 481, 410, 285, 131, 43, 13, 1240}, 20000}
hUndNonh {{3511, 157, 398, 582, 970, 1555, 2454, 1832, 3045, 1509, 9436, 2509, 2388, 2352, 1277, 1129, 812, 396, 175, 44, 3469}, 40000}
eu 0.01994113732849435
evidenceSize 10
indexMenge2 {{1}, {2}, {3}, {4}, {5}, {6}, {7}, {8}, {9}, {10}, {11}, {12}, {13}, {14}, {15}, {16}, {17}, {18}, {19}, {20}, {21}}
ratioTruths {{0.0002, 0.3705122067975108}, {0.07690000000000001, 0.25517241379310346}, {0.1283, 0.3163265306122449}, {0.1733, 0.33191489361702126}, {0.2167, 0.34583821805392734}, {0.26830000000000004, 0.3762993762993763}, {0.3287, 0.4287338893100834}, {0.3734, 0.43231750531537916}, {0.42050000000000004, 0.45112781954887216}, {0.4672, 0.46}, {0.5033, 0.5036246081504702}, {0.5718, 0.5486767485822306}, {0.6172000000000001, 0.5645161290322581}, {0.6696000000000001, 0.5634638196915777}, {0.7196, 0.6431838975297347}, {0.7632, 0.627151051625239}, {0.8161, 0.6666666666666666}, {0.8692000000000001, 0.68}, {0.919, 0.7380952380952381}, {0.9604, 0.8}, {1., 0.6289353520788272}}
indexMenge2 {{1}, {2}, {3}, {4}, {5}, {6}, {7}, {8}, {9}, {10}, {11}, {12}, {13}, {14}, {15}, {16}, {17}, {18}, {19}, {20}, {21}}
h {{1548, 37, 124, 156, 295, 543, 1131, 610, 1260, 506, 5141, 1161, 1190, 1425, 703, 656, 502, 255, 124, 16, 2617}, 20000}
nonH {{2630, 108, 268, 314, 558, 900, 1507, 801, 1533, 594, 5067, 955, 918, 1104, 390, 390, 251, 120, 44, 4, 1544}, 20000}
hUndNonh {{4178, 145, 392, 470, 853, 1443, 2638, 1411, 2793, 1100, 10208, 2116, 2108, 2529, 1093, 1046, 753, 375, 168, 20, 4161}, 40000}
eu 0.01764423492989747
Dichte 0.25
evidenceSize 2
evidenceSize 3
evidenceSize 5
evidenceSize 7
evidenceSize 9
evidenceSize 10
evidenceSize 2
indexMenge2 {{1}, {2}, {3}, {4}, {5}, {6}, {7}, {8}, {9}, {10}, {11}, {12}, {13}, {14}, {15}, {16}, {17}, {18}, {19}, {20}, {21}}
ratioTruths {{0.0151, 0.22866894197952217}, {0.07930000000000001, 0.15960912052117263}, {0.1263, 0.18760469011725292}, {0.17750000000000002, 0.22604951560818085}, {0.22660000000000002, 0.2750179985601152}, {0.2767, 0.3193954659949622}, {0.3261, 0.35905156191193077}, {0.3765, 0.4183206106870229}, {0.4258, 0.4325337331334333}, {0.4741, 0.4749816939223822}, {0.521, 0.520675944333996}, {0.5742, 0.5664667666166917}, {0.6235, 0.5824946630070144}, {0.6739, 0.6405720737674069}, {0.7232000000000001, 0.6806467913087418}, {0.7732, 0.7245337159253945}, {0.8224, 0.7741935483870968}, {0.8736, 0.8137583892617449}, {0.9206000000000001, 0.8381877022653722}, {0.9683, 0.8633093525179856}, {1., 0.6883116883116883}}
indexMenge2 {{1}, {2}, {3}, {4}, {5}, {6}, {7}, {8}, {9}, {10}, {11}, {12}, {13}, {14}, {15}, {16}, {17}, {18}, {19}, {20}, {21}}
h {{67, 49, 112, 210, 382, 634, 954, 1370, 1731, 1946, 2619, 2267, 1910, 1702, 1347, 1010, 720, 485, 259, 120, 106}, 20000}
nonH {{226, 258, 485, 719, 1007, 1351, 1703, 1905, 2271, 2151, 2411, 1735, 1369, 955, 632, 384, 210, 111, 50, 19, 48}, 20000}
hUndNonh {{293, 307, 597, 929, 1389, 1985, 2657, 3275, 4002, 4097, 5030, 4002, 3279, 2657, 1979, 1394, 930, 596, 309, 139, 154}, 40000}
eu 0.04164211251981628
evidenceSize 3
indexMenge2 {{1}, {2}, {3}, {4}, {5}, {6}, {7}, {8}, {9}, {10}, {11}, {12}, {13}, {14}, {15}, {16}, {17}, {18}, {19}, {20}, {21}}
ratioTruths {{0.0095, 0.27860696517412936}, {0.07730000000000001, 0.20844327176781002}, {0.1262, 0.22151898734177214}, {0.1764, 0.28833172613307617}, {0.2267, 0.29261744966442954}, {0.2765, 0.34475597092419524}, {0.3262, 0.3638470451911935}, {0.3759, 0.41711568938193344}, {0.4257, 0.44274809160305345}, {0.47450000000000003, 0.4843205574912892}, {0.5188, 0.5116877971473851}, {0.5742, 0.5576973857935041}, {0.624, 0.582122552116235}, {0.6737000000000001, 0.6358716660224198}, {0.7233, 0.6562336984872196}, {0.773, 0.7059611520428667}, {0.8234, 0.711556829035339}, {0.8737, 0.7790143084260731}, {0.9226000000000001, 0.7905759162303665}, {0.9698, 0.8473684210526315}, {1., 0.6634382566585957}}
indexMenge2 {{1}, {2}, {3}, {4}, {5}, {6}, {7}, {8}, {9}, {10}, {11}, {12}, {13}, {14}, {15}, {16}, {17}, {18}, {19}, {20}, {21}}
h {{168, 79, 140, 299, 436, 664, 942, 1316, 1682, 1807, 2583, 2112, 1843, 1645, 1258, 1054, 745, 490, 302, 161, 274}, 20000}
nonH {{435, 300, 492, 738, 1054, 1262, 1647, 1839, 2117, 1924, 2465, 1675, 1323, 942, 659, 439, 302, 139, 80, 29, 139}, 20000}
hUndNonh {{603, 379, 632, 1037, 1490, 1926, 2589, 3155, 3799, 3731, 5048, 3787, 3166, 2587, 1917, 1493, 1047, 629, 382, 190, 413}, 40000}
eu 0.03526775702390572
evidenceSize 5
indexMenge2 {{1}, {2}, {3}, {4}, {5}, {6}, {7}, {8}, {9}, {10}, {11}, {12}, {13}, {14}, {15}, {16}, {17}, {18}, {19}, {20}, {21}}
ratioTruths {{0.0041, 0.35054874112330536}, {0.0772, 0.2631578947368421}, {0.12660000000000002, 0.2910737386804657}, {0.1757, 0.2768472906403941}, {0.2257, 0.334529791816224}, {0.2755, 0.33604336043360433}, {0.3261, 0.38311956971452216}, {0.37570000000000003, 0.41109185441941076}, {0.4253, 0.4525438857482892}, {0.4738, 0.47425301970756517}, {0.5152, 0.5143335815338794}, {0.5741, 0.5502117362371446}, {0.6237, 0.5853658536585366}, {0.6737000000000001, 0.6170478170478171}, {0.7237, 0.6650192202086765}, {0.7731, 0.662873399715505}, {0.8236, 0.7236084452975048}, {0.8732000000000001, 0.7064935064935065}, {0.9225000000000001, 0.7404426559356136}, {0.9682000000000001, 0.7990196078431373}, {1., 0.6265775798069785}}
indexMenge2 {{1}, {2}, {3}, {4}, {5}, {6}, {7}, {8}, {9}, {10}, {11}, {12}, {13}, {14}, {15}, {16}, {17}, {18}, {19}, {20}, {21}}
h {{543, 130, 225, 281, 466, 620, 926, 1186, 1521, 1492, 2763, 1819, 1728, 1484, 1211, 932, 754, 544, 368, 163, 844}, 20000}
nonH {{1006, 364, 548, 734, 927, 1225, 1491, 1699, 1840, 1654, 2609, 1487, 1224, 921, 610, 474, 288, 226, 129, 41, 503}, 20000}
hUndNonh {{1549, 494, 773, 1015, 1393, 1845, 2417, 2885, 3361, 3146, 5372, 3306, 2952, 2405, 1821, 1406, 1042, 770, 497, 204, 1347}, 40000}
eu 0.030204221776322808
evidenceSize 7
indexMenge2 {{1}, {2}, {3}, {4}, {5}, {6}, {7}, {8}, {9}, {10}, {11}, {12}, {13}, {14}, {15}, {16}, {17}, {18}, {19}, {20}, {21}}
ratioTruths {{0.0017000000000000001, 0.34408233276157807}, {0.077, 0.25735294117647056}, {0.1268, 0.27890173410404623}, {0.17500000000000002, 0.3461962513781698}, {0.22360000000000002, 0.3457573354480571}, {0.2748, 0.34470792365529207}, {0.3261, 0.38786516853932584}, {0.3744, 0.4312393887945671}, {0.4244, 0.44656118824669033}, {0.47150000000000003, 0.46658516707416464}, {0.5107, 0.5133512403223258}, {0.5734, 0.5506698728959121}, {0.6232, 0.5689722547870262}, {0.673, 0.6090534979423868}, {0.7219, 0.6508912108174555}, {0.7713, 0.6653992395437263}, {0.8222, 0.650398406374502}, {0.8722000000000001, 0.7203513909224012}, {0.9218000000000001, 0.7417061611374408}, {0.9661000000000001, 0.7748344370860927}, {1., 0.6492052023121387}}
indexMenge2 {{1}, {2}, {3}, {4}, {5}, {6}, {7}, {8}, {9}, {10}, {11}, {12}, {13}, {14}, {15}, {16}, {17}, {18}, {19}, {20}, {21}}
h {{1003, 105, 193, 314, 436, 596, 863, 1016, 1383, 1145, 3249, 1603, 1456, 1332, 1059, 875, 653, 492, 313, 117, 1797}, 20000}
nonH {{1912, 303, 499, 593, 825, 1133, 1362, 1340, 1714, 1309, 3080, 1308, 1103, 855, 568, 440, 351, 191, 109, 34, 971}, 20000}
hUndNonh {{2915, 408, 692, 907, 1261, 1729, 2225, 2356, 3097, 2454, 6329, 2911, 2559, 2187, 1627, 1315, 1004, 683, 422, 151, 2768}, 40000}
eu 0.027296242051665497
evidenceSize 9
indexMenge2 {{1}, {2}, {3}, {4}, {5}, {6}, {7}, {8}, {9}, {10}, {11}, {12}, {13}, {14}, {15}, {16}, {17}, {18}, {19}, {20}, {21}}
ratioTruths {{0.0006000000000000001, 0.3600984119883695}, {0.07740000000000001, 0.25650557620817843}, {0.12560000000000002, 0.3181818181818182}, {0.1726, 0.3160112359550562}, {0.2187, 0.3531128404669261}, {0.27090000000000003, 0.3579842931937173}, {0.327, 0.4029399048854302}, {0.37370000000000003, 0.4276729559748428}, {0.42210000000000003, 0.43301258327165065}, {0.46900000000000003, 0.4829510229386237}, {0.5062, 0.5030555194383045}, {0.5722, 0.5654496883348175}, {0.62, 0.5739325842696629}, {0.6712, 0.5974786132372805}, {0.7201000000000001, 0.6365777080062794}, {0.7667, 0.6486013986013986}, {0.8195, 0.664576802507837}, {0.8722000000000001, 0.6772388059701493}, {0.9196000000000001, 0.7517006802721088}, {0.9628000000000001, 0.7088607594936709}, {1., 0.6389267849022283}}
indexMenge2 {{1}, {2}, {3}, {4}, {5}, {6}, {7}, {8}, {9}, {10}, {11}, {12}, {13}, {14}, {15}, {16}, {17}, {18}, {19}, {20}, {21}}
h {{1610, 69, 175, 225, 363, 547, 932, 748, 1170, 779, 3869, 1270, 1277, 1327, 811, 742, 636, 363, 221, 56, 2810}, 20000}
nonH {{2861, 200, 375, 487, 665, 981, 1381, 1001, 1532, 834, 3822, 976, 948, 894, 463, 402, 321, 173, 73, 23, 1588}, 20000}
hUndNonh {{4471, 269, 550, 712, 1028, 1528, 2313, 1749, 2702, 1613, 7691, 2246, 2225, 2221, 1274, 1144, 957, 536, 294, 79, 4398}, 40000}
eu 0.0241986262325998
evidenceSize 10
indexMenge2 {{1}, {2}, {3}, {4}, {5}, {6}, {7}, {8}, {9}, {10}, {11}, {12}, {13}, {14}, {15}, {16}, {17}, {18}, {19}, {20}, {21}}
ratioTruths {{0.0004, 0.37813688212927754}, {0.07590000000000001, 0.2935323383084577}, {0.1267, 0.3093812375249501}, {0.17220000000000002, 0.2977624784853701}, {0.21710000000000002, 0.3440082644628099}, {0.2691, 0.37421163279607567}, {0.3284, 0.41909708349980024}, {0.3733, 0.44545454545454544}, {0.4202, 0.4310695404636031}, {0.4675, 0.4777292576419214}, {0.5043, 0.502577952369261}, {0.5719000000000001, 0.558252427184466}, {0.6181, 0.5689404934687954}, {0.6698000000000001, 0.5813758389261745}, {0.7190000000000001, 0.6301369863013698}, {0.7643000000000001, 0.6362823949955317}, {0.8175, 0.6790960451977401}, {0.8707, 0.694560669456067}, {0.9201, 0.7051282051282052}, {0.9616, 0.75}, {1., 0.6206102475532528}}
indexMenge2 {{1}, {2}, {3}, {4}, {5}, {6}, {7}, {8}, {9}, {10}, {11}, {12}, {13}, {14}, {15}, {16}, {17}, {18}, {19}, {20}, {21}}
h {{1989, 59, 155, 173, 333, 534, 1049, 637, 1060, 547, 4094, 1035, 1176, 1386, 690, 712, 601, 332, 165, 39, 3234}, 20000}
nonH {{3271, 142, 346, 408, 635, 893, 1454, 793, 1399, 598, 4052, 819, 891, 998, 405, 407, 284, 146, 69, 13, 1977}, 20000}
hUndNonh {{5260, 201, 501, 581, 968, 1427, 2503, 1430, 2459, 1145, 8146, 1854, 2067, 2384, 1095, 1119, 885, 478, 234, 52, 5211}, 40000}
eu 0.020716845590216287
Dichte 0.3
evidenceSize 2
evidenceSize 3
evidenceSize 5
evidenceSize 7
evidenceSize 9
evidenceSize 10
evidenceSize 2
indexMenge2 {{1}, {2}, {3}, {4}, {5}, {6}, {7}, {8}, {9}, {10}, {11}, {12}, {13}, {14}, {15}, {16}, {17}, {18}, {19}, {20}, {21}}
ratioTruths {{0.0173, 0.20618556701030927}, {0.07740000000000001, 0.16945996275605213}, {0.1269, 0.22974607013301088}, {0.17650000000000002, 0.2469237079573421}, {0.2267, 0.29382407985028075}, {0.2765, 0.323890462700661}, {0.3256, 0.33008193523214985}, {0.37610000000000005, 0.39961636828644503}, {0.4253, 0.4370990237099024}, {0.4748, 0.47500675493109973}, {0.5224, 0.5221875749580235}, {0.5747, 0.5624825272574784}, {0.6238, 0.601148691767709}, {0.6743, 0.6695278969957081}, {0.7235, 0.6753308128544423}, {0.7732, 0.7065420560747664}, {0.8234, 0.7530762920426579}, {0.873, 0.7708082026537998}, {0.9226000000000001, 0.8305400372439479}, {0.9711000000000001, 0.845360824742268}, {1., 0.7164948453608248}}
indexMenge2 {{1}, {2}, {3}, {4}, {5}, {6}, {7}, {8}, {9}, {10}, {11}, {12}, {13}, {14}, {15}, {16}, {17}, {18}, {19}, {20}, {21}}
h {{100, 91, 190, 301, 471, 686, 846, 1250, 1567, 1758, 2177, 2012, 1884, 1716, 1429, 1134, 918, 639, 446, 246, 139}, 20000}
nonH {{385, 446, 637, 918, 1132, 1432, 1717, 1878, 2018, 1943, 1992, 1565, 1250, 847, 687, 471, 301, 190, 91, 45, 55}, 20000}
hUndNonh {{485, 537, 827, 1219, 1603, 2118, 2563, 3128, 3585, 3701, 4169, 3577, 3134, 2563, 2116, 1605, 1219, 829, 537, 291, 194}, 40000}
eu 0.04957307652265409
evidenceSize 3
indexMenge2 {{1}, {2}, {3}, {4}, {5}, {6}, {7}, {8}, {9}, {10}, {11}, {12}, {13}, {14}, {15}, {16}, {17}, {18}, {19}, {20}, {21}}
ratioTruths {{0.010100000000000001, 0.27481713688610243}, {0.0765, 0.2302839116719243}, {0.1268, 0.23562570462232243}, {0.1764, 0.25283630470016205}, {0.2252, 0.32158590308370044}, {0.276, 0.31856645097063213}, {0.3254, 0.36924309171005204}, {0.37570000000000003, 0.39108236895847515}, {0.42510000000000003, 0.43718887262079065}, {0.47450000000000003, 0.4663780663780664}, {0.5209, 0.5275534441805225}, {0.5747, 0.5620588235294117}, {0.6241, 0.6091370558375635}, {0.6745, 0.6311771795901968}, {0.7238, 0.681592039800995}, {0.7745000000000001, 0.6777638190954773}, {0.8234, 0.7469782433521354}, {0.8732000000000001, 0.7641083521444695}, {0.9234, 0.7697160883280757}, {0.9703, 0.8226299694189603}, {1., 0.6751188589540412}}
indexMenge2 {{1}, {2}, {3}, {4}, {5}, {6}, {7}, {8}, {9}, {10}, {11}, {12}, {13}, {14}, {15}, {16}, {17}, {18}, {19}, {20}, {21}}
h {{263, 146, 209, 312, 511, 640, 922, 1149, 1493, 1616, 2221, 1911, 1800, 1571, 1370, 1079, 927, 677, 488, 269, 426}, 20000}
nonH {{694, 488, 678, 922, 1078, 1369, 1575, 1789, 1922, 1849, 1989, 1489, 1155, 918, 640, 513, 314, 209, 146, 58, 205}, 20000}
hUndNonh {{957, 634, 887, 1234, 1589, 2009, 2497, 2938, 3415, 3465, 4210, 3400, 2955, 2489, 2010, 1592, 1241, 886, 634, 327, 631}, 40000}
eu 0.044579617308034516
evidenceSize 5
indexMenge2 {{1}, {2}, {3}, {4}, {5}, {6}, {7}, {8}, {9}, {10}, {11}, {12}, {13}, {14}, {15}, {16}, {17}, {18}, {19}, {20}, {21}}
ratioTruths {{0.0048000000000000004, 0.3261269549218031}, {0.0765, 0.2522255192878338}, {0.1257, 0.2526427061310782}, {0.17550000000000002, 0.2855973813420622}, {0.22460000000000002, 0.32309660908509275}, {0.2751, 0.3479188900747065}, {0.3257, 0.40244969378827644}, {0.37520000000000003, 0.40877862595419845}, {0.4253, 0.44291789335950277}, {0.4737, 0.4644499469402193}, {0.517, 0.5225329327478623}, {0.5740000000000001, 0.5578912245578912}, {0.6241, 0.5906215109787868}, {0.6739, 0.5962897526501767}, {0.7240000000000001, 0.6516613076098606}, {0.774, 0.6746287927695287}, {0.8233, 0.716547901821061}, {0.8738, 0.7447257383966245}, {0.9231, 0.748898678414097}, {0.9697, 0.8213256484149856}, {1., 0.6460612691466083}}
indexMenge2 {{1}, {2}, {3}, {4}, {5}, {6}, {7}, {8}, {9}, {10}, {11}, {12}, {13}, {14}, {15}, {16}, {17}, {18}, {19}, {20}, {21}}
h {{709, 170, 239, 349, 505, 652, 920, 1071, 1354, 1313, 2261, 1672, 1587, 1350, 1216, 1045, 905, 706, 510, 285, 1181}, 20000}
nonH {{1465, 504, 707, 873, 1058, 1222, 1366, 1549, 1703, 1514, 2066, 1325, 1100, 914, 650, 504, 358, 242, 171, 62, 647}, 20000}
hUndNonh {{2174, 674, 946, 1222, 1563, 1874, 2286, 2620, 3057, 2827, 4327, 2997, 2687, 2264, 1866, 1549, 1263, 948, 681, 347, 1828}, 40000}
eu 0.03744880643612637
evidenceSize 7
indexMenge2 {{1}, {2}, {3}, {4}, {5}, {6}, {7}, {8}, {9}, {10}, {11}, {12}, {13}, {14}, {15}, {16}, {17}, {18}, {19}, {20}, {21}}
ratioTruths {{0.002, 0.3301373412801244}, {0.0766, 0.2757417102966841}, {0.1253, 0.30083234244946494}, {0.1744, 0.30090270812437314}, {0.2228, 0.3452722063037249}, {0.2742, 0.36020881670533644}, {0.3262, 0.40157116451016633}, {0.3744, 0.43062890062409986}, {0.42360000000000003, 0.4414573753095154}, {0.4717, 0.48635710866443277}, {0.5115000000000001, 0.5052652895909275}, {0.5736, 0.555087987758225}, {0.6224000000000001, 0.5702550799827064}, {0.6725, 0.601610611084794}, {0.7220000000000001, 0.6332518337408313}, {0.7715000000000001, 0.653954802259887}, {0.8219000000000001, 0.6938053097345133}, {0.8733000000000001, 0.7001209189842805}, {0.9221, 0.7254575707154742}, {0.9664, 0.8205128205128205}, {1., 0.6600496277915633}}
indexMenge2 {{1}, {2}, {3}, {4}, {5}, {6}, {7}, {8}, {9}, {10}, {11}, {12}, {13}, {14}, {15}, {16}, {17}, {18}, {19}, {20}, {21}}
h {{1274, 158, 253, 300, 482, 621, 869, 897, 1248, 1016, 2495, 1451, 1319, 1270, 1036, 926, 784, 579, 436, 192, 2394}, 20000}
nonH {{2585, 415, 588, 697, 914, 1103, 1295, 1186, 1579, 1073, 2443, 1163, 994, 841, 600, 490, 346, 248, 165, 42, 1233}, 20000}
hUndNonh {{3859, 573, 841, 997, 1396, 1724, 2164, 2083, 2827, 2089, 4938, 2614, 2313, 2111, 1636, 1416, 1130, 827, 601, 234, 3627}, 40000}
eu 0.03240871082662161
evidenceSize 9
indexMenge2 {{1}, {2}, {3}, {4}, {5}, {6}, {7}, {8}, {9}, {10}, {11}, {12}, {13}, {14}, {15}, {16}, {17}, {18}, {19}, {20}, {21}}
ratioTruths {{0.0007, 0.3466456472236819}, {0.0776, 0.25958702064896755}, {0.1255, 0.325508607198748}, {0.17270000000000002, 0.338255033557047}, {0.2192, 0.35583941605839414}, {0.2697, 0.37329876863253403}, {0.3269, 0.4058518168947617}, {0.37360000000000004, 0.4094292803970223}, {0.42160000000000003, 0.4538917089678511}, {0.46950000000000003, 0.4928131416837782}, {0.5069, 0.5019461563412261}, {0.5725, 0.5419254658385093}, {0.6201, 0.5815533980582525}, {0.6711, 0.6021879661859771}, {0.7209, 0.6138147566718996}, {0.7667, 0.6375404530744336}, {0.8198000000000001, 0.655241935483871}, {0.8719, 0.6677685950413224}, {0.9191, 0.741514360313316}, {0.9642000000000001, 0.7333333333333333}, {1., 0.6519485162674293}}
indexMenge2 {{1}, {2}, {3}, {4}, {5}, {6}, {7}, {8}, {9}, {10}, {11}, {12}, {13}, {14}, {15}, {16}, {17}, {18}, {19}, {20}, {21}}
h {{1979, 88, 208, 252, 390, 576, 860, 660, 1073, 720, 3095, 1047, 1198, 1211, 782, 788, 650, 404, 284, 88, 3647}, 20000}
nonH {{3730, 251, 431, 493, 706, 967, 1259, 952, 1291, 741, 3071, 885, 862, 800, 492, 448, 342, 201, 99, 32, 1947}, 20000}
hUndNonh {{5709, 339, 639, 745, 1096, 1543, 2119, 1612, 2364, 1461, 6166, 1932, 2060, 2011, 1274, 1236, 992, 605, 383, 120, 5594}, 40000}
eu 0.02772132104864485
evidenceSize 10
indexMenge2 {{1}, {2}, {3}, {4}, {5}, {6}, {7}, {8}, {9}, {10}, {11}, {12}, {13}, {14}, {15}, {16}, {17}, {18}, {19}, {20}, {21}}
ratioTruths {{0.0004, 0.3487949067758072}, {0.07730000000000001, 0.3246268656716418}, {0.1275, 0.2988505747126437}, {0.1731, 0.34192439862542956}, {0.2164, 0.3512092534174553}, {0.2686, 0.3961456102783726}, {0.3277, 0.3987138263665595}, {0.373, 0.41067285382830626}, {0.4208, 0.45165622202327665}, {0.46780000000000005, 0.4967197750702905}, {0.5048, 0.5002190100744635}, {0.5716, 0.538506760728983}, {0.6183000000000001, 0.5839256424275561}, {0.67, 0.6050460941290635}, {0.7194, 0.6053113553113553}, {0.7639, 0.6088180112570356}, {0.8164, 0.6714443219404631}, {0.87, 0.7035573122529645}, {0.92, 0.67003367003367}, {0.9610000000000001, 0.7761194029850746}, {1., 0.6500841879687739}}
indexMenge2 {{1}, {2}, {3}, {4}, {5}, {6}, {7}, {8}, {9}, {10}, {11}, {12}, {13}, {14}, {15}, {16}, {17}, {18}, {19}, {20}, {21}}
h {{2301, 87, 156, 199, 334, 555, 868, 531, 1009, 530, 3426, 916, 1068, 1247, 661, 649, 609, 356, 199, 52, 4247}, 20000}
nonH {{4296, 181, 366, 383, 617, 846, 1309, 762, 1225, 537, 3423, 785, 761, 814, 431, 417, 298, 150, 98, 15, 2286}, 20000}
hUndNonh {{6597, 268, 522, 582, 951, 1401, 2177, 1293, 2234, 1067, 6849, 1701, 1829, 2061, 1092, 1066, 907, 506, 297, 67, 6533}, 40000}
eu 0.02700705977150139
Dichte 0.4
evidenceSize 2
evidenceSize 3
evidenceSize 5
evidenceSize 7
evidenceSize 9
evidenceSize 10
evidenceSize 2
indexMenge2 {{1}, {2}, {3}, {4}, {5}, {6}, {7}, {8}, {9}, {10}, {11}, {12}, {13}, {14}, {15}, {16}, {17}, {18}, {19}, {20}, {21}}
ratioTruths {{0.0166, 0.1655011655011655}, {0.0758, 0.16336633663366337}, {0.1254, 0.22189128816083395}, {0.1758, 0.24280104712041886}, {0.2257, 0.2915047196002221}, {0.27490000000000003, 0.31969910672308416}, {0.3252, 0.3813131313131313}, {0.3753, 0.39992404101785034}, {0.4253, 0.4240855762594893}, {0.47490000000000004, 0.46294381247845573}, {0.5235000000000001, 0.5351246358044675}, {0.5745, 0.5739070090215128}, {0.6244000000000001, 0.6021911598035512}, {0.6746, 0.6172631578947368}, {0.7249, 0.6811320754716981}, {0.774, 0.708980044345898}, {0.8240000000000001, 0.755700325732899}, {0.8744000000000001, 0.7782738095238095}, {0.924, 0.837784371909001}, {0.9722000000000001, 0.8783958602846055}, {1., 0.7655038759689923}}
indexMenge2 {{1}, {2}, {3}, {4}, {5}, {6}, {7}, {8}, {9}, {10}, {11}, {12}, {13}, {14}, {15}, {16}, {17}, {18}, {19}, {20}, {21}}
h {{213, 165, 298, 371, 525, 680, 906, 1053, 1229, 1343, 1653, 1654, 1594, 1466, 1444, 1279, 1160, 1046, 847, 679, 395}, 20000}
nonH {{1074, 845, 1045, 1157, 1276, 1447, 1470, 1580, 1669, 1558, 1436, 1228, 1053, 909, 676, 525, 375, 298, 164, 94, 121}, 20000}
hUndNonh {{1287, 1010, 1343, 1528, 1801, 2127, 2376, 2633, 2898, 2901, 3089, 2882, 2647, 2375, 2120, 1804, 1535, 1344, 1011, 773, 516}, 40000}
eu 0.06932043278105651
evidenceSize 3
indexMenge2 {{1}, {2}, {3}, {4}, {5}, {6}, {7}, {8}, {9}, {10}, {11}, {12}, {13}, {14}, {15}, {16}, {17}, {18}, {19}, {20}, {21}}
ratioTruths {{0.011600000000000001, 0.24365234375}, {0.075, 0.20570948782535683}, {0.1252, 0.237741456166419}, {0.1756, 0.28135368281353684}, {0.22490000000000002, 0.3055235903337169}, {0.2755, 0.33218842001962706}, {0.3255, 0.38401826484018264}, {0.3749, 0.40196479738027013}, {0.42500000000000004, 0.441017733230532}, {0.4747, 0.49139509337239107}, {0.5224, 0.5076472502440612}, {0.5746, 0.56171875}, {0.6247, 0.5934598304400485}, {0.6743, 0.6179569399908383}, {0.7241000000000001, 0.665680473372781}, {0.7744000000000001, 0.6979827089337176}, {0.8239000000000001, 0.7145656433703462}, {0.8746, 0.7621178225205071}, {0.9249, 0.7944862155388471}, {0.9726, 0.8308400460299195}, {1., 0.7016949152542373}}
indexMenge2 {{1}, {2}, {3}, {4}, {5}, {6}, {7}, {8}, {9}, {10}, {11}, {12}, {13}, {14}, {15}, {16}, {17}, {18}, {19}, {20}, {21}}
h {{499, 245, 320, 424, 531, 677, 841, 982, 1144, 1342, 1560, 1438, 1470, 1349, 1350, 1211, 1094, 1022, 951, 722, 828}, 20000}
nonH {{1549, 946, 1026, 1083, 1207, 1361, 1349, 1461, 1450, 1389, 1513, 1122, 1007, 834, 678, 524, 437, 319, 246, 147, 352}, 20000}
hUndNonh {{2048, 1191, 1346, 1507, 1738, 2038, 2190, 2443, 2594, 2731, 3073, 2560, 2477, 2183, 2028, 1735, 1531, 1341, 1197, 869, 1180}, 40000}
eu 0.05914024049932743
evidenceSize 5
indexMenge2 {{1}, {2}, {3}, {4}, {5}, {6}, {7}, {8}, {9}, {10}, {11}, {12}, {13}, {14}, {15}, {16}, {17}, {18}, {19}, {20}, {21}}
ratioTruths {{0.0048000000000000004, 0.288160469667319}, {0.0765, 0.23649337410805302}, {0.1258, 0.26252019386106623}, {0.17500000000000002, 0.29154078549848944}, {0.22390000000000002, 0.3342140026420079}, {0.2746, 0.33517089305402425}, {0.3251, 0.4031168831168831}, {0.37470000000000003, 0.4172803141875307}, {0.4242, 0.4444444444444444}, {0.47340000000000004, 0.4668741662961316}, {0.518, 0.5225390984360626}, {0.5744, 0.5598923283983849}, {0.6238, 0.5765426283560998}, {0.6742, 0.593521421107628}, {0.7237, 0.6674259681093394}, {0.7734000000000001, 0.6662295081967213}, {0.8234, 0.7054597701149425}, {0.8734000000000001, 0.7389525368248773}, {0.9226000000000001, 0.7600401606425703}, {0.9697, 0.7849624060150376}, {1., 0.698019801980198}}
indexMenge2 {{1}, {2}, {3}, {4}, {5}, {6}, {7}, {8}, {9}, {10}, {11}, {12}, {13}, {14}, {15}, {16}, {17}, {18}, {19}, {20}, {21}}
h {{1178, 232, 325, 386, 506, 608, 776, 850, 1028, 1050, 1704, 1248, 1224, 1136, 1172, 1016, 982, 903, 757, 522, 2397}, 20000}
nonH {{2910, 749, 913, 938, 1008, 1206, 1149, 1187, 1285, 1199, 1557, 981, 899, 778, 584, 509, 410, 319, 239, 143, 1037}, 20000}
hUndNonh {{4088, 981, 1238, 1324, 1514, 1814, 1925, 2037, 2313, 2249, 3261, 2229, 2123, 1914, 1756, 1525, 1392, 1222, 996, 665, 3434}, 40000}
eu 0.051308313817649734
evidenceSize 7
indexMenge2 {{1}, {2}, {3}, {4}, {5}, {6}, {7}, {8}, {9}, {10}, {11}, {12}, {13}, {14}, {15}, {16}, {17}, {18}, {19}, {20}, {21}}
ratioTruths {{0.0018000000000000002, 0.32129614702563275}, {0.07440000000000001, 0.2597911227154047}, {0.1247, 0.27185501066098083}, {0.1746, 0.3188118811881188}, {0.2214, 0.3515981735159817}, {0.2721, 0.37635782747603835}, {0.32580000000000003, 0.4066053059014618}, {0.37320000000000003, 0.42215384615384616}, {0.4234, 0.43740867023867513}, {0.47140000000000004, 0.4795285359801489}, {0.512, 0.5084837058981956}, {0.5728, 0.5660480349344978}, {0.6228, 0.5726634251755808}, {0.6726000000000001, 0.5909598214285714}, {0.7223, 0.6240171551107935}, {0.7704000000000001, 0.6384222059897735}, {0.8209000000000001, 0.6812447434819175}, {0.8736, 0.7337016574585635}, {0.9238000000000001, 0.7310087173100872}, {0.9667, 0.7793296089385475}, {1., 0.6729849726775956}}
indexMenge2 {{1}, {2}, {3}, {4}, {5}, {6}, {7}, {8}, {9}, {10}, {11}, {12}, {13}, {14}, {15}, {16}, {17}, {18}, {19}, {20}, {21}}
h {{1993, 199, 255, 322, 462, 589, 751, 686, 898, 773, 1888, 1037, 1060, 1059, 873, 874, 810, 664, 587, 279, 3941}, 20000}
nonH {{4210, 567, 683, 688, 852, 976, 1096, 939, 1155, 839, 1825, 795, 791, 733, 526, 495, 379, 241, 216, 79, 1915}, 20000}
hUndNonh {{6203, 766, 938, 1010, 1314, 1565, 1847, 1625, 2053, 1612, 3713, 1832, 1851, 1792, 1399, 1369, 1189, 905, 803, 358, 5856}, 40000}
eu 0.04134618024353061
evidenceSize 9
indexMenge2 {{1}, {2}, {3}, {4}, {5}, {6}, {7}, {8}, {9}, {10}, {11}, {12}, {13}, {14}, {15}, {16}, {17}, {18}, {19}, {20}, {21}}
ratioTruths {{0.0004, 0.3323240886520528}, {0.0765, 0.2685851318944844}, {0.125, 0.3132183908045977}, {0.17170000000000002, 0.2976190476190476}, {0.21660000000000001, 0.3519494204425711}, {0.26890000000000003, 0.37554585152838427}, {0.327, 0.3929384965831435}, {0.37310000000000004, 0.41721311475409834}, {0.42110000000000003, 0.4489795918367347}, {0.46880000000000005, 0.4667931688804554}, {0.5069, 0.5071016422547714}, {0.5713, 0.5564120532585844}, {0.619, 0.5678271308523409}, {0.6712, 0.6086698337292161}, {0.7203, 0.6158301158301158}, {0.7656000000000001, 0.6464088397790055}, {0.8190000000000001, 0.6856540084388185}, {0.8728, 0.6933333333333334}, {0.9211, 0.7146017699115044}, {0.9641000000000001, 0.7843137254901961}, {1., 0.6663399093248377}}
indexMenge2 {{1}, {2}, {3}, {4}, {5}, {6}, {7}, {8}, {9}, {10}, {11}, {12}, {13}, {14}, {15}, {16}, {17}, {18}, {19}, {20}, {21}}
h {{2744, 112, 218, 200, 334, 516, 690, 509, 836, 492, 2285, 794, 946, 1025, 638, 702, 650, 468, 323, 80, 5438}, 20000}
nonH {{5513, 305, 478, 472, 615, 858, 1066, 711, 1026, 562, 2221, 633, 720, 659, 398, 384, 298, 207, 129, 22, 2723}, 20000}
hUndNonh {{8257, 417, 696, 672, 949, 1374, 1756, 1220, 1862, 1054, 4506, 1427, 1666, 1684, 1036, 1086, 948, 675, 452, 102, 8161}, 40000}
eu 0.038256816211151394
evidenceSize 10
indexMenge2 {{1}, {2}, {3}, {4}, {5}, {6}, {7}, {8}, {9}, {10}, {11}, {12}, {13}, {14}, {15}, {16}, {17}, {18}, {19}, {20}, {21}}
ratioTruths {{0.0002, 0.34823251316213605}, {0.0766, 0.27586206896551724}, {0.1252, 0.2718808193668529}, {0.1718, 0.35260115606936415}, {0.2136, 0.36848484848484847}, {0.2676, 0.38605028386050283}, {0.3285, 0.4133611691022965}, {0.372, 0.4561213434452871}, {0.4188, 0.4468354430379747}, {0.4675, 0.4612352168199737}, {0.5046, 0.5056920311563811}, {0.5712, 0.5365402405180388}, {0.6174000000000001, 0.5599721059972106}, {0.6696000000000001, 0.5815098468271335}, {0.7189, 0.6228373702422145}, {0.7628, 0.6232657417289221}, {0.8163, 0.6367816091954023}, {0.872, 0.724}, {0.9196000000000001, 0.7335526315789473}, {0.9613, 0.6909090909090909}, {1., 0.6514316585629389}}
indexMenge2 {{1}, {2}, {3}, {4}, {5}, {6}, {7}, {8}, {9}, {10}, {11}, {12}, {13}, {14}, {15}, {16}, {17}, {18}, {19}, {20}, {21}}
h {{3241, 72, 146, 183, 304, 476, 792, 421, 706, 351, 2532, 580, 803, 1063, 540, 584, 554, 362, 223, 38, 6029}, 20000}
nonH {{6066, 189, 391, 336, 521, 757, 1124, 502, 874, 410, 2475, 501, 631, 765, 327, 353, 316, 138, 81, 17, 3226}, 20000}
hUndNonh {{9307, 261, 537, 519, 825, 1233, 1916, 923, 1580, 761, 5007, 1081, 1434, 1828, 867, 937, 870, 500, 304, 55, 9255}, 40000}
eu 0.03185814334130622
Dichte 0.45
evidenceSize 2
evidenceSize 3
evidenceSize 5
evidenceSize 7
evidenceSize 9
evidenceSize 10
evidenceSize 2
indexMenge2 {{1}, {2}, {3}, {4}, {5}, {6}, {7}, {8}, {9}, {10}, {11}, {12}, {13}, {14}, {15}, {16}, {17}, {18}, {19}, {20}, {21}}
ratioTruths {{0.015000000000000001, 0.1683991683991684}, {0.075, 0.17205169628432956}, {0.1252, 0.22154471544715448}, {0.1756, 0.2457680250783699}, {0.2245, 0.28888888888888886}, {0.2746, 0.31645569620253167}, {0.3252, 0.36812472932005197}, {0.3753, 0.4068708609271523}, {0.4249, 0.44779116465863456}, {0.4746, 0.4774218448475492}, {0.5242, 0.5225258493353028}, {0.5747, 0.5504065040650407}, {0.6243000000000001, 0.5920621931260229}, {0.6746, 0.6327414465136423}, {0.7249, 0.6819300837026095}, {0.7748, 0.7144396551724138}, {0.8240000000000001, 0.7510835913312693}, {0.8746, 0.7779291553133515}, {0.9247000000000001, 0.82864038616251}, {0.9727, 0.8795860771401693}, {1., 0.7722543352601156}}
indexMenge2 {{1}, {2}, {3}, {4}, {5}, {6}, {7}, {8}, {9}, {10}, {11}, {12}, {13}, {14}, {15}, {16}, {17}, {18}, {19}, {20}, {21}}
h {{324, 213, 327, 392, 533, 650, 850, 983, 1115, 1237, 1415, 1354, 1447, 1461, 1385, 1326, 1213, 1142, 1030, 935, 668}, 20000}
nonH {{1600, 1025, 1149, 1203, 1312, 1404, 1459, 1433, 1375, 1354, 1293, 1106, 997, 848, 646, 530, 402, 326, 213, 128, 197}, 20000}
hUndNonh {{1924, 1238, 1476, 1595, 1845, 2054, 2309, 2416, 2490, 2591, 2708, 2460, 2444, 2309, 2031, 1856, 1615, 1468, 1243, 1063, 865}, 40000}
eu 0.07856092015677027
evidenceSize 3
indexMenge2 {{1}, {2}, {3}, {4}, {5}, {6}, {7}, {8}, {9}, {10}, {11}, {12}, {13}, {14}, {15}, {16}, {17}, {18}, {19}, {20}, {21}}
ratioTruths {{0.0098, 0.2144856543037089}, {0.07490000000000001, 0.22572815533980584}, {0.1253, 0.24605894448252227}, {0.1746, 0.2746249184605349}, {0.2247, 0.3071225071225071}, {0.2746, 0.34615384615384615}, {0.3252, 0.3837265286470871}, {0.37470000000000003, 0.41990950226244345}, {0.4248, 0.4421505376344086}, {0.4748, 0.47509263071222724}, {0.5224, 0.5220452019266395}, {0.5745, 0.5589519650655022}, {0.6247, 0.5794143744454303}, {0.6745, 0.6154219204655674}, {0.7245, 0.6524201853759012}, {0.7741, 0.6894024802705749}, {0.8246, 0.7302504816955684}, {0.8742000000000001, 0.7534435261707989}, {0.9245000000000001, 0.7731295253419147}, {0.9717, 0.8475247524752475}, {1., 0.7509413663259817}}
indexMenge2 {{1}, {2}, {3}, {4}, {5}, {6}, {7}, {8}, {9}, {10}, {11}, {12}, {13}, {14}, {15}, {16}, {17}, {18}, {19}, {20}, {21}}
h {{613, 279, 359, 421, 539, 684, 797, 928, 1028, 1154, 1409, 1280, 1306, 1269, 1267, 1223, 1137, 1094, 961, 856, 1396}, 20000}
nonH {{2245, 957, 1100, 1112, 1216, 1292, 1280, 1282, 1297, 1275, 1290, 1010, 948, 793, 675, 551, 420, 358, 282, 154, 463}, 20000}
hUndNonh {{2858, 1236, 1459, 1533, 1755, 1976, 2077, 2210, 2325, 2429, 2699, 2290, 2254, 2062, 1942, 1774, 1557, 1452, 1243, 1010, 1859}, 40000}
eu 0.06644041565290415
evidenceSize 5
indexMenge2 {{1}, {2}, {3}, {4}, {5}, {6}, {7}, {8}, {9}, {10}, {11}, {12}, {13}, {14}, {15}, {16}, {17}, {18}, {19}, {20}, {21}}
ratioTruths {{0.0039000000000000003, 0.2839319470699433}, {0.0751, 0.23638132295719844}, {0.12490000000000001, 0.2866836301950806}, {0.17420000000000002, 0.31511254019292606}, {0.22310000000000002, 0.3407859078590786}, {0.274, 0.35360094451003543}, {0.3257, 0.4038668098818475}, {0.37420000000000003, 0.40812821980538067}, {0.42360000000000003, 0.4369708372530574}, {0.4732, 0.4814618644067797}, {0.5177, 0.5119771183410797}, {0.5740000000000001, 0.5629441624365482}, {0.6231, 0.588883062401678}, {0.6735, 0.5958829902491874}, {0.7233, 0.6417347580138277}, {0.7725000000000001, 0.6635262449528937}, {0.8232, 0.6794117647058824}, {0.8742000000000001, 0.7158894645941278}, {0.9239, 0.7602283539486203}, {0.9690000000000001, 0.8035190615835777}, {1., 0.7035513209181464}}
indexMenge2 {{1}, {2}, {3}, {4}, {5}, {6}, {7}, {8}, {9}, {10}, {11}, {12}, {13}, {14}, {15}, {16}, {17}, {18}, {19}, {20}, {21}}
h {{1502, 243, 338, 392, 503, 599, 752, 713, 929, 909, 1432, 1109, 1123, 1100, 1021, 986, 924, 829, 799, 548, 3249}, 20000}
nonH {{3788, 785, 841, 852, 973, 1095, 1110, 1034, 1197, 979, 1365, 861, 784, 746, 570, 500, 436, 329, 252, 134, 1369}, 20000}
hUndNonh {{5290, 1028, 1179, 1244, 1476, 1694, 1862, 1747, 2126, 1888, 2797, 1970, 1907, 1846, 1591, 1486, 1360, 1158, 1051, 682, 4618}, 40000}
eu 0.053218961641303894
evidenceSize 7
indexMenge2 {{1}, {2}, {3}, {4}, {5}, {6}, {7}, {8}, {9}, {10}, {11}, {12}, {13}, {14}, {15}, {16}, {17}, {18}, {19}, {20}, {21}}
ratioTruths {{0.0013000000000000002, 0.3109578137436986}, {0.0753, 0.2368815592203898}, {0.1254, 0.28822882288228824}, {0.1733, 0.33037475345167655}, {0.22010000000000002, 0.3507528786536758}, {0.2713, 0.37413554633471646}, {0.32580000000000003, 0.42578356002365464}, {0.3735, 0.44353182751540043}, {0.4222, 0.44661822247065397}, {0.47090000000000004, 0.4609084139985108}, {0.5111, 0.514268549113848}, {0.5727, 0.5488524590163935}, {0.6215, 0.5614236509758898}, {0.6724, 0.576521204671174}, {0.7217, 0.6183574879227053}, {0.7688, 0.644891122278057}, {0.8216, 0.6677524429967426}, {0.8728, 0.709049255441008}, {0.9226000000000001, 0.7560283687943262}, {0.9662000000000001, 0.8215488215488216}, {1., 0.6839056681836988}}
indexMenge2 {{1}, {2}, {3}, {4}, {5}, {6}, {7}, {8}, {9}, {10}, {11}, {12}, {13}, {14}, {15}, {16}, {17}, {18}, {19}, {20}, {21}}
h {{2344, 158, 262, 335, 396, 541, 720, 648, 799, 619, 1712, 837, 978, 938, 768, 770, 820, 619, 533, 244, 4959}, 20000}
nonH {{5194, 509, 647, 679, 733, 905, 971, 813, 990, 724, 1617, 688, 764, 689, 474, 424, 408, 254, 172, 53, 2292}, 20000}
hUndNonh {{7538, 667, 909, 1014, 1129, 1446, 1691, 1461, 1789, 1343, 3329, 1525, 1742, 1627, 1242, 1194, 1228, 873, 705, 297, 7251}, 40000}
eu 0.04562156777357584
evidenceSize 9
indexMenge2 {{1}, {2}, {3}, {4}, {5}, {6}, {7}, {8}, {9}, {10}, {11}, {12}, {13}, {14}, {15}, {16}, {17}, {18}, {19}, {20}, {21}}
ratioTruths {{0.0004, 0.3381662242189095}, {0.0752, 0.3132183908045977}, {0.1255, 0.3163751987281399}, {0.17220000000000002, 0.33559322033898303}, {0.21580000000000002, 0.35526315789473684}, {0.26680000000000004, 0.3793103448275862}, {0.3277, 0.39401343921808185}, {0.37210000000000004, 0.45292887029288703}, {0.42010000000000003, 0.4360128617363344}, {0.46790000000000004, 0.4683698296836983}, {0.5061, 0.5066831683168317}, {0.5708, 0.5592920353982301}, {0.6184000000000001, 0.5552367288378766}, {0.6701, 0.607741935483871}, {0.7196, 0.5947630922693267}, {0.7636000000000001, 0.6439317953861585}, {0.8170000000000001, 0.6630785791173305}, {0.872, 0.6862416107382551}, {0.9213, 0.6735751295336787}, {0.9630000000000001, 0.7478260869565218}, {1., 0.6609889542686074}}
indexMenge2 {{1}, {2}, {3}, {4}, {5}, {6}, {7}, {8}, {9}, {10}, {11}, {12}, {13}, {14}, {15}, {16}, {17}, {18}, {19}, {20}, {21}}
h {{3312, 109, 199, 198, 324, 429, 645, 433, 678, 385, 2047, 632, 774, 942, 477, 642, 616, 409, 260, 86, 6403}, 20000}
nonH {{6482, 239, 430, 392, 588, 702, 992, 523, 877, 437, 1993, 498, 620, 608, 325, 355, 313, 187, 126, 29, 3284}, 20000}
hUndNonh {{9794, 348, 629, 590, 912, 1131, 1637, 956, 1555, 822, 4040, 1130, 1394, 1550, 802, 997, 929, 596, 386, 115, 9687}, 40000}
eu 0.03692341310358463
evidenceSize 10
indexMenge2 {{1}, {2}, {3}, {4}, {5}, {6}, {7}, {8}, {9}, {10}, {11}, {12}, {13}, {14}, {15}, {16}, {17}, {18}, {19}, {20}, {21}}
ratioTruths {{0.0002, 0.3416160672582905}, {0.0761, 0.2701612903225806}, {0.1263, 0.31309297912713474}, {0.17120000000000002, 0.3293269230769231}, {0.2132, 0.3619791666666667}, {0.2664, 0.39963503649635035}, {0.3291, 0.41712877387553915}, {0.3715, 0.4231311706629055}, {0.4186, 0.4537474679270763}, {0.467, 0.4625}, {0.504, 0.504099320684001}, {0.5703, 0.5484536082474227}, {0.6158, 0.5658536585365853}, {0.6692, 0.5831727681438664}, {0.7188, 0.5872340425531914}, {0.7616, 0.6227272727272727}, {0.8153, 0.6541450777202072}, {0.8708, 0.6860706860706861}, {0.9192, 0.7319587628865979}, {0.9610000000000001, 0.7647058823529411}, {1., 0.6578182159272113}}
indexMenge2 {{1}, {2}, {3}, {4}, {5}, {6}, {7}, {8}, {9}, {10}, {11}, {12}, {13}, {14}, {15}, {16}, {17}, {18}, {19}, {20}, {21}}
h {{3657, 67, 165, 137, 278, 438, 677, 300, 672, 259, 2152, 532, 696, 908, 414, 548, 505, 330, 213, 39, 7013}, 20000}
nonH {{7048, 181, 362, 279, 490, 658, 946, 409, 809, 301, 2117, 438, 534, 649, 291, 332, 267, 151, 78, 12, 3648}, 20000}
hUndNonh {{10705, 248, 527, 416, 768, 1096, 1623, 709, 1481, 560, 4269, 970, 1230, 1557, 705, 880, 772, 481, 291, 51, 10661}, 40000}
eu 0.03569802898772363
