/home/carla/Documents/DebSim/
/home/carla/Documents/DebSim/Data/Genese_09_2017/Ana1/14_09_2017/Data/Mit/Mod_c/
{DataToPlot_Mit_ExDOJ_z_c_0.8.txt}
/home/carla/Documents/DebSim/Data/Genese_09_2017/Ana2/14_09_2017/Mit/Mod_c/
c
z
Eigen
Package path /home/carla/Documents/DebSim/DebateDynamics/Kernel/init.m
Loading additional packages...

General::obspkg: PlotLegends` is now obsolete. The legacy version being loaded may conflict with current functionality. See the Compatibility Guide for updating information.

General::obspkg: PlotLegends` is now obsolete. The legacy version being loaded may conflict with current functionality. See the Compatibility Guide for updating information.
Einzulesende Datei /home/carla/Documents/DebSim/Data/Genese_09_2017/Ana1/14_09_2017/Data/Mit/Mod_c/DataToPlot_Mit_ExDOJ_z_c_0.8.txt
Dichte 0.15
evidenceSize 2
gesZahlAll 20000
binCountsFlat {20, 2, 5, 10, 32, 71, 185, 541, 1619, 6226, 7594, 1974, 857, 431, 190, 103, 50, 22, 19, 1, 48}
evidenceSize 5
gesZahlAll 20000
binCountsFlat {149, 4, 11, 49, 91, 182, 430, 1033, 2317, 4146, 5485, 2616, 1433, 741, 424, 242, 109, 49, 24, 4, 461}
evidenceSize 10
gesZahlAll 20000
binCountsFlat {596, 1, 11, 48, 112, 238, 551, 1231, 2519, 2803, 4037, 2555, 1524, 828, 452, 251, 129, 45, 15, 1, 2053}
Dichte 0.2
evidenceSize 2
gesZahlAll 20000
binCountsFlat {22, 2, 7, 16, 52, 121, 275, 655, 1834, 6129, 6392, 2165, 1069, 577, 297, 162, 76, 45, 23, 4, 77}
evidenceSize 5
gesZahlAll 20000
binCountsFlat {154, 11, 26, 69, 99, 293, 536, 1093, 2357, 3831, 4324, 2652, 1554, 926, 569, 336, 226, 117, 66, 10, 751}
evidenceSize 10
gesZahlAll 20000
binCountsFlat {803, 7, 29, 63, 138, 326, 640, 1326, 2226, 2626, 3021, 2167, 1640, 951, 544, 364, 195, 92, 25, 3, 2814}
Dichte 0.25
evidenceSize 2
gesZahlAll 20000
binCountsFlat {25, 10, 19, 40, 63, 167, 303, 730, 1953, 5679, 5688, 2383, 1214, 689, 369, 249, 155, 83, 49, 23, 109}
evidenceSize 5
gesZahlAll 20000
binCountsFlat {262, 26, 49, 87, 168, 298, 593, 1214, 2264, 3512, 3495, 2472, 1622, 1046, 727, 492, 337, 203, 110, 50, 973}
evidenceSize 10
gesZahlAll 20000
binCountsFlat {982, 12, 40, 88, 190, 364, 732, 1298, 2016, 2291, 2382, 1963, 1475, 1000, 652, 368, 240, 113, 54, 4, 3736}
Dichte 0.3
evidenceSize 2
gesZahlAll 20000
binCountsFlat {39, 16, 21, 47, 73, 197, 356, 801, 2016, 5363, 4964, 2431, 1385, 774, 478, 347, 201, 164, 104, 36, 187}
evidenceSize 5
gesZahlAll 20000
binCountsFlat {293, 26, 75, 109, 186, 355, 598, 1183, 2146, 3313, 3001, 2242, 1590, 1128, 781, 603, 398, 303, 190, 67, 1413}
evidenceSize 10
gesZahlAll 20000
binCountsFlat {1035, 17, 39, 120, 201, 362, 673, 1249, 1782, 2091, 1931, 1704, 1370, 934, 653, 453, 297, 173, 62, 7, 4847}
Dichte 0.4
evidenceSize 2
gesZahlAll 20000
binCountsFlat {71, 37, 47, 80, 124, 224, 436, 918, 1964, 4788, 3905, 2412, 1453, 951, 670, 528, 345, 281, 214, 149, 403}
evidenceSize 5
gesZahlAll 20000
binCountsFlat {431, 58, 88, 138, 268, 374, 597, 1122, 1863, 2790, 2263, 1903, 1483, 1108, 868, 626, 535, 444, 294, 134, 2613}
evidenceSize 10
gesZahlAll 20000
binCountsFlat {1475, 21, 54, 97, 204, 395, 678, 1049, 1477, 1584, 1337, 1316, 1033, 821, 617, 430, 280, 174, 78, 13, 6867}
Dichte 0.45
evidenceSize 2
gesZahlAll 20000
binCountsFlat {84, 33, 55, 76, 154, 249, 469, 868, 1891, 4455, 3538, 2354, 1544, 1016, 757, 525, 418, 321, 268, 166, 759}
evidenceSize 5
gesZahlAll 20000
binCountsFlat {490, 59, 105, 158, 259, 358, 662, 1119, 1735, 2536, 1927, 1693, 1333, 1025, 818, 627, 568, 446, 346, 143, 3593}
evidenceSize 10
gesZahlAll 20000
binCountsFlat {1600, 14, 60, 108, 193, 347, 635, 916, 1274, 1475, 1155, 1102, 918, 685, 518, 417, 259, 133, 77, 9, 8105}
Dichte 0.15
 abMod c data {2, 0.009041991517139022}
 abMod c data {3, 0.010758663074084171}
 abMod c data {5, 0.013887154833958115}
 abMod c data {7, 0.019810879521591426}
 abMod c data {9, 0.023226304974896132}
 abMod c data {10, 0.027103452966291686}
Dichte 0.2
 abMod c data {2, 0.012274388373522831}
 abMod c data {3, 0.01520827347737147}
 abMod c data {5, 0.02510365323615739}
 abMod c data {7, 0.031073253135828323}
 abMod c data {9, 0.035083267549098504}
 abMod c data {10, 0.037206449211703393}
Dichte 0.25
 abMod c data {2, 0.017832950102197064}
 abMod c data {3, 0.025621422698786513}
 abMod c data {5, 0.032208967370690345}
 abMod c data {7, 0.04302682265624587}
 abMod c data {9, 0.04904943852089979}
 abMod c data {10, 0.048520023659044204}
Dichte 0.3
 abMod c data {2, 0.026803561239198578}
 abMod c data {3, 0.03376571881457066}
 abMod c data {5, 0.04643365235220846}
 abMod c data {7, 0.05615203636718674}
 abMod c data {9, 0.06363959081258014}
 abMod c data {10, 0.07277612602735337}
Dichte 0.4
 abMod c data {2, 0.04387486642375703}
 abMod c data {3, 0.05937732005227195}
 abMod c data {5, 0.07306103291983629}
 abMod c data {7, 0.08509763089517214}
 abMod c data {9, 0.10216651820288866}
 abMod c data {10, 0.0964876833494174}
Dichte 0.45
 abMod c data {2, 0.05794651109752051}
 abMod c data {3, 0.07281391661934035}
 abMod c data {5, 0.0914026363740297}
 abMod c data {7, 0.10835798655251394}
 abMod c data {9, 0.11756318141215272}
 abMod c data {10, 0.11686043044777389}
dreiData {{0.15, 2, 0.009041991517139022}, {0.15, 3, 0.010758663074084171}, {0.15, 5, 0.013887154833958115}, {0.15, 7, 0.019810879521591426}, {0.15, 9, 0.023226304974896132}, {0.15, 10, 0.027103452966291686}, {0.2, 2, 0.012274388373522831}, {0.2, 3, 0.01520827347737147}, {0.2, 5, 0.02510365323615739}, {0.2, 7, 0.031073253135828323}, {0.2, 9, 0.035083267549098504}, {0.2, 10, 0.037206449211703393}, {0.25, 2, 0.017832950102197064}, {0.25, 3, 0.025621422698786513}, {0.25, 5, 0.032208967370690345}, {0.25, 7, 0.04302682265624587}, {0.25, 9, 0.04904943852089979}, {0.25, 10, 0.048520023659044204}, {0.3, 2, 0.026803561239198578}, {0.3, 3, 0.03376571881457066}, {0.3, 5, 0.04643365235220846}, {0.3, 7, 0.05615203636718674}, {0.3, 9, 0.06363959081258014}, {0.3, 10, 0.07277612602735337}, {0.4, 2, 0.04387486642375703}, {0.4, 3, 0.05937732005227195}, {0.4, 5, 0.07306103291983629}, {0.4, 7, 0.08509763089517214}, {0.4, 9, 0.10216651820288866}, {0.4, 10, 0.0964876833494174}, {0.45, 2, 0.05794651109752051}, {0.45, 3, 0.07281391661934035}, {0.45, 5, 0.0914026363740297}, {0.45, 7, 0.10835798655251394}, {0.45, 9, 0.11756318141215272}, {0.45, 10, 0.11686043044777389}}
dataDEH {2, {{-0.9993000000000001, 0.2898550724637681}, {-0.8350000000000001, 0.09523809523809523}, {-0.7426, 0.18518518518518517}, {-0.6445000000000001, 0.16666666666666666}, {-0.5455, 0.23703703703703705}, {-0.44630000000000003, 0.2720306513409962}, {-0.3443, 0.3003246753246753}, {-0.2416, 0.38698140200286124}, {-0.1429, 0.45059838575006955}, {-0.0327, 0.5072924305385806}, {0.0261, 0.49417583132686926}, {0.1429, 0.5494016142499304}, {0.2416, 0.6130185979971388}, {0.3443, 0.6996753246753247}, {0.44630000000000003, 0.7279693486590039}, {0.5455, 0.762962962962963}, {0.6445000000000001, 0.8333333333333334}, {0.7426, 0.8148148148148148}, {0.8350000000000001, 0.9047619047619048}, {1., 0.7058823529411765}}}
dataDEH {3, {{-1., 0.25139664804469275}, {-0.7485, 0.23809523809523808}, {-0.6442, 0.1834862385321101}, {-0.5438000000000001, 0.26}, {-0.44480000000000003, 0.2926829268292683}, {-0.3438, 0.32459425717852686}, {-0.2431, 0.3948065712771595}, {-0.1443, 0.45703125}, {-0.0379, 0.5}, {0.0297, 0.4999628832306436}, {0.1443, 0.5430737422467264}, {0.2431, 0.6051934287228405}, {0.3438, 0.6754057428214731}, {0.44480000000000003, 0.7073170731707317}, {0.5438000000000001, 0.74}, {0.6442, 0.8165137614678899}, {0.7485, 0.7619047619047619}, {1., 0.7486033519553073}}}
dataDEH {5, {{-0.9993000000000001, 0.24267100977198697}, {-0.8421000000000001, 0.14285714285714285}, {-0.7403000000000001, 0.18333333333333332}, {-0.6423, 0.310126582278481}, {-0.5452, 0.2732732732732733}, {-0.44270000000000004, 0.30033003300330036}, {-0.34450000000000003, 0.3672075149444919}, {-0.2431, 0.41889699918897}, {-0.1452, 0.4697891321978913}, {-0.044700000000000004, 0.5067220728428257}, {0.033, 0.4949914267665373}, {0.1451, 0.5303061017636327}, {0.2431, 0.5811030008110301}, {0.34450000000000003, 0.6327924850555081}, {0.44270000000000004, 0.6996699669966997}, {0.5452, 0.7267267267267268}, {0.6423, 0.689873417721519}, {0.7403000000000001, 0.8166666666666667}, {0.8421000000000001, 0.8571428571428571}, {1., 0.7582236842105263}}}
dataDEH {7, {{-0.9999, 0.22793553338449732}, {-0.8328, 0.07407407407407407}, {-0.7421, 0.10227272727272728}, {-0.6487, 0.19791666666666666}, {-0.5438000000000001, 0.309462915601023}, {-0.44520000000000004, 0.3245125348189415}, {-0.3447, 0.3945427728613569}, {-0.24430000000000002, 0.42846441947565544}, {-0.1451, 0.4913522012578616}, {-0.047400000000000005, 0.5018587360594795}, {0.0332, 0.49864696086594507}, {0.14500000000000002, 0.5088443396226415}, {0.24430000000000002, 0.5713216023961063}, {0.3447, 0.605457227138643}, {0.44520000000000004, 0.6754874651810585}, {0.5438000000000001, 0.690537084398977}, {0.6487, 0.8020833333333334}, {0.7421, 0.8977272727272727}, {0.8328, 0.9259259259259259}, {1., 0.771889400921659}}}
dataDEH {9, {{-0.9999, 0.2276605298607993}, {-0.8317, 0.2}, {-0.7417, 0.24675324675324675}, {-0.6447, 0.2558139534883721}, {-0.5446, 0.32044198895027626}, {-0.4451, 0.36324786324786323}, {-0.34490000000000004, 0.38522238163558103}, {-0.2436, 0.45861944344054933}, {-0.14550000000000002, 0.4806}, {-0.0502, 0.5129170230966638}, {0.0337, 0.49145740167411994}, {0.1454, 0.5191923230707717}, {0.2436, 0.5413805565594507}, {0.34490000000000004, 0.6147776183644189}, {0.4451, 0.6367521367521367}, {0.5446, 0.6795580110497238}, {0.6447, 0.7441860465116279}, {0.7417, 0.7532467532467533}, {0.8317, 0.8}, {1., 0.7724820143884892}}}
dataDEH {10, {{-1., 0.22490566037735849}, {-0.8324, 0.0625}, {-0.7481, 0.19642857142857142}, {-0.642, 0.2711864406779661}, {-0.5442, 0.3085399449035813}, {-0.44380000000000003, 0.34492753623188405}, {-0.34640000000000004, 0.3995649021029732}, {-0.2439, 0.4469862018881627}, {-0.1459, 0.49645250295624754}, {-0.0514, 0.5184020713889402}, {0.033600000000000005, 0.48791394730481025}, {0.1458, 0.5035474970437525}, {0.2439, 0.5531760435571688}, {0.3463, 0.6008708272859217}, {0.44370000000000004, 0.6550724637681159}, {0.544, 0.6895604395604396}, {0.642, 0.7288135593220338}, {0.7481, 0.8035714285714286}, {0.8324, 0.9375}, {1., 0.7750094375235939}}}
dataDEH {2, {{-0.9978, 0.21359223300970873}, {-0.8368, 0.08}, {-0.7437, 0.1346153846153846}, {-0.6474000000000001, 0.17391304347826086}, {-0.5445, 0.24299065420560748}, {-0.44420000000000004, 0.2894736842105263}, {-0.3421, 0.3227699530516432}, {-0.24330000000000002, 0.3799303944315545}, {-0.1433, 0.45861465366341586}, {-0.0378, 0.5146527836090352}, {0.0342, 0.4867128607325059}, {0.1433, 0.5413853463365842}, {0.24330000000000002, 0.6200696055684455}, {0.3421, 0.6772300469483568}, {0.44420000000000004, 0.7105263157894737}, {0.5445, 0.7570093457943925}, {0.6474000000000001, 0.8260869565217391}, {0.7437, 0.8653846153846154}, {0.8368, 0.92}, {1., 0.7777777777777778}}}
dataDEH {3, {{-0.9992000000000001, 0.20608108108108109}, {-0.8450000000000001, 0.17647058823529413}, {-0.7438, 0.17777777777777778}, {-0.6454000000000001, 0.25}, {-0.5457000000000001, 0.26047904191616766}, {-0.4454, 0.2815884476534296}, {-0.3448, 0.3696027633851468}, {-0.2431, 0.3933649289099526}, {-0.1439, 0.461864406779661}, {-0.0426, 0.5214581439967687}, {0.038, 0.4808610285508421}, {0.1439, 0.538135593220339}, {0.2431, 0.6066350710900474}, {0.3448, 0.6303972366148531}, {0.4454, 0.7184115523465704}, {0.5457000000000001, 0.7395209580838323}, {0.6454000000000001, 0.75}, {0.7438, 0.8222222222222222}, {0.8450000000000001, 0.8235294117647058}, {1., 0.7945205479452054}}}
dataDEH {5, {{-0.9991000000000001, 0.16830601092896175}, {-0.8447, 0.14285714285714285}, {-0.7471, 0.18181818181818182}, {-0.646, 0.23389830508474577}, {-0.5448000000000001, 0.22758620689655173}, {-0.4436, 0.339907192575406}, {-0.3461, 0.36662106703146374}, {-0.24530000000000002, 0.4129202871174915}, {-0.1448, 0.47064696485623003}, {-0.046400000000000004, 0.5071485305798252}, {0.04, 0.4937764074454722}, {0.1448, 0.5294469954082651}, {0.24530000000000002, 0.5870797128825085}, {0.3461, 0.6333789329685362}, {0.4436, 0.660092807424594}, {0.5448000000000001, 0.7724137931034483}, {0.646, 0.7661016949152543}, {0.7471, 0.8181818181818182}, {0.8447, 0.8571428571428571}, {0.9238000000000001, 0.9090909090909091}, {1., 0.8307522123893806}}}
dataDEH {7, {{-0.9995, 0.2073170731707317}, {-0.8351000000000001, 0.125}, {-0.7462000000000001, 0.23125}, {-0.644, 0.21103896103896103}, {-0.5488000000000001, 0.2745762711864407}, {-0.4441, 0.30561555075593955}, {-0.3458, 0.38875154511742893}, {-0.24480000000000002, 0.426994301994302}, {-0.1467, 0.48546511627906974}, {-0.0488, 0.5226251604621309}, {0.0409, 0.4810279870828848}, {0.1467, 0.5145348837209303}, {0.24480000000000002, 0.573005698005698}, {0.3458, 0.6112484548825711}, {0.4441, 0.6943844492440605}, {0.5488000000000001, 0.7254237288135593}, {0.644, 0.788961038961039}, {0.7462000000000001, 0.76875}, {0.8351000000000001, 0.875}, {0.9265, 0.9230769230769231}, {1., 0.791777896422851}}}
dataDEH {9, {{-0.9997, 0.20499657768651608}, {-0.8401000000000001, 0.2545454545454545}, {-0.741, 0.21768707482993196}, {-0.6461, 0.2714285714285714}, {-0.5458000000000001, 0.30783242258652094}, {-0.446, 0.3423913043478261}, {-0.34600000000000003, 0.40354090354090355}, {-0.24550000000000002, 0.44989339019189767}, {-0.1464, 0.4939503290171938}, {-0.0507, 0.5160328113348247}, {0.0415, 0.48689823278488725}, {0.1464, 0.5059447983014862}, {0.24550000000000002, 0.5502664298401421}, {0.34600000000000003, 0.5964590964590964}, {0.446, 0.657608695652174}, {0.5458000000000001, 0.692167577413479}, {0.6461, 0.7285714285714285}, {0.741, 0.782312925170068}, {0.8401000000000001, 0.7454545454545455}, {0.9258000000000001, 0.8181818181818182}, {1., 0.7949158364823085}}}
dataDEH {10, {{-0.9999, 0.2218232044198895}, {-0.8349000000000001, 0.21875}, {-0.7457, 0.2396694214876033}, {-0.6443, 0.2441860465116279}, {-0.5465, 0.2749003984063745}, {-0.4455, 0.37471264367816093}, {-0.3457, 0.4022627278441232}, {-0.24450000000000002, 0.4470667565745111}, {-0.1471, 0.506715228773048}, {-0.0499, 0.52}, {0.040400000000000005, 0.4838244714926329}, {0.1471, 0.49328477122695197}, {0.24450000000000002, 0.5529332434254889}, {0.3457, 0.5977372721558768}, {0.4455, 0.6252873563218391}, {0.5465, 0.7250996015936255}, {0.6443, 0.7558139534883721}, {0.7457, 0.7603305785123967}, {0.8349000000000001, 0.78125}, {1., 0.7779928117224219}}}
dataDEH {2, {{-0.9889, 0.1592356687898089}, {-0.8483, 0.1694915254237288}, {-0.7465, 0.18627450980392157}, {-0.645, 0.20512820512820512}, {-0.545, 0.20192307692307693}, {-0.4459, 0.31156716417910446}, {-0.34440000000000004, 0.30544354838709675}, {-0.2437, 0.37551440329218105}, {-0.14300000000000002, 0.4504151291512915}, {-0.0412, 0.5120367865837165}, {0.0393, 0.48853388301984024}, {0.14300000000000002, 0.5495848708487084}, {0.2437, 0.6244855967078189}, {0.34440000000000004, 0.6945564516129032}, {0.4459, 0.6884328358208955}, {0.545, 0.7980769230769231}, {0.645, 0.7948717948717948}, {0.7465, 0.8137254901960784}, {0.8483, 0.8305084745762712}, {0.9355, 0.8518518518518519}, {1., 0.8384615384615385}}}
dataDEH {3, {{-0.9954000000000001, 0.1716937354988399}, {-0.8479, 0.16666666666666666}, {-0.7443000000000001, 0.18235294117647058}, {-0.647, 0.16538461538461538}, {-0.549, 0.227765726681128}, {-0.44630000000000003, 0.2827586206896552}, {-0.34490000000000004, 0.3250377073906486}, {-0.24530000000000002, 0.3984080435693339}, {-0.1447, 0.4452585304584467}, {-0.044700000000000004, 0.5198150594451784}, {0.0422, 0.4813006440889258}, {0.1447, 0.5547414695415532}, {0.24530000000000002, 0.6015919564306661}, {0.34490000000000004, 0.6749622926093515}, {0.44630000000000003, 0.7172413793103448}, {0.549, 0.7722342733188721}, {0.647, 0.8346153846153846}, {0.7443000000000001, 0.8176470588235294}, {0.8479, 0.8333333333333334}, {0.9387000000000001, 0.90625}, {1., 0.8220551378446115}}}
dataDEH {5, {{-0.9971000000000001, 0.20389105058365758}, {-0.8422000000000001, 0.19117647058823528}, {-0.7465, 0.19444444444444445}, {-0.6467, 0.20518867924528303}, {-0.5467000000000001, 0.2545454545454545}, {-0.4464, 0.29073170731707315}, {-0.3461, 0.3618059792556437}, {-0.2449, 0.42806770098730607}, {-0.1463, 0.4780405405405405}, {-0.0476, 0.5213776722090261}, {0.0441, 0.4802143446001649}, {0.1463, 0.5219594594594594}, {0.2449, 0.5719322990126939}, {0.3461, 0.6381940207443563}, {0.4464, 0.7092682926829268}, {0.5467000000000001, 0.7454545454545455}, {0.6467, 0.7948113207547169}, {0.7465, 0.8055555555555556}, {0.8422000000000001, 0.8088235294117647}, {0.9337000000000001, 0.8771929824561403}, {1., 0.7923452768729642}}}
dataDEH {7, {{-0.999, 0.18683484430429642}, {-0.8426, 0.19117647058823528}, {-0.7468, 0.2391304347826087}, {-0.6469, 0.22696629213483147}, {-0.5479, 0.28396946564885495}, {-0.4459, 0.30913748932536295}, {-0.34490000000000004, 0.3675263774912075}, {-0.2457, 0.43644662921348315}, {-0.1472, 0.49590350477924444}, {-0.0497, 0.5183453237410072}, {0.0453, 0.4832896461336828}, {0.1472, 0.5040964952207556}, {0.2457, 0.5635533707865169}, {0.34490000000000004, 0.6324736225087925}, {0.4459, 0.6908625106746371}, {0.5479, 0.716030534351145}, {0.6469, 0.7730337078651686}, {0.7468, 0.7608695652173914}, {0.8426, 0.8088235294117647}, {0.925, 0.8235294117647058}, {1., 0.8130243707550939}}}
dataDEH {9, {{-0.9997, 0.19632840387557368}, {-0.8433, 0.15584415584415584}, {-0.7467, 0.21658986175115208}, {-0.6425000000000001, 0.22832369942196531}, {-0.5464, 0.28917609046849757}, {-0.4461, 0.35424354243542433}, {-0.3462, 0.4117647058823529}, {-0.24710000000000001, 0.44566761363636365}, {-0.1468, 0.4993924665856622}, {-0.049300000000000004, 0.53125}, {0.0444, 0.4719122023809524}, {0.1468, 0.5006075334143378}, {0.24710000000000001, 0.5543323863636364}, {0.3462, 0.5882352941176471}, {0.446, 0.6454293628808865}, {0.5463, 0.7112903225806452}, {0.6425000000000001, 0.7716763005780347}, {0.7467, 0.783410138248848}, {0.8433, 0.8441558441558441}, {0.926, 0.6666666666666666}, {1., 0.8041975940619401}}}
dataDEH {10, {{-0.9999, 0.20796272765777213}, {-0.8364, 0.18181818181818182}, {-0.7428, 0.26143790849673204}, {-0.6453, 0.2682926829268293}, {-0.5441, 0.34050179211469533}, {-0.4454, 0.35826771653543305}, {-0.34640000000000004, 0.4226327944572748}, {-0.2474, 0.46808510638297873}, {-0.1476, 0.5066599648152802}, {-0.0507, 0.52044525215811}, {0.045200000000000004, 0.4818935868905523}, {0.1476, 0.49321608040201004}, {0.2474, 0.5319148936170213}, {0.34640000000000004, 0.5773672055427251}, {0.4454, 0.6417322834645669}, {0.5441, 0.6594982078853047}, {0.6453, 0.7317073170731707}, {0.7428, 0.738562091503268}, {0.8364, 0.8181818181818182}, {1., 0.7920288318846724}}}
dataDEH {2, {{-0.9913000000000001, 0.14885496183206107}, {-0.8489, 0.13333333333333333}, {-0.7447, 0.11351351351351352}, {-0.6481, 0.18951612903225806}, {-0.5457000000000001, 0.1738095238095238}, {-0.44470000000000004, 0.29185185185185186}, {-0.34400000000000003, 0.31504424778761064}, {-0.2447, 0.3664226898444648}, {-0.1439, 0.45333932988531594}, {-0.0427, 0.525939001667157}, {0.0417, 0.47470593860571864}, {0.1439, 0.5466606701146841}, {0.2447, 0.6335773101555352}, {0.34400000000000003, 0.6849557522123894}, {0.44470000000000004, 0.7081481481481482}, {0.5457000000000001, 0.8261904761904761}, {0.6481, 0.8104838709677419}, {0.7447, 0.8864864864864865}, {0.8489, 0.8666666666666667}, {0.9467000000000001, 0.8372093023255814}, {1., 0.8538812785388128}}}
dataDEH {3, {{-0.9925, 0.129783693843594}, {-0.8457, 0.11038961038961038}, {-0.7446, 0.16793893129770993}, {-0.6479, 0.20812182741116753}, {-0.5465, 0.2526690391459075}, {-0.44680000000000003, 0.2694954128440367}, {-0.3462, 0.3406896551724138}, {-0.2451, 0.3977401129943503}, {-0.1454, 0.4515361315447858}, {-0.0461, 0.5403614457831325}, {0.044700000000000004, 0.46084618980832165}, {0.1454, 0.5484638684552142}, {0.2451, 0.6022598870056497}, {0.3462, 0.6593103448275862}, {0.44680000000000003, 0.7305045871559633}, {0.5465, 0.7473309608540926}, {0.6479, 0.7918781725888325}, {0.7446, 0.8320610687022901}, {0.8457, 0.8896103896103896}, {0.9435, 0.8625}, {1., 0.8714011516314779}}}
dataDEH {5, {{-0.997, 0.1652566271855612}, {-0.8448, 0.12037037037037036}, {-0.7462000000000001, 0.1984126984126984}, {-0.6481, 0.21499013806706113}, {-0.5483, 0.23574144486692014}, {-0.4485, 0.3125}, {-0.3467, 0.3464658169177289}, {-0.2456, 0.426613775694194}, {-0.1466, 0.48906107566089335}, {-0.0477, 0.5356507679870655}, {0.0458, 0.46577681204407884}, {0.1466, 0.5109389243391067}, {0.2456, 0.573386224305806}, {0.3467, 0.6535341830822712}, {0.4485, 0.6875}, {0.5483, 0.7642585551330798}, {0.6481, 0.7850098619329389}, {0.7462000000000001, 0.8015873015873016}, {0.8448, 0.8796296296296297}, {0.9312, 0.881578947368421}, {1., 0.8326458456098998}}}
dataDEH {7, {{-0.999, 0.16741405082212257}, {-0.8461000000000001, 0.16042780748663102}, {-0.7441, 0.21676300578034682}, {-0.6429, 0.24581005586592178}, {-0.5474, 0.30303030303030304}, {-0.446, 0.32230703986429177}, {-0.34650000000000003, 0.38028169014084506}, {-0.24630000000000002, 0.4549466715704303}, {-0.14730000000000001, 0.4940417080436941}, {-0.049100000000000005, 0.5414987912973409}, {0.046700000000000005, 0.46053639846743294}, {0.14730000000000001, 0.5059582919563058}, {0.24630000000000002, 0.5450533284295697}, {0.34650000000000003, 0.6197183098591549}, {0.446, 0.6776929601357082}, {0.5474, 0.696969696969697}, {0.6429, 0.7541899441340782}, {0.7441, 0.7832369942196532}, {0.8461000000000001, 0.839572192513369}, {0.931, 0.8979591836734694}, {1., 0.8316140776699029}}}
dataDEH {9, {{-0.9997, 0.1756048387096774}, {-0.8460000000000001, 0.18518518518518517}, {-0.7412000000000001, 0.25390625}, {-0.6456000000000001, 0.30288461538461536}, {-0.5457000000000001, 0.30428769017980634}, {-0.4464, 0.3564638783269962}, {-0.3468, 0.40939597315436244}, {-0.2467, 0.4848148148148148}, {-0.1484, 0.5033847820200379}, {-0.049300000000000004, 0.5339922854387656}, {0.046400000000000004, 0.46787741203178207}, {0.14830000000000002, 0.4967514889009204}, {0.2467, 0.5151851851851852}, {0.3468, 0.5906040268456376}, {0.4464, 0.6435361216730038}, {0.5457000000000001, 0.6957123098201936}, {0.6456000000000001, 0.6971153846153846}, {0.7412000000000001, 0.74609375}, {0.8460000000000001, 0.8148148148148148}, {0.9252, 0.7777777777777778}, {1., 0.8245649534601376}}}
dataDEH {10, {{-0.9999, 0.17575140091696384}, {-0.8444, 0.21518987341772153}, {-0.7448, 0.18396226415094338}, {-0.6453, 0.28776978417266186}, {-0.5447000000000001, 0.3073394495412844}, {-0.4455, 0.35700197238658776}, {-0.34550000000000003, 0.4185323383084577}, {-0.2466, 0.4768995799923635}, {-0.14750000000000002, 0.5113342898134864}, {-0.05, 0.5372559095580678}, {0.0468, 0.46496508548037563}, {0.14750000000000002, 0.48881239242685026}, {0.2466, 0.5231004200076365}, {0.34550000000000003, 0.581207218419415}, {0.4454, 0.6433497536945813}, {0.5447000000000001, 0.6926605504587156}, {0.6453, 0.7122302158273381}, {0.7448, 0.8160377358490566}, {0.8444, 0.7848101265822784}, {1., 0.8241795612990988}}}
dataDEH {2, {{-0.9848, 0.11396468699839486}, {-0.8483, 0.14741035856573706}, {-0.7481, 0.14329268292682926}, {-0.6496000000000001, 0.18823529411764706}, {-0.5477000000000001, 0.1901840490797546}, {-0.4471, 0.2505592841163311}, {-0.3456, 0.3143475126171593}, {-0.2439, 0.3871784057359764}, {-0.1457, 0.44881170018281535}, {-0.044700000000000004, 0.5525040387722132}, {0.0444, 0.4478211009174312}, {0.1457, 0.5511882998171846}, {0.2439, 0.6128215942640236}, {0.3456, 0.6856524873828407}, {0.4471, 0.7494407158836689}, {0.5477000000000001, 0.8098159509202454}, {0.6495000000000001, 0.8136792452830188}, {0.7479, 0.8541033434650456}, {0.8483, 0.852589641434263}, {0.9409000000000001, 0.93125}, {1., 0.8704103671706264}}}
dataDEH {3, {{-0.9911000000000001, 0.11713665943600868}, {-0.8482000000000001, 0.15483870967741936}, {-0.7464000000000001, 0.15853658536585366}, {-0.6464000000000001, 0.17615658362989323}, {-0.5469, 0.20334620334620335}, {-0.44730000000000003, 0.2761126248864669}, {-0.34740000000000004, 0.2996904024767802}, {-0.2462, 0.3956338567598621}, {-0.1464, 0.4669714285714286}, {-0.0465, 0.5615576050358659}, {0.046200000000000005, 0.43888969626507773}, {0.1464, 0.5330285714285714}, {0.2462, 0.6043661432401379}, {0.34740000000000004, 0.7003095975232199}, {0.44730000000000003, 0.7238873751135332}, {0.5469, 0.7966537966537967}, {0.6464000000000001, 0.8238434163701067}, {0.7464000000000001, 0.8414634146341463}, {0.8482000000000001, 0.8451612903225807}, {0.9398000000000001, 0.8829268292682927}, {1., 0.8828522920203735}}}
dataDEH {5, {{-0.9968, 0.13566257475605917}, {-0.8448, 0.1643059490084986}, {-0.7491, 0.16541353383458646}, {-0.6489, 0.2050520059435364}, {-0.5491, 0.30011198208286677}, {-0.44670000000000004, 0.3008849557522124}, {-0.3481, 0.3501466275659824}, {-0.2464, 0.4307101727447217}, {-0.14750000000000002, 0.49468932554434414}, {-0.0483, 0.5550029838870102}, {0.0478, 0.4455601496357551}, {0.14750000000000002, 0.5053106744556559}, {0.2464, 0.5692898272552783}, {0.3481, 0.6498533724340176}, {0.4466, 0.6988727858293076}, {0.549, 0.7002237136465325}, {0.6489, 0.7949479940564635}, {0.7491, 0.8345864661654135}, {0.8446, 0.8352272727272727}, {0.9349000000000001, 0.8535031847133758}, {1., 0.8649453823237339}}}
dataDEH {7, {{-0.999, 0.1466740372213009}, {-0.8455, 0.16334661354581673}, {-0.7476, 0.2361111111111111}, {-0.646, 0.2549019607843137}, {-0.5467000000000001, 0.3047619047619048}, {-0.4469, 0.36752899197145406}, {-0.3471, 0.4122858830478441}, {-0.24750000000000003, 0.46584099081102676}, {-0.14700000000000002, 0.5032905045440301}, {-0.049, 0.5518831667947732}, {0.0483, 0.448685540950455}, {0.14700000000000002, 0.4968671679197995}, {0.24750000000000003, 0.5341590091889732}, {0.3471, 0.5877141169521559}, {0.4469, 0.632471008028546}, {0.5466, 0.6960667461263409}, {0.6459, 0.7434640522875817}, {0.7475, 0.7644341801385681}, {0.8455, 0.8366533864541833}, {0.9273, 0.8974358974358975}, {1., 0.8526827444382128}}}
dataDEH {9, {{-0.9997, 0.15567423230974634}, {-0.8423, 0.21774193548387097}, {-0.7422000000000001, 0.2178988326848249}, {-0.6476000000000001, 0.26294820717131473}, {-0.5449, 0.3224043715846995}, {-0.447, 0.348993288590604}, {-0.3472, 0.4142947501581278}, {-0.2466, 0.4950957496496964}, {-0.1479, 0.5235783633841886}, {-0.0497, 0.5683654443753885}, {0.0488, 0.4328951391011923}, {0.14780000000000001, 0.4759098786828423}, {0.24650000000000002, 0.5053663089127391}, {0.3472, 0.5857052498418722}, {0.447, 0.6510067114093959}, {0.5449, 0.6775956284153005}, {0.6475000000000001, 0.7365269461077845}, {0.742, 0.7829457364341085}, {0.8423, 0.782258064516129}, {0.9261, 0.8928571428571429}, {1., 0.8441436612168319}}}
dataDEH {10, {{-0.9999, 0.1765409934171155}, {-0.8371000000000001, 0.21212121212121213}, {-0.7425, 0.23684210526315788}, {-0.6456000000000001, 0.2572944297082228}, {-0.5452, 0.3217665615141956}, {-0.446, 0.39031620553359686}, {-0.3462, 0.45260347129506007}, {-0.24650000000000002, 0.5036005760921748}, {-0.14850000000000002, 0.5288220551378446}, {-0.0492, 0.5475285171102662}, {0.0483, 0.453374025093252}, {0.14850000000000002, 0.4713467048710602}, {0.2464, 0.4959193470955353}, {0.3462, 0.5476984656437625}, {0.446, 0.6096837944664032}, {0.5452, 0.6782334384858044}, {0.6456000000000001, 0.7427055702917772}, {0.7425, 0.7631578947368421}, {0.8371000000000001, 0.7878787878787878}, {0.9209, 0.8666666666666667}, {1., 0.8233812949640288}}}
dataDEH {2, {{-0.9892000000000001, 0.08325074331020813}, {-0.8473, 0.10963455149501661}, {-0.7472000000000001, 0.14627659574468085}, {-0.6458, 0.15384615384615385}, {-0.5471, 0.2268041237113402}, {-0.44580000000000003, 0.24751491053677932}, {-0.3462, 0.31582491582491584}, {-0.2452, 0.3598673300165838}, {-0.1446, 0.44546525323910485}, {-0.0439, 0.5581307942871461}, {0.0438, 0.4420289855072464}, {0.1446, 0.5545347467608952}, {0.2452, 0.6401326699834162}, {0.3462, 0.6841750841750842}, {0.44580000000000003, 0.7524850894632207}, {0.5471, 0.7731958762886598}, {0.6458, 0.8461538461538461}, {0.7472000000000001, 0.8537234042553191}, {0.8473, 0.8903654485049833}, {0.9406, 0.907103825136612}, {1., 0.9188861985472155}}}
dataDEH {3, {{-0.9922000000000001, 0.09713701431492842}, {-0.8452000000000001, 0.11436170212765957}, {-0.7468, 0.17681728880157171}, {-0.6474000000000001, 0.20121951219512196}, {-0.5476, 0.2202797202797203}, {-0.44820000000000004, 0.2518891687657431}, {-0.3463, 0.34025656689065364}, {-0.2469, 0.39348268839103867}, {-0.1472, 0.47035175879396984}, {-0.046, 0.5681318681318681}, {0.0459, 0.4321914594087283}, {0.1471, 0.5295300326715255}, {0.2469, 0.6064306064306064}, {0.3463, 0.6597434331093464}, {0.44820000000000004, 0.7481108312342569}, {0.5475, 0.779463243873979}, {0.6473, 0.7990867579908676}, {0.7468, 0.8231827111984283}, {0.8452000000000001, 0.8856382978723404}, {0.9369000000000001, 0.8966942148760331}, {1., 0.9037339556592765}}}
dataDEH {5, {{-0.9973000000000001, 0.1159488878371983}, {-0.8434, 0.145679012345679}, {-0.7478, 0.19056261343012704}, {-0.6479, 0.21763085399449036}, {-0.5473, 0.29232505643340856}, {-0.44680000000000003, 0.304421768707483}, {-0.3467, 0.3924125666864256}, {-0.2461, 0.4565483476132191}, {-0.1477, 0.5061260210035006}, {-0.0477, 0.5698876404494382}, {0.047400000000000005, 0.43042215769488495}, {0.1477, 0.49387397899649943}, {0.2461, 0.5436378466557912}, {0.3467, 0.6075874333135743}, {0.44670000000000004, 0.6961702127659575}, {0.5472, 0.7068771138669673}, {0.6479, 0.7823691460055097}, {0.7478, 0.809437386569873}, {0.8434, 0.854320987654321}, {0.9316000000000001, 0.8666666666666667}, {1., 0.8847574489042108}}}
dataDEH {7, {{-0.9993000000000001, 0.13235514298547688}, {-0.8476, 0.18}, {-0.7453000000000001, 0.19082125603864733}, {-0.6458, 0.2796610169491525}, {-0.5488000000000001, 0.2972972972972973}, {-0.44780000000000003, 0.3460111317254174}, {-0.34650000000000003, 0.4289245982694685}, {-0.2477, 0.46875}, {-0.1479, 0.5229706390328152}, {-0.0492, 0.5678581807614066}, {0.0488, 0.4324870167339873}, {0.1479, 0.47720994475138123}, {0.2477, 0.53125}, {0.34650000000000003, 0.5710754017305315}, {0.44780000000000003, 0.6536675951717734}, {0.5488000000000001, 0.7030674846625767}, {0.6458, 0.7203389830508474}, {0.7453000000000001, 0.8091787439613527}, {0.8476, 0.82}, {0.9277000000000001, 0.7692307692307693}, {1., 0.8686120350771092}}}
dataDEH {9, {{-0.9998, 0.148819078193075}, {-0.8386, 0.24545454545454545}, {-0.7452000000000001, 0.25555555555555554}, {-0.6451, 0.27391304347826084}, {-0.5463, 0.32599118942731276}, {-0.44830000000000003, 0.3792016806722689}, {-0.3481, 0.4738273283480625}, {-0.24650000000000002, 0.4964139344262295}, {-0.1486, 0.5351329892814609}, {-0.0506, 0.5713784636969484}, {0.0502, 0.42921739130434783}, {0.1486, 0.46502384737678853}, {0.2464, 0.5030706243602866}, {0.3481, 0.5264945652173914}, {0.44830000000000003, 0.6207983193277311}, {0.5463, 0.6740088105726872}, {0.6451, 0.7260869565217392}, {0.7452000000000001, 0.7444444444444445}, {0.8386, 0.7545454545454545}, {0.9236000000000001, 0.9444444444444444}, {1., 0.8509880514705882}}}
dataDEH {10, {{-0.9999, 0.16471072678608195}, {-0.8412000000000001, 0.15384615384615385}, {-0.7422000000000001, 0.31088082901554404}, {-0.6467, 0.29427792915531337}, {-0.5489, 0.3163934426229508}, {-0.44470000000000004, 0.40115606936416187}, {-0.3476, 0.48142532221379836}, {-0.24860000000000002, 0.4994547437295529}, {-0.1495, 0.5361952861952862}, {-0.050300000000000004, 0.5638379204892966}, {0.0497, 0.43667296786389415}, {0.1494, 0.46380471380471383}, {0.2485, 0.5005452562704471}, {0.3476, 0.5189393939393939}, {0.44470000000000004, 0.5988439306358382}, {0.5489, 0.6836065573770492}, {0.6467, 0.7057220708446866}, {0.7422000000000001, 0.689119170984456}, {0.8412000000000001, 0.8461538461538461}, {0.9154, 0.8181818181818182}, {1., 0.8353086674224467}}}
Values von ratioData {{{ , { , { , { , { , { }, {{ , { , { , { , { , { }, {{ , { , { , { , { , { }, {{ , { , { , { , { , { }, {{ , { , { , { , { , { }, {{ , { , { , { , { , { }}
Keys von ratioData {{{0.15}, {0.15}, {0.15}, {0.15}, {0.15}, {0.15}}, {{0.2}, {0.2}, {0.2}, {0.2}, {0.2}, {0.2}}, {{0.25}, {0.25}, {0.25}, {0.25}, {0.25}, {0.25}}, {{0.3}, {0.3}, {0.3}, {0.3}, {0.3}, {0.3}}, {{0.4}, {0.4}, {0.4}, {0.4}, {0.4}, {0.4}}, {{0.45}, {0.45}, {0.45}, {0.45}, {0.45}, {0.45}}}
Number of sentences 20
Korrektheit von E 0.7894736842105263
Ratio_z_Mit_ExDOJ_0.789474.txt ist nicht leer
