/home/carla/Documents/DebSim/
/home/carla/Documents/DebSim/Data/Genese_09_2017/Ana1/14_09_2017/Data/Mit/Mod_c/
{DataToPlot_Mit_ExDOJ_doj_c_0.8.txt}
/home/carla/Documents/DebSim/Data/Genese_09_2017/Ana2/14_09_2017/Mit/Mod_c/
c
doj
Eigen
Package path /home/carla/Documents/DebSim/DebateDynamics/Kernel/init.m
Loading additional packages...

General::obspkg: PlotLegends` is now obsolete. The legacy version being loaded may conflict with current functionality. See the Compatibility Guide for updating information.

General::obspkg: PlotLegends` is now obsolete. The legacy version being loaded may conflict with current functionality. See the Compatibility Guide for updating information.
Einzulesende Datei /home/carla/Documents/DebSim/Data/Genese_09_2017/Ana1/14_09_2017/Data/Mit/Mod_c/DataToPlot_Mit_ExDOJ_doj_c_0.8.txt
Dichte 0.15
evidenceSize 2
gesZahlAll 20000
binCountsFlat {21, 9, 30, 79, 179, 387, 757, 1261, 2177, 2073, 4302, 2967, 2160, 1496, 958, 547, 324, 147, 64, 14, 48}
evidenceSize 5
gesZahlAll 20000
binCountsFlat {151, 16, 59, 149, 237, 467, 798, 1075, 1954, 1518, 4936, 2508, 1818, 1501, 978, 614, 437, 215, 92, 16, 461}
evidenceSize 10
gesZahlAll 20000
binCountsFlat {596, 6, 59, 81, 201, 372, 1025, 509, 1303, 485, 7214, 1342, 1283, 1666, 561, 576, 440, 155, 65, 8, 2053}
Dichte 0.2
evidenceSize 2
gesZahlAll 20000
binCountsFlat {24, 18, 43, 125, 287, 551, 862, 1337, 1985, 2053, 3248, 2602, 2169, 1645, 1178, 823, 518, 277, 145, 33, 77}
evidenceSize 5
gesZahlAll 20000
binCountsFlat {158, 44, 83, 150, 333, 539, 868, 1118, 1771, 1621, 3625, 2265, 1821, 1533, 1190, 843, 634, 355, 221, 77, 751}
evidenceSize 10
gesZahlAll 20000
binCountsFlat {805, 29, 73, 90, 243, 418, 956, 584, 1231, 608, 5616, 1276, 1343, 1484, 735, 758, 536, 263, 120, 18, 2814}
Dichte 0.25
evidenceSize 2
gesZahlAll 20000
binCountsFlat {34, 41, 96, 192, 348, 586, 832, 1296, 1769, 1987, 2629, 2368, 1983, 1702, 1390, 995, 785, 480, 277, 101, 109}
evidenceSize 5
gesZahlAll 20000
binCountsFlat {278, 68, 137, 214, 390, 528, 848, 1097, 1554, 1562, 2889, 1964, 1768, 1490, 1285, 1013, 787, 606, 370, 179, 973}
evidenceSize 10
gesZahlAll 20000
binCountsFlat {985, 29, 95, 127, 230, 458, 946, 587, 1130, 578, 4500, 1128, 1262, 1555, 725, 783, 607, 336, 170, 33, 3736}
Dichte 0.3
evidenceSize 2
gesZahlAll 20000
binCountsFlat {53, 53, 126, 223, 403, 595, 889, 1160, 1537, 1754, 2209, 2143, 1952, 1687, 1488, 1210, 908, 712, 467, 244, 187}
evidenceSize 5
gesZahlAll 20000
binCountsFlat {314, 86, 176, 222, 390, 573, 848, 1020, 1368, 1402, 2377, 1773, 1617, 1459, 1292, 1126, 947, 724, 578, 295, 1413}
evidenceSize 10
gesZahlAll 20000
binCountsFlat {1039, 35, 105, 133, 275, 418, 831, 479, 1069, 583, 3796, 997, 1176, 1376, 708, 792, 681, 401, 203, 56, 4847}
Dichte 0.4
evidenceSize 2
gesZahlAll 20000
binCountsFlat {101, 125, 187, 289, 430, 650, 801, 973, 1281, 1393, 1712, 1638, 1615, 1652, 1452, 1392, 1230, 1074, 902, 700, 403}
evidenceSize 5
gesZahlAll 20000
binCountsFlat {470, 133, 197, 303, 390, 551, 681, 817, 1073, 1134, 1708, 1406, 1407, 1313, 1146, 1210, 1084, 952, 848, 564, 2613}
evidenceSize 10
gesZahlAll 20000
binCountsFlat {1482, 36, 100, 136, 223, 385, 713, 417, 815, 390, 2841, 750, 967, 1180, 586, 703, 645, 429, 264, 71, 6867}
Dichte 0.45
evidenceSize 2
gesZahlAll 20000
binCountsFlat {120, 141, 218, 306, 449, 634, 734, 881, 1165, 1279, 1539, 1448, 1466, 1425, 1452, 1418, 1341, 1175, 1124, 926, 759}
evidenceSize 5
gesZahlAll 20000
binCountsFlat {523, 143, 228, 261, 361, 506, 653, 811, 981, 964, 1621, 1165, 1197, 1228, 1117, 1088, 1055, 975, 916, 614, 3593}
evidenceSize 10
gesZahlAll 20000
binCountsFlat {1603, 33, 98, 112, 207, 364, 641, 319, 682, 314, 2581, 565, 849, 1101, 498, 659, 599, 373, 236, 61, 8105}
Dichte 0.15
 abMod c data {2, 0.03301701183368638}
 abMod c data {3, 0.029180395266060494}
 abMod c data {5, 0.031161785874208515}
 abMod c data {7, 0.03439250094447803}
 abMod c data {9, 0.03533766532672655}
 abMod c data {10, 0.03912320243009873}
Dichte 0.2
 abMod c data {2, 0.03971508770243487}
 abMod c data {3, 0.04023496947897227}
 abMod c data {5, 0.04754227004107421}
 abMod c data {7, 0.05148698334714512}
 abMod c data {9, 0.05142827351953881}
 abMod c data {10, 0.052951816932556024}
Dichte 0.25
 abMod c data {2, 0.05227317336935604}
 abMod c data {3, 0.05743082384195694}
 abMod c data {5, 0.05832822293311226}
 abMod c data {7, 0.065977733801585}
 abMod c data {9, 0.06825769243703547}
 abMod c data {10, 0.06719393528479124}
Dichte 0.3
 abMod c data {2, 0.06985674632351124}
 abMod c data {3, 0.07080288793970577}
 abMod c data {5, 0.07726927605085264}
 abMod c data {7, 0.08285688114621462}
 abMod c data {9, 0.08461098758567615}
 abMod c data {10, 0.09118481758808097}
Dichte 0.4
 abMod c data {2, 0.09886974414348403}
 abMod c data {3, 0.10516478427989481}
 abMod c data {5, 0.1116858408882008}
 abMod c data {7, 0.11439168149094264}
 abMod c data {9, 0.12357490053383495}
 abMod c data {10, 0.11577935116842852}
Dichte 0.45
 abMod c data {2, 0.11633987203816254}
 abMod c data {3, 0.12405718274483406}
 abMod c data {5, 0.13013943340025935}
 abMod c data {7, 0.13879678954282393}
 abMod c data {9, 0.1385989331234186}
 abMod c data {10, 0.13455283912550625}
dreiData {{0.15, 2, 0.03301701183368638}, {0.15, 3, 0.029180395266060494}, {0.15, 5, 0.031161785874208515}, {0.15, 7, 0.03439250094447803}, {0.15, 9, 0.03533766532672655}, {0.15, 10, 0.03912320243009873}, {0.2, 2, 0.03971508770243487}, {0.2, 3, 0.04023496947897227}, {0.2, 5, 0.04754227004107421}, {0.2, 7, 0.05148698334714512}, {0.2, 9, 0.05142827351953881}, {0.2, 10, 0.052951816932556024}, {0.25, 2, 0.05227317336935604}, {0.25, 3, 0.05743082384195694}, {0.25, 5, 0.05832822293311226}, {0.25, 7, 0.065977733801585}, {0.25, 9, 0.06825769243703547}, {0.25, 10, 0.06719393528479124}, {0.3, 2, 0.06985674632351124}, {0.3, 3, 0.07080288793970577}, {0.3, 5, 0.07726927605085264}, {0.3, 7, 0.08285688114621462}, {0.3, 9, 0.08461098758567615}, {0.3, 10, 0.09118481758808097}, {0.4, 2, 0.09886974414348403}, {0.4, 3, 0.10516478427989481}, {0.4, 5, 0.1116858408882008}, {0.4, 7, 0.11439168149094264}, {0.4, 9, 0.12357490053383495}, {0.4, 10, 0.11577935116842852}, {0.45, 2, 0.11633987203816254}, {0.45, 3, 0.12405718274483406}, {0.45, 5, 0.13013943340025935}, {0.45, 7, 0.13879678954282393}, {0.45, 9, 0.1385989331234186}, {0.45, 10, 0.13455283912550625}}
dataDEH {2, {{0.0064, 0.25301204819277107}, {0.0792, 0.1232876712328767}, {0.12860000000000002, 0.1694915254237288}, {0.1776, 0.1975}, {0.22710000000000002, 0.24689655172413794}, {0.2777, 0.287518573551263}, {0.327, 0.33569844789356984}, {0.3764, 0.36968630900029315}, {0.4259, 0.42247234620609353}, {0.4736, 0.47764976958525346}, {0.5136000000000001, 0.5114730709784806}, {0.5740000000000001, 0.5776869158878505}, {0.6234000000000001, 0.6297376093294461}, {0.6729, 0.6648888888888889}, {0.7221000000000001, 0.7112100965107646}, {0.7725000000000001, 0.755524861878453}, {0.8221, 0.7980295566502463}, {0.8714000000000001, 0.8305084745762712}, {0.9208000000000001, 0.8767123287671232}, {0.9647, 0.9333333333333333}, {1., 0.7058823529411765}}}
dataDEH {3, {{0.0026000000000000003, 0.2356020942408377}, {0.08, 0.1625}, {0.127, 0.1981981981981982}, {0.1782, 0.2413793103448276}, {0.2258, 0.26473988439306356}, {0.2771, 0.3163716814159292}, {0.3274, 0.34484265734265734}, {0.3765, 0.38320049049662785}, {0.42600000000000005, 0.4315318976026006}, {0.47290000000000004, 0.47510162601626016}, {0.5121, 0.5111897693537337}, {0.5736, 0.5680558406897968}, {0.6231, 0.616289592760181}, {0.6724, 0.6554290718038529}, {0.7225, 0.6846780162842339}, {0.7735000000000001, 0.734717416378316}, {0.8213, 0.7536842105263157}, {0.8728, 0.8054298642533937}, {0.9194, 0.8375}, {0.9585, 0.9230769230769231}, {1., 0.7486033519553073}}}
dataDEH {5, {{0.001, 0.24044585987261147}, {0.0796, 0.1509433962264151}, {0.127, 0.21532846715328466}, {0.1773, 0.27090909090909093}, {0.22490000000000002, 0.2801418439716312}, {0.2757, 0.31790333560245065}, {0.32680000000000003, 0.34485738980121}, {0.37620000000000003, 0.38489079842463303}, {0.42510000000000003, 0.4288849868305531}, {0.4716, 0.48037974683544304}, {0.5091, 0.5063602790315962}, {0.5737, 0.5726027397260274}, {0.6222, 0.6094535702313107}, {0.6728000000000001, 0.6563183209444687}, {0.7224, 0.6839160839160839}, {0.7716000000000001, 0.7073732718894009}, {0.8207, 0.7319932998324958}, {0.8725, 0.7846715328467153}, {0.9198000000000001, 0.8440366972477065}, {0.9693, 0.8}, {1., 0.7582236842105263}}}
dataDEH {7, {{0.0005, 0.2266868840030326}, {0.0791, 0.09734513274336283}, {0.12840000000000001, 0.19047619047619047}, {0.1757, 0.26359832635983266}, {0.2218, 0.30180180180180183}, {0.273, 0.33455344070278187}, {0.3281, 0.3660902572754112}, {0.37520000000000003, 0.4048888888888889}, {0.4244, 0.40960523007291927}, {0.4692, 0.46675137653536636}, {0.5061, 0.5058617672790902}, {0.5727, 0.5927849139109046}, {0.6211, 0.5927914110429447}, {0.6707000000000001, 0.6349760139555168}, {0.7214, 0.6730310262529833}, {0.7688, 0.6666666666666666}, {0.8186, 0.7427652733118971}, {0.8708, 0.814935064935065}, {0.919, 0.8907563025210085}, {0.9598000000000001, 0.8421052631578947}, {1., 0.771889400921659}}}
dataDEH {9, {{0.0002, 0.22788203753351208}, {0.07930000000000001, 0.16883116883116883}, {0.1273, 0.24017467248908297}, {0.17320000000000002, 0.24645892351274787}, {0.21710000000000002, 0.29499323410013534}, {0.27030000000000004, 0.3252818035426731}, {0.32880000000000004, 0.3807423741271591}, {0.3739, 0.4081381011097411}, {0.42160000000000003, 0.42886476972719273}, {0.4672, 0.4559023066485753}, {0.5035000000000001, 0.5045024593265229}, {0.5724, 0.5671858022455633}, {0.6179, 0.5906916050456721}, {0.6693, 0.6173173560108234}, {0.7189, 0.6629001883239172}, {0.7645000000000001, 0.6968599033816425}, {0.8154, 0.7424242424242424}, {0.87, 0.7522935779816514}, {0.9169, 0.8404255319148937}, {0.9619000000000001, 0.7142857142857143}, {1., 0.7724820143884892}}}
dataDEH {10, {{0.0001, 0.22439759036144577}, {0.0796, 0.09523809523809523}, {0.1303, 0.27314814814814814}, {0.1719, 0.2647058823529412}, {0.21450000000000002, 0.2925764192139738}, {0.26730000000000004, 0.3229166666666667}, {0.3296, 0.36950252343186735}, {0.3728, 0.3798507462686567}, {0.4207, 0.4216828478964401}, {0.46590000000000004, 0.4558270676691729}, {0.5024000000000001, 0.5031736067517611}, {0.5718, 0.5777012483857081}, {0.6168, 0.6057601510859302}, {0.6684, 0.6315390447308568}, {0.7176, 0.655373831775701}, {0.7609, 0.6923076923076923}, {0.8133, 0.7321131447587355}, {0.8672000000000001, 0.7110091743119266}, {0.9171, 0.9027777777777778}, {1., 0.7750094375235939}}}
dataDEH {2, {{0.009600000000000001, 0.1791044776119403}, {0.07980000000000001, 0.11042944785276074}, {0.12840000000000001, 0.134375}, {0.1768, 0.19470404984423675}, {0.22790000000000002, 0.25925925925925924}, {0.27640000000000003, 0.31794575879976916}, {0.32630000000000003, 0.3438372556840846}, {0.3763, 0.3817818389491719}, {0.42600000000000005, 0.4327447133202529}, {0.4741, 0.47076358633340976}, {0.5181, 0.5200960768614892}, {0.5739000000000001, 0.5675027262813522}, {0.6236, 0.6183010262257697}, {0.6737000000000001, 0.6561627443159155}, {0.7236, 0.6821077012159815}, {0.7719, 0.7407740774077408}, {0.8231, 0.8043478260869565}, {0.8716, 0.865625}, {0.9202, 0.8895705521472392}, {0.9632000000000001, 0.9428571428571428}, {1., 0.7777777777777778}}}
dataDEH {3, {{0.0068000000000000005, 0.1878453038674033}, {0.0785, 0.15151515151515152}, {0.127, 0.16751269035532995}, {0.17800000000000002, 0.231311706629055}, {0.2257, 0.26270456503014644}, {0.277, 0.3103644646924829}, {0.3265, 0.3474541751527495}, {0.3759, 0.393214177521963}, {0.42600000000000005, 0.4277562200410865}, {0.4736, 0.47485756750061925}, {0.5163, 0.5157088122605364}, {0.5738, 0.5722477064220184}, {0.6239, 0.60637977730966}, {0.6734, 0.6517311608961304}, {0.7228, 0.6899313501144165}, {0.7739, 0.7386070507308684}, {0.8217, 0.766016713091922}, {0.8729, 0.8316326530612245}, {0.9212, 0.85}, {0.9648, 0.8857142857142857}, {1., 0.7945205479452054}}}
dataDEH {5, {{0.0028, 0.16024340770791076}, {0.0784, 0.16988416988416988}, {0.1264, 0.18778280542986425}, {0.17750000000000002, 0.1965923984272608}, {0.22560000000000002, 0.28657487091222034}, {0.2756, 0.3081761006289308}, {0.326, 0.36001659062629615}, {0.3758, 0.38792505204718947}, {0.4252, 0.4334312285854136}, {0.47250000000000003, 0.4833035181872391}, {0.5128, 0.5071348628987129}, {0.5740000000000001, 0.5671006509764647}, {0.6233000000000001, 0.6104592691920885}, {0.6736000000000001, 0.6414225941422594}, {0.7233, 0.6874638937030618}, {0.7727, 0.7156196943972836}, {0.8215, 0.8005050505050505}, {0.873, 0.8105022831050228}, {0.9211, 0.8308270676691729}, {0.9658, 0.9390243902439024}, {1., 0.8307522123893806}}}
dataDEH {7, {{0.0009000000000000001, 0.2059282371294852}, {0.0767, 0.1673469387755102}, {0.127, 0.17938931297709923}, {0.1763, 0.20223152022315202}, {0.2227, 0.2833969465648855}, {0.274, 0.30215384615384616}, {0.3266, 0.35325638911788954}, {0.375, 0.40153349475383376}, {0.4244, 0.4345623416830847}, {0.4713, 0.49158512720156555}, {0.5086, 0.5025788652992683}, {0.5731, 0.5648458956362526}, {0.622, 0.5979680696661829}, {0.6722, 0.6407236011779555}, {0.7222000000000001, 0.6930051813471503}, {0.771, 0.719634703196347}, {0.8203, 0.7868453105968332}, {0.8722000000000001, 0.8214971209213052}, {0.9223, 0.8346456692913385}, {0.9638000000000001, 0.8823529411764706}, {1., 0.791777896422851}}}
dataDEH {9, {{0.0005, 0.20433017591339647}, {0.07780000000000001, 0.19047619047619047}, {0.1268, 0.21578947368421053}, {0.1728, 0.20866141732283464}, {0.2197, 0.27983539094650206}, {0.27090000000000003, 0.33135313531353133}, {0.32780000000000004, 0.3660647103085026}, {0.3739, 0.39977220956719817}, {0.4224, 0.4416046586865092}, {0.4687, 0.47687687687687685}, {0.5049, 0.5034999027804783}, {0.5725, 0.5562403697996918}, {0.6197, 0.5911894273127754}, {0.6706000000000001, 0.6375786163522013}, {0.7204, 0.653816499614495}, {0.7658, 0.7136237256719185}, {0.8176, 0.7635135135135135}, {0.8711000000000001, 0.7915567282321899}, {0.9201, 0.7923497267759563}, {0.9647, 0.8478260869565217}, {1., 0.7949158364823085}}}
dataDEH {10, {{0.0002, 0.22145804676753783}, {0.0784, 0.21481481481481482}, {0.1273, 0.2134502923976608}, {0.1723, 0.21844660194174756}, {0.2164, 0.2745762711864407}, {0.26830000000000004, 0.30158730158730157}, {0.32830000000000004, 0.37756714060031593}, {0.3734, 0.38701126573889993}, {0.4207, 0.4227335164835165}, {0.4665, 0.4802527646129542}, {0.5035000000000001, 0.5021908253599213}, {0.5723, 0.5611257695690414}, {0.6179, 0.6160550458715597}, {0.6696000000000001, 0.619624217118998}, {0.7191000000000001, 0.6818181818181818}, {0.7637, 0.7267497603068073}, {0.8153, 0.7549295774647887}, {0.8702000000000001, 0.7921686746987951}, {0.9183, 0.7792207792207793}, {0.9607, 0.9}, {1., 0.7779928117224219}}}
dataDEH {2, {{0.0135, 0.13991769547325103}, {0.079, 0.12852664576802508}, {0.1262, 0.16666666666666666}, {0.1763, 0.19672131147540983}, {0.22690000000000002, 0.25970149253731345}, {0.2765, 0.2961091460333502}, {0.32580000000000003, 0.3283346487766377}, {0.3763, 0.39536302623550945}, {0.4254, 0.42739792220343076}, {0.47400000000000003, 0.4809973372064875}, {0.521, 0.5155912924102766}, {0.5746, 0.5723954556441866}, {0.6237, 0.6043889058213959}, {0.6742, 0.6716653512233622}, {0.7235, 0.7037974683544304}, {0.773, 0.7403273809523809}, {0.8237, 0.8034800409416581}, {0.8738, 0.8333333333333334}, {0.9209, 0.8710691823899371}, {0.9707, 0.8859649122807017}, {1., 0.8384615384615385}}}
dataDEH {3, {{0.0089, 0.14795008912655971}, {0.0775, 0.13819095477386933}, {0.1274, 0.16691505216095381}, {0.17600000000000002, 0.2}, {0.22690000000000002, 0.251249107780157}, {0.2762, 0.29387113672079623}, {0.3259, 0.33611774065234684}, {0.3758, 0.40103848503359807}, {0.4258, 0.4242658423493045}, {0.4743, 0.47009222661396577}, {0.5191, 0.5223880597014925}, {0.5740000000000001, 0.575459487444991}, {0.624, 0.5986642380085003}, {0.674, 0.6640127388535032}, {0.7236, 0.7069327731092437}, {0.7728, 0.7473309608540926}, {0.8239000000000001, 0.8}, {0.8725, 0.8340807174887892}, {0.9224, 0.86}, {0.9691000000000001, 0.9259259259259259}, {1., 0.8220551378446115}}}
dataDEH {5, {{0.0044, 0.19467787114845939}, {0.077, 0.15560640732265446}, {0.1269, 0.18488529014844804}, {0.1767, 0.22016460905349794}, {0.2257, 0.2762039660056657}, {0.2752, 0.2891566265060241}, {0.326, 0.361929150661545}, {0.3755, 0.38599577762139337}, {0.42560000000000003, 0.43898305084745765}, {0.4736, 0.4801721487857362}, {0.5151, 0.5108753315649868}, {0.5740000000000001, 0.5614636935391653}, {0.624, 0.6132500867152272}, {0.6736000000000001, 0.6386626660951564}, {0.7240000000000001, 0.7095527332965212}, {0.7729, 0.7194602272727273}, {0.8222, 0.7815292949354519}, {0.8728, 0.816711590296496}, {0.9226000000000001, 0.8428246013667426}, {0.9681000000000001, 0.8861386138613861}, {1., 0.7923452768729642}}}
dataDEH {7, {{0.0018000000000000002, 0.18525519848771266}, {0.07690000000000001, 0.1815856777493606}, {0.1258, 0.1991404011461318}, {0.1758, 0.2251655629139073}, {0.22310000000000002, 0.2680327868852459}, {0.2742, 0.3054101221640489}, {0.3262, 0.3472409152086137}, {0.37510000000000004, 0.3970893970893971}, {0.42460000000000003, 0.4282139505786675}, {0.4718, 0.4669867947178872}, {0.5103, 0.5122648607975921}, {0.5734, 0.5656934306569343}, {0.6227, 0.6056770233985423}, {0.6729, 0.6550936500685245}, {0.7227, 0.6930632289748312}, {0.7717, 0.7298804780876494}, {0.8214, 0.7640671273445212}, {0.8733000000000001, 0.8014598540145985}, {0.9218000000000001, 0.817283950617284}, {0.9658, 0.8424657534246576}, {1., 0.8130243707550939}}}
dataDEH {9, {{0.0006000000000000001, 0.19501761449421237}, {0.0772, 0.14}, {0.1265, 0.19642857142857142}, {0.17320000000000002, 0.24351585014409222}, {0.2195, 0.27162790697674416}, {0.27080000000000004, 0.31443638760711934}, {0.32730000000000004, 0.36662505201831047}, {0.3734, 0.3975501113585746}, {0.4224, 0.42276422764227645}, {0.4692, 0.46480582524271846}, {0.5061, 0.5069575028206093}, {0.5724, 0.576271186440678}, {0.6202000000000001, 0.5979833406400702}, {0.6708000000000001, 0.628682842287695}, {0.7207, 0.6882716049382716}, {0.767, 0.7196904557179707}, {0.8189000000000001, 0.740701381509033}, {0.8712000000000001, 0.8024439918533605}, {0.9201, 0.8576642335766423}, {0.9643, 0.8450704225352113}, {1., 0.8041975940619401}}}
dataDEH {10, {{0.00030000000000000003, 0.20723753418893331}, {0.0775, 0.1657142857142857}, {0.1269, 0.21300448430493274}, {0.1728, 0.24517374517374518}, {0.217, 0.24757804090419805}, {0.2687, 0.3271428571428571}, {0.32830000000000004, 0.36752136752136755}, {0.37310000000000004, 0.3974272173324306}, {0.42060000000000003, 0.4309687261632342}, {0.46740000000000004, 0.4753289473684211}, {0.5041, 0.5030743432084964}, {0.5719000000000001, 0.5617529880478087}, {0.6181, 0.5978209379441023}, {0.6698000000000001, 0.6310876623376623}, {0.7195, 0.6675874769797422}, {0.7645000000000001, 0.7223247232472325}, {0.8167000000000001, 0.7549751243781094}, {0.8707, 0.7759815242494227}, {0.9194, 0.845771144278607}, {0.9625, 0.8918918918918919}, {1., 0.7920288318846724}}}
dataDEH {2, {{0.016900000000000002, 0.10950413223140495}, {0.0758, 0.10192307692307692}, {0.1268, 0.15053763440860216}, {0.1764, 0.1971706454465075}, {0.22640000000000002, 0.2504661280298322}, {0.2757, 0.28523489932885904}, {0.3259, 0.3449747768723322}, {0.3753, 0.3731103248633001}, {0.42560000000000003, 0.4175495789187721}, {0.47490000000000004, 0.47277628032345015}, {0.522, 0.5235837876273999}, {0.5744, 0.5829706202393906}, {0.6246, 0.6264441591784339}, {0.6741, 0.654891304347826}, {0.7243, 0.71435429668747}, {0.7735000000000001, 0.750154990700558}, {0.8236, 0.8028293545534925}, {0.8731, 0.8496420047732697}, {0.9242, 0.8980769230769231}, {0.9691000000000001, 0.9207547169811321}, {1., 0.8538812785388128}}}
dataDEH {3, {{0.0111, 0.11890606420927467}, {0.07590000000000001, 0.12845528455284552}, {0.1265, 0.16554054054054054}, {0.17650000000000002, 0.228643216080402}, {0.22660000000000002, 0.24263764404609475}, {0.2758, 0.27712031558185407}, {0.3254, 0.3535714285714286}, {0.376, 0.38304289544235925}, {0.42500000000000004, 0.4385549304116079}, {0.4748, 0.4757416135292487}, {0.5208, 0.5200091470386462}, {0.5748, 0.5625}, {0.6238, 0.6154102735156771}, {0.6745, 0.6457754859182864}, {0.7239, 0.7226349678058445}, {0.7731, 0.7568602425015954}, {0.8233, 0.7726894254787677}, {0.8734000000000001, 0.8344594594594594}, {0.924, 0.8731707317073171}, {0.9708, 0.8940809968847352}, {1., 0.8714011516314779}}}
dataDEH {5, {{0.005200000000000001, 0.1552917903066271}, {0.07680000000000001, 0.13129770992366413}, {0.127, 0.19490586932447398}, {0.1758, 0.193717277486911}, {0.225, 0.25725593667546176}, {0.2757, 0.30527437400106555}, {0.3254, 0.3653597587246876}, {0.3749, 0.39443155452436196}, {0.4248, 0.42857142857142855}, {0.4743, 0.464546056991385}, {0.517, 0.5240299823633157}, {0.5746, 0.5668158567774936}, {0.6243000000000001, 0.6097285067873304}, {0.6743, 0.6324230602514087}, {0.7234, 0.6972477064220184}, {0.7736000000000001, 0.7388451443569554}, {0.8233, 0.8039049235993209}, {0.8725, 0.8053392658509455}, {0.9229, 0.869172932330827}, {0.9679000000000001, 0.9076923076923077}, {1., 0.8326458456098998}}}
dataDEH {7, {{0.002, 0.16519510111079463}, {0.07690000000000001, 0.1470019342359768}, {0.1254, 0.18276762402088773}, {0.17550000000000002, 0.236328125}, {0.2228, 0.27849056603773586}, {0.2737, 0.30612244897959184}, {0.3262, 0.3523809523809524}, {0.3743, 0.3849847228284592}, {0.42400000000000004, 0.4355475763016158}, {0.4723, 0.4731182795698925}, {0.5113, 0.5106224375698845}, {0.5734, 0.5661707126076743}, {0.6228, 0.6093004769475358}, {0.6727000000000001, 0.6461397058823529}, {0.7231000000000001, 0.6944278010784901}, {0.7718, 0.7115241635687732}, {0.8213, 0.7641921397379913}, {0.8734000000000001, 0.8131578947368421}, {0.9218000000000001, 0.8531073446327684}, {0.9661000000000001, 0.8873873873873874}, {1., 0.8316140776699029}}}
dataDEH {9, {{0.0007, 0.17430101130279596}, {0.0772, 0.1897590361445783}, {0.1257, 0.18923327895595432}, {0.1731, 0.2614742698191933}, {0.2195, 0.283001808318264}, {0.2706, 0.31626701231367466}, {0.3276, 0.3629955947136564}, {0.3739, 0.4038800705467372}, {0.4217, 0.42270437814800466}, {0.4691, 0.49007046764894296}, {0.507, 0.502585944630362}, {0.5725, 0.5633802816901409}, {0.6197, 0.6043397968605725}, {0.6707000000000001, 0.6333484779645616}, {0.7209, 0.6719118804091266}, {0.7669, 0.7125307125307125}, {0.8195, 0.7386831275720165}, {0.872, 0.8125}, {0.9195000000000001, 0.8048780487804879}, {0.9653, 0.8899082568807339}, {1., 0.8245649534601376}}}
dataDEH {10, {{0.0004, 0.17494527698265702}, {0.0777, 0.1598173515981735}, {0.1272, 0.20388349514563106}, {0.17370000000000002, 0.23623445825932504}, {0.216, 0.275827482447342}, {0.2681, 0.3033381712626996}, {0.3281, 0.36495388669301715}, {0.3733, 0.36959876543209874}, {0.42050000000000004, 0.4422838229209764}, {0.46790000000000004, 0.5073977371627503}, {0.5046, 0.49862078024431894}, {0.5715, 0.552660753880266}, {0.6174000000000001, 0.6115444617784711}, {0.6701, 0.6338093044679871}, {0.7198, 0.6814244465832531}, {0.7645000000000001, 0.7148014440433214}, {0.8154, 0.7549889135254989}, {0.8705, 0.7956349206349206}, {0.9194, 0.8319672131147541}, {0.9628000000000001, 0.9180327868852459}, {1., 0.8241795612990988}}}
dataDEH {2, {{0.0164, 0.08395677472984206}, {0.076, 0.12171372930866602}, {0.12610000000000002, 0.14864864864864866}, {0.17550000000000002, 0.19101123595505617}, {0.22540000000000002, 0.23574561403508773}, {0.2758, 0.30864197530864196}, {0.3255, 0.3261400651465798}, {0.37560000000000004, 0.3768396591789311}, {0.42500000000000004, 0.4380984952120383}, {0.4747, 0.46248339973439573}, {0.5238, 0.535334584115072}, {0.5748, 0.5621139327385037}, {0.6243000000000001, 0.6225905936777179}, {0.6744, 0.6734610680799021}, {0.7239, 0.6924177396280401}, {0.7742, 0.7627397260273973}, {0.8242, 0.8081471747700394}, {0.8738, 0.8523809523809524}, {0.9239, 0.877431906614786}, {0.9734, 0.9446693657219973}, {1., 0.8704103671706264}}}
dataDEH {3, {{0.0111, 0.10895140664961638}, {0.0758, 0.11381322957198443}, {0.1265, 0.14457831325301204}, {0.1757, 0.19225634178905207}, {0.22490000000000002, 0.2521246458923513}, {0.2748, 0.28796343321482987}, {0.3255, 0.33716305788775963}, {0.3749, 0.3914434226309476}, {0.4253, 0.4331097776208966}, {0.4747, 0.4790613718411552}, {0.5224, 0.5186495176848874}, {0.5743, 0.5666429080541696}, {0.6247, 0.6082311040759795}, {0.6742, 0.6622340425531915}, {0.7248, 0.7123217922606925}, {0.7744000000000001, 0.7478656801365965}, {0.8239000000000001, 0.8057742782152231}, {0.8733000000000001, 0.8543689320388349}, {0.9239, 0.8877057115198451}, {0.9719000000000001, 0.9028132992327366}, {1., 0.8828522920203735}}}
dataDEH {5, {{0.0051, 0.12919186366135238}, {0.0753, 0.13739669421487602}, {0.12560000000000002, 0.16982758620689656}, {0.1749, 0.22527881040892192}, {0.2243, 0.24761904761904763}, {0.2743, 0.3144977168949772}, {0.3246, 0.33880597014925373}, {0.37520000000000003, 0.37667127708621484}, {0.4248, 0.4236083695223056}, {0.47400000000000003, 0.4862778730703259}, {0.5178, 0.5103077382730804}, {0.5739000000000001, 0.5731757032205462}, {0.6235, 0.6236702127659575}, {0.6747000000000001, 0.6617943548387096}, {0.7237, 0.67690490253987}, {0.7732, 0.7520198881292729}, {0.8237, 0.7770609318996415}, {0.8734000000000001, 0.8299912816041848}, {0.9237000000000001, 0.8617886178861789}, {0.9695, 0.8966613672496025}, {1., 0.8649453823237339}}}
dataDEH {7, {{0.0018000000000000002, 0.14545775892541535}, {0.0765, 0.14835948644793154}, {0.1246, 0.20189274447949526}, {0.17400000000000002, 0.23535353535353534}, {0.2218, 0.28272251308900526}, {0.27240000000000003, 0.30608240680183124}, {0.3259, 0.3612266112266112}, {0.3734, 0.38727995457126635}, {0.42300000000000004, 0.42977777777777776}, {0.47150000000000003, 0.48308374930671105}, {0.5125000000000001, 0.5073269327943406}, {0.5735, 0.5686663361427863}, {0.6227, 0.6060908637044433}, {0.6727000000000001, 0.6385927505330491}, {0.7222000000000001, 0.6997808619430241}, {0.7708, 0.6990707648320229}, {0.8215, 0.7671353251318102}, {0.8733000000000001, 0.7926565874730022}, {0.9215000000000001, 0.8559892328398385}, {0.9660000000000001, 0.8805031446540881}, {1., 0.8526827444382128}}}
dataDEH {9, {{0.0005, 0.15523847271766417}, {0.0763, 0.1556122448979592}, {0.1253, 0.20328849028400597}, {0.1724, 0.23636363636363636}, {0.21810000000000002, 0.26549491211840887}, {0.2695, 0.3088888888888889}, {0.327, 0.35306898424769145}, {0.37260000000000004, 0.3840749414519906}, {0.4208, 0.4172913543228386}, {0.46890000000000004, 0.47614840989399293}, {0.5066, 0.5048717438854643}, {0.5725, 0.5788146279949559}, {0.6195, 0.6081319976428993}, {0.6706000000000001, 0.6448491747296529}, {0.7198, 0.6728624535315985}, {0.7658, 0.7285342584562012}, {0.8183, 0.7647058823529411}, {0.8722000000000001, 0.7910216718266254}, {0.9207000000000001, 0.8430913348946136}, {0.9637, 0.8879310344827587}, {1., 0.8441436612168319}}}
dataDEH {10, {{0.00030000000000000003, 0.17609315589353614}, {0.0765, 0.14007782101167315}, {0.1257, 0.17825311942959002}, {0.1714, 0.2546816479400749}, {0.21450000000000002, 0.2632821723730815}, {0.2674, 0.30973451327433627}, {0.3286, 0.3654536135315223}, {0.37270000000000003, 0.3861111111111111}, {0.4198, 0.4374664519592056}, {0.46730000000000005, 0.43333333333333335}, {0.5051, 0.5099623047926763}, {0.5707, 0.5764796310530361}, {0.6174000000000001, 0.5864160097028502}, {0.6695, 0.6340677055346587}, {0.7190000000000001, 0.6727898966704937}, {0.7628, 0.721025641025641}, {0.8166, 0.7422324510932106}, {0.8711000000000001, 0.8125}, {0.9192, 0.8741721854304636}, {0.9618000000000001, 0.8765432098765432}, {1., 0.8233812949640288}}}
dataDEH {2, {{0.0146, 0.06651884700665188}, {0.076, 0.11199364575059571}, {0.1253, 0.15593705293276108}, {0.1756, 0.18773006134969325}, {0.2253, 0.24075067024128685}, {0.2755, 0.3017610661589719}, {0.3251, 0.3390300230946882}, {0.37570000000000003, 0.3771404109589041}, {0.4249, 0.44516622086358426}, {0.4752, 0.46747076023391815}, {0.5232, 0.5294117647058824}, {0.5749000000000001, 0.555427694668201}, {0.6241, 0.6232993197278912}, {0.6748000000000001, 0.6609461966604824}, {0.7241000000000001, 0.6967370441458733}, {0.774, 0.7574786324786325}, {0.8240000000000001, 0.8147023086269745}, {0.8745, 0.8428981348637016}, {0.9238000000000001, 0.8878357030015798}, {0.9731000000000001, 0.9458631256384066}, {1., 0.9188861985472155}}}
dataDEH {3, {{0.0103, 0.08512970405553526}, {0.075, 0.12449145646867373}, {0.1254, 0.15589887640449437}, {0.17450000000000002, 0.21}, {0.22460000000000002, 0.25517627308338}, {0.27490000000000003, 0.2734820965230929}, {0.3249, 0.33977767037216045}, {0.37560000000000004, 0.39295154185022024}, {0.4248, 0.4197689345314506}, {0.4748, 0.4757587702010248}, {0.5219, 0.5216337833160263}, {0.5746, 0.5804772234273319}, {0.6239, 0.6059817945383615}, {0.6747000000000001, 0.660009741841208}, {0.7240000000000001, 0.7240652975250131}, {0.774, 0.74609375}, {0.8246, 0.7867360208062418}, {0.8742000000000001, 0.8431786216596343}, {0.9247000000000001, 0.8763136620856912}, {0.9725, 0.9337877312560857}, {1., 0.9037339556592765}}}
dataDEH {5, {{0.0043, 0.110875556497774}, {0.0752, 0.137104506232023}, {0.1253, 0.18765432098765433}, {0.17420000000000002, 0.2091346153846154}, {0.2233, 0.24709103353867215}, {0.2741, 0.3026315789473684}, {0.326, 0.3449550977284733}, {0.3743, 0.4180412371134021}, {0.4242, 0.44369063772048845}, {0.47340000000000004, 0.46728065923412504}, {0.5172, 0.5215572715572716}, {0.5739000000000001, 0.5550262029537876}, {0.6237, 0.5821984435797666}, {0.6731, 0.6535391165513571}, {0.7236, 0.6985616010006254}, {0.7729, 0.7426621160409557}, {0.8233, 0.7908545727136432}, {0.8735, 0.8098006644518272}, {0.9238000000000001, 0.8617121354656632}, {0.9690000000000001, 0.9177877428998505}, {1., 0.8847574489042108}}}
dataDEH {7, {{0.0016, 0.12927811331607708}, {0.07540000000000001, 0.14241486068111456}, {0.1247, 0.1858695652173913}, {0.17350000000000002, 0.2112676056338028}, {0.2205, 0.29411764705882354}, {0.2715, 0.3065159574468085}, {0.3255, 0.3447880870561283}, {0.3738, 0.3865110246433204}, {0.4232, 0.44267352185089975}, {0.47090000000000004, 0.45825115055884286}, {0.5118, 0.517260579064588}, {0.5724, 0.556924882629108}, {0.6217, 0.6046901172529313}, {0.6725, 0.6531585220500596}, {0.7217, 0.6889226100151745}, {0.7691, 0.7013720742534302}, {0.8211, 0.7788057190916736}, {0.8731, 0.813273340832396}, {0.9223, 0.85383502170767}, {0.9659000000000001, 0.9114285714285715}, {1., 0.8686120350771092}}}
dataDEH {9, {{0.0004, 0.1481144934120854}, {0.076, 0.14560439560439561}, {0.1247, 0.18471337579617833}, {0.17250000000000001, 0.2296875}, {0.21580000000000002, 0.27461706783369805}, {0.26890000000000003, 0.30828220858895705}, {0.3274, 0.3634821933295647}, {0.3729, 0.4321959755030621}, {0.42010000000000003, 0.4318311466058186}, {0.46830000000000005, 0.4770053475935829}, {0.5063, 0.5045578851412944}, {0.5713, 0.5686728395061729}, {0.6185, 0.5672009864364982}, {0.6707000000000001, 0.637120761451517}, {0.7197, 0.6761133603238867}, {0.764, 0.718052738336714}, {0.8172, 0.7530864197530864}, {0.8722000000000001, 0.814625850340136}, {0.9202, 0.847457627118644}, {0.9639000000000001, 0.9351851851851852}, {1., 0.8509880514705882}}}
dataDEH {10, {{0.00030000000000000003, 0.1641072891072891}, {0.0755, 0.13924050632911392}, {0.1265, 0.19838056680161945}, {0.1715, 0.2398286937901499}, {0.2137, 0.26504481434058896}, {0.2665, 0.31734960767218834}, {0.329, 0.359304932735426}, {0.37270000000000003, 0.375736160188457}, {0.4182, 0.4374599101988454}, {0.4666, 0.473604826546003}, {0.5041, 0.5020424042015172}, {0.5706, 0.5633100697906281}, {0.6159, 0.6008492569002123}, {0.6692, 0.645369284876905}, {0.7186, 0.6613545816733067}, {0.7618, 0.7178649237472767}, {0.8157000000000001, 0.7440993788819876}, {0.8708, 0.7919320594479831}, {0.9211, 0.8708487084870848}, {0.9620000000000001, 0.9104477611940298}, {1., 0.8353086674224467}}}
Values von ratioData {{{ , { , { , { , { , { }, {{ , { , { , { , { , { }, {{ , { , { , { , { , { }, {{ , { , { , { , { , { }, {{ , { , { , { , { , { }, {{ , { , { , { , { , { }}
Keys von ratioData {{{0.15}, {0.15}, {0.15}, {0.15}, {0.15}, {0.15}}, {{0.2}, {0.2}, {0.2}, {0.2}, {0.2}, {0.2}}, {{0.25}, {0.25}, {0.25}, {0.25}, {0.25}, {0.25}}, {{0.3}, {0.3}, {0.3}, {0.3}, {0.3}, {0.3}}, {{0.4}, {0.4}, {0.4}, {0.4}, {0.4}, {0.4}}, {{0.45}, {0.45}, {0.45}, {0.45}, {0.45}, {0.45}}}
Number of sentences 20
Korrektheit von E 0.7894736842105263
Ratio_doj_Mit_ExDOJ_0.789474.txt ist nicht leer
