/home/carla/Documents/DebSim/
/home/carla/Documents/DebSim/Data/Genese_09_2017/Ana1/14_09_2017/Data/Mit/Mod_c/
{DataToPlot_Mit_ExDOJ_z_c_0.6.txt}
/home/carla/Documents/DebSim/Data/Genese_09_2017/Ana2/14_09_2017/Mit/Mod_c/
c
z
Eigen
Package path /home/carla/Documents/DebSim/DebateDynamics/Kernel/init.m
Loading additional packages...

General::obspkg: PlotLegends` is now obsolete. The legacy version being loaded may conflict with current functionality. See the Compatibility Guide for updating information.

General::obspkg: PlotLegends` is now obsolete. The legacy version being loaded may conflict with current functionality. See the Compatibility Guide for updating information.
Einzulesende Datei /home/carla/Documents/DebSim/Data/Genese_09_2017/Ana1/14_09_2017/Data/Mit/Mod_c/DataToPlot_Mit_ExDOJ_z_c_0.6.txt
Dichte 0.15
evidenceSize 2
gesZahlAll 20000
binCountsFlat {27, 1, 5, 21, 51, 98, 250, 598, 1789, 6244, 7598, 1718, 850, 366, 205, 73, 42, 19, 8, 1, 36}
evidenceSize 5
gesZahlAll 20000
binCountsFlat {270, 11, 35, 62, 135, 241, 530, 1177, 2465, 4064, 5311, 2455, 1271, 734, 424, 202, 101, 63, 28, 3, 418}
evidenceSize 10
gesZahlAll 20000
binCountsFlat {1165, 6, 26, 86, 159, 345, 710, 1364, 2477, 2785, 3900, 2122, 1355, 790, 436, 216, 106, 38, 14, 0, 1900}
Dichte 0.2
evidenceSize 2
gesZahlAll 20000
binCountsFlat {35, 5, 21, 56, 68, 164, 352, 743, 1910, 6114, 6260, 2083, 981, 522, 280, 180, 99, 39, 15, 5, 68}
evidenceSize 5
gesZahlAll 20000
binCountsFlat {353, 29, 65, 103, 192, 383, 682, 1228, 2451, 3961, 4082, 2357, 1391, 829, 518, 330, 194, 104, 55, 19, 674}
evidenceSize 10
gesZahlAll 20000
binCountsFlat {1545, 14, 58, 114, 211, 398, 773, 1454, 2323, 2562, 2834, 1939, 1233, 825, 497, 319, 167, 91, 26, 0, 2617}
Dichte 0.25
evidenceSize 2
gesZahlAll 20000
binCountsFlat {55, 12, 27, 63, 107, 200, 371, 864, 2164, 5756, 5441, 2237, 1125, 604, 368, 216, 131, 95, 36, 22, 106}
evidenceSize 5
gesZahlAll 20000
binCountsFlat {518, 51, 92, 144, 276, 450, 690, 1358, 2318, 3703, 3359, 2201, 1429, 905, 610, 445, 289, 179, 103, 36, 844}
evidenceSize 10
gesZahlAll 20000
binCountsFlat {1980, 38, 71, 167, 263, 444, 832, 1409, 2019, 2337, 2201, 1692, 1210, 807, 554, 361, 210, 124, 40, 7, 3234}
Dichte 0.3
evidenceSize 2
gesZahlAll 20000
binCountsFlat {68, 39, 52, 89, 137, 280, 514, 942, 2179, 5508, 4724, 2235, 1228, 672, 460, 272, 195, 135, 82, 50, 139}
evidenceSize 5
gesZahlAll 20000
binCountsFlat {670, 74, 133, 192, 320, 497, 799, 1323, 2300, 3316, 2804, 2021, 1373, 916, 702, 518, 358, 271, 163, 69, 1181}
evidenceSize 10
gesZahlAll 20000
binCountsFlat {2291, 35, 94, 187, 299, 490, 802, 1353, 1820, 2059, 1774, 1482, 1075, 736, 507, 350, 210, 132, 53, 4, 4247}
Dichte 0.4
evidenceSize 2
gesZahlAll 20000
binCountsFlat {155, 64, 96, 136, 218, 349, 592, 1074, 2239, 4827, 3696, 2082, 1330, 896, 574, 417, 301, 239, 194, 126, 395}
evidenceSize 5
gesZahlAll 20000
binCountsFlat {1098, 144, 181, 270, 350, 573, 803, 1282, 1875, 2799, 1974, 1691, 1244, 900, 684, 563, 468, 353, 236, 115, 2397}
evidenceSize 10
gesZahlAll 20000
binCountsFlat {3232, 52, 99, 191, 307, 458, 779, 1105, 1398, 1585, 1217, 1045, 857, 577, 425, 269, 200, 128, 45, 2, 6029}
Dichte 0.45
evidenceSize 2
gesZahlAll 20000
binCountsFlat {252, 86, 134, 165, 248, 378, 628, 1086, 2112, 4726, 3160, 1995, 1315, 902, 620, 487, 359, 294, 237, 148, 668}
evidenceSize 5
gesZahlAll 20000
binCountsFlat {1419, 147, 233, 297, 391, 555, 823, 1235, 1761, 2552, 1705, 1414, 1088, 871, 651, 528, 407, 351, 240, 83, 3249}
evidenceSize 10
gesZahlAll 20000
binCountsFlat {3654, 42, 101, 181, 324, 495, 729, 1018, 1236, 1273, 938, 832, 642, 538, 385, 264, 182, 111, 36, 6, 7013}
Dichte 0.15
 abMod c data {2, 0.003204270147428792}
 abMod c data {3, 0.004412515519765869}
 abMod c data {5, 0.004040419608677917}
 abMod c data {7, 0.006378508230910655}
 abMod c data {9, 0.0065895671139468166}
 abMod c data {10, 0.006268374487030033}
Dichte 0.2
 abMod c data {2, 0.005156750132480105}
 abMod c data {3, 0.005291766230969016}
 abMod c data {5, 0.006670156108813311}
 abMod c data {7, 0.008541828256815216}
 abMod c data {9, 0.009753025846186498}
 abMod c data {10, 0.010115243359445735}
Dichte 0.25
 abMod c data {2, 0.007792857991832316}
 abMod c data {3, 0.009198972678328695}
 abMod c data {5, 0.008499257007750682}
 abMod c data {7, 0.010806452598747495}
 abMod c data {9, 0.011247673997443641}
 abMod c data {10, 0.010801919038810552}
Dichte 0.3
 abMod c data {2, 0.009462397798975083}
 abMod c data {3, 0.011131282010599281}
 abMod c data {5, 0.01208565019357792}
 abMod c data {7, 0.014916633876022316}
 abMod c data {9, 0.01645525199086453}
 abMod c data {10, 0.0179467471693419}
Dichte 0.4
 abMod c data {2, 0.018900368295241044}
 abMod c data {3, 0.019237066052691418}
 abMod c data {5, 0.022805492101928802}
 abMod c data {7, 0.023325606724231642}
 abMod c data {9, 0.026709422387627996}
 abMod c data {10, 0.02560369853761633}
Dichte 0.45
 abMod c data {2, 0.025676443590656697}
 abMod c data {3, 0.024281728981892153}
 abMod c data {5, 0.027125135298134345}
 abMod c data {7, 0.032056990167530955}
 abMod c data {9, 0.03090825789948655}
 abMod c data {10, 0.03324157051971942}
dreiData {{0.15, 2, 0.003204270147428792}, {0.15, 3, 0.004412515519765869}, {0.15, 5, 0.004040419608677917}, {0.15, 7, 0.006378508230910655}, {0.15, 9, 0.0065895671139468166}, {0.15, 10, 0.006268374487030033}, {0.2, 2, 0.005156750132480105}, {0.2, 3, 0.005291766230969016}, {0.2, 5, 0.006670156108813311}, {0.2, 7, 0.008541828256815216}, {0.2, 9, 0.009753025846186498}, {0.2, 10, 0.010115243359445735}, {0.25, 2, 0.007792857991832316}, {0.25, 3, 0.009198972678328695}, {0.25, 5, 0.008499257007750682}, {0.25, 7, 0.010806452598747495}, {0.25, 9, 0.011247673997443641}, {0.25, 10, 0.010801919038810552}, {0.3, 2, 0.009462397798975083}, {0.3, 3, 0.011131282010599281}, {0.3, 5, 0.01208565019357792}, {0.3, 7, 0.014916633876022316}, {0.3, 9, 0.01645525199086453}, {0.3, 10, 0.0179467471693419}, {0.4, 2, 0.018900368295241044}, {0.4, 3, 0.019237066052691418}, {0.4, 5, 0.022805492101928802}, {0.4, 7, 0.023325606724231642}, {0.4, 9, 0.026709422387627996}, {0.4, 10, 0.02560369853761633}, {0.45, 2, 0.025676443590656697}, {0.45, 3, 0.024281728981892153}, {0.45, 5, 0.027125135298134345}, {0.45, 7, 0.032056990167530955}, {0.45, 9, 0.03090825789948655}, {0.45, 10, 0.03324157051971942}}
dataDEH {2, {{-0.9991000000000001, 0.421875}, {-0.744, 0.20833333333333334}, {-0.6416000000000001, 0.3333333333333333}, {-0.5452, 0.4112903225806452}, {-0.44530000000000003, 0.3234323432343234}, {-0.34240000000000004, 0.40584415584415584}, {-0.2429, 0.4129834254143646}, {-0.14300000000000002, 0.5101226119190191}, {-0.0325, 0.5078900276557671}, {0.026000000000000002, 0.4936972059779077}, {0.14300000000000002, 0.4898773880809809}, {0.2429, 0.5870165745856354}, {0.34240000000000004, 0.5941558441558441}, {0.44530000000000003, 0.6765676567656765}, {0.5452, 0.5887096774193549}, {0.6416000000000001, 0.6666666666666666}, {0.744, 0.7916666666666666}, {1., 0.5714285714285714}}}
dataDEH {3, {{-1., 0.40512820512820513}, {-0.8457, 0.2857142857142857}, {-0.7422000000000001, 0.39215686274509803}, {-0.6423, 0.2815533980582524}, {-0.5467000000000001, 0.3522012578616352}, {-0.4441, 0.34942528735632183}, {-0.3447, 0.39562841530054643}, {-0.24400000000000002, 0.44625922023182296}, {-0.1434, 0.5144739938809132}, {-0.0376, 0.5257604562737642}, {0.029500000000000002, 0.47985402547106576}, {0.1434, 0.4854117647058824}, {0.24400000000000002, 0.553740779768177}, {0.3447, 0.6043715846994535}, {0.4441, 0.6505747126436782}, {0.5467000000000001, 0.6477987421383647}, {0.6423, 0.7184466019417476}, {0.7422000000000001, 0.6078431372549019}, {0.8457, 0.7142857142857143}, {1., 0.5948717948717949}}}
dataDEH {5, {{-0.9997, 0.3907380607814761}, {-0.8385, 0.28205128205128205}, {-0.7412000000000001, 0.35714285714285715}, {-0.6427, 0.3803680981595092}, {-0.5423, 0.40059347181008903}, {-0.4466, 0.362406015037594}, {-0.34340000000000004, 0.41930379746835444}, {-0.24330000000000002, 0.48080065359477125}, {-0.1454, 0.5010162601626016}, {-0.044000000000000004, 0.5124196192157358}, {0.0323, 0.49094102421889446}, {0.1454, 0.49888234098760414}, {0.24330000000000002, 0.5191993464052288}, {0.34340000000000004, 0.5806962025316456}, {0.4466, 0.637593984962406}, {0.5423, 0.599406528189911}, {0.6427, 0.6196319018404908}, {0.7412000000000001, 0.6428571428571429}, {0.8385, 0.717948717948718}, {1., 0.6075581395348837}}}
dataDEH {7, {{-0.9998, 0.35892514395393477}, {-0.8419000000000001, 0.22857142857142856}, {-0.7459, 0.391304347826087}, {-0.6436000000000001, 0.3051643192488263}, {-0.5462, 0.38823529411764707}, {-0.4469, 0.39707835325365204}, {-0.3448, 0.4504437869822485}, {-0.24430000000000002, 0.4986717267552182}, {-0.1461, 0.5212220627434898}, {-0.047, 0.5198790627362055}, {0.0328, 0.4861989043404973}, {0.1461, 0.478679786797868}, {0.24430000000000002, 0.5013272658323853}, {0.3448, 0.5495562130177515}, {0.4469, 0.602921646746348}, {0.5462, 0.611764705882353}, {0.6436000000000001, 0.6948356807511737}, {0.7459, 0.6086956521739131}, {0.8419000000000001, 0.7714285714285715}, {1., 0.640795381654907}}}
dataDEH {9, {{-0.9999, 0.3788794840790004}, {-0.8502000000000001, 0.43478260869565216}, {-0.7412000000000001, 0.2916666666666667}, {-0.6435000000000001, 0.3173076923076923}, {-0.545, 0.41545893719806765}, {-0.4435, 0.4347240915208614}, {-0.3447, 0.44240282685512367}, {-0.2446, 0.5009387908374014}, {-0.1454, 0.5378803348989177}, {-0.0506, 0.5177116542685086}, {0.0335, 0.48826291079812206}, {0.1453, 0.46213512961828945}, {0.2446, 0.49906120916259855}, {0.3447, 0.5575971731448763}, {0.4435, 0.5652759084791387}, {0.545, 0.5845410628019324}, {0.6435000000000001, 0.6826923076923077}, {0.7412000000000001, 0.7083333333333334}, {0.8502000000000001, 0.5652173913043478}, {1., 0.6212182331585316}}}
dataDEH {10, {{-1., 0.3800978792822186}, {-0.8336, 0.3}, {-0.7448, 0.40625}, {-0.6446000000000001, 0.4479166666666667}, {-0.5451, 0.424}, {-0.4451, 0.44174135723431496}, {-0.3451, 0.47333333333333333}, {-0.24480000000000002, 0.5018395879323032}, {-0.1458, 0.5384782608695652}, {-0.0514, 0.5304761904761904}, {0.0332, 0.4803547234881143}, {0.1457, 0.461304347826087}, {0.24480000000000002, 0.498344979771975}, {0.3451, 0.5266666666666666}, {0.445, 0.558974358974359}, {0.545, 0.574468085106383}, {0.6446000000000001, 0.5520833333333334}, {0.7448, 0.59375}, {0.8336, 0.7}, {1., 0.6199021207177814}}}
dataDEH {2, {{-0.9969, 0.32407407407407407}, {-0.8435, 0.25}, {-0.7465, 0.35}, {-0.6443, 0.36129032258064514}, {-0.5451, 0.27419354838709675}, {-0.44530000000000003, 0.36936936936936937}, {-0.34400000000000003, 0.40274599542334094}, {-0.24430000000000002, 0.4309744779582367}, {-0.1433, 0.47833708990733786}, {-0.0378, 0.5198979591836734}, {0.0342, 0.48202048202048203}, {0.1433, 0.5215322984476715}, {0.24430000000000002, 0.5690255220417634}, {0.34400000000000003, 0.597254004576659}, {0.44530000000000003, 0.6306306306306306}, {0.5451, 0.7258064516129032}, {0.6443, 0.6387096774193548}, {0.7465, 0.65}, {0.8435, 0.75}, {1., 0.6601941747572816}}}
dataDEH {3, {{-0.9966, 0.34098360655737703}, {-0.8438, 0.275}, {-0.7383000000000001, 0.4095238095238095}, {-0.6433, 0.3283582089552239}, {-0.5428000000000001, 0.34472934472934474}, {-0.44320000000000004, 0.39473684210526316}, {-0.34490000000000004, 0.4264705882352941}, {-0.2444, 0.4467697907188353}, {-0.1447, 0.5082144401210549}, {-0.042, 0.5300713557594292}, {0.0374, 0.4732061762034514}, {0.1447, 0.49178555987894507}, {0.2444, 0.5532302092811647}, {0.34490000000000004, 0.5735294117647058}, {0.44320000000000004, 0.6052631578947368}, {0.5428000000000001, 0.6552706552706553}, {0.6433, 0.6716417910447762}, {0.7383000000000001, 0.5904761904761905}, {0.8438, 0.725}, {0.926, 0.7142857142857143}, {1., 0.6563573883161512}}}
dataDEH {5, {{-0.9981000000000001, 0.33747609942638623}, {-0.8435, 0.34523809523809523}, {-0.7426, 0.38461538461538464}, {-0.6449, 0.3468013468013468}, {-0.5454, 0.367816091954023}, {-0.44580000000000003, 0.42508324084350724}, {-0.3453, 0.4513567174056916}, {-0.24480000000000002, 0.46888125238640704}, {-0.1461, 0.5097753743760399}, {-0.0465, 0.5320349227669577}, {0.040100000000000004, 0.4723990278902905}, {0.14600000000000002, 0.4903266070314125}, {0.24480000000000002, 0.5309160305343511}, {0.3453, 0.5486432825943084}, {0.44580000000000003, 0.5749167591564928}, {0.5454, 0.632183908045977}, {0.6449, 0.6531986531986532}, {0.7426, 0.6153846153846154}, {0.8435, 0.6547619047619048}, {0.9314, 0.6551724137931034}, {1., 0.6627335299901671}}}
dataDEH {7, {{-0.9993000000000001, 0.35651750972762647}, {-0.8341000000000001, 0.23170731707317074}, {-0.7409, 0.3333333333333333}, {-0.6481, 0.3625}, {-0.5457000000000001, 0.3963515754560531}, {-0.44580000000000003, 0.4126315789473684}, {-0.3448, 0.447385409941898}, {-0.24550000000000002, 0.48715277777777777}, {-0.1462, 0.5219897523484202}, {-0.048100000000000004, 0.5309893704006541}, {0.0402, 0.4740872418979899}, {0.1462, 0.47801024765157984}, {0.24550000000000002, 0.5128472222222222}, {0.3448, 0.552614590058102}, {0.44580000000000003, 0.5873684210526315}, {0.5457000000000001, 0.603648424543947}, {0.6481, 0.6375}, {0.7409, 0.6666666666666666}, {0.8341000000000001, 0.7682926829268293}, {0.9196000000000001, 0.8823529411764706}, {1., 0.6414909269249632}}}
dataDEH {9, {{-0.9999, 0.35732795853728766}, {-0.8503000000000001, 0.3770491803278688}, {-0.7468, 0.33098591549295775}, {-0.6441, 0.4243421052631579}, {-0.545, 0.42124542124542125}, {-0.4464, 0.42947368421052634}, {-0.3473, 0.467940813810111}, {-0.2467, 0.5183137525915688}, {-0.14750000000000002, 0.5400091449474166}, {-0.049300000000000004, 0.5233459169481423}, {0.0398, 0.48115477145148355}, {0.14750000000000002, 0.4600960439057855}, {0.2467, 0.48151986183074263}, {0.3473, 0.532059186189889}, {0.4464, 0.5705263157894737}, {0.545, 0.5787545787545788}, {0.6441, 0.5756578947368421}, {0.7468, 0.6690140845070423}, {0.8503000000000001, 0.6229508196721312}, {1., 0.6425482848083021}}}
dataDEH {10, {{-1., 0.3712157616530514}, {-0.8298000000000001, 0.35}, {-0.7446, 0.38926174496644295}, {-0.6434000000000001, 0.40569395017793597}, {-0.5434, 0.39811320754716983}, {-0.44470000000000004, 0.4446927374301676}, {-0.3457, 0.483729662077597}, {-0.2446, 0.5411239300334946}, {-0.14750000000000002, 0.5451771884534147}, {-0.0509, 0.53375}, {0.0407, 0.47296395193591456}, {0.14750000000000002, 0.4548440065681445}, {0.2446, 0.4588760699665054}, {0.3457, 0.516270337922403}, {0.44470000000000004, 0.5553072625698324}, {0.5434, 0.6018867924528302}, {0.6434000000000001, 0.594306049822064}, {0.7446, 0.610738255033557}, {0.8298000000000001, 0.65}, {1., 0.6289353520788272}}}
dataDEH {2, {{-0.9907, 0.3005464480874317}, {-0.8438, 0.25}, {-0.7438, 0.22131147540983606}, {-0.6446000000000001, 0.3247422680412371}, {-0.5441, 0.33126934984520123}, {-0.44520000000000004, 0.352112676056338}, {-0.34340000000000004, 0.38051282051282054}, {-0.24450000000000002, 0.4343891402714932}, {-0.1433, 0.4917064303567371}, {-0.041, 0.5269614574750526}, {0.039, 0.47432656263621303}, {0.1433, 0.5082935696432629}, {0.24450000000000002, 0.5656108597285068}, {0.34340000000000004, 0.6194871794871795}, {0.44520000000000004, 0.647887323943662}, {0.5441, 0.6687306501547987}, {0.6446000000000001, 0.6752577319587629}, {0.7438, 0.7786885245901639}, {0.8438, 0.75}, {0.9412, 0.7586206896551724}, {1., 0.6883116883116883}}}
dataDEH {3, {{-0.9946, 0.32967032967032966}, {-0.8468, 0.21621621621621623}, {-0.7445, 0.2648648648648649}, {-0.6479, 0.3321554770318021}, {-0.5464, 0.34497816593886466}, {-0.4461, 0.362565445026178}, {-0.34540000000000004, 0.4}, {-0.2452, 0.4654320987654321}, {-0.1446, 0.5025599016997747}, {-0.0446, 0.5334697124673259}, {0.042, 0.4684790752434978}, {0.1446, 0.4974400983002253}, {0.2452, 0.5345679012345679}, {0.34540000000000004, 0.6}, {0.4461, 0.637434554973822}, {0.5464, 0.6550218340611353}, {0.6479, 0.6678445229681979}, {0.7445, 0.7351351351351352}, {0.8468, 0.7837837837837838}, {0.9413, 0.7380952380952381}, {1., 0.6634382566585957}}}
dataDEH {5, {{-0.9976, 0.37052932761087265}, {-0.8433, 0.33116883116883117}, {-0.7457, 0.33948339483394835}, {-0.6445000000000001, 0.3325635103926097}, {-0.5452, 0.3828016643550624}, {-0.44670000000000004, 0.42452830188679247}, {-0.3466, 0.43260188087774293}, {-0.2452, 0.4872622891998565}, {-0.1467, 0.5129453418897987}, {-0.047900000000000005, 0.5454411548092503}, {0.0444, 0.4579413769597819}, {0.1467, 0.4870546581102014}, {0.2452, 0.5127377108001435}, {0.3466, 0.567398119122257}, {0.44670000000000004, 0.5754716981132075}, {0.5452, 0.6171983356449375}, {0.6445000000000001, 0.6674364896073903}, {0.7457, 0.6605166051660517}, {0.8433, 0.6688311688311688}, {0.933, 0.7058823529411765}, {1., 0.6265775798069785}}}
dataDEH {7, {{-0.9989, 0.35076485236570615}, {-0.8392000000000001, 0.3237410071942446}, {-0.7435, 0.3710247349823322}, {-0.6485000000000001, 0.3577981651376147}, {-0.5481, 0.404099560761347}, {-0.4466, 0.46153846153846156}, {-0.3468, 0.4846909300982091}, {-0.2461, 0.5030697002527988}, {-0.1471, 0.5307746314065059}, {-0.0492, 0.5539108187134503}, {0.0448, 0.4509640957446808}, {0.1471, 0.469225368593494}, {0.2461, 0.49693029974720115}, {0.3468, 0.5153090699017908}, {0.4466, 0.5384615384615384}, {0.5481, 0.595900439238653}, {0.6485000000000001, 0.6422018348623854}, {0.7435, 0.6289752650176679}, {0.8392000000000001, 0.6762589928057554}, {0.9263, 0.6511627906976745}, {1., 0.6492052023121387}}}
dataDEH {9, {{-0.9997, 0.36178401630065654}, {-0.8421000000000001, 0.40625}, {-0.7421, 0.3287671232876712}, {-0.6446000000000001, 0.41457286432160806}, {-0.5459, 0.4617737003058104}, {-0.44730000000000003, 0.4541947926711668}, {-0.34540000000000004, 0.516109785202864}, {-0.2469, 0.5298789712556732}, {-0.1474, 0.5336514314414867}, {-0.049600000000000005, 0.5407166123778502}, {0.0444, 0.4636752136752137}, {0.14730000000000001, 0.46609743847312907}, {0.24680000000000002, 0.4703213610586011}, {0.34540000000000004, 0.48389021479713606}, {0.44730000000000003, 0.5458052073288332}, {0.5459, 0.5382262996941896}, {0.6446000000000001, 0.585427135678392}, {0.7421, 0.6712328767123288}, {0.8421000000000001, 0.59375}, {0.9214, 0.47368421052631576}, {1., 0.6389267849022283}}}
dataDEH {10, {{-0.9998, 0.3792376939283662}, {-0.8392000000000001, 0.48717948717948717}, {-0.7415, 0.3641025641025641}, {-0.6488, 0.44297082228116713}, {-0.5447000000000001, 0.421474358974359}, {-0.446, 0.44488977955911824}, {-0.34640000000000004, 0.5076266015863331}, {-0.2464, 0.53799159984727}, {-0.14730000000000001, 0.5440582053354891}, {-0.0505, 0.5479484173505276}, {0.0448, 0.4574932446476824}, {0.14730000000000001, 0.4559417946645109}, {0.2464, 0.46200840015273004}, {0.34640000000000004, 0.4923733984136669}, {0.446, 0.5551102204408818}, {0.5447000000000001, 0.5785256410256411}, {0.6488, 0.5570291777188329}, {0.7415, 0.6358974358974359}, {0.8392000000000001, 0.5128205128205128}, {1., 0.6206102475532528}}}
dataDEH {2, {{-0.9862000000000001, 0.26459143968871596}, {-0.8483, 0.32231404958677684}, {-0.7483000000000001, 0.27807486631016043}, {-0.6435000000000001, 0.31338028169014087}, {-0.5453, 0.33496332518337407}, {-0.44820000000000004, 0.3783783783783784}, {-0.3456, 0.433389544688027}, {-0.24500000000000002, 0.43410138248847924}, {-0.1441, 0.493656547349343}, {-0.0425, 0.5451845986340691}, {0.0414, 0.4559405462793167}, {0.1441, 0.506343452650657}, {0.24500000000000002, 0.5658986175115207}, {0.3456, 0.5666104553119731}, {0.44820000000000004, 0.6216216216216216}, {0.5453, 0.6650366748166259}, {0.6435000000000001, 0.6866197183098591}, {0.7483000000000001, 0.7219251336898396}, {0.8483, 0.6776859504132231}, {0.9437000000000001, 0.7936507936507936}, {1., 0.7164948453608248}}}
dataDEH {3, {{-0.9928, 0.32722143864598024}, {-0.8440000000000001, 0.26380368098159507}, {-0.7507, 0.3667953667953668}, {-0.6453, 0.34793187347931875}, {-0.5444, 0.34918032786885245}, {-0.44770000000000004, 0.37344398340248963}, {-0.34500000000000003, 0.40893703452945157}, {-0.2457, 0.46901300688599845}, {-0.1454, 0.5121311475409837}, {-0.0456, 0.5527812113720643}, {0.0442, 0.4488377665947759}, {0.1454, 0.4878688524590164}, {0.2457, 0.5309869931140015}, {0.34500000000000003, 0.5910629654705484}, {0.44770000000000004, 0.6265560165975104}, {0.5444, 0.6508196721311476}, {0.6453, 0.6520681265206812}, {0.7507, 0.6332046332046332}, {0.8440000000000001, 0.7361963190184049}, {0.9345, 0.6538461538461539}, {1., 0.6751188589540412}}}
dataDEH {5, {{-0.9969, 0.3489583333333333}, {-0.8441000000000001, 0.31223628691983124}, {-0.747, 0.3292079207920792}, {-0.6476000000000001, 0.3490909090909091}, {-0.5467000000000001, 0.3818615751789976}, {-0.44670000000000004, 0.41451209341117595}, {-0.3476, 0.46588921282798834}, {-0.2464, 0.49072700296735905}, {-0.1462, 0.5322841934737329}, {-0.047400000000000005, 0.5534045393858478}, {0.0454, 0.44878361075544176}, {0.1462, 0.46771580652626704}, {0.2464, 0.5094619666048238}, {0.3476, 0.5337995337995338}, {0.44670000000000004, 0.585487906588824}, {0.5467000000000001, 0.6181384248210023}, {0.6476000000000001, 0.6509090909090909}, {0.747, 0.6707920792079208}, {0.8441000000000001, 0.6877637130801688}, {0.9345, 0.75}, {1., 0.6460612691466083}}}
dataDEH {7, {{-0.9989, 0.33948940793047255}, {-0.8486, 0.3448275862068966}, {-0.7485, 0.36609336609336607}, {-0.6478, 0.4106813996316759}, {-0.5489, 0.3997613365155131}, {-0.44880000000000003, 0.42705786471067647}, {-0.3468, 0.4827188940092166}, {-0.2467, 0.5121056493030081}, {-0.1472, 0.5423995799422421}, {-0.0495, 0.55735262821877}, {0.046900000000000004, 0.44565436579955636}, {0.1472, 0.4576004200577579}, {0.2467, 0.48789435069699194}, {0.3468, 0.5172811059907834}, {0.44880000000000003, 0.5729421352893236}, {0.5488000000000001, 0.5997610513739546}, {0.6477, 0.5900735294117647}, {0.7485, 0.6339066339066339}, {0.8486, 0.6551724137931034}, {0.9255, 0.6909090909090909}, {1., 0.6600496277915633}}}
dataDEH {9, {{-0.9997, 0.34864672364672367}, {-0.8413, 0.34375}, {-0.7459, 0.4148936170212766}, {-0.6449, 0.4300847457627119}, {-0.5474, 0.44933920704845814}, {-0.4481, 0.47232472324723246}, {-0.3463, 0.5138190954773869}, {-0.2467, 0.5347615198059822}, {-0.1479, 0.5612939841089671}, {-0.049600000000000005, 0.5482827277252365}, {0.0466, 0.4546304957904584}, {0.1479, 0.4387060158910329}, {0.2467, 0.4652384801940178}, {0.3463, 0.4864864864864865}, {0.448, 0.5271889400921659}, {0.5474, 0.5506607929515418}, {0.6449, 0.5699152542372882}, {0.7459, 0.5851063829787234}, {0.8413, 0.65625}, {0.926, 0.5}, {1., 0.6519485162674293}}}
dataDEH {10, {{-0.9999, 0.3501987159889942}, {-0.8402000000000001, 0.3977272727272727}, {-0.7421, 0.415929203539823}, {-0.6447, 0.47103274559193953}, {-0.5453, 0.46070878274268107}, {-0.446, 0.49147442326980945}, {-0.3453, 0.5214564369310793}, {-0.2477, 0.5572487644151565}, {-0.14830000000000002, 0.5511811023622047}, {-0.0497, 0.5560356467728869}, {0.046400000000000004, 0.447753659767794}, {0.14830000000000002, 0.44868301544050865}, {0.2477, 0.44275123558484347}, {0.3453, 0.47854356306892065}, {0.446, 0.5085255767301906}, {0.5453, 0.539291217257319}, {0.6447, 0.5289672544080605}, {0.7421, 0.584070796460177}, {0.8402000000000001, 0.6022727272727273}, {1., 0.6500841879687739}}}
dataDEH {2, {{-0.9865, 0.22928994082840237}, {-0.8458, 0.24806201550387597}, {-0.7462000000000001, 0.2865671641791045}, {-0.646, 0.3112128146453089}, {-0.5488000000000001, 0.3438485804416404}, {-0.4449, 0.3777056277056277}, {-0.3478, 0.3978494623655914}, {-0.24530000000000002, 0.4469413233458177}, {-0.1444, 0.518047200370199}, {-0.0449, 0.5680160037655919}, {0.0446, 0.4323818437061301}, {0.1444, 0.4818329090488313}, {0.24530000000000002, 0.5532445923460898}, {0.3478, 0.6021505376344086}, {0.44480000000000003, 0.6218851570964247}, {0.5487000000000001, 0.6566929133858268}, {0.646, 0.6887871853546911}, {0.7462000000000001, 0.7134328358208956}, {0.8458, 0.751937984496124}, {0.9430000000000001, 0.7875}, {1., 0.7655038759689923}}}
dataDEH {3, {{-0.9905, 0.2928216062544421}, {-0.8452000000000001, 0.3137755102040816}, {-0.7505000000000001, 0.3203125}, {-0.6472, 0.31921331316187596}, {-0.5476, 0.37362637362637363}, {-0.4455, 0.4045335658238884}, {-0.3466, 0.4519402985074627}, {-0.2462, 0.4534653465346535}, {-0.1449, 0.5352353084613509}, {-0.046700000000000005, 0.5792755344418052}, {0.0463, 0.4213085764809903}, {0.1449, 0.46476469153864913}, {0.2462, 0.5465346534653466}, {0.3466, 0.5480597014925374}, {0.4455, 0.5954664341761116}, {0.5476, 0.6263736263736264}, {0.6472, 0.680786686838124}, {0.7505000000000001, 0.6796875}, {0.8452000000000001, 0.6862244897959183}, {0.9411, 0.73568281938326}, {1., 0.7016949152542373}}}
dataDEH {5, {{-0.9967, 0.3041551246537396}, {-0.8458, 0.37894736842105264}, {-0.7469, 0.3389513108614232}, {-0.6478, 0.36585365853658536}, {-0.5476, 0.38377192982456143}, {-0.44870000000000004, 0.45548489666136727}, {-0.34640000000000004, 0.4715208455666471}, {-0.24580000000000002, 0.5075217735550277}, {-0.1481, 0.5257992148065059}, {-0.047900000000000005, 0.5897597977243995}, {0.047400000000000005, 0.4113356949364451}, {0.14800000000000002, 0.4742007851934941}, {0.24580000000000002, 0.49228333992876927}, {0.34640000000000004, 0.5284791544333529}, {0.44870000000000004, 0.5441527446300716}, {0.5475, 0.6166484118291348}, {0.6478, 0.6341463414634146}, {0.7469, 0.6610486891385767}, {0.8458, 0.6210526315789474}, {0.9321, 0.6534090909090909}, {1., 0.698019801980198}}}
dataDEH {7, {{-0.999, 0.3274991585324806}, {-0.8433, 0.4134275618374558}, {-0.7438, 0.3492407809110629}, {-0.6491, 0.4235474006116208}, {-0.547, 0.44839449541284404}, {-0.44620000000000004, 0.47843775427176566}, {-0.3471, 0.516737674984784}, {-0.24780000000000002, 0.5354401805869075}, {-0.14730000000000001, 0.5733422638981915}, {-0.0495, 0.5696854663774403}, {0.0487, 0.43128342245989304}, {0.1472, 0.4265148978908604}, {0.24780000000000002, 0.4650112866817156}, {0.34700000000000003, 0.4829683698296837}, {0.44620000000000004, 0.5219869706840391}, {0.5469, 0.5509736540664376}, {0.6491, 0.5764525993883792}, {0.7438, 0.6507592190889371}, {0.8433, 0.5865724381625441}, {0.9277000000000001, 0.6395348837209303}, {1., 0.6729849726775956}}}
dataDEH {9, {{-0.9998, 0.33365925201662183}, {-0.8437, 0.4180327868852459}, {-0.7447, 0.4504792332268371}, {-0.647, 0.4805194805194805}, {-0.5484, 0.4491180461329715}, {-0.44720000000000004, 0.5265265265265265}, {-0.34650000000000003, 0.5530685920577617}, {-0.2472, 0.5631115459882583}, {-0.1481, 0.5739357729648992}, {-0.0487, 0.5572005383580081}, {0.0477, 0.4436736042286092}, {0.14800000000000002, 0.4268110530246453}, {0.2472, 0.4362481680508061}, {0.34650000000000003, 0.44653179190751446}, {0.44720000000000004, 0.474}, {0.5484, 0.5508819538670285}, {0.647, 0.5194805194805194}, {0.7447, 0.549520766773163}, {0.8437, 0.5819672131147541}, {0.9269000000000001, 0.6666666666666666}, {1., 0.6663399093248377}}}
dataDEH {10, {{-0.9999, 0.34891503832451687}, {-0.8432000000000001, 0.5360824742268041}, {-0.7432000000000001, 0.43612334801762115}, {-0.6437, 0.4884910485933504}, {-0.5467000000000001, 0.5329861111111112}, {-0.44870000000000004, 0.5186862967157417}, {-0.34800000000000003, 0.5749077490774908}, {-0.2477, 0.5629139072847682}, {-0.1484, 0.572247237003684}, {-0.0497, 0.5713770728190339}, {0.0487, 0.43003533568904595}, {0.14830000000000002, 0.42792792792792794}, {0.2477, 0.43657666836474784}, {0.34790000000000004, 0.42551622418879054}, {0.44870000000000004, 0.4813137032842582}, {0.5467000000000001, 0.4670138888888889}, {0.6437, 0.5115089514066496}, {0.7429, 0.5663716814159292}, {0.8428, 0.45918367346938777}, {1., 0.6514316585629389}}}
dataDEH {2, {{-0.9883000000000001, 0.23595505617977527}, {-0.8432000000000001, 0.26625386996904027}, {-0.7515000000000001, 0.3130841121495327}, {-0.6466000000000001, 0.3154875717017208}, {-0.5467000000000001, 0.33695652173913043}, {-0.44920000000000004, 0.3787575150300601}, {-0.3472, 0.41045751633986927}, {-0.2459, 0.4523115368596418}, {-0.1459, 0.5142439737034331}, {-0.043500000000000004, 0.6002032004064008}, {0.0434, 0.400101291466194}, {0.1459, 0.48575602629656683}, {0.2459, 0.5476884631403582}, {0.3472, 0.5895424836601307}, {0.44920000000000004, 0.6212424849699398}, {0.5466, 0.6625850340136055}, {0.6466000000000001, 0.6851145038167938}, {0.7515000000000001, 0.6869158878504673}, {0.8432000000000001, 0.7337461300309598}, {0.9386, 0.729064039408867}, {1., 0.7722543352601156}}}
dataDEH {3, {{-0.9929, 0.25035697287006187}, {-0.8469, 0.3564356435643564}, {-0.7472000000000001, 0.33879781420765026}, {-0.6486000000000001, 0.34457478005865105}, {-0.5474, 0.4054644808743169}, {-0.449, 0.4033333333333333}, {-0.3471, 0.4718714121699196}, {-0.2466, 0.5141242937853108}, {-0.1459, 0.5347258485639687}, {-0.046900000000000004, 0.5878777923784494}, {0.046700000000000005, 0.41243862520458263}, {0.1459, 0.46527415143603135}, {0.24650000000000002, 0.48566814695195804}, {0.3471, 0.5283993115318416}, {0.449, 0.5966666666666667}, {0.5473, 0.5951859956236324}, {0.6485000000000001, 0.6539589442815249}, {0.7471, 0.6618181818181819}, {0.8469, 0.6435643564356436}, {0.9380000000000001, 0.7396694214876033}, {1., 0.7509413663259817}}}
dataDEH {5, {{-0.998, 0.29867396337613134}, {-0.8460000000000001, 0.3798449612403101}, {-0.7472000000000001, 0.398972602739726}, {-0.6475000000000001, 0.421875}, {-0.5496, 0.42592592592592593}, {-0.4475, 0.45981772990886494}, {-0.34600000000000003, 0.4858323494687131}, {-0.24760000000000001, 0.5320982335200345}, {-0.14750000000000002, 0.554471032745592}, {-0.0477, 0.6010362694300518}, {0.0475, 0.39939095806980557}, {0.14750000000000002, 0.44535433070866143}, {0.24760000000000001, 0.4683598794662075}, {0.34600000000000003, 0.5141676505312869}, {0.4474, 0.5398009950248757}, {0.5495, 0.5745375408052231}, {0.6475000000000001, 0.578125}, {0.7472000000000001, 0.601027397260274}, {0.8460000000000001, 0.6201550387596899}, {0.9297000000000001, 0.6240601503759399}, {1., 0.7035513209181464}}}
dataDEH {7, {{-0.9995, 0.3162217659137577}, {-0.8457, 0.408}, {-0.7479, 0.392018779342723}, {-0.6471, 0.45691056910569106}, {-0.547, 0.4688279301745636}, {-0.44880000000000003, 0.484472049689441}, {-0.3472, 0.5650708024275118}, {-0.24700000000000003, 0.5749875435974091}, {-0.1484, 0.5793357933579336}, {-0.0485, 0.5959534028203556}, {0.048, 0.40444309190505173}, {0.1484, 0.42109144542772864}, {0.24700000000000003, 0.42501245640259094}, {0.3472, 0.4349291975724882}, {0.44880000000000003, 0.5150976909413855}, {0.5469, 0.5317559153175592}, {0.6471, 0.5430894308943089}, {0.7479, 0.607981220657277}, {0.8457, 0.592}, {0.9262, 0.6666666666666666}, {1., 0.6839056681836988}}}
dataDEH {9, {{-0.9998, 0.3395138030490317}, {-0.8438, 0.48951048951048953}, {-0.7457, 0.5124555160142349}, {-0.6463, 0.49770642201834864}, {-0.5467000000000001, 0.5144596651445966}, {-0.44620000000000004, 0.5160944206008584}, {-0.3478, 0.566994700984103}, {-0.248, 0.5839909808342728}, {-0.1489, 0.5974815458098133}, {-0.050100000000000006, 0.5855263157894737}, {0.0495, 0.4157166123778502}, {0.1489, 0.4021691973969631}, {0.248, 0.4160090191657272}, {0.3477, 0.43290371493555724}, {0.4461, 0.48394004282655245}, {0.5467000000000001, 0.4855403348554033}, {0.6463, 0.5022935779816514}, {0.7457, 0.4875444839857651}, {0.8438, 0.5104895104895105}, {0.9247000000000001, 0.42857142857142855}, {1., 0.6609889542686074}}}
dataDEH {10, {{-0.9999, 0.3423592242106249}, {-0.8438, 0.5384615384615384}, {-0.7426, 0.47641509433962265}, {-0.6465000000000001, 0.4986225895316804}, {-0.5481, 0.5510204081632653}, {-0.4481, 0.5631399317406144}, {-0.3458, 0.5758293838862559}, {-0.24860000000000002, 0.6125150421179302}, {-0.1477, 0.597678916827853}, {-0.050100000000000006, 0.5791628753412192}, {0.0495, 0.42176258992805754}, {0.1477, 0.402321083172147}, {0.2485, 0.38674698795180723}, {0.3457, 0.4246250986582478}, {0.4479, 0.4379977246871445}, {0.548, 0.4489795918367347}, {0.6464000000000001, 0.5}, {0.7426, 0.5235849056603774}, {0.8438, 0.46153846153846156}, {0.914, 0.5}, {1., 0.6578182159272113}}}
Values von ratioData {{{ , { , { , { , { , { }, {{ , { , { , { , { , { }, {{ , { , { , { , { , { }, {{ , { , { , { , { , { }, {{ , { , { , { , { , { }, {{ , { , { , { , { , { }}
Keys von ratioData {{{0.15}, {0.15}, {0.15}, {0.15}, {0.15}, {0.15}}, {{0.2}, {0.2}, {0.2}, {0.2}, {0.2}, {0.2}}, {{0.25}, {0.25}, {0.25}, {0.25}, {0.25}, {0.25}}, {{0.3}, {0.3}, {0.3}, {0.3}, {0.3}, {0.3}}, {{0.4}, {0.4}, {0.4}, {0.4}, {0.4}, {0.4}}, {{0.45}, {0.45}, {0.45}, {0.45}, {0.45}, {0.45}}}
Number of sentences 20
Korrektheit von E 0.5789473684210527
Ratio_z_Mit_ExDOJ_0.578947.txt ist nicht leer
