/home/carla/Documents/DebSim/
/home/carla/Documents/DebSim/Data/Genese_09_2017/Ana1/14_09_2017/Data/Mit/Mod_c/
{DataToPlot_Mit_ExDOJ_f_c_1..txt}
/home/carla/Documents/DebSim/Data/Genese_09_2017/Ana2/14_09_2017/Mit/Mod_c/
c
f
Eigen
Package path /home/carla/Documents/DebSim/DebateDynamics/Kernel/init.m
Loading additional packages...

General::obspkg: PlotLegends` is now obsolete. The legacy version being loaded may conflict with current functionality. See the Compatibility Guide for updating information.

General::obspkg: PlotLegends` is now obsolete. The legacy version being loaded may conflict with current functionality. See the Compatibility Guide for updating information.
Einzulesende Datei /home/carla/Documents/DebSim/Data/Genese_09_2017/Ana1/14_09_2017/Data/Mit/Mod_c/DataToPlot_Mit_ExDOJ_f_c_1..txt
Dichte 0.15
evidenceSize 2
gesZahlAll 20000
binCountsFlat {0, 0, 0, 5, 14, 53, 189, 608, 1754, 5943, 7635, 2092, 977, 399, 168, 64, 29, 16, 5, 0, 49}
evidenceSize 5
gesZahlAll 20000
binCountsFlat {0, 1, 2, 14, 47, 170, 501, 1087, 2262, 3866, 5433, 2740, 1612, 897, 432, 210, 109, 51, 15, 4, 547}
evidenceSize 10
gesZahlAll 20000
binCountsFlat {0, 2, 4, 37, 106, 295, 697, 1281, 2299, 2482, 4092, 2639, 1757, 1099, 580, 273, 115, 42, 9, 0, 2191}
Dichte 0.2
evidenceSize 2
gesZahlAll 20000
binCountsFlat {0, 0, 5, 11, 33, 101, 262, 777, 1972, 5737, 6442, 2371, 1158, 528, 266, 150, 64, 37, 17, 4, 65}
evidenceSize 5
gesZahlAll 20000
binCountsFlat {1, 4, 21, 38, 98, 247, 577, 1264, 2236, 3421, 4295, 2758, 1853, 1099, 632, 380, 178, 87, 51, 11, 749}
evidenceSize 10
gesZahlAll 20000
binCountsFlat {0, 1, 19, 88, 171, 400, 811, 1258, 1936, 2325, 3074, 2367, 1670, 1153, 773, 442, 230, 88, 31, 3, 3160}
Dichte 0.25
evidenceSize 2
gesZahlAll 20000
binCountsFlat {0, 1, 11, 24, 48, 137, 357, 883, 2114, 5062, 5642, 2630, 1431, 725, 394, 208, 102, 71, 24, 17, 119}
evidenceSize 5
gesZahlAll 20000
binCountsFlat {0, 3, 16, 64, 171, 372, 695, 1250, 2073, 3024, 3601, 2586, 1882, 1239, 833, 484, 304, 198, 80, 33, 1092}
evidenceSize 10
gesZahlAll 20000
binCountsFlat {2, 5, 38, 116, 237, 464, 792, 1277, 1775, 1990, 2403, 2013, 1628, 1208, 819, 576, 312, 159, 53, 7, 4126}
Dichte 0.3
evidenceSize 2
gesZahlAll 20000
binCountsFlat {0, 7, 9, 41, 70, 188, 407, 995, 2238, 4547, 5101, 2698, 1553, 806, 496, 315, 185, 103, 50, 27, 164}
evidenceSize 5
gesZahlAll 20000
binCountsFlat {1, 11, 34, 112, 220, 425, 783, 1293, 1937, 2763, 2938, 2377, 1827, 1316, 904, 638, 386, 287, 167, 50, 1531}
evidenceSize 10
gesZahlAll 20000
binCountsFlat {2, 17, 67, 140, 316, 507, 812, 1194, 1469, 1796, 1993, 1629, 1494, 1215, 858, 528, 359, 194, 85, 10, 5315}
Dichte 0.4
evidenceSize 2
gesZahlAll 20000
binCountsFlat {1, 8, 29, 79, 143, 275, 612, 1175, 2155, 3643, 3952, 2682, 1717, 1072, 708, 472, 335, 213, 184, 93, 452}
evidenceSize 5
gesZahlAll 20000
binCountsFlat {6, 37, 87, 179, 345, 512, 793, 1208, 1611, 2052, 2175, 1922, 1768, 1301, 1026, 704, 585, 426, 240, 110, 2913}
evidenceSize 10
gesZahlAll 20000
binCountsFlat {6, 41, 116, 204, 361, 495, 708, 955, 1195, 1285, 1383, 1273, 1108, 955, 775, 592, 381, 250, 123, 12, 7782}
Dichte 0.45
evidenceSize 2
gesZahlAll 20000
binCountsFlat {2, 17, 43, 73, 173, 355, 684, 1255, 2026, 3379, 3545, 2466, 1682, 1137, 792, 515, 403, 315, 213, 153, 772}
evidenceSize 5
gesZahlAll 20000
binCountsFlat {4, 35, 104, 192, 324, 513, 800, 1094, 1506, 1762, 1906, 1810, 1486, 1272, 995, 763, 609, 456, 295, 120, 3954}
evidenceSize 10
gesZahlAll 20000
binCountsFlat {10, 59, 110, 215, 335, 478, 679, 823, 1019, 1038, 1135, 1094, 1033, 884, 717, 543, 409, 253, 118, 19, 9029}
Dichte 0.15
 abMod c data {2, 0.00913668831763762}
 abMod c data {3, 0.01656869283174535}
 abMod c data {5, 0.028964510667410695}
 abMod c data {7, 0.042344622096354825}
 abMod c data {9, 0.057723703251902056}
 abMod c data {10, 0.06563875902358032}
Dichte 0.2
 abMod c data {2, 0.012414118621979425}
 abMod c data {3, 0.019127168708896407}
 abMod c data {5, 0.04004266729171409}
 abMod c data {7, 0.05723370387028724}
 abMod c data {9, 0.07968457751983146}
 abMod c data {10, 0.09252173126517188}
Dichte 0.25
 abMod c data {2, 0.0198359088786631}
 abMod c data {3, 0.030040443006747627}
 abMod c data {5, 0.054619411385197644}
 abMod c data {7, 0.07788175232588962}
 abMod c data {9, 0.10724217709022792}
 abMod c data {10, 0.11795437116302798}
Dichte 0.3
 abMod c data {2, 0.025095239794987005}
 abMod c data {3, 0.03679230619316482}
 abMod c data {5, 0.06782641510997839}
 abMod c data {7, 0.09681651470740746}
 abMod c data {9, 0.13304277955506588}
 abMod c data {10, 0.14473868351801344}
Dichte 0.4
 abMod c data {2, 0.04158734346514939}
 abMod c data {3, 0.06309218633901664}
 abMod c data {5, 0.10366984019985967}
 abMod c data {7, 0.1485676573734721}
 abMod c data {9, 0.18318515031867974}
 abMod c data {10, 0.20233030692758505}
Dichte 0.45
 abMod c data {2, 0.051980177300876534}
 abMod c data {3, 0.0764976513870734}
 abMod c data {5, 0.13090624193057773}
 abMod c data {7, 0.17733314626005767}
 abMod c data {9, 0.21468414896526072}
 abMod c data {10, 0.23286184006690785}
dreiData {{0.15, 2, 0.00913668831763762}, {0.15, 3, 0.01656869283174535}, {0.15, 5, 0.028964510667410695}, {0.15, 7, 0.042344622096354825}, {0.15, 9, 0.057723703251902056}, {0.15, 10, 0.06563875902358032}, {0.2, 2, 0.012414118621979425}, {0.2, 3, 0.019127168708896407}, {0.2, 5, 0.04004266729171409}, {0.2, 7, 0.05723370387028724}, {0.2, 9, 0.07968457751983146}, {0.2, 10, 0.09252173126517188}, {0.25, 2, 0.0198359088786631}, {0.25, 3, 0.030040443006747627}, {0.25, 5, 0.054619411385197644}, {0.25, 7, 0.07788175232588962}, {0.25, 9, 0.10724217709022792}, {0.25, 10, 0.11795437116302798}, {0.3, 2, 0.025095239794987005}, {0.3, 3, 0.03679230619316482}, {0.3, 5, 0.06782641510997839}, {0.3, 7, 0.09681651470740746}, {0.3, 9, 0.13304277955506588}, {0.3, 10, 0.14473868351801344}, {0.4, 2, 0.04158734346514939}, {0.4, 3, 0.06309218633901664}, {0.4, 5, 0.10366984019985967}, {0.4, 7, 0.1485676573734721}, {0.4, 9, 0.18318515031867974}, {0.4, 10, 0.20233030692758505}, {0.45, 2, 0.051980177300876534}, {0.45, 3, 0.0764976513870734}, {0.45, 5, 0.13090624193057773}, {0.45, 7, 0.17733314626005767}, {0.45, 9, 0.21468414896526072}, {0.45, 10, 0.23286184006690785}}
dataDEH {2, {{-1., 0.}, {-0.7416, 0.}, {-0.642, 0.14705882352941177}, {-0.5405, 0.1794871794871795}, {-0.44580000000000003, 0.2398190045248869}, {-0.34, 0.32142857142857145}, {-0.24300000000000002, 0.3848101265822785}, {-0.1459, 0.4554661126980005}, {-0.0329, 0.4932768924302789}, {0.0263, 0.5053613979348689}, {0.1458, 0.5442247658688866}, {0.24280000000000002, 0.6156269691241336}, {0.34, 0.6785714285714286}, {0.44580000000000003, 0.7601809954751131}, {0.5405, 0.8205128205128205}, {0.642, 0.8529411764705882}, {0.7416, 1.}, {1., 1.}}}
dataDEH {3, {{-0.9998, 0.}, {-0.7403000000000001, 0.11538461538461539}, {-0.6377, 0.13636363636363635}, {-0.5434, 0.17054263565891473}, {-0.44270000000000004, 0.26430517711171664}, {-0.3416, 0.32160194174757284}, {-0.2427, 0.38298850574712645}, {-0.1453, 0.4302451724886092}, {-0.0379, 0.48449764521193095}, {0.029500000000000002, 0.5120629103679951}, {0.1453, 0.5697851096158021}, {0.2426, 0.6169039963252182}, {0.3416, 0.6783980582524272}, {0.44270000000000004, 0.7356948228882834}, {0.5434, 0.8294573643410853}, {0.6377, 0.8636363636363636}, {0.7403000000000001, 0.8846153846153846}, {1., 1.}}}
dataDEH {5, {{-0.9995, 0.}, {-0.8331000000000001, 0.0625}, {-0.7484000000000001, 0.03773584905660377}, {-0.6424000000000001, 0.11382113821138211}, {-0.5415, 0.1828793774319066}, {-0.4446, 0.2823920265780731}, {-0.3443, 0.3583690987124464}, {-0.2427, 0.40318991097922846}, {-0.14700000000000002, 0.45194805194805193}, {-0.0449, 0.4922332569391393}, {0.0329, 0.5056775874906925}, {0.1469, 0.5478904219156169}, {0.2427, 0.597037037037037}, {0.3443, 0.6416309012875536}, {0.4446, 0.717607973421927}, {0.5415, 0.8171206225680934}, {0.6424000000000001, 0.8861788617886179}, {0.7484000000000001, 0.9622641509433962}, {0.8331000000000001, 0.9375}, {1., 1.}}}
dataDEH {7, {{-0.9999, 0.}, {-0.8361000000000001, 0.058823529411764705}, {-0.7422000000000001, 0.14545454545454545}, {-0.6437, 0.21678321678321677}, {-0.5439, 0.24146981627296588}, {-0.4431, 0.29389312977099236}, {-0.34490000000000004, 0.3904191616766467}, {-0.2452, 0.39345357381429524}, {-0.14700000000000002, 0.44762280528703885}, {-0.0476, 0.48936170212765956}, {0.0327, 0.5072605114867794}, {0.1469, 0.5526367766146554}, {0.2451, 0.6061312895701433}, {0.34490000000000004, 0.6095808383233533}, {0.4431, 0.7061068702290076}, {0.5438000000000001, 0.7578947368421053}, {0.6434000000000001, 0.7847222222222222}, {0.7422000000000001, 0.8545454545454545}, {0.8361000000000001, 0.9411764705882353}, {1., 1.}}}
dataDEH {9, {{-1., 0.}, {-0.8334, 0.}, {-0.7352000000000001, 0.15517241379310345}, {-0.6415000000000001, 0.2569832402234637}, {-0.5423, 0.2677595628415301}, {-0.4444, 0.33371559633027525}, {-0.34490000000000004, 0.36990235496840895}, {-0.24530000000000002, 0.39888743455497383}, {-0.1466, 0.4604088112720778}, {-0.0495, 0.4816304149150064}, {0.0325, 0.5120518047727546}, {0.14650000000000002, 0.5398529119459352}, {0.2452, 0.6005221932114883}, {0.34490000000000004, 0.630097645031591}, {0.4444, 0.6662844036697247}, {0.5423, 0.73224043715847}, {0.6415000000000001, 0.7430167597765364}, {0.7352000000000001, 0.8448275862068966}, {0.8334, 1.}, {1., 1.}}}
dataDEH {10, {{-1., 0.}, {-0.8358, 0.18181818181818182}, {-0.7489, 0.08695652173913043}, {-0.6433, 0.24342105263157895}, {-0.5428000000000001, 0.2796833773087071}, {-0.4433, 0.33714285714285713}, {-0.34390000000000004, 0.3880846325167038}, {-0.24550000000000002, 0.42221489782465393}, {-0.1479, 0.46519627681100767}, {-0.0509, 0.48297334111694884}, {0.032600000000000004, 0.5109252091397178}, {0.1479, 0.5347517730496454}, {0.2454, 0.5777704702400526}, {0.34390000000000004, 0.6119153674832962}, {0.4433, 0.6628571428571428}, {0.5428000000000001, 0.7203166226912929}, {0.6433, 0.756578947368421}, {0.7489, 0.9130434782608695}, {0.8358, 0.8181818181818182}, {1., 1.}}}
dataDEH {2, {{-0.9955, 0.}, {-0.8573000000000001, 0.}, {-0.7492000000000001, 0.11904761904761904}, {-0.6452, 0.14666666666666667}, {-0.5435, 0.18032786885245902}, {-0.4441, 0.27520435967302453}, {-0.34190000000000004, 0.33164556962025316}, {-0.2432, 0.4015503875968992}, {-0.1447, 0.454064011052268}, {-0.038700000000000005, 0.49589420001728757}, {0.035, 0.5037141293298929}, {0.1447, 0.5461875143976043}, {0.2431, 0.5978316985028395}, {0.34190000000000004, 0.6683544303797468}, {0.4441, 0.7247956403269755}, {0.5435, 0.819672131147541}, {0.6452, 0.8533333333333334}, {0.7492000000000001, 0.8809523809523809}, {0.8573000000000001, 1.}, {1., 1.}}}
dataDEH {3, {{-0.9978, 0.}, {-0.8398, 0.}, {-0.7425, 0.10344827586206896}, {-0.6407, 0.2076923076923077}, {-0.5447000000000001, 0.23357664233576642}, {-0.44570000000000004, 0.28741496598639454}, {-0.34440000000000004, 0.3563218390804598}, {-0.24400000000000002, 0.4010132501948558}, {-0.1456, 0.4504414125200642}, {-0.0426, 0.4849523401520831}, {0.037700000000000004, 0.5133364973896536}, {0.1456, 0.5495585874799358}, {0.24400000000000002, 0.5989867498051442}, {0.34440000000000004, 0.6436781609195402}, {0.44570000000000004, 0.7125850340136054}, {0.5447000000000001, 0.7664233576642335}, {0.6407, 0.7923076923076923}, {0.7425, 0.896551724137931}, {0.8398, 1.}, {1., 1.}}}
dataDEH {5, {{-0.9989, 0.001314060446780552}, {-0.8410000000000001, 0.07272727272727272}, {-0.745, 0.19444444444444445}, {-0.6468, 0.17592592592592593}, {-0.5451, 0.20502092050209206}, {-0.4451, 0.28100113765642776}, {-0.3463, 0.34427207637231505}, {-0.2459, 0.4055181264035932}, {-0.14730000000000001, 0.44773728474169}, {-0.046900000000000004, 0.4806800618238022}, {0.0402, 0.5165363800360794}, {0.14730000000000001, 0.5522627152583099}, {0.2459, 0.5944818735964068}, {0.3463, 0.655727923627685}, {0.4451, 0.7189988623435722}, {0.5451, 0.7949790794979079}, {0.6468, 0.8240740740740741}, {0.745, 0.8055555555555556}, {0.8410000000000001, 0.9272727272727272}, {0.9309000000000001, 0.9166666666666666}, {1., 1.}}}
dataDEH {7, {{-0.9995, 0.0006472491909385113}, {-0.8374, 0.08571428571428572}, {-0.7428, 0.16363636363636364}, {-0.6434000000000001, 0.21951219512195122}, {-0.5462, 0.29285714285714287}, {-0.4454, 0.31024930747922436}, {-0.34550000000000003, 0.37257824143070045}, {-0.2464, 0.3882277259568993}, {-0.14730000000000001, 0.4561667382896433}, {-0.0492, 0.4957250628667225}, {0.041, 0.5035609551738583}, {0.14730000000000001, 0.5438332617103567}, {0.2464, 0.611969111969112}, {0.34550000000000003, 0.6271102284011917}, {0.4454, 0.6897506925207756}, {0.5462, 0.7071428571428572}, {0.6434000000000001, 0.7804878048780488}, {0.7428, 0.8363636363636363}, {0.8374, 0.9142857142857143}, {1., 1.}}}
dataDEH {9, {{-1., 0.}, {-0.8338, 0.0625}, {-0.7422000000000001, 0.13709677419354838}, {-0.647, 0.19801980198019803}, {-0.546, 0.29248366013071897}, {-0.4476, 0.35135135135135137}, {-0.34640000000000004, 0.3869674185463659}, {-0.24680000000000002, 0.4166138237159163}, {-0.1477, 0.45337547979227816}, {-0.05, 0.49663499604117184}, {0.040400000000000005, 0.50272}, {0.1477, 0.5466245202077218}, {0.24680000000000002, 0.5833861762840837}, {0.34640000000000004, 0.613032581453634}, {0.4476, 0.6492146596858639}, {0.5459, 0.7063621533442088}, {0.647, 0.801980198019802}, {0.7422000000000001, 0.8629032258064516}, {0.8338, 0.9375}, {1., 1.}}}
dataDEH {10, {{-0.9999, 0.}, {-0.8320000000000001, 0.03125}, {-0.7434000000000001, 0.17757009345794392}, {-0.644, 0.27672955974842767}, {-0.5456, 0.27941176470588236}, {-0.4456, 0.34071550255536626}, {-0.34440000000000004, 0.413143148242486}, {-0.24600000000000002, 0.4294981222260157}, {-0.1481, 0.4499186613990239}, {-0.0505, 0.4841732611411912}, {0.040400000000000005, 0.5126751167444963}, {0.1481, 0.5500813386009761}, {0.24600000000000002, 0.5703551912568307}, {0.34440000000000004, 0.5870672097759674}, {0.4455, 0.658994032395567}, {0.5455, 0.7210440456769984}, {0.644, 0.7232704402515723}, {0.7434000000000001, 0.822429906542056}, {0.8320000000000001, 0.96875}, {1., 1.}}}
dataDEH {2, {{-0.9931000000000001, 0.}, {-0.8387, 0.04}, {-0.7453000000000001, 0.13414634146341464}, {-0.6428, 0.19047619047619047}, {-0.5444, 0.1875}, {-0.44430000000000003, 0.2580037664783427}, {-0.3442, 0.3299445471349353}, {-0.2432, 0.38159031979256697}, {-0.1447, 0.44561551433389546}, {-0.041800000000000004, 0.48542385884158035}, {0.0397, 0.5138433515482695}, {0.1447, 0.5543844856661045}, {0.2432, 0.618409680207433}, {0.3442, 0.6700554528650647}, {0.44430000000000003, 0.7419962335216572}, {0.5444, 0.8125}, {0.6428, 0.8095238095238095}, {0.7453000000000001, 0.8658536585365854}, {0.8387, 0.96}, {0.9452, 1.}, {1., 1.}}}
dataDEH {3, {{-0.9959, 0.}, {-0.8466, 0.030303030303030304}, {-0.7418, 0.136}, {-0.645, 0.14767932489451477}, {-0.545, 0.23873873873873874}, {-0.4446, 0.27106227106227104}, {-0.3451, 0.3385558583106267}, {-0.24430000000000002, 0.39520333680917624}, {-0.1453, 0.4463855421686747}, {-0.0453, 0.48914858096828046}, {0.0425, 0.5101903695408735}, {0.1453, 0.5536144578313253}, {0.24430000000000002, 0.6047966631908238}, {0.3451, 0.6614441416893733}, {0.4446, 0.7289377289377289}, {0.545, 0.7612612612612613}, {0.645, 0.8523206751054853}, {0.7418, 0.864}, {0.8466, 0.9696969696969697}, {0.9304, 1.}, {1., 1.}}}
dataDEH {5, {{-0.9979, 0.}, {-0.8413, 0.03614457831325301}, {-0.7478, 0.07476635514018691}, {-0.6463, 0.17391304347826086}, {-0.5447000000000001, 0.26106870229007634}, {-0.4461, 0.3087136929460581}, {-0.3453, 0.359358841778697}, {-0.24650000000000002, 0.3991060025542784}, {-0.1471, 0.4449452672247263}, {-0.0482, 0.4759955926334015}, {0.0444, 0.5221110627809192}, {0.1471, 0.5550547327752736}, {0.24650000000000002, 0.6008939974457216}, {0.3453, 0.640641158221303}, {0.4461, 0.6912863070539419}, {0.5447000000000001, 0.7389312977099237}, {0.6463, 0.8260869565217391}, {0.7478, 0.9252336448598131}, {0.8413, 0.963855421686747}, {0.9297000000000001, 1.}, {1., 1.}}}
dataDEH {7, {{-0.9991000000000001, 0.}, {-0.8395, 0.0963855421686747}, {-0.7465, 0.17258883248730963}, {-0.6429, 0.18979591836734694}, {-0.5453, 0.2556390977443609}, {-0.44670000000000004, 0.33903345724907064}, {-0.3466, 0.391304347826087}, {-0.24700000000000003, 0.4027550016398819}, {-0.14780000000000001, 0.46199095022624437}, {-0.049300000000000004, 0.4892271199841866}, {0.044500000000000005, 0.509726932000714}, {0.14780000000000001, 0.5380090497737556}, {0.24700000000000003, 0.597244998360118}, {0.3466, 0.6085065248912518}, {0.44670000000000004, 0.6609665427509294}, {0.5452, 0.7446808510638298}, {0.6429, 0.810204081632653}, {0.7465, 0.8274111675126904}, {0.8395, 0.9036144578313253}, {0.9237000000000001, 1.}, {1., 1.}}}
dataDEH {9, {{-0.9999, 0.}, {-0.8430000000000001, 0.15789473684210525}, {-0.7428, 0.16822429906542055}, {-0.6466000000000001, 0.21875}, {-0.5461, 0.2852028639618138}, {-0.44630000000000003, 0.33510235026535257}, {-0.34700000000000003, 0.3672566371681416}, {-0.24700000000000003, 0.43171806167400884}, {-0.1482, 0.4642489711934156}, {-0.0502, 0.4872082585278277}, {0.044700000000000004, 0.5113908872901679}, {0.1482, 0.5357694287184765}, {0.24700000000000003, 0.5682356925160853}, {0.34700000000000003, 0.6327433628318584}, {0.44630000000000003, 0.6648976497346475}, {0.5461, 0.7147971360381862}, {0.6466000000000001, 0.78125}, {0.7428, 0.8317757009345794}, {0.8430000000000001, 0.8421052631578947}, {1., 1.}}}
dataDEH {10, {{-0.9999, 0.0004836759371221282}, {-0.8381000000000001, 0.08620689655172414}, {-0.7446, 0.19289340101522842}, {-0.6477, 0.27102803738317754}, {-0.5428000000000001, 0.291871921182266}, {-0.4465, 0.3613707165109034}, {-0.34690000000000004, 0.396}, {-0.2484, 0.43973829201101927}, {-0.1481, 0.46846133544470836}, {-0.0499, 0.48289250181994664}, {0.0441, 0.5151125401929261}, {0.1481, 0.531414994720169}, {0.2484, 0.5604130808950086}, {0.34690000000000004, 0.604}, {0.4464, 0.6383476227591582}, {0.5427000000000001, 0.7084870848708487}, {0.6477, 0.7289719626168224}, {0.7446, 0.8071065989847716}, {0.8381000000000001, 0.9137931034482759}, {1., 1.}}}
dataDEH {2, {{-0.9918, 0.}, {-0.8461000000000001, 0.12280701754385964}, {-0.7453000000000001, 0.08035714285714286}, {-0.6452, 0.18141592920353983}, {-0.5444, 0.18181818181818182}, {-0.44430000000000003, 0.27485380116959063}, {-0.3438, 0.33553173948887055}, {-0.2444, 0.39050235478806905}, {-0.1446, 0.4534035656401945}, {-0.044000000000000004, 0.4776260504201681}, {0.042800000000000005, 0.5217880523731587}, {0.1446, 0.5465964343598055}, {0.2444, 0.609497645211931}, {0.3438, 0.6644682605111294}, {0.44430000000000003, 0.7251461988304093}, {0.5444, 0.8181818181818182}, {0.6452, 0.8185840707964602}, {0.7453000000000001, 0.9196428571428571}, {0.8461000000000001, 0.8771929824561403}, {0.9417000000000001, 1.}, {1., 1.}}}
dataDEH {3, {{-0.9924000000000001, 0.00625}, {-0.8434, 0.03875968992248062}, {-0.7466, 0.09090909090909091}, {-0.6464000000000001, 0.1760797342192691}, {-0.5447000000000001, 0.2517605633802817}, {-0.4444, 0.2933467741935484}, {-0.3443, 0.36821266968325794}, {-0.2454, 0.4045516304347826}, {-0.1464, 0.44135071090047395}, {-0.0471, 0.4808263570078315}, {0.0455, 0.5185330200991908}, {0.1464, 0.558649289099526}, {0.2454, 0.5954483695652174}, {0.3443, 0.6317873303167421}, {0.4444, 0.7066532258064516}, {0.5447000000000001, 0.7482394366197183}, {0.6464000000000001, 0.8239202657807309}, {0.7466, 0.9090909090909091}, {0.8434, 0.9612403100775194}, {0.9351, 0.9464285714285714}, {1., 1.}}}
dataDEH {5, {{-0.9978, 0.0006321112515802782}, {-0.8446, 0.06179775280898876}, {-0.749, 0.1059190031152648}, {-0.6451, 0.2248995983935743}, {-0.5469, 0.2564102564102564}, {-0.4461, 0.3200301204819277}, {-0.3461, 0.37285714285714283}, {-0.2479, 0.41442307692307695}, {-0.14780000000000001, 0.44900324524802965}, {-0.0495, 0.49578324062443924}, {0.047400000000000005, 0.504031566306399}, {0.14780000000000001, 0.551124507303501}, {0.2479, 0.5853892983018263}, {0.3461, 0.6269652215340639}, {0.446, 0.6802106847253574}, {0.5469, 0.7435897435897436}, {0.6451, 0.7751004016064257}, {0.749, 0.8940809968847352}, {0.8446, 0.9382022471910112}, {0.9304, 0.9803921568627451}, {1., 1.}}}
dataDEH {7, {{-0.9989, 0.0006849315068493151}, {-0.8412000000000001, 0.06206896551724138}, {-0.7428, 0.17647058823529413}, {-0.6447, 0.2605177993527508}, {-0.5447000000000001, 0.2668112798264642}, {-0.44520000000000004, 0.3557365919891378}, {-0.34800000000000003, 0.37201684604585866}, {-0.2474, 0.4332415691672402}, {-0.14850000000000002, 0.44250064316953946}, {-0.0489, 0.4818321955516406}, {0.0463, 0.517198248905566}, {0.14850000000000002, 0.5574993568304605}, {0.2474, 0.5667584308327598}, {0.34800000000000003, 0.6279831539541413}, {0.44520000000000004, 0.6442634080108622}, {0.5447000000000001, 0.7331887201735358}, {0.6447, 0.7394822006472492}, {0.7428, 0.8235294117647058}, {0.8412000000000001, 0.9379310344827586}, {0.9263, 0.9523809523809523}, {1., 1.}}}
dataDEH {9, {{-0.9996, 0.0004363001745200698}, {-0.8396, 0.10204081632653061}, {-0.7451, 0.18493150684931506}, {-0.645, 0.225130890052356}, {-0.5449, 0.332624867162593}, {-0.44580000000000003, 0.34816941852117733}, {-0.34690000000000004, 0.4054982817869416}, {-0.24780000000000002, 0.4280601288475304}, {-0.14880000000000002, 0.4636118598382749}, {-0.049100000000000005, 0.47146596858638745}, {0.046, 0.5267287886218734}, {0.14880000000000002, 0.53654883163571}, {0.24780000000000002, 0.5717352415026834}, {0.34690000000000004, 0.5945017182130584}, {0.44580000000000003, 0.6522988505747126}, {0.5449, 0.6666666666666666}, {0.645, 0.774869109947644}, {0.7451, 0.815068493150685}, {0.8396, 0.8979591836734694}, {0.9165000000000001, 0.9}, {1., 1.}}}
dataDEH {10, {{-0.9998, 0.00037544584193730055}, {-0.8387, 0.16666666666666666}, {-0.7463000000000001, 0.2567049808429119}, {-0.6449, 0.280561122244489}, {-0.545, 0.3744075829383886}, {-0.4466, 0.37142857142857144}, {-0.34600000000000003, 0.4005920078934386}, {-0.249, 0.44419642857142855}, {-0.1482, 0.47417688831504196}, {-0.0502, 0.4905763452608577}, {0.046900000000000004, 0.5088077610416135}, {0.1482, 0.525823111684958}, {0.249, 0.5558035714285714}, {0.34600000000000003, 0.5994079921065614}, {0.4466, 0.6285714285714286}, {0.545, 0.6255924170616114}, {0.6449, 0.7194388777555111}, {0.7463000000000001, 0.7432950191570882}, {0.8387, 0.8333333333333334}, {0.9151, 0.8333333333333334}, {1., 1.}}}
dataDEH {2, {{-0.9893000000000001, 0.0018315018315018315}, {-0.8468, 0.041666666666666664}, {-0.7477, 0.11983471074380166}, {-0.6458, 0.19082125603864733}, {-0.5457000000000001, 0.23252032520325203}, {-0.44570000000000004, 0.2797558494404883}, {-0.3452, 0.36342042755344417}, {-0.2452, 0.4064337599446558}, {-0.1461, 0.4454319966928483}, {-0.0458, 0.48124174372523115}, {0.0455, 0.5186351706036746}, {0.14600000000000002, 0.5544759148232375}, {0.2452, 0.5937067773167358}, {0.3452, 0.6365795724465558}, {0.44570000000000004, 0.7202441505595117}, {0.5457000000000001, 0.767479674796748}, {0.6458, 0.8091787439613527}, {0.7477, 0.8801652892561983}, {0.8468, 0.9583333333333334}, {0.9378000000000001, 0.9893617021276596}, {1., 1.}}}
dataDEH {3, {{-0.9943000000000001, 0.002457002457002457}, {-0.8450000000000001, 0.09219858156028368}, {-0.7496, 0.10126582278481013}, {-0.6465000000000001, 0.18434782608695652}, {-0.5467000000000001, 0.24820143884892087}, {-0.44680000000000003, 0.30923994038748137}, {-0.3467, 0.37936344969199176}, {-0.2474, 0.413882581900746}, {-0.1474, 0.46521053816707947}, {-0.0473, 0.4761660686827268}, {0.046900000000000004, 0.5235433604336044}, {0.1474, 0.534894191805493}, {0.2474, 0.586117418099254}, {0.3466, 0.6204417051874679}, {0.44670000000000004, 0.6909903201787044}, {0.5467000000000001, 0.7517985611510791}, {0.6465000000000001, 0.8156521739130435}, {0.7496, 0.8987341772151899}, {0.8450000000000001, 0.9078014184397163}, {0.9403, 0.9741379310344828}, {1., 1.}}}
dataDEH {5, {{-0.9975, 0.0019808517662594917}, {-0.8440000000000001, 0.13357400722021662}, {-0.7439, 0.1695906432748538}, {-0.6462, 0.2342931937172775}, {-0.5458000000000001, 0.328884652049571}, {-0.44730000000000003, 0.3328998699609883}, {-0.34690000000000004, 0.3787010506208214}, {-0.2477, 0.406186953597848}, {-0.14850000000000002, 0.4557284299858557}, {-0.0494, 0.4884551297310164}, {0.0487, 0.5115239887111948}, {0.14850000000000002, 0.543859649122807}, {0.2477, 0.5940860215053764}, {0.34690000000000004, 0.6212989493791786}, {0.44730000000000003, 0.6675341574495771}, {0.5457000000000001, 0.6704761904761904}, {0.6462, 0.7657068062827225}, {0.7439, 0.8304093567251462}, {0.8440000000000001, 0.8664259927797834}, {0.9344, 0.9482758620689655}, {1., 1.}}}
dataDEH {7, {{-0.9992000000000001, 0.0015741833923652105}, {-0.8406, 0.12313432835820895}, {-0.7454000000000001, 0.2108695652173913}, {-0.6471, 0.2438391699092088}, {-0.5485, 0.34273127753303967}, {-0.4474, 0.36387264457439894}, {-0.34800000000000003, 0.4036175710594315}, {-0.248, 0.42170111287758344}, {-0.14880000000000002, 0.46296296296296297}, {-0.0504, 0.47949429540548877}, {0.049600000000000005, 0.5203276699029126}, {0.14880000000000002, 0.5367063492063492}, {0.248, 0.5782988871224165}, {0.34800000000000003, 0.5965909090909091}, {0.4474, 0.6361273554256011}, {0.5485, 0.6572687224669603}, {0.6471, 0.7561608300907912}, {0.7454000000000001, 0.7891304347826087}, {0.8406, 0.8768656716417911}, {0.9306000000000001, 0.8620689655172413}, {1., 1.}}}
dataDEH {9, {{-0.9997, 0.0007326007326007326}, {-0.8420000000000001, 0.2198952879581152}, {-0.7435, 0.25829383886255924}, {-0.6477, 0.31993817619783615}, {-0.5473, 0.3359073359073359}, {-0.4485, 0.39295977011494254}, {-0.34740000000000004, 0.4121583937534858}, {-0.2499, 0.4397810218978102}, {-0.1489, 0.47103950901419256}, {-0.0495, 0.47522679692951847}, {0.0485, 0.5241190557646254}, {0.1489, 0.5289604909858074}, {0.2499, 0.5604195166438668}, {0.34740000000000004, 0.5881696428571429}, {0.4485, 0.6066044508255564}, {0.5473, 0.6647342995169082}, {0.6476000000000001, 0.6790123456790124}, {0.7435, 0.7417061611374408}, {0.8420000000000001, 0.7801047120418848}, {0.9301, 0.8275862068965517}, {1., 1.}}}
dataDEH {10, {{-0.9998, 0.0007692307692307692}, {-0.8408, 0.25}, {-0.7456, 0.31693989071038253}, {-0.6474000000000001, 0.3493150684931507}, {-0.5465, 0.37840670859538783}, {-0.44820000000000004, 0.39068666140489344}, {-0.3487, 0.4249699879951981}, {-0.2485, 0.4633672974284328}, {-0.1489, 0.48380566801619435}, {-0.0497, 0.48674242424242425}, {0.0487, 0.5131725417439703}, {0.14880000000000002, 0.5160113498175922}, {0.24830000000000002, 0.5368217054263565}, {0.3486, 0.5739182692307693}, {0.4481, 0.610236220472441}, {0.5464, 0.621196222455404}, {0.6473, 0.6512820512820513}, {0.7456, 0.6830601092896175}, {0.8408, 0.75}, {0.9183, 0.6666666666666666}, {1., 1.}}}
dataDEH {2, {{-0.9897, 0.002157497303128371}, {-0.8456, 0.07391304347826087}, {-0.7444000000000001, 0.12011173184357542}, {-0.6446000000000001, 0.15368421052631578}, {-0.5462, 0.251088534107402}, {-0.446, 0.3095030514385353}, {-0.3461, 0.3756177924217463}, {-0.2466, 0.42730677562138236}, {-0.1464, 0.4510240427426536}, {-0.046900000000000004, 0.48878923766816146}, {0.046700000000000005, 0.5112489183732334}, {0.1464, 0.5488537725350545}, {0.2466, 0.5726932243786176}, {0.3461, 0.6243822075782537}, {0.446, 0.6904969485614647}, {0.5461, 0.748546511627907}, {0.6445000000000001, 0.8466386554621849}, {0.7444000000000001, 0.8798882681564246}, {0.8456, 0.9260869565217391}, {0.9387000000000001, 0.9870967741935484}, {1., 1.}}}
dataDEH {3, {{-0.995, 0.0016501650165016502}, {-0.8470000000000001, 0.10289389067524116}, {-0.7465, 0.16049382716049382}, {-0.6488, 0.2223950233281493}, {-0.5463, 0.2494692144373673}, {-0.4474, 0.33214793741109533}, {-0.3468, 0.3698428290766208}, {-0.24710000000000001, 0.42259696458684654}, {-0.14750000000000002, 0.4563130691607187}, {-0.0489, 0.5027260763301372}, {0.0487, 0.49737827715355803}, {0.14750000000000002, 0.5434408072852572}, {0.24710000000000001, 0.5775455158462576}, {0.3468, 0.6301571709233792}, {0.44730000000000003, 0.6673789173789174}, {0.5462, 0.7510593220338984}, {0.6488, 0.7776049766718507}, {0.7465, 0.8395061728395061}, {0.8470000000000001, 0.8971061093247589}, {0.9323, 0.9777777777777777}, {1., 1.}}}
dataDEH {5, {{-0.9979, 0.000980872976949485}, {-0.8466, 0.10606060606060606}, {-0.7468, 0.18571428571428572}, {-0.6465000000000001, 0.24}, {-0.5482, 0.2977941176470588}, {-0.448, 0.34018567639257297}, {-0.34700000000000003, 0.38628681796233705}, {-0.2477, 0.42386671832623013}, {-0.14880000000000002, 0.4544357272178636}, {-0.0492, 0.4815523367040175}, {0.0489, 0.5180755640119598}, {0.1487, 0.5458383594692401}, {0.2477, 0.575968992248062}, {0.34690000000000004, 0.6141960405601159}, {0.448, 0.659377070907886}, {0.5481, 0.7019319227230911}, {0.6464000000000001, 0.7602996254681648}, {0.7468, 0.8142857142857143}, {0.8466, 0.8939393939393939}, {0.9316000000000001, 0.967741935483871}, {1., 1.}}}
dataDEH {7, {{-0.9991000000000001, 0.0015644555694618273}, {-0.8438, 0.16942148760330578}, {-0.7466, 0.2012448132780083}, {-0.6476000000000001, 0.29750982961992134}, {-0.5471, 0.33451015004413065}, {-0.4475, 0.38197713517148624}, {-0.34750000000000003, 0.38850967007963594}, {-0.2484, 0.44205816554809846}, {-0.1497, 0.467882934245534}, {-0.0494, 0.49179182675515193}, {0.0489, 0.5083044982698962}, {0.1496, 0.5321170657544659}, {0.2484, 0.5576923076923077}, {0.34750000000000003, 0.611490329920364}, {0.4475, 0.6181818181818182}, {0.547, 0.6657848324514991}, {0.6476000000000001, 0.7015706806282722}, {0.7466, 0.7987551867219918}, {0.8438, 0.8305785123966942}, {0.9272, 0.8734177215189873}, {1., 1.}}}
dataDEH {9, {{-0.9996, 0.0015925517579321328}, {-0.8436, 0.2}, {-0.7452000000000001, 0.25057471264367814}, {-0.6466000000000001, 0.3181818181818182}, {-0.5489, 0.3559670781893004}, {-0.449, 0.40363349131121645}, {-0.34740000000000004, 0.4283030682529743}, {-0.2494, 0.42923314462171896}, {-0.1497, 0.47850877192982455}, {-0.049300000000000004, 0.508058017727639}, {0.0488, 0.49181636726546907}, {0.1496, 0.5223880597014925}, {0.24930000000000002, 0.5698869475847893}, {0.3473, 0.5727728983688833}, {0.44880000000000003, 0.5946372239747634}, {0.5489, 0.644398766700925}, {0.6466000000000001, 0.6818181818181818}, {0.7452000000000001, 0.7494252873563219}, {0.8436, 0.8}, {0.9242, 0.675}, {1., 1.}}}
dataDEH {10, {{-0.9998, 0.001103996467211305}, {-0.8365, 0.3333333333333333}, {-0.7418, 0.30303030303030304}, {-0.6449, 0.3451043338683788}, {-0.5454, 0.38111490329920367}, {-0.44770000000000004, 0.4}, {-0.3462, 0.4344209852847089}, {-0.24910000000000002, 0.44342672413793105}, {-0.1489, 0.48225272124940843}, {-0.048600000000000004, 0.4801110083256244}, {0.048100000000000004, 0.5199267063673844}, {0.14880000000000002, 0.5184834123222749}, {0.249, 0.5556750941366326}, {0.3462, 0.5652173913043478}, {0.4476, 0.6005025125628141}, {0.5453, 0.6177474402730375}, {0.6448, 0.6565008025682183}, {0.7416, 0.695054945054945}, {0.8365, 0.6666666666666666}, {0.9312, 0.6551724137931034}, {1., 1.}}}
Values von ratioData {{{ , { , { , { , { , { }, {{ , { , { , { , { , { }, {{ , { , { , { , { , { }, {{ , { , { , { , { , { }, {{ , { , { , { , { , { }, {{ , { , { , { , { , { }}
Keys von ratioData {{{0.15}, {0.15}, {0.15}, {0.15}, {0.15}, {0.15}}, {{0.2}, {0.2}, {0.2}, {0.2}, {0.2}, {0.2}}, {{0.25}, {0.25}, {0.25}, {0.25}, {0.25}, {0.25}}, {{0.3}, {0.3}, {0.3}, {0.3}, {0.3}, {0.3}}, {{0.4}, {0.4}, {0.4}, {0.4}, {0.4}, {0.4}}, {{0.45}, {0.45}, {0.45}, {0.45}, {0.45}, {0.45}}}
Number of sentences 20
Korrektheit von E 1.
Ratio_f_Mit_ExDOJ_1..txt ist nicht leer
