/home/carla/Documents/DebSim/
/home/carla/Documents/DebSim/Data/Genese_09_2017/Ana1/14_09_2017/Data/Mit/Mod_c/
{DataToPlot_Mit_ExDOJ_doj_c_0.6.txt}
/home/carla/Documents/DebSim/Data/Genese_09_2017/Ana2/14_09_2017/Mit/Mod_c/
c
doj
Eigen
Package path /home/carla/Documents/DebSim/DebateDynamics/Kernel/init.m
Loading additional packages...

General::obspkg: PlotLegends` is now obsolete. The legacy version being loaded may conflict with current functionality. See the Compatibility Guide for updating information.

General::obspkg: PlotLegends` is now obsolete. The legacy version being loaded may conflict with current functionality. See the Compatibility Guide for updating information.
Einzulesende Datei /home/carla/Documents/DebSim/Data/Genese_09_2017/Ana1/14_09_2017/Data/Mit/Mod_c/DataToPlot_Mit_ExDOJ_doj_c_0.6.txt
Dichte 0.15
evidenceSize 2
gesZahlAll 20000
binCountsFlat {28, 17, 45, 109, 226, 465, 847, 1291, 2281, 2076, 4261, 2990, 1966, 1447, 875, 546, 295, 134, 56, 9, 36}
evidenceSize 5
gesZahlAll 20000
binCountsFlat {274, 41, 85, 174, 291, 521, 902, 1164, 1921, 1422, 4865, 2414, 1744, 1424, 927, 662, 412, 211, 98, 30, 418}
evidenceSize 10
gesZahlAll 20000
binCountsFlat {1166, 18, 97, 92, 270, 484, 1215, 521, 1326, 498, 6665, 1199, 1120, 1600, 670, 555, 367, 169, 59, 9, 1900}
Dichte 0.2
evidenceSize 2
gesZahlAll 20000
binCountsFlat {41, 29, 99, 174, 318, 550, 934, 1351, 1893, 2070, 3187, 2567, 2112, 1623, 1224, 796, 490, 306, 140, 28, 68}
evidenceSize 5
gesZahlAll 20000
binCountsFlat {362, 82, 149, 246, 436, 627, 900, 1191, 1699, 1517, 3492, 2171, 1843, 1486, 1091, 798, 602, 351, 211, 72, 674}
evidenceSize 10
gesZahlAll 20000
binCountsFlat {1548, 37, 124, 156, 295, 543, 1131, 610, 1260, 506, 5141, 1161, 1190, 1425, 703, 656, 502, 255, 124, 16, 2617}
Dichte 0.25
evidenceSize 2
gesZahlAll 20000
binCountsFlat {67, 49, 112, 210, 382, 634, 954, 1370, 1731, 1946, 2619, 2267, 1910, 1702, 1347, 1010, 720, 485, 259, 120, 106}
evidenceSize 5
gesZahlAll 20000
binCountsFlat {543, 130, 225, 281, 466, 620, 926, 1186, 1521, 1492, 2763, 1819, 1728, 1484, 1211, 932, 754, 544, 368, 163, 844}
evidenceSize 10
gesZahlAll 20000
binCountsFlat {1989, 59, 155, 173, 333, 534, 1049, 637, 1060, 547, 4094, 1035, 1176, 1386, 690, 712, 601, 332, 165, 39, 3234}
Dichte 0.3
evidenceSize 2
gesZahlAll 20000
binCountsFlat {100, 91, 190, 301, 471, 686, 846, 1250, 1567, 1758, 2177, 2012, 1884, 1716, 1429, 1134, 918, 639, 446, 246, 139}
evidenceSize 5
gesZahlAll 20000
binCountsFlat {709, 170, 239, 349, 505, 652, 920, 1071, 1354, 1313, 2261, 1672, 1587, 1350, 1216, 1045, 905, 706, 510, 285, 1181}
evidenceSize 10
gesZahlAll 20000
binCountsFlat {2301, 87, 156, 199, 334, 555, 868, 531, 1009, 530, 3426, 916, 1068, 1247, 661, 649, 609, 356, 199, 52, 4247}
Dichte 0.4
evidenceSize 2
gesZahlAll 20000
binCountsFlat {213, 165, 298, 371, 525, 680, 906, 1053, 1229, 1343, 1653, 1654, 1594, 1466, 1444, 1279, 1160, 1046, 847, 679, 395}
evidenceSize 5
gesZahlAll 20000
binCountsFlat {1178, 232, 325, 386, 506, 608, 776, 850, 1028, 1050, 1704, 1248, 1224, 1136, 1172, 1016, 982, 903, 757, 522, 2397}
evidenceSize 10
gesZahlAll 20000
binCountsFlat {3241, 72, 146, 183, 304, 476, 792, 421, 706, 351, 2532, 580, 803, 1063, 540, 584, 554, 362, 223, 38, 6029}
Dichte 0.45
evidenceSize 2
gesZahlAll 20000
binCountsFlat {324, 213, 327, 392, 533, 650, 850, 983, 1115, 1237, 1415, 1354, 1447, 1461, 1385, 1326, 1213, 1142, 1030, 935, 668}
evidenceSize 5
gesZahlAll 20000
binCountsFlat {1502, 243, 338, 392, 503, 599, 752, 713, 929, 909, 1432, 1109, 1123, 1100, 1021, 986, 924, 829, 799, 548, 3249}
evidenceSize 10
gesZahlAll 20000
binCountsFlat {3657, 67, 165, 137, 278, 438, 677, 300, 672, 259, 2152, 532, 696, 908, 414, 548, 505, 330, 213, 39, 7013}
Dichte 0.15
 abMod c data {2, 0.02016470478383644}
 abMod c data {3, 0.020665952980393115}
 abMod c data {5, 0.01890670955250996}
 abMod c data {7, 0.017771954712316677}
 abMod c data {9, 0.015608802761899026}
 abMod c data {10, 0.0131749692315419}
Dichte 0.2
 abMod c data {2, 0.03184262407420105}
 abMod c data {3, 0.028790596393760932}
 abMod c data {5, 0.024573928054990334}
 abMod c data {7, 0.024633339087439424}
 abMod c data {9, 0.01994113732849435}
 abMod c data {10, 0.01764423492989747}
Dichte 0.25
 abMod c data {2, 0.04164211251981628}
 abMod c data {3, 0.03526775702390572}
 abMod c data {5, 0.030204221776322808}
 abMod c data {7, 0.027296242051665497}
 abMod c data {9, 0.0241986262325998}
 abMod c data {10, 0.020716845590216287}
Dichte 0.3
 abMod c data {2, 0.04957307652265409}
 abMod c data {3, 0.044579617308034516}
 abMod c data {5, 0.03744880643612637}
 abMod c data {7, 0.03240871082662161}
 abMod c data {9, 0.02772132104864485}
 abMod c data {10, 0.02700705977150139}
Dichte 0.4
 abMod c data {2, 0.06932043278105651}
 abMod c data {3, 0.05914024049932743}
 abMod c data {5, 0.051308313817649734}
 abMod c data {7, 0.04134618024353061}
 abMod c data {9, 0.038256816211151394}
 abMod c data {10, 0.03185814334130622}
Dichte 0.45
 abMod c data {2, 0.07856092015677027}
 abMod c data {3, 0.06644041565290415}
 abMod c data {5, 0.053218961641303894}
 abMod c data {7, 0.04562156777357584}
 abMod c data {9, 0.03692341310358463}
 abMod c data {10, 0.03569802898772363}
dreiData {{0.15, 2, 0.02016470478383644}, {0.15, 3, 0.020665952980393115}, {0.15, 5, 0.01890670955250996}, {0.15, 7, 0.017771954712316677}, {0.15, 9, 0.015608802761899026}, {0.15, 10, 0.0131749692315419}, {0.2, 2, 0.03184262407420105}, {0.2, 3, 0.028790596393760932}, {0.2, 5, 0.024573928054990334}, {0.2, 7, 0.024633339087439424}, {0.2, 9, 0.01994113732849435}, {0.2, 10, 0.01764423492989747}, {0.25, 2, 0.04164211251981628}, {0.25, 3, 0.03526775702390572}, {0.25, 5, 0.030204221776322808}, {0.25, 7, 0.027296242051665497}, {0.25, 9, 0.0241986262325998}, {0.25, 10, 0.020716845590216287}, {0.3, 2, 0.04957307652265409}, {0.3, 3, 0.044579617308034516}, {0.3, 5, 0.03744880643612637}, {0.3, 7, 0.03240871082662161}, {0.3, 9, 0.02772132104864485}, {0.3, 10, 0.02700705977150139}, {0.4, 2, 0.06932043278105651}, {0.4, 3, 0.05914024049932743}, {0.4, 5, 0.051308313817649734}, {0.4, 7, 0.04134618024353061}, {0.4, 9, 0.038256816211151394}, {0.4, 10, 0.03185814334130622}, {0.45, 2, 0.07856092015677027}, {0.45, 3, 0.06644041565290415}, {0.45, 5, 0.053218961641303894}, {0.45, 7, 0.04562156777357584}, {0.45, 9, 0.03692341310358463}, {0.45, 10, 0.03569802898772363}}
dataDEH {2, {{0.0048000000000000004, 0.3835616438356164}, {0.08, 0.2328767123287671}, {0.12940000000000002, 0.25139664804469275}, {0.1782, 0.2718204488778055}, {0.22690000000000002, 0.29581151832460734}, {0.2771, 0.34521158129175944}, {0.3271, 0.36858137510879024}, {0.37670000000000003, 0.3982109808760025}, {0.42600000000000005, 0.43176225629377246}, {0.4733, 0.47746090156393745}, {0.5139, 0.5115860247328611}, {0.5739000000000001, 0.5682250095020904}, {0.6231, 0.6021439509954059}, {0.6728000000000001, 0.6305010893246188}, {0.7225, 0.6554307116104869}, {0.7725000000000001, 0.7027027027027027}, {0.8217, 0.7301980198019802}, {0.8706, 0.7486033519553073}, {0.92, 0.7671232876712328}, {1., 0.5714285714285714}}}
dataDEH {3, {{0.0033, 0.38207547169811323}, {0.0779, 0.18627450980392157}, {0.1275, 0.27601809954751133}, {0.1777, 0.2958057395143488}, {0.2262, 0.2994152046783626}, {0.2765, 0.34646739130434784}, {0.327, 0.3700577521101733}, {0.3765, 0.40682095006090135}, {0.4258, 0.42795830778663396}, {0.4731, 0.4724689165186501}, {0.5123, 0.5127816038286448}, {0.5739000000000001, 0.5715465620483171}, {0.6231, 0.5935251798561151}, {0.6728000000000001, 0.6294483985765125}, {0.7230000000000001, 0.6525017135023989}, {0.7728, 0.6995359628770301}, {0.8216, 0.7053763440860215}, {0.8721, 0.7272727272727273}, {0.9217000000000001, 0.8076923076923077}, {0.9584, 0.8823529411764706}, {1., 0.5948717948717949}}}
dataDEH {5, {{0.0018000000000000002, 0.3800277392510402}, {0.0789, 0.2971014492753623}, {0.1269, 0.288135593220339}, {0.17550000000000002, 0.31636363636363635}, {0.2245, 0.31122994652406416}, {0.2757, 0.3527420446851727}, {0.3271, 0.38432040903280784}, {0.376, 0.4143823424706301}, {0.4253, 0.4335364477544572}, {0.47140000000000004, 0.4619883040935672}, {0.5092, 0.5120513630144196}, {0.5735, 0.5666666666666667}, {0.6224000000000001, 0.5846463291987931}, {0.6722, 0.6151187904967602}, {0.7220000000000001, 0.6455431754874652}, {0.7716000000000001, 0.6910229645093946}, {0.8218000000000001, 0.6776315789473685}, {0.8724000000000001, 0.717687074829932}, {0.9201, 0.6901408450704225}, {0.9608000000000001, 0.8823529411764706}, {1., 0.6075581395348837}}}
dataDEH {7, {{0.0004, 0.3561470215462611}, {0.07830000000000001, 0.2805755395683453}, {0.1272, 0.2866043613707165}, {0.17470000000000002, 0.3293172690763052}, {0.2214, 0.33032694475760993}, {0.2735, 0.37104708362614197}, {0.3275, 0.38656476267095735}, {0.3748, 0.41868987631699495}, {0.4239, 0.44521249359959036}, {0.4698, 0.48907342657342656}, {0.5062, 0.502123730378578}, {0.5731, 0.5548332391181459}, {0.6209, 0.5751659508004686}, {0.671, 0.613947696139477}, {0.7208, 0.6126601356443104}, {0.7693, 0.6834910620399579}, {0.8195, 0.6719492868462758}, {0.8719, 0.7133956386292835}, {0.9206000000000001, 0.7152777777777778}, {0.9630000000000001, 0.9}, {1., 0.640795381654907}}}
dataDEH {9, {{0.0002, 0.3786602486963498}, {0.07780000000000001, 0.2761904761904762}, {0.12760000000000002, 0.286231884057971}, {0.17220000000000002, 0.33152173913043476}, {0.21710000000000002, 0.3442838370565046}, {0.2705, 0.35724743777452417}, {0.3286, 0.40530157510564735}, {0.37410000000000004, 0.4418604651162791}, {0.42210000000000003, 0.43367655966081164}, {0.4666, 0.46084546084546085}, {0.5036, 0.5044802156847197}, {0.5720000000000001, 0.5717480432351845}, {0.6183000000000001, 0.5539257981018119}, {0.6694, 0.5935222672064777}, {0.7184, 0.6398940864960282}, {0.764, 0.6363636363636364}, {0.8162, 0.6771004942339374}, {0.8704000000000001, 0.7047970479704797}, {0.9198000000000001, 0.7372881355932204}, {0.9629000000000001, 0.6428571428571429}, {1., 0.6212182331585316}}}
dataDEH {10, {{0.0001, 0.3791869918699187}, {0.07680000000000001, 0.2465753424657534}, {0.13, 0.3660377358490566}, {0.1719, 0.32974910394265233}, {0.2155, 0.3708791208791209}, {0.26880000000000004, 0.3661119515885023}, {0.329, 0.4163810829335161}, {0.37310000000000004, 0.4284539473684211}, {0.42060000000000003, 0.4508670520231214}, {0.4652, 0.47655502392344495}, {0.5026, 0.5017691786494015}, {0.5717, 0.5420433996383364}, {0.6162000000000001, 0.5696846388606307}, {0.6689, 0.5820298290287377}, {0.7176, 0.635673624288425}, {0.7617, 0.626410835214447}, {0.8132, 0.6461267605633803}, {0.8683000000000001, 0.6450381679389313}, {0.9204, 0.7108433734939759}, {1., 0.6199021207177814}}}
dataDEH {2, {{0.0082, 0.29927007299270075}, {0.07880000000000001, 0.17159763313609466}, {0.1277, 0.24444444444444444}, {0.1768, 0.2628398791540785}, {0.2272, 0.2852017937219731}, {0.27640000000000003, 0.3100338218714769}, {0.3259, 0.36527180289401645}, {0.37610000000000005, 0.39068825910931176}, {0.42550000000000004, 0.4238692342140618}, {0.4742, 0.47927761055799956}, {0.518, 0.5144471347861178}, {0.5744, 0.575947947049585}, {0.6238, 0.6093479515291402}, {0.674, 0.6349765258215962}, {0.7235, 0.6899661781285231}, {0.7727, 0.7145421903052065}, {0.8231, 0.7368421052631579}, {0.8723000000000001, 0.7555555555555555}, {0.9212, 0.8284023668639053}, {0.9671000000000001, 0.8235294117647058}, {1., 0.6601941747572816}}}
dataDEH {3, {{0.0055000000000000005, 0.3087818696883853}, {0.08020000000000001, 0.2764976958525346}, {0.1274, 0.27341772151898736}, {0.17650000000000002, 0.26438188494492043}, {0.2267, 0.3058823529411765}, {0.2763, 0.3245515695067265}, {0.32630000000000003, 0.36187845303867405}, {0.376, 0.39951204635559623}, {0.4258, 0.4450664800559832}, {0.4738, 0.46880525385198285}, {0.5164, 0.5193614667298878}, {0.5741, 0.5537344884102083}, {0.6238, 0.6019417475728155}, {0.6736000000000001, 0.6379446640316205}, {0.7235, 0.6761904761904762}, {0.7731, 0.6950294860994103}, {0.8233, 0.732360097323601}, {0.8724000000000001, 0.7272727272727273}, {0.9197000000000001, 0.7247706422018348}, {0.9686, 0.8548387096774194}, {1., 0.6563573883161512}}}
dataDEH {5, {{0.0026000000000000003, 0.32700993676603435}, {0.0784, 0.281786941580756}, {0.12760000000000002, 0.3004032258064516}, {0.1758, 0.30036630036630035}, {0.22540000000000002, 0.34935897435897434}, {0.2758, 0.36688121708601523}, {0.3269, 0.3732890916632103}, {0.37570000000000003, 0.40209318028359214}, {0.42510000000000003, 0.4312182741116751}, {0.47250000000000003, 0.4800632911392405}, {0.5125000000000001, 0.5094835132769185}, {0.5741, 0.5640426084697324}, {0.6234000000000001, 0.6015013054830287}, {0.6726000000000001, 0.6238455079764903}, {0.7231000000000001, 0.6391329818394845}, {0.7728, 0.645109135004042}, {0.8225, 0.697566628041715}, {0.8718, 0.7048192771084337}, {0.9211, 0.7152542372881356}, {0.9681000000000001, 0.7912087912087912}, {1., 0.6627335299901671}}}
dataDEH {7, {{0.0009000000000000001, 0.35274463007159906}, {0.0777, 0.22310756972111553}, {0.1259, 0.3002028397565923}, {0.1754, 0.27702702702702703}, {0.2235, 0.3515825491873396}, {0.2742, 0.368141592920354}, {0.3267, 0.3727907932593506}, {0.3749, 0.4231404958677686}, {0.4238, 0.43710511200459506}, {0.4706, 0.47215397215397215}, {0.5088, 0.5084745762711864}, {0.5737, 0.5583488516449411}, {0.6221, 0.5792796138135908}, {0.6723, 0.6282963583089158}, {0.7221000000000001, 0.6351097178683386}, {0.7701, 0.6374269005847953}, {0.8204, 0.716743119266055}, {0.8729, 0.6948453608247422}, {0.9209, 0.7781954887218046}, {0.9657, 0.8421052631578947}, {1., 0.6414909269249632}}}
dataDEH {9, {{0.0004, 0.3568783822272857}, {0.0752, 0.22929936305732485}, {0.12710000000000002, 0.3341708542713568}, {0.17320000000000002, 0.3316151202749141}, {0.2192, 0.36597938144329895}, {0.2702, 0.3787781350482315}, {0.32830000000000004, 0.40179299103504484}, {0.374, 0.42194323144104806}, {0.4217, 0.4341543513957307}, {0.46830000000000005, 0.48376408217362493}, {0.5048, 0.5020135650699449}, {0.5727, 0.5691510561976884}, {0.6194000000000001, 0.5728643216080402}, {0.6699, 0.5943877551020408}, {0.7203, 0.6233359436178544}, {0.7655000000000001, 0.6368467670504872}, {0.8181, 0.6490147783251231}, {0.8705, 0.6691919191919192}, {0.9217000000000001, 0.7542857142857143}, {0.9649000000000001, 0.7045454545454546}, {1., 0.6425482848083021}}}
dataDEH {10, {{0.0002, 0.3705122067975108}, {0.07690000000000001, 0.25517241379310346}, {0.1283, 0.3163265306122449}, {0.1733, 0.33191489361702126}, {0.2167, 0.34583821805392734}, {0.26830000000000004, 0.3762993762993763}, {0.3287, 0.4287338893100834}, {0.3734, 0.43231750531537916}, {0.42050000000000004, 0.45112781954887216}, {0.4672, 0.46}, {0.5033, 0.5036246081504702}, {0.5718, 0.5486767485822306}, {0.6172000000000001, 0.5645161290322581}, {0.6696000000000001, 0.5634638196915777}, {0.7196, 0.6431838975297347}, {0.7632, 0.627151051625239}, {0.8161, 0.6666666666666666}, {0.8692000000000001, 0.68}, {0.919, 0.7380952380952381}, {0.9604, 0.8}, {1., 0.6289353520788272}}}
dataDEH {2, {{0.0151, 0.22866894197952217}, {0.07930000000000001, 0.15960912052117263}, {0.1263, 0.18760469011725292}, {0.17750000000000002, 0.22604951560818085}, {0.22660000000000002, 0.2750179985601152}, {0.2767, 0.3193954659949622}, {0.3261, 0.35905156191193077}, {0.3765, 0.4183206106870229}, {0.4258, 0.4325337331334333}, {0.4741, 0.4749816939223822}, {0.521, 0.520675944333996}, {0.5742, 0.5664667666166917}, {0.6235, 0.5824946630070144}, {0.6739, 0.6405720737674069}, {0.7232000000000001, 0.6806467913087418}, {0.7732, 0.7245337159253945}, {0.8224, 0.7741935483870968}, {0.8736, 0.8137583892617449}, {0.9206000000000001, 0.8381877022653722}, {0.9683, 0.8633093525179856}, {1., 0.6883116883116883}}}
dataDEH {3, {{0.0095, 0.27860696517412936}, {0.07730000000000001, 0.20844327176781002}, {0.1262, 0.22151898734177214}, {0.1764, 0.28833172613307617}, {0.2267, 0.29261744966442954}, {0.2765, 0.34475597092419524}, {0.3262, 0.3638470451911935}, {0.3759, 0.41711568938193344}, {0.4257, 0.44274809160305345}, {0.47450000000000003, 0.4843205574912892}, {0.5188, 0.5116877971473851}, {0.5742, 0.5576973857935041}, {0.624, 0.582122552116235}, {0.6737000000000001, 0.6358716660224198}, {0.7233, 0.6562336984872196}, {0.773, 0.7059611520428667}, {0.8234, 0.711556829035339}, {0.8737, 0.7790143084260731}, {0.9226000000000001, 0.7905759162303665}, {0.9698, 0.8473684210526315}, {1., 0.6634382566585957}}}
dataDEH {5, {{0.0041, 0.35054874112330536}, {0.0772, 0.2631578947368421}, {0.12660000000000002, 0.2910737386804657}, {0.1757, 0.2768472906403941}, {0.2257, 0.334529791816224}, {0.2755, 0.33604336043360433}, {0.3261, 0.38311956971452216}, {0.37570000000000003, 0.41109185441941076}, {0.4253, 0.4525438857482892}, {0.4738, 0.47425301970756517}, {0.5152, 0.5143335815338794}, {0.5741, 0.5502117362371446}, {0.6237, 0.5853658536585366}, {0.6737000000000001, 0.6170478170478171}, {0.7237, 0.6650192202086765}, {0.7731, 0.662873399715505}, {0.8236, 0.7236084452975048}, {0.8732000000000001, 0.7064935064935065}, {0.9225000000000001, 0.7404426559356136}, {0.9682000000000001, 0.7990196078431373}, {1., 0.6265775798069785}}}
dataDEH {7, {{0.0017000000000000001, 0.34408233276157807}, {0.077, 0.25735294117647056}, {0.1268, 0.27890173410404623}, {0.17500000000000002, 0.3461962513781698}, {0.22360000000000002, 0.3457573354480571}, {0.2748, 0.34470792365529207}, {0.3261, 0.38786516853932584}, {0.3744, 0.4312393887945671}, {0.4244, 0.44656118824669033}, {0.47150000000000003, 0.46658516707416464}, {0.5107, 0.5133512403223258}, {0.5734, 0.5506698728959121}, {0.6232, 0.5689722547870262}, {0.673, 0.6090534979423868}, {0.7219, 0.6508912108174555}, {0.7713, 0.6653992395437263}, {0.8222, 0.650398406374502}, {0.8722000000000001, 0.7203513909224012}, {0.9218000000000001, 0.7417061611374408}, {0.9661000000000001, 0.7748344370860927}, {1., 0.6492052023121387}}}
dataDEH {9, {{0.0006000000000000001, 0.3600984119883695}, {0.07740000000000001, 0.25650557620817843}, {0.12560000000000002, 0.3181818181818182}, {0.1726, 0.3160112359550562}, {0.2187, 0.3531128404669261}, {0.27090000000000003, 0.3579842931937173}, {0.327, 0.4029399048854302}, {0.37370000000000003, 0.4276729559748428}, {0.42210000000000003, 0.43301258327165065}, {0.46900000000000003, 0.4829510229386237}, {0.5062, 0.5030555194383045}, {0.5722, 0.5654496883348175}, {0.62, 0.5739325842696629}, {0.6712, 0.5974786132372805}, {0.7201000000000001, 0.6365777080062794}, {0.7667, 0.6486013986013986}, {0.8195, 0.664576802507837}, {0.8722000000000001, 0.6772388059701493}, {0.9196000000000001, 0.7517006802721088}, {0.9628000000000001, 0.7088607594936709}, {1., 0.6389267849022283}}}
dataDEH {10, {{0.0004, 0.37813688212927754}, {0.07590000000000001, 0.2935323383084577}, {0.1267, 0.3093812375249501}, {0.17220000000000002, 0.2977624784853701}, {0.21710000000000002, 0.3440082644628099}, {0.2691, 0.37421163279607567}, {0.3284, 0.41909708349980024}, {0.3733, 0.44545454545454544}, {0.4202, 0.4310695404636031}, {0.4675, 0.4777292576419214}, {0.5043, 0.502577952369261}, {0.5719000000000001, 0.558252427184466}, {0.6181, 0.5689404934687954}, {0.6698000000000001, 0.5813758389261745}, {0.7190000000000001, 0.6301369863013698}, {0.7643000000000001, 0.6362823949955317}, {0.8175, 0.6790960451977401}, {0.8707, 0.694560669456067}, {0.9201, 0.7051282051282052}, {0.9616, 0.75}, {1., 0.6206102475532528}}}
dataDEH {2, {{0.0173, 0.20618556701030927}, {0.07740000000000001, 0.16945996275605213}, {0.1269, 0.22974607013301088}, {0.17650000000000002, 0.2469237079573421}, {0.2267, 0.29382407985028075}, {0.2765, 0.323890462700661}, {0.3256, 0.33008193523214985}, {0.37610000000000005, 0.39961636828644503}, {0.4253, 0.4370990237099024}, {0.4748, 0.47500675493109973}, {0.5224, 0.5221875749580235}, {0.5747, 0.5624825272574784}, {0.6238, 0.601148691767709}, {0.6743, 0.6695278969957081}, {0.7235, 0.6753308128544423}, {0.7732, 0.7065420560747664}, {0.8234, 0.7530762920426579}, {0.873, 0.7708082026537998}, {0.9226000000000001, 0.8305400372439479}, {0.9711000000000001, 0.845360824742268}, {1., 0.7164948453608248}}}
dataDEH {3, {{0.010100000000000001, 0.27481713688610243}, {0.0765, 0.2302839116719243}, {0.1268, 0.23562570462232243}, {0.1764, 0.25283630470016205}, {0.2252, 0.32158590308370044}, {0.276, 0.31856645097063213}, {0.3254, 0.36924309171005204}, {0.37570000000000003, 0.39108236895847515}, {0.42510000000000003, 0.43718887262079065}, {0.47450000000000003, 0.4663780663780664}, {0.5209, 0.5275534441805225}, {0.5747, 0.5620588235294117}, {0.6241, 0.6091370558375635}, {0.6745, 0.6311771795901968}, {0.7238, 0.681592039800995}, {0.7745000000000001, 0.6777638190954773}, {0.8234, 0.7469782433521354}, {0.8732000000000001, 0.7641083521444695}, {0.9234, 0.7697160883280757}, {0.9703, 0.8226299694189603}, {1., 0.6751188589540412}}}
dataDEH {5, {{0.0048000000000000004, 0.3261269549218031}, {0.0765, 0.2522255192878338}, {0.1257, 0.2526427061310782}, {0.17550000000000002, 0.2855973813420622}, {0.22460000000000002, 0.32309660908509275}, {0.2751, 0.3479188900747065}, {0.3257, 0.40244969378827644}, {0.37520000000000003, 0.40877862595419845}, {0.4253, 0.44291789335950277}, {0.4737, 0.4644499469402193}, {0.517, 0.5225329327478623}, {0.5740000000000001, 0.5578912245578912}, {0.6241, 0.5906215109787868}, {0.6739, 0.5962897526501767}, {0.7240000000000001, 0.6516613076098606}, {0.774, 0.6746287927695287}, {0.8233, 0.716547901821061}, {0.8738, 0.7447257383966245}, {0.9231, 0.748898678414097}, {0.9697, 0.8213256484149856}, {1., 0.6460612691466083}}}
dataDEH {7, {{0.002, 0.3301373412801244}, {0.0766, 0.2757417102966841}, {0.1253, 0.30083234244946494}, {0.1744, 0.30090270812437314}, {0.2228, 0.3452722063037249}, {0.2742, 0.36020881670533644}, {0.3262, 0.40157116451016633}, {0.3744, 0.43062890062409986}, {0.42360000000000003, 0.4414573753095154}, {0.4717, 0.48635710866443277}, {0.5115000000000001, 0.5052652895909275}, {0.5736, 0.555087987758225}, {0.6224000000000001, 0.5702550799827064}, {0.6725, 0.601610611084794}, {0.7220000000000001, 0.6332518337408313}, {0.7715000000000001, 0.653954802259887}, {0.8219000000000001, 0.6938053097345133}, {0.8733000000000001, 0.7001209189842805}, {0.9221, 0.7254575707154742}, {0.9664, 0.8205128205128205}, {1., 0.6600496277915633}}}
dataDEH {9, {{0.0007, 0.3466456472236819}, {0.0776, 0.25958702064896755}, {0.1255, 0.325508607198748}, {0.17270000000000002, 0.338255033557047}, {0.2192, 0.35583941605839414}, {0.2697, 0.37329876863253403}, {0.3269, 0.4058518168947617}, {0.37360000000000004, 0.4094292803970223}, {0.42160000000000003, 0.4538917089678511}, {0.46950000000000003, 0.4928131416837782}, {0.5069, 0.5019461563412261}, {0.5725, 0.5419254658385093}, {0.6201, 0.5815533980582525}, {0.6711, 0.6021879661859771}, {0.7209, 0.6138147566718996}, {0.7667, 0.6375404530744336}, {0.8198000000000001, 0.655241935483871}, {0.8719, 0.6677685950413224}, {0.9191, 0.741514360313316}, {0.9642000000000001, 0.7333333333333333}, {1., 0.6519485162674293}}}
dataDEH {10, {{0.0004, 0.3487949067758072}, {0.07730000000000001, 0.3246268656716418}, {0.1275, 0.2988505747126437}, {0.1731, 0.34192439862542956}, {0.2164, 0.3512092534174553}, {0.2686, 0.3961456102783726}, {0.3277, 0.3987138263665595}, {0.373, 0.41067285382830626}, {0.4208, 0.45165622202327665}, {0.46780000000000005, 0.4967197750702905}, {0.5048, 0.5002190100744635}, {0.5716, 0.538506760728983}, {0.6183000000000001, 0.5839256424275561}, {0.67, 0.6050460941290635}, {0.7194, 0.6053113553113553}, {0.7639, 0.6088180112570356}, {0.8164, 0.6714443219404631}, {0.87, 0.7035573122529645}, {0.92, 0.67003367003367}, {0.9610000000000001, 0.7761194029850746}, {1., 0.6500841879687739}}}
dataDEH {2, {{0.0166, 0.1655011655011655}, {0.0758, 0.16336633663366337}, {0.1254, 0.22189128816083395}, {0.1758, 0.24280104712041886}, {0.2257, 0.2915047196002221}, {0.27490000000000003, 0.31969910672308416}, {0.3252, 0.3813131313131313}, {0.3753, 0.39992404101785034}, {0.4253, 0.4240855762594893}, {0.47490000000000004, 0.46294381247845573}, {0.5235000000000001, 0.5351246358044675}, {0.5745, 0.5739070090215128}, {0.6244000000000001, 0.6021911598035512}, {0.6746, 0.6172631578947368}, {0.7249, 0.6811320754716981}, {0.774, 0.708980044345898}, {0.8240000000000001, 0.755700325732899}, {0.8744000000000001, 0.7782738095238095}, {0.924, 0.837784371909001}, {0.9722000000000001, 0.8783958602846055}, {1., 0.7655038759689923}}}
dataDEH {3, {{0.011600000000000001, 0.24365234375}, {0.075, 0.20570948782535683}, {0.1252, 0.237741456166419}, {0.1756, 0.28135368281353684}, {0.22490000000000002, 0.3055235903337169}, {0.2755, 0.33218842001962706}, {0.3255, 0.38401826484018264}, {0.3749, 0.40196479738027013}, {0.42500000000000004, 0.441017733230532}, {0.4747, 0.49139509337239107}, {0.5224, 0.5076472502440612}, {0.5746, 0.56171875}, {0.6247, 0.5934598304400485}, {0.6743, 0.6179569399908383}, {0.7241000000000001, 0.665680473372781}, {0.7744000000000001, 0.6979827089337176}, {0.8239000000000001, 0.7145656433703462}, {0.8746, 0.7621178225205071}, {0.9249, 0.7944862155388471}, {0.9726, 0.8308400460299195}, {1., 0.7016949152542373}}}
dataDEH {5, {{0.0048000000000000004, 0.288160469667319}, {0.0765, 0.23649337410805302}, {0.1258, 0.26252019386106623}, {0.17500000000000002, 0.29154078549848944}, {0.22390000000000002, 0.3342140026420079}, {0.2746, 0.33517089305402425}, {0.3251, 0.4031168831168831}, {0.37470000000000003, 0.4172803141875307}, {0.4242, 0.4444444444444444}, {0.47340000000000004, 0.4668741662961316}, {0.518, 0.5225390984360626}, {0.5744, 0.5598923283983849}, {0.6238, 0.5765426283560998}, {0.6742, 0.593521421107628}, {0.7237, 0.6674259681093394}, {0.7734000000000001, 0.6662295081967213}, {0.8234, 0.7054597701149425}, {0.8734000000000001, 0.7389525368248773}, {0.9226000000000001, 0.7600401606425703}, {0.9697, 0.7849624060150376}, {1., 0.698019801980198}}}
dataDEH {7, {{0.0018000000000000002, 0.32129614702563275}, {0.07440000000000001, 0.2597911227154047}, {0.1247, 0.27185501066098083}, {0.1746, 0.3188118811881188}, {0.2214, 0.3515981735159817}, {0.2721, 0.37635782747603835}, {0.32580000000000003, 0.4066053059014618}, {0.37320000000000003, 0.42215384615384616}, {0.4234, 0.43740867023867513}, {0.47140000000000004, 0.4795285359801489}, {0.512, 0.5084837058981956}, {0.5728, 0.5660480349344978}, {0.6228, 0.5726634251755808}, {0.6726000000000001, 0.5909598214285714}, {0.7223, 0.6240171551107935}, {0.7704000000000001, 0.6384222059897735}, {0.8209000000000001, 0.6812447434819175}, {0.8736, 0.7337016574585635}, {0.9238000000000001, 0.7310087173100872}, {0.9667, 0.7793296089385475}, {1., 0.6729849726775956}}}
dataDEH {9, {{0.0004, 0.3323240886520528}, {0.0765, 0.2685851318944844}, {0.125, 0.3132183908045977}, {0.17170000000000002, 0.2976190476190476}, {0.21660000000000001, 0.3519494204425711}, {0.26890000000000003, 0.37554585152838427}, {0.327, 0.3929384965831435}, {0.37310000000000004, 0.41721311475409834}, {0.42110000000000003, 0.4489795918367347}, {0.46880000000000005, 0.4667931688804554}, {0.5069, 0.5071016422547714}, {0.5713, 0.5564120532585844}, {0.619, 0.5678271308523409}, {0.6712, 0.6086698337292161}, {0.7203, 0.6158301158301158}, {0.7656000000000001, 0.6464088397790055}, {0.8190000000000001, 0.6856540084388185}, {0.8728, 0.6933333333333334}, {0.9211, 0.7146017699115044}, {0.9641000000000001, 0.7843137254901961}, {1., 0.6663399093248377}}}
dataDEH {10, {{0.0002, 0.34823251316213605}, {0.0766, 0.27586206896551724}, {0.1252, 0.2718808193668529}, {0.1718, 0.35260115606936415}, {0.2136, 0.36848484848484847}, {0.2676, 0.38605028386050283}, {0.3285, 0.4133611691022965}, {0.372, 0.4561213434452871}, {0.4188, 0.4468354430379747}, {0.4675, 0.4612352168199737}, {0.5046, 0.5056920311563811}, {0.5712, 0.5365402405180388}, {0.6174000000000001, 0.5599721059972106}, {0.6696000000000001, 0.5815098468271335}, {0.7189, 0.6228373702422145}, {0.7628, 0.6232657417289221}, {0.8163, 0.6367816091954023}, {0.872, 0.724}, {0.9196000000000001, 0.7335526315789473}, {0.9613, 0.6909090909090909}, {1., 0.6514316585629389}}}
dataDEH {2, {{0.015000000000000001, 0.1683991683991684}, {0.075, 0.17205169628432956}, {0.1252, 0.22154471544715448}, {0.1756, 0.2457680250783699}, {0.2245, 0.28888888888888886}, {0.2746, 0.31645569620253167}, {0.3252, 0.36812472932005197}, {0.3753, 0.4068708609271523}, {0.4249, 0.44779116465863456}, {0.4746, 0.4774218448475492}, {0.5242, 0.5225258493353028}, {0.5747, 0.5504065040650407}, {0.6243000000000001, 0.5920621931260229}, {0.6746, 0.6327414465136423}, {0.7249, 0.6819300837026095}, {0.7748, 0.7144396551724138}, {0.8240000000000001, 0.7510835913312693}, {0.8746, 0.7779291553133515}, {0.9247000000000001, 0.82864038616251}, {0.9727, 0.8795860771401693}, {1., 0.7722543352601156}}}
dataDEH {3, {{0.0098, 0.2144856543037089}, {0.07490000000000001, 0.22572815533980584}, {0.1253, 0.24605894448252227}, {0.1746, 0.2746249184605349}, {0.2247, 0.3071225071225071}, {0.2746, 0.34615384615384615}, {0.3252, 0.3837265286470871}, {0.37470000000000003, 0.41990950226244345}, {0.4248, 0.4421505376344086}, {0.4748, 0.47509263071222724}, {0.5224, 0.5220452019266395}, {0.5745, 0.5589519650655022}, {0.6247, 0.5794143744454303}, {0.6745, 0.6154219204655674}, {0.7245, 0.6524201853759012}, {0.7741, 0.6894024802705749}, {0.8246, 0.7302504816955684}, {0.8742000000000001, 0.7534435261707989}, {0.9245000000000001, 0.7731295253419147}, {0.9717, 0.8475247524752475}, {1., 0.7509413663259817}}}
dataDEH {5, {{0.0039000000000000003, 0.2839319470699433}, {0.0751, 0.23638132295719844}, {0.12490000000000001, 0.2866836301950806}, {0.17420000000000002, 0.31511254019292606}, {0.22310000000000002, 0.3407859078590786}, {0.274, 0.35360094451003543}, {0.3257, 0.4038668098818475}, {0.37420000000000003, 0.40812821980538067}, {0.42360000000000003, 0.4369708372530574}, {0.4732, 0.4814618644067797}, {0.5177, 0.5119771183410797}, {0.5740000000000001, 0.5629441624365482}, {0.6231, 0.588883062401678}, {0.6735, 0.5958829902491874}, {0.7233, 0.6417347580138277}, {0.7725000000000001, 0.6635262449528937}, {0.8232, 0.6794117647058824}, {0.8742000000000001, 0.7158894645941278}, {0.9239, 0.7602283539486203}, {0.9690000000000001, 0.8035190615835777}, {1., 0.7035513209181464}}}
dataDEH {7, {{0.0013000000000000002, 0.3109578137436986}, {0.0753, 0.2368815592203898}, {0.1254, 0.28822882288228824}, {0.1733, 0.33037475345167655}, {0.22010000000000002, 0.3507528786536758}, {0.2713, 0.37413554633471646}, {0.32580000000000003, 0.42578356002365464}, {0.3735, 0.44353182751540043}, {0.4222, 0.44661822247065397}, {0.47090000000000004, 0.4609084139985108}, {0.5111, 0.514268549113848}, {0.5727, 0.5488524590163935}, {0.6215, 0.5614236509758898}, {0.6724, 0.576521204671174}, {0.7217, 0.6183574879227053}, {0.7688, 0.644891122278057}, {0.8216, 0.6677524429967426}, {0.8728, 0.709049255441008}, {0.9226000000000001, 0.7560283687943262}, {0.9662000000000001, 0.8215488215488216}, {1., 0.6839056681836988}}}
dataDEH {9, {{0.0004, 0.3381662242189095}, {0.0752, 0.3132183908045977}, {0.1255, 0.3163751987281399}, {0.17220000000000002, 0.33559322033898303}, {0.21580000000000002, 0.35526315789473684}, {0.26680000000000004, 0.3793103448275862}, {0.3277, 0.39401343921808185}, {0.37210000000000004, 0.45292887029288703}, {0.42010000000000003, 0.4360128617363344}, {0.46790000000000004, 0.4683698296836983}, {0.5061, 0.5066831683168317}, {0.5708, 0.5592920353982301}, {0.6184000000000001, 0.5552367288378766}, {0.6701, 0.607741935483871}, {0.7196, 0.5947630922693267}, {0.7636000000000001, 0.6439317953861585}, {0.8170000000000001, 0.6630785791173305}, {0.872, 0.6862416107382551}, {0.9213, 0.6735751295336787}, {0.9630000000000001, 0.7478260869565218}, {1., 0.6609889542686074}}}
dataDEH {10, {{0.0002, 0.3416160672582905}, {0.0761, 0.2701612903225806}, {0.1263, 0.31309297912713474}, {0.17120000000000002, 0.3293269230769231}, {0.2132, 0.3619791666666667}, {0.2664, 0.39963503649635035}, {0.3291, 0.41712877387553915}, {0.3715, 0.4231311706629055}, {0.4186, 0.4537474679270763}, {0.467, 0.4625}, {0.504, 0.504099320684001}, {0.5703, 0.5484536082474227}, {0.6158, 0.5658536585365853}, {0.6692, 0.5831727681438664}, {0.7188, 0.5872340425531914}, {0.7616, 0.6227272727272727}, {0.8153, 0.6541450777202072}, {0.8708, 0.6860706860706861}, {0.9192, 0.7319587628865979}, {0.9610000000000001, 0.7647058823529411}, {1., 0.6578182159272113}}}
Values von ratioData {{{ , { , { , { , { , { }, {{ , { , { , { , { , { }, {{ , { , { , { , { , { }, {{ , { , { , { , { , { }, {{ , { , { , { , { , { }, {{ , { , { , { , { , { }}
Keys von ratioData {{{0.15}, {0.15}, {0.15}, {0.15}, {0.15}, {0.15}}, {{0.2}, {0.2}, {0.2}, {0.2}, {0.2}, {0.2}}, {{0.25}, {0.25}, {0.25}, {0.25}, {0.25}, {0.25}}, {{0.3}, {0.3}, {0.3}, {0.3}, {0.3}, {0.3}}, {{0.4}, {0.4}, {0.4}, {0.4}, {0.4}, {0.4}}, {{0.45}, {0.45}, {0.45}, {0.45}, {0.45}, {0.45}}}
Number of sentences 20
Korrektheit von E 0.5789473684210527
Ratio_doj_Mit_ExDOJ_0.578947.txt ist nicht leer
